 metropolis rat:  0.8771930      in           57 , best:    12.15821    
 local acceptance ratio:  0.8771930    
 metropolis rat:  0.8547009      in          117 , best:    12.02917    
 local acceptance ratio:  0.8333333    
 Current convergence R-1 =    15.55997      chain steps =         144
 slow changes           0  power changes           0
 metropolis rat:  0.8379889      in          179 , best:    11.60605    
 local acceptance ratio:  0.8064516    
 Current convergence R-1 =    5.125437      chain steps =         217
 slow changes           0  power changes           0
 metropolis rat:  0.7518797      in          266 , best:    11.59459    
 local acceptance ratio:  0.5747126    
 Current convergence R-1 =   0.4155087      chain steps =         276
 slow changes           0  power changes           0
 Current convergence R-1 =   0.1725121      chain steps =         338
 slow changes           0  power changes           0
 metropolis rat:  0.6578947      in          380 , best:    11.59459    
 local acceptance ratio:  0.4385965    
 Current convergence R-1 =   0.1367628      chain steps =         396
 slow changes           0  power changes           0
 metropolis rat:  0.5988024      in          501 , best:    11.59459    
 local acceptance ratio:  0.4132231    
 Current convergence R-1 =   0.1077406      chain steps =         514
 slow changes           0  power changes           0
 Current convergence R-1 =   0.1089766      chain steps =         604
 slow changes           0  power changes           0
 metropolis rat:  0.5617977      in          623 , best:    11.59459    
 local acceptance ratio:  0.4098361    
 Current convergence R-1 =   6.4725868E-02  chain steps =         642
 slow changes           0  power changes           0
 Current convergence R-1 =   4.5311902E-02  chain steps =         718
 slow changes           0  power changes           0
 metropolis rat:  0.5095541      in          785 , best:    11.59459    
 local acceptance ratio:  0.3086420    
 Current convergence R-1 =   2.7447026E-02  chain steps =         794
 slow changes           0  power changes           0
 Current convergence R-1 =   2.2468621E-02  chain steps =         865
 slow changes           0  power changes           0
 Current convergence R-1 =   2.6778307E-02  chain steps =         914
 slow changes           0  power changes           0
 metropolis rat:  0.4885994      in          921 , best:    11.59459    
 local acceptance ratio:  0.3676471    
 Current convergence R-1 =   2.4277642E-02  chain steps =         992
 slow changes           0  power changes           0
 Current convergence R-1 =   1.8556129E-02  chain steps =        1042
 slow changes           0  power changes           0
 metropolis rat:  0.4655493      in         1074 , best:    11.59459    
 local acceptance ratio:  0.3267974    
 Current convergence R-1 =   3.0247182E-02  chain steps =        1115
 slow changes           0  power changes           0
 Current convergence R-1 =   5.0217193E-02  chain steps =        1180
 slow changes           0  power changes           0
 metropolis rat:  0.4598662      in         1196 , best:    11.59459    
 local acceptance ratio:  0.4098361    
 Current convergence R-1 =   5.2312337E-02  chain steps =        1241
 slow changes           0  power changes           0
 Current convergence R-1 =   5.0080124E-02  chain steps =        1307
 slow changes           0  power changes           0
 metropolis rat:  0.4545455      in         1320 , best:    11.59459    
 local acceptance ratio:  0.4032258    
 Current convergence R-1 =   5.2697014E-02  chain steps =        1378
 slow changes           0  power changes           0
 Current convergence R-1 =   3.6037065E-02  chain steps =        1446
 slow changes           0  power changes           0
 metropolis rat:  0.4482759      in         1450 , best:    11.59459    
 local acceptance ratio:  0.3846154    
 Current convergence R-1 =   2.5975702E-02  chain steps =        1499
 slow changes           0  power changes           0
 Current convergence R-1 =   1.9898638E-02  chain steps =        1571
 slow changes           0  power changes           0
 metropolis rat:  0.4388715      in         1595 , best:    11.59286    
 local acceptance ratio:  0.3448276    
 Current convergence R-1 =   1.9903334E-02  chain steps =        1643
 slow changes           0  power changes           0
 Current convergence R-1 =   1.5162044E-02  chain steps =        1705
 slow changes           0  power changes           0
 metropolis rat:  0.4237288      in         1770 , best:    11.59286    
 local acceptance ratio:  0.2857143    
 Current convergence R-1 =   1.6491771E-02  chain steps =        1773
 slow changes           0  power changes           0
 Current convergence R-1 =   2.5290744E-02  chain steps =        1813
 slow changes           0  power changes           0
 Current convergence R-1 =   1.9920878E-02  chain steps =        1887
 slow changes           0  power changes           0
 metropolis rat:  0.4188482      in         1910 , best:    11.59228    
 local acceptance ratio:  0.3571429    
 Current convergence R-1 =   1.9788280E-02  chain steps =        1985
 slow changes           0  power changes           0
 metropolis rat:  0.4162586      in         2042 , best:    11.58942    
 local acceptance ratio:  0.3787879    
 Current convergence R-1 =   1.2480080E-02  chain steps =        2051
 slow changes           0  power changes           0
 Current convergence R-1 =   1.3022922E-02  chain steps =        2122
 slow changes           0  power changes           0
 metropolis rat:  0.4170528      in         2158 , best:    11.58942    
 local acceptance ratio:  0.4310345    
 Current convergence R-1 =   1.4054462E-02  chain steps =        2200
 slow changes           0  power changes           0
 Current convergence R-1 =   1.3696057E-02  chain steps =        2263
 slow changes           0  power changes           0
 metropolis rat:  0.4114335      in         2309 , best:    11.58942    
 local acceptance ratio:  0.3311258    
 Current convergence R-1 =   1.2416057E-02  chain steps =        2329
 slow changes           0  power changes           0
 Current convergence R-1 =   6.3189087E-03  chain steps =        2418
 slow changes           0  power changes           0
 metropolis rat:  0.4089980      in         2445 , best:    11.58942    
 local acceptance ratio:  0.3676471    
 Current convergence R-1 =   7.3170722E-03  chain steps =        2489
 slow changes           0  power changes           0
 metropolis rat:  0.4071346      in         2579 , best:    11.58942    
 local acceptance ratio:  0.3731343    
 Current convergence R-1 =   8.2386145E-03  chain steps =        2583
 slow changes           0  power changes           0
 Current convergence R-1 =   8.9334864E-03  chain steps =        2629
 slow changes           0  power changes           0
 Current convergence R-1 =   8.7338164E-03  chain steps =        2676
 slow changes           0  power changes           0
 metropolis rat:  0.4059041      in         2710 , best:    11.58942    
 local acceptance ratio:  0.3816794    
 Current convergence R-1 =   1.0591689E-02  chain steps =        2761
 slow changes           0  power changes           0
 metropolis rat:  0.4063604      in         2830 , best:    11.58942    
 local acceptance ratio:  0.4166667    
 Current convergence R-1 =   1.1488926E-02  chain steps =        2833
 slow changes           0  power changes           0
 Current convergence R-1 =   1.2153504E-02  chain steps =        2873
 slow changes           0  power changes           0
 Current convergence R-1 =   1.1771439E-02  chain steps =        2936
 slow changes           0  power changes           0
 metropolis rat:  0.4040404      in         2970 , best:    11.58942    
 local acceptance ratio:  0.3571429    
 Current convergence R-1 =   8.2999729E-03  chain steps =        3004
 slow changes           0  power changes           0
 Current convergence R-1 =   1.6872231E-02  chain steps =        3081
 slow changes           0  power changes           0
 metropolis rat:  0.4038772      in         3095 , best:    11.58769    
 local acceptance ratio:  0.4000000    
 Current convergence R-1 =   1.7294135E-02  chain steps =        3154
 slow changes           0  power changes           0
 Current convergence R-1 =   1.7790085E-02  chain steps =        3229
 slow changes           0  power changes           0
 metropolis rat:  0.4018547      in         3235 , best:    11.58769    
 local acceptance ratio:  0.3571429    
 Current convergence R-1 =   1.6913036E-02  chain steps =        3300
 slow changes           0  power changes           0
 metropolis rat:  0.3989362      in         3384 , best:    11.58769    
 local acceptance ratio:  0.3355705    
 Current convergence R-1 =   1.2636830E-02  chain steps =        3385
 slow changes           0  power changes           0
 Current convergence R-1 =   1.2250699E-02  chain steps =        3433
 slow changes           0  power changes           0
 metropolis rat:  0.3993154      in         3506 , best:    11.58769    
 local acceptance ratio:  0.4098361    
 Current convergence R-1 =   1.3219126E-02  chain steps =        3508
 slow changes           0  power changes           0
 Current convergence R-1 =   1.2614646E-02  chain steps =        3569
 slow changes           0  power changes           0
 Current convergence R-1 =   1.1904442E-02  chain steps =        3635
 slow changes           0  power changes           0
 metropolis rat:  0.3971515      in         3651 , best:    11.58758    
 local acceptance ratio:  0.3448276    
 Current convergence R-1 =   1.2736904E-02  chain steps =        3700
 slow changes           0  power changes           0
 metropolis rat:  0.3965107      in         3783 , best:    11.58758    
 local acceptance ratio:  0.3787879    
 Current convergence R-1 =   1.5139515E-02  chain steps =        3798
 slow changes           0  power changes           0
 Current convergence R-1 =   1.5182278E-02  chain steps =        3890
 slow changes           0  power changes           0
 metropolis rat:  0.3952065      in         3922 , best:    11.58758    
 local acceptance ratio:  0.3597122    
 Current convergence R-1 =   1.3511141E-02  chain steps =        3966
 slow changes           0  power changes           0
 Current convergence R-1 =   1.5269488E-02  chain steps =        4037
 slow changes           0  power changes           0
 metropolis rat:  0.3938946      in         4062 , best:    11.58758    
 local acceptance ratio:  0.3571429    
 Current convergence R-1 =   1.7273689E-02  chain steps =        4140
 slow changes           0  power changes           0
 Current convergence R-1 =   1.6312014E-02  chain steps =        4204
 slow changes           0  power changes           0
 metropolis rat:  0.3908100      in         4222 , best:    11.58758    
 local acceptance ratio:  0.3125000    
 Current convergence R-1 =   1.9901363E-02  chain steps =        4267
 slow changes           0  power changes           0
 Current convergence R-1 =   2.2088338E-02  chain steps =        4318
 slow changes           0  power changes           0
 metropolis rat:  0.3896402      in         4363 , best:    11.58758    
 local acceptance ratio:  0.3546099    
 Current convergence R-1 =   2.1000383E-02  chain steps =        4383
 slow changes           0  power changes           0
 Current convergence R-1 =   1.9323181E-02  chain steps =        4450
 slow changes           0  power changes           0
 Current convergence R-1 =   2.1088308E-02  chain steps =        4517
 slow changes           0  power changes           0
 metropolis rat:  0.3864841      in         4528 , best:    11.58758    
 local acceptance ratio:  0.3030303    
 Current convergence R-1 =   1.6929675E-02  chain steps =        4595
 slow changes           0  power changes           0
 Current convergence R-1 =   1.2373855E-02  chain steps =        4673
 slow changes           0  power changes           0
 metropolis rat:  0.3833866      in         4695 , best:    11.58598    
 local acceptance ratio:  0.2994012    
 Current convergence R-1 =   9.7134048E-03  chain steps =        4739
 slow changes           0  power changes           0
 Current convergence R-1 =   8.8420240E-03  chain steps =        4793
 slow changes           0  power changes           0
 metropolis rat:  0.3819946      in         4843 , best:    11.58598    
 local acceptance ratio:  0.3378378    
 Current convergence R-1 =   8.2334597E-03  chain steps =        4859
 slow changes           0  power changes           0
 Current convergence R-1 =   8.7184617E-03  chain steps =        4911
 slow changes           0  power changes           0
 metropolis rat:  0.3825247      in         4967 , best:    11.58598    
 local acceptance ratio:  0.4032258    
 Current convergence R-1 =   8.1451582E-03  chain steps =        5005
 slow changes           0  power changes           0
 Current convergence R-1 =   8.2620112E-03  chain steps =        5074
 slow changes           0  power changes           0
 metropolis rat:  0.3818289      in         5107 , best:    11.58598    
 local acceptance ratio:  0.3571429    
 Current convergence R-1 =   7.8504747E-03  chain steps =        5126
 slow changes           0  power changes           0
 Current convergence R-1 =   8.5808635E-03  chain steps =        5202
 slow changes           0  power changes           0
 metropolis rat:  0.3800836      in         5262 , best:    11.58598    
 local acceptance ratio:  0.3225806    
 Current convergence R-1 =   9.4857374E-03  chain steps =        5275
 slow changes           0  power changes           0
 Current convergence R-1 =   9.2200795E-03  chain steps =        5323
 slow changes           0  power changes           0
 Current convergence R-1 =   9.6390489E-03  chain steps =        5386
 slow changes           0  power changes           0
 metropolis rat:  0.3791381      in         5407 , best:    11.58598    
 local acceptance ratio:  0.3448276    
 Current convergence R-1 =   9.4991764E-03  chain steps =        5489
 slow changes           0  power changes           0
 Current convergence R-1 =   1.0062952E-02  chain steps =        5557
 slow changes           0  power changes           0
 metropolis rat:  0.3768844      in         5572 , best:    11.58598    
 local acceptance ratio:  0.3030303    
 Current convergence R-1 =   1.0087611E-02  chain steps =        5629
 slow changes           0  power changes           0
 Current convergence R-1 =   8.1693241E-03  chain steps =        5706
 slow changes           0  power changes           0
 metropolis rat:  0.3744992      in         5741 , best:    11.58598    
 local acceptance ratio:  0.2958580    
 Current convergence R-1 =   7.3976582E-03  chain steps =        5776
 slow changes           0  power changes           0
 Current convergence R-1 =   7.4183415E-03  chain steps =        5854
 slow changes           0  power changes           0
 metropolis rat:  0.3730710      in         5897 , best:    11.58598    
 local acceptance ratio:  0.3205128    
 Current convergence R-1 =   5.9742578E-03  chain steps =        5910
 slow changes           0  power changes           0
 Current convergence R-1 =   6.0684346E-03  chain steps =        5971
 slow changes           0  power changes           0
 Current convergence R-1 =   6.4584250E-03  chain steps =        6036
 slow changes           0  power changes           0
 metropolis rat:  0.3721469      in         6046 , best:    11.58598    
 local acceptance ratio:  0.3355705    
 Current convergence R-1 =   5.4778969E-03  chain steps =        6110
 slow changes           0  power changes           0
 Current convergence R-1 =   4.7350680E-03  chain steps =        6166
 slow changes           0  power changes           0
 metropolis rat:  0.3713271      in         6194 , best:    11.58598    
 local acceptance ratio:  0.3378378    
 Current convergence R-1 =   6.5178568E-03  chain steps =        6236
 slow changes           0  power changes           0
 metropolis rat:  0.3728383      in         6303 , best:    11.58598    
 local acceptance ratio:  0.4587156    
 Current convergence R-1 =   6.5281475E-03  chain steps =        6311
 slow changes           0  power changes           0
 Current convergence R-1 =   5.6726914E-03  chain steps =        6380
 slow changes           0  power changes           0
 metropolis rat:  0.3705991      in         6476 , best:    11.58598    
 local acceptance ratio:  0.2890173    
 Current convergence R-1 =   6.2599471E-03  chain steps =        6477
 slow changes           0  power changes           0
 Current convergence R-1 =   6.6786720E-03  chain steps =        6550
 slow changes           0  power changes           0
 metropolis rat:  0.3718883      in         6588 , best:    11.58598    
 local acceptance ratio:  0.4464286    
 Current convergence R-1 =   6.8925186E-03  chain steps =        6618
 slow changes           0  power changes           0
 Current convergence R-1 =   7.0113414E-03  chain steps =        6681
 slow changes           0  power changes           0
 metropolis rat:  0.3715262      in         6729 , best:    11.58598    
 local acceptance ratio:  0.3546099    
 Current convergence R-1 =   6.4412295E-03  chain steps =        6732
 slow changes           0  power changes           0
 Current convergence R-1 =   5.6631048E-03  chain steps =        6806
 slow changes           0  power changes           0
 metropolis rat:  0.3708552      in         6876 , best:    11.58598    
 local acceptance ratio:  0.3401361    
 Current convergence R-1 =   5.6643900E-03  chain steps =        6884
 slow changes           0  power changes           0
 Current convergence R-1 =   4.9054329E-03  chain steps =        6941
 slow changes           0  power changes           0
 Current convergence R-1 =   5.7654493E-03  chain steps =        6999
 slow changes           0  power changes           0
 metropolis rat:  0.3691085      in         7044 , best:    11.58598    
 local acceptance ratio:  0.2976190    
 Current convergence R-1 =   5.3703128E-03  chain steps =        7065
 slow changes           0  power changes           0
 Current convergence R-1 =   5.8907759E-03  chain steps =        7106
 slow changes           0  power changes           0
 Current convergence R-1 =   5.7517351E-03  chain steps =        7178
 slow changes           0  power changes           0
 metropolis rat:  0.3685675      in         7190 , best:    11.58598    
 local acceptance ratio:  0.3424658    
 Current convergence R-1 =   5.2948855E-03  chain steps =        7257
 slow changes           0  power changes           0
 Current convergence R-1 =   5.3096577E-03  chain steps =        7322
 slow changes           0  power changes           0
 metropolis rat:  0.3674469      in         7348 , best:    11.58598    
 local acceptance ratio:  0.3164557    
 Current convergence R-1 =   5.2956250E-03  chain steps =        7384
 slow changes           0  power changes           0
 Current convergence R-1 =   5.0339368E-03  chain steps =        7447
 slow changes           0  power changes           0
 Current convergence R-1 =   5.3834743E-03  chain steps =        7491
 slow changes           0  power changes           0
 metropolis rat:  0.3666667      in         7500 , best:    11.58598    
 local acceptance ratio:  0.3289474    
 Current convergence R-1 =   6.5702326E-03  chain steps =        7542
 slow changes           0  power changes           0
 Current convergence R-1 =   6.8144752E-03  chain steps =        7597
 slow changes           0  power changes           0
 Current convergence R-1 =   6.8701776E-03  chain steps =        7636
 slow changes           0  power changes           0
 metropolis rat:  0.3651063      in         7669 , best:    11.58598    
 local acceptance ratio:  0.2958580    
 Current convergence R-1 =   6.3613099E-03  chain steps =        7691
 slow changes           0  power changes           0
 Current convergence R-1 =   6.7690196E-03  chain steps =        7756
 slow changes           0  power changes           0
 metropolis rat:  0.3643569      in         7822 , best:    11.58598    
 local acceptance ratio:  0.3267974    
 Current convergence R-1 =   6.7374203E-03  chain steps =        7839
 slow changes           0  power changes           0
 Current convergence R-1 =   7.1835504E-03  chain steps =        7907
 slow changes           0  power changes           0
 Current convergence R-1 =   7.2510731E-03  chain steps =        7976
 slow changes           0  power changes           0
 metropolis rat:  0.3633175      in         7982 , best:    11.58598    
 local acceptance ratio:  0.3125000    
 Current convergence R-1 =   6.7307027E-03  chain steps =        8072
 slow changes           0  power changes           0
 metropolis rat:  0.3633900      in         8118 , best:    11.58598    
 local acceptance ratio:  0.3676471    
 Current convergence R-1 =   6.9666468E-03  chain steps =        8133
 slow changes           0  power changes           0
 Current convergence R-1 =   6.9818594E-03  chain steps =        8198
 slow changes           0  power changes           0
 metropolis rat:  0.3629764      in         8265 , best:    11.58598    
 local acceptance ratio:  0.3401361    
 Current convergence R-1 =   7.1634259E-03  chain steps =        8268
 slow changes           0  power changes           0
 Current convergence R-1 =   5.8266832E-03  chain steps =        8357
 slow changes           0  power changes           0
 Current convergence R-1 =   4.8472304E-03  chain steps =        8430
 slow changes           0  power changes           0
 metropolis rat:  0.3615886      in         8435 , best:    11.58598    
 local acceptance ratio:  0.2941177    
 Current convergence R-1 =   7.8559620E-03  chain steps =        8499
 slow changes           0  power changes           0
 metropolis rat:  0.3620649      in         8562 , best:    11.58598    
 local acceptance ratio:  0.3937008    
 Current convergence R-1 =   8.0436859E-03  chain steps =        8589
 slow changes           0  power changes           0
 Current convergence R-1 =   8.4457239E-03  chain steps =        8665
 slow changes           0  power changes           0
 metropolis rat:  0.3608247      in         8730 , best:    11.58598    
 local acceptance ratio:  0.2976190    
 Current convergence R-1 =   8.3203642E-03  chain steps =        8734
 slow changes           0  power changes           0
 Current convergence R-1 =   7.3350254E-03  chain steps =        8797
 slow changes           0  power changes           0
 Current convergence R-1 =   7.1735489E-03  chain steps =        8854
 slow changes           0  power changes           0
 metropolis rat:  0.3604009      in         8879 , best:    11.58598    
 local acceptance ratio:  0.3355705    
 Current convergence R-1 =   6.4233793E-03  chain steps =        8923
 slow changes           0  power changes           0
 Current convergence R-1 =   6.1833598E-03  chain steps =        8993
 slow changes           0  power changes           0
 metropolis rat:  0.3604303      in         9017 , best:    11.58598    
 local acceptance ratio:  0.3623188    
 Current convergence R-1 =   6.2391921E-03  chain steps =        9076
 slow changes           0  power changes           0
 metropolis rat:  0.3610898      in         9139 , best:    11.58598    
 local acceptance ratio:  0.4098361    
 Current convergence R-1 =   5.7486976E-03  chain steps =        9154
 slow changes           0  power changes           0
 Current convergence R-1 =   5.3979657E-03  chain steps =        9207
 slow changes           0  power changes           0
 metropolis rat:  0.3614588      in         9268 , best:    11.58598    
 local acceptance ratio:  0.3875969    
 Current convergence R-1 =   5.2264170E-03  chain steps =        9278
 slow changes           0  power changes           0
 Current convergence R-1 =   4.7552632E-03  chain steps =        9343
 slow changes           0  power changes           0
 metropolis rat:  0.3615483      in         9404 , best:    11.58598    
 local acceptance ratio:  0.3676471    
 Current convergence R-1 =   4.5240554E-03  chain steps =        9406
 slow changes           0  power changes           0
 Current convergence R-1 =   4.3967506E-03  chain steps =        9449
 slow changes           0  power changes           0
 Current convergence R-1 =   4.5527481E-03  chain steps =        9528
 slow changes           0  power changes           0
 metropolis rat:  0.3606146      in         9567 , best:    11.58598    
 local acceptance ratio:  0.3067485    
 Current convergence R-1 =   4.6218084E-03  chain steps =        9594
 slow changes           0  power changes           0
 Current convergence R-1 =   4.4812886E-03  chain steps =        9662
 slow changes           0  power changes           0
 metropolis rat:  0.3598972      in         9725 , best:    11.58598    
 local acceptance ratio:  0.3164557    
 Current convergence R-1 =   4.7619892E-03  chain steps =        9747
 slow changes           0  power changes           0
 Current convergence R-1 =   4.0082177E-03  chain steps =        9837
 slow changes           0  power changes           0
 metropolis rat:  0.3595301      in         9874 , best:    11.58598    
 local acceptance ratio:  0.3355705    
 Current convergence R-1 =   4.0974892E-03  chain steps =        9938
 slow changes           0  power changes           0
 Current convergence R-1 =   4.3575480E-03  chain steps =       10008
 slow changes           0  power changes           0
 metropolis rat:  0.3589590      in        10029 , best:    11.58598    
 local acceptance ratio:  0.3225806    
 Current convergence R-1 =   4.3067844E-03  chain steps =       10069
 slow changes           0  power changes           0
 Current convergence R-1 =   4.1243061E-03  chain steps =       10137
 slow changes           0  power changes           0
 metropolis rat:  0.3589340      in        10169 , best:    11.58598    
 local acceptance ratio:  0.3571429    
 Current convergence R-1 =   3.9818906E-03  chain steps =       10219
 slow changes           0  power changes           0
 Current convergence R-1 =   4.1618757E-03  chain steps =       10310
 slow changes           0  power changes           0
 metropolis rat:  0.3579375      in        10337 , best:    11.58598    
 local acceptance ratio:  0.2976190    
 Current convergence R-1 =   4.3188143E-03  chain steps =       10364
 slow changes           0  power changes           0
 Current convergence R-1 =   4.2214175E-03  chain steps =       10406
 slow changes           0  power changes           0
 Current convergence R-1 =   3.8796498E-03  chain steps =       10464
 slow changes           0  power changes           0
 metropolis rat:  0.3576538      in        10485 , best:    11.58598    
 local acceptance ratio:  0.3378378    
 Current convergence R-1 =   3.4749615E-03  chain steps =       10526
 slow changes           0  power changes           0
 Current convergence R-1 =   3.5959356E-03  chain steps =       10606
 slow changes           0  power changes           0
 metropolis rat:  0.3568410      in        10649 , best:    11.58598    
 local acceptance ratio:  0.3048781    
 Current convergence R-1 =   3.5322199E-03  chain steps =       10669
 slow changes           0  power changes           0
 Current convergence R-1 =   3.5074332E-03  chain steps =       10724
 slow changes           0  power changes           0
 Current convergence R-1 =   3.4504416E-03  chain steps =       10779
 slow changes           0  power changes           0
 metropolis rat:  0.3569442      in        10786 , best:    11.58598    
 local acceptance ratio:  0.3649635    
 Current convergence R-1 =   3.8560573E-03  chain steps =       10856
 slow changes           0  power changes           0
 Current convergence R-1 =   3.9112926E-03  chain steps =       10935
 slow changes           0  power changes           0
 metropolis rat:  0.3563597      in        10944 , best:    11.58598    
 local acceptance ratio:  0.3164557    
 Current convergence R-1 =   3.7532113E-03  chain steps =       11009
 slow changes           0  power changes           0
 Current convergence R-1 =   3.2377995E-03  chain steps =       11080
 slow changes           0  power changes           0
 metropolis rat:  0.3562089      in        11089 , best:    11.58598    
 local acceptance ratio:  0.3448276    
 Current convergence R-1 =   3.4819054E-03  chain steps =       11144
 slow changes           0  power changes           0
 Current convergence R-1 =   4.0691416E-03  chain steps =       11209
 slow changes           0  power changes           0
 metropolis rat:  0.3562205      in        11229 , best:    11.58598    
 local acceptance ratio:  0.3571429    
 Current convergence R-1 =   4.0599806E-03  chain steps =       11269
 slow changes           0  power changes           0
 Current convergence R-1 =   4.0833303E-03  chain steps =       11336
 slow changes           0  power changes           0
 metropolis rat:  0.3561066      in        11373 , best:    11.58598    
 local acceptance ratio:  0.3472222    
 Current convergence R-1 =   3.6147733E-03  chain steps =       11403
 slow changes           0  power changes           0
 Current convergence R-1 =   4.0573389E-03  chain steps =       11447
 slow changes           0  power changes           0
 metropolis rat:  0.3558410      in        11522 , best:    11.58598    
 local acceptance ratio:  0.3355705    
 Current convergence R-1 =   4.1828970E-03  chain steps =       11524
 slow changes           0  power changes           0
 Current convergence R-1 =   4.0434590E-03  chain steps =       11624
 slow changes           0  power changes           0
 metropolis rat:  0.3550043      in        11690 , best:    11.58598    
 local acceptance ratio:  0.2976190    
 Current convergence R-1 =   4.2049554E-03  chain steps =       11700
 slow changes           0  power changes           0
 Current convergence R-1 =   4.4517913E-03  chain steps =       11757
 slow changes           0  power changes           0
 Current convergence R-1 =   4.4035269E-03  chain steps =       11825
 slow changes           0  power changes           0
 metropolis rat:  0.3548496      in        11836 , best:    11.58598    
 local acceptance ratio:  0.3424658    
 Current convergence R-1 =   4.5254785E-03  chain steps =       11911
 slow changes           0  power changes           0
 metropolis rat:  0.3554106      in        11958 , best:    11.58598    
 local acceptance ratio:  0.4098361    
 Current convergence R-1 =   4.1399701E-03  chain steps =       11975
 slow changes           0  power changes           0
 Current convergence R-1 =   3.7260386E-03  chain steps =       12055
 slow changes           0  power changes           0
 metropolis rat:  0.3556364      in        12091 , best:    11.58598    
 local acceptance ratio:  0.3759398    
 Current convergence R-1 =   3.4830936E-03  chain steps =       12122
 slow changes           0  power changes           0
 Current convergence R-1 =   3.7297467E-03  chain steps =       12200
 slow changes           0  power changes           0
 metropolis rat:  0.3559738      in        12220 , best:    11.58598    
 local acceptance ratio:  0.3875969    
 Current convergence R-1 =   4.1801110E-03  chain steps =       12265
 slow changes           0  power changes           0
 Current convergence R-1 =   5.8448371E-03  chain steps =       12320
 slow changes           0  power changes           0
 metropolis rat:  0.3565351      in        12341 , best:    11.58598    
 local acceptance ratio:  0.4132231    
 Current convergence R-1 =   6.1556427E-03  chain steps =       12434
 slow changes           0  power changes           0
 metropolis rat:  0.3567420      in        12474 , best:    11.58598    
 local acceptance ratio:  0.3759398    
 Current convergence R-1 =   6.2714769E-03  chain steps =       12507
 slow changes           0  power changes           0
 Current convergence R-1 =   6.3536162E-03  chain steps =       12588
 slow changes           0  power changes           0
 metropolis rat:  0.3561254      in        12636 , best:    11.58598    
 local acceptance ratio:  0.3086420    
 Current convergence R-1 =   6.7616492E-03  chain steps =       12654
 slow changes           0  power changes           0
 Current convergence R-1 =   7.0216344E-03  chain steps =       12709
 slow changes           0  power changes           0
 Current convergence R-1 =   6.8926336E-03  chain steps =       12796
 slow changes           0  power changes           0
 metropolis rat:  0.3553577      in        12804 , best:    11.58598    
 local acceptance ratio:  0.2976190    
 Current convergence R-1 =   6.9411416E-03  chain steps =       12868
 slow changes           0  power changes           0
 Current convergence R-1 =   7.0850761E-03  chain steps =       12958
 slow changes           0  power changes           0
 metropolis rat:  0.3543095      in        12983 , best:    11.58598    
 local acceptance ratio:  0.2793296    
 Current convergence R-1 =   6.9973818E-03  chain steps =       13005
 slow changes           0  power changes           0
 Current convergence R-1 =   7.0084217E-03  chain steps =       13101
 slow changes           0  power changes           0
 metropolis rat:  0.3546370      in        13112 , best:    11.58598    
 local acceptance ratio:  0.3875969    
 Current convergence R-1 =   6.9059124E-03  chain steps =       13154
 slow changes           0  power changes           0
 Current convergence R-1 =   7.3227258E-03  chain steps =       13199
 slow changes           0  power changes           0
 metropolis rat:  0.3544762      in        13259 , best:    11.58598    
 local acceptance ratio:  0.3401361    
 Current convergence R-1 =   6.9488478E-03  chain steps =       13266
 slow changes           0  power changes           0
 Current convergence R-1 =   7.6209423E-03  chain steps =       13340
 slow changes           0  power changes           0
 metropolis rat:  0.3541076      in        13414 , best:    11.58598    
 local acceptance ratio:  0.3225806    
 Current convergence R-1 =   7.1250736E-03  chain steps =       13419
 slow changes           0  power changes           0
 Current convergence R-1 =   7.2016930E-03  chain steps =       13485
 slow changes           0  power changes           0
 Current convergence R-1 =   7.2534923E-03  chain steps =       13539
 slow changes           0  power changes           0
 metropolis rat:  0.3537214      in        13570 , best:    11.58598    
 local acceptance ratio:  0.3205128    
 Current convergence R-1 =   7.5891437E-03  chain steps =       13607
 slow changes           0  power changes           0
 Current convergence R-1 =   7.7502383E-03  chain steps =       13669
 slow changes           0  power changes           0
 metropolis rat:  0.3533955      in        13724 , best:    11.58598    
 local acceptance ratio:  0.3246753    
 Current convergence R-1 =   7.5426013E-03  chain steps =       13744
 slow changes           0  power changes           0
 Current convergence R-1 =   7.4501182E-03  chain steps =       13802
 slow changes           0  power changes           0
 metropolis rat:  0.3531786      in        13874 , best:    11.58598    
 local acceptance ratio:  0.3333333    
 Current convergence R-1 =   6.8333372E-03  chain steps =       13893
 slow changes           0  power changes           0
 Current convergence R-1 =   6.8656756E-03  chain steps =       13964
 slow changes           0  power changes           0
 metropolis rat:  0.3531174      in        14018 , best:    11.58598    
 local acceptance ratio:  0.3472222    
 Current convergence R-1 =   6.5578395E-03  chain steps =       14034
 slow changes           0  power changes           0
 Current convergence R-1 =   6.3097547E-03  chain steps =       14102
 slow changes           0  power changes           0
 Current convergence R-1 =   6.3321069E-03  chain steps =       14142
 slow changes           0  power changes           0
 metropolis rat:  0.3530076      in        14164 , best:    11.58598    
 local acceptance ratio:  0.3424658    
 Current convergence R-1 =   6.6262423E-03  chain steps =       14184
 slow changes           0  power changes           0
 Current convergence R-1 =   6.4509194E-03  chain steps =       14236
 slow changes           0  power changes           0
 Current convergence R-1 =   6.5160417E-03  chain steps =       14292
 slow changes           0  power changes           0
 metropolis rat:  0.3528261      in        14313 , best:    11.58598    
 local acceptance ratio:  0.3355705    
 Current convergence R-1 =   6.4685438E-03  chain steps =       14367
 slow changes           0  power changes           0
 Current convergence R-1 =   6.5981867E-03  chain steps =       14428
 slow changes           0  power changes           0
 metropolis rat:  0.3529412      in        14450 , best:    11.58598    
 local acceptance ratio:  0.3649635    
 Current convergence R-1 =   6.1292900E-03  chain steps =       14520
 slow changes           0  power changes           0
 Current convergence R-1 =   6.0148858E-03  chain steps =       14570
 slow changes           0  power changes           0
 metropolis rat:  0.3524742      in        14611 , best:    11.58598    
 local acceptance ratio:  0.3105590    
 Current convergence R-1 =   5.9339101E-03  chain steps =       14621
 slow changes           0  power changes           0
 Current convergence R-1 =   5.8923024E-03  chain steps =       14685
 slow changes           0  power changes           0
 metropolis rat:  0.3529971      in        14731 , best:    11.58598    
 local acceptance ratio:  0.4166667    
 Current convergence R-1 =   5.7823174E-03  chain steps =       14750
 slow changes           0  power changes           0
 Current convergence R-1 =   6.0450886E-03  chain steps =       14827
 slow changes           0  power changes           0
 metropolis rat:  0.3530124      in        14872 , best:    11.58598    
 local acceptance ratio:  0.3546099    
 Current convergence R-1 =   5.1364065E-03  chain steps =       14892
 slow changes           0  power changes           0
 Current convergence R-1 =   4.3341569E-03  chain steps =       14971
 slow changes           0  power changes           0
 metropolis rat:  0.3527924      in        15023 , best:    11.58598    
 local acceptance ratio:  0.3311258    
 Current convergence R-1 =   3.9999937E-03  chain steps =       15039
 slow changes           0  power changes           0
 Current convergence R-1 =   4.4824393E-03  chain steps =       15128
 slow changes           0  power changes           0
 metropolis rat:  0.3530654      in        15153 , best:    11.58598    
 local acceptance ratio:  0.3846154    
 Current convergence R-1 =   4.9986304E-03  chain steps =       15171
 slow changes           0  power changes           0
 Current convergence R-1 =   5.0083408E-03  chain steps =       15227
 slow changes           0  power changes           0
 Current convergence R-1 =   5.1353415E-03  chain steps =       15283
 slow changes           0  power changes           0
 metropolis rat:  0.3520897      in        15337 , best:    11.58581    
 local acceptance ratio:  0.2717391    
 Current convergence R-1 =   4.7574937E-03  chain steps =       15357
 slow changes           0  power changes           0
 Current convergence R-1 =   4.4106375E-03  chain steps =       15453
 slow changes           0  power changes           0
 metropolis rat:  0.3518172      in        15491 , best:    11.58581    
 local acceptance ratio:  0.3246753    
 Current convergence R-1 =   4.0741866E-03  chain steps =       15512
 slow changes           0  power changes           0
 Current convergence R-1 =   4.0988564E-03  chain steps =       15577
 slow changes           0  power changes           0
 metropolis rat:  0.3522705      in        15613 , best:    11.58581    
 local acceptance ratio:  0.4098361    
 Current convergence R-1 =   4.2112200E-03  chain steps =       15643
 slow changes           0  power changes           0
 Current convergence R-1 =   4.3907720E-03  chain steps =       15717
 slow changes           0  power changes           0
 metropolis rat:  0.3524929      in        15745 , best:    11.58581    
 local acceptance ratio:  0.3787879    
 Current convergence R-1 =   4.3341280E-03  chain steps =       15786
 slow changes           0  power changes           0
 Current convergence R-1 =   4.3039010E-03  chain steps =       15837
 slow changes           0  power changes           0
 metropolis rat:  0.3521348      in        15903 , best:    11.58581    
 local acceptance ratio:  0.3164557    
 Current convergence R-1 =   4.2730542E-03  chain steps =       15913
 slow changes           0  power changes           0
 Current convergence R-1 =   4.2839702E-03  chain steps =       15962
 slow changes           0  power changes           0
 Current convergence R-1 =   4.2390567E-03  chain steps =       16060
 slow changes           0  power changes           0
 metropolis rat:  0.3512589      in        16085 , best:    11.58581    
 local acceptance ratio:  0.2747253    
 Current convergence R-1 =   4.2716106E-03  chain steps =       16093
 slow changes           0  power changes           0
 Current convergence R-1 =   4.0079667E-03  chain steps =       16157
 slow changes           0  power changes           0
 Current convergence R-1 =   4.1725086E-03  chain steps =       16207
 slow changes           0  power changes           0
 metropolis rat:  0.3504242      in        16266 , best:    11.58581    
 local acceptance ratio:  0.2762431    
 Current convergence R-1 =   3.9307903E-03  chain steps =       16271
 slow changes           0  power changes           0
 Current convergence R-1 =   3.6158457E-03  chain steps =       16349
 slow changes           0  power changes           0
 Current convergence R-1 =   3.5486142E-03  chain steps =       16414
 slow changes           0  power changes           0
 metropolis rat:  0.3499696      in        16430 , best:    11.58581    
 local acceptance ratio:  0.3048781    
 Current convergence R-1 =   3.4782265E-03  chain steps =       16471
 slow changes           0  power changes           0
 Current convergence R-1 =   3.4487792E-03  chain steps =       16542
 slow changes           0  power changes           0
 metropolis rat:  0.3498191      in        16580 , best:    11.58581    
 local acceptance ratio:  0.3333333    
 Current convergence R-1 =   3.7233855E-03  chain steps =       16601
 slow changes           0  power changes           0
 Current convergence R-1 =   3.8053789E-03  chain steps =       16647
 slow changes           0  power changes           0
 Current convergence R-1 =   3.3645865E-03  chain steps =       16714
 slow changes           0  power changes           0
 metropolis rat:  0.3495459      in        16736 , best:    11.58581    
 local acceptance ratio:  0.3205128    
 Current convergence R-1 =   2.8249510E-03  chain steps =       16792
 slow changes           0  power changes           0
 Current convergence R-1 =   2.6702895E-03  chain steps =       16860
 slow changes           0  power changes           0
 metropolis rat:  0.3494640      in        16883 , best:    11.58581    
 local acceptance ratio:  0.3401361    
 Current convergence R-1 =   2.6386674E-03  chain steps =       16956
 slow changes           0  power changes           0
 Current convergence R-1 =   2.6283273E-03  chain steps =       17006
 slow changes           0  power changes           0
 metropolis rat:  0.3491989      in        17039 , best:    11.58581    
 local acceptance ratio:  0.3205128    
 Current convergence R-1 =   2.8229596E-03  chain steps =       17096
 slow changes           0  power changes           0
 metropolis rat:  0.3492027      in        17182 , best:    11.58581    
 local acceptance ratio:  0.3496504    
 Current convergence R-1 =   2.8261542E-03  chain steps =       17188
 slow changes           0  power changes           0
 Current convergence R-1 =   2.8735278E-03  chain steps =       17267
 slow changes           0  power changes           0
 Current convergence R-1 =   2.6017078E-03  chain steps =       17331
 slow changes           0  power changes           0
 metropolis rat:  0.3490049      in        17335 , best:    11.58581    
 local acceptance ratio:  0.3267974    
 Current convergence R-1 =   2.5007562E-03  chain steps =       17406
 slow changes           0  power changes           0
 Current convergence R-1 =   2.4449085E-03  chain steps =       17467
 slow changes           0  power changes           0
 metropolis rat:  0.3488904      in        17484 , best:    11.58581    
 local acceptance ratio:  0.3355705    
 Current convergence R-1 =   2.5422492E-03  chain steps =       17525
 slow changes           0  power changes           0
 Current convergence R-1 =   2.8751967E-03  chain steps =       17569
 slow changes           0  power changes           0
 metropolis rat:  0.3492136      in        17611 , best:    11.58581    
 local acceptance ratio:  0.3937008    
 Current convergence R-1 =   2.8719418E-03  chain steps =       17634
 slow changes           0  power changes           0
 Current convergence R-1 =   3.1702779E-03  chain steps =       17698
 slow changes           0  power changes           0
 Current convergence R-1 =   3.3321558E-03  chain steps =       17757
 slow changes           0  power changes           0
 metropolis rat:  0.3488634      in        17772 , best:    11.58581    
 local acceptance ratio:  0.3105590    
 Current convergence R-1 =   3.4197941E-03  chain steps =       17833
 slow changes           0  power changes           0
 Current convergence R-1 =   3.3856113E-03  chain steps =       17903
 slow changes           0  power changes           0
 metropolis rat:  0.3488697      in        17915 , best:    11.58581    
 local acceptance ratio:  0.3496504    
 Current convergence R-1 =   3.2146920E-03  chain steps =       17973
 slow changes           0  power changes           0
 Current convergence R-1 =   3.0821981E-03  chain steps =       18045
 slow changes           0  power changes           0
 Current convergence R-1 =   2.7703738E-03  chain steps =       18090
 slow changes           0  power changes           0
 metropolis rat:  0.3481432      in        18096 , best:    11.58581    
 local acceptance ratio:  0.2762431    
 Current convergence R-1 =   2.6452676E-03  chain steps =       18137
 slow changes           0  power changes           0
 Current convergence R-1 =   2.3494123E-03  chain steps =       18201
 slow changes           0  power changes           0
 metropolis rat:  0.3481360      in        18240 , best:    11.58581    
 local acceptance ratio:  0.3472222    
 Current convergence R-1 =   2.3896985E-03  chain steps =       18285
 slow changes           0  power changes           0
 Current convergence R-1 =   2.3001879E-03  chain steps =       18370
 slow changes           0  power changes           0
 metropolis rat:  0.3480909      in        18386 , best:    11.58581    
 local acceptance ratio:  0.3424658    
 Current convergence R-1 =   2.1910805E-03  chain steps =       18414
 slow changes           0  power changes           0
 Current convergence R-1 =   2.2057411E-03  chain steps =       18469
 slow changes           0  power changes           0
 Current convergence R-1 =   2.1764021E-03  chain steps =       18526
 slow changes           0  power changes           0
 metropolis rat:  0.3474467      in        18564 , best:    11.58581    
 local acceptance ratio:  0.2808989    
 Current convergence R-1 =   2.1702771E-03  chain steps =       18591
 slow changes           0  power changes           0
 Current convergence R-1 =   2.2557308E-03  chain steps =       18665
 slow changes           0  power changes           0
 metropolis rat:  0.3475750      in        18701 , best:    11.58581    
 local acceptance ratio:  0.3649635    
 Current convergence R-1 =   2.1057320E-03  chain steps =       18726
 slow changes           0  power changes           0
 Current convergence R-1 =   2.1317294E-03  chain steps =       18799
 slow changes           0  power changes           0
 metropolis rat:  0.3476830      in        18839 , best:    11.58581    
 local acceptance ratio:  0.3623188    
 Current convergence R-1 =   2.2162416E-03  chain steps =       18874
 slow changes           0  power changes           0
 Current convergence R-1 =   2.2222637E-03  chain steps =       18948
 slow changes           0  power changes           0
 metropolis rat:  0.3477711      in        18978 , best:    11.58581    
 local acceptance ratio:  0.3597122    
 Current convergence R-1 =   2.2896829E-03  chain steps =       19029
 slow changes           0  power changes           0
 Current convergence R-1 =   2.1657301E-03  chain steps =       19091
 slow changes           0  power changes           0
 metropolis rat:  0.3479489      in        19112 , best:    11.58581    
 local acceptance ratio:  0.3731343    
 Current convergence R-1 =   2.1176240E-03  chain steps =       19174
 slow changes           0  power changes           0
 Current convergence R-1 =   1.9719277E-03  chain steps =       19229
 slow changes           0  power changes           0
 metropolis rat:  0.3480339      in        19251 , best:    11.58581    
 local acceptance ratio:  0.3597122    
 Current convergence R-1 =   1.9854091E-03  chain steps =       19282
 slow changes           0  power changes           0
