 metropolis rat:  0.7462686      in           67 , best:    11.77267    
 local acceptance ratio:  0.7462686    
 metropolis rat:  0.7874016      in          127 , best:    11.67976    
 local acceptance ratio:  0.8333333    
 Current convergence R-1 =    15.55997      chain steps =         145
 slow changes           0  power changes           0
 metropolis rat:  0.7142857      in          210 , best:    11.58660    
 local acceptance ratio:  0.6024097    
 Current convergence R-1 =    5.125437      chain steps =         219
 slow changes           0  power changes           0
 Current convergence R-1 =   0.4155087      chain steps =         286
 slow changes           0  power changes           0
 metropolis rat:  0.6535948      in          306 , best:    11.58660    
 local acceptance ratio:  0.5208333    
 Current convergence R-1 =   0.1725121      chain steps =         339
 slow changes           0  power changes           0
 metropolis rat:  0.6345178      in          394 , best:    11.58584    
 local acceptance ratio:  0.5681818    
 Current convergence R-1 =   0.1367628      chain steps =         426
 slow changes           0  power changes           0
 Current convergence R-1 =   0.1077406      chain steps =         541
 slow changes           0  power changes           0
 metropolis rat:  0.5366727      in          559 , best:    11.58584    
 local acceptance ratio:  0.3030303    
 Current convergence R-1 =   0.1089766      chain steps =         620
 slow changes           0  power changes           0
 Current convergence R-1 =   6.4725868E-02  chain steps =         685
 slow changes           0  power changes           0
 metropolis rat:  0.5057803      in          692 , best:    11.58584    
 local acceptance ratio:  0.3759398    
 Current convergence R-1 =   4.5311902E-02  chain steps =         767
 slow changes           0  power changes           0
 metropolis rat:  0.4739336      in          844 , best:    11.58584    
 local acceptance ratio:  0.3289474    
 Current convergence R-1 =   2.7447026E-02  chain steps =         845
 slow changes           0  power changes           0
 Current convergence R-1 =   2.2468621E-02  chain steps =         893
 slow changes           0  power changes           0
 Current convergence R-1 =   2.6778307E-02  chain steps =         961
 slow changes           0  power changes           0
 metropolis rat:  0.4513541      in          997 , best:    11.58584    
 local acceptance ratio:  0.3267974    
 Current convergence R-1 =   2.4277642E-02  chain steps =        1031
 slow changes           0  power changes           0
 Current convergence R-1 =   1.8556129E-02  chain steps =        1076
 slow changes           0  power changes           0
 metropolis rat:  0.4516712      in         1107 , best:    11.58584    
 local acceptance ratio:  0.4545455    
 Current convergence R-1 =   3.0247182E-02  chain steps =        1149
 slow changes           0  power changes           0
 Current convergence R-1 =   5.0217193E-02  chain steps =        1220
 slow changes           0  power changes           0
 metropolis rat:  0.4372019      in         1258 , best:    11.58584    
 local acceptance ratio:  0.3311258    
 Current convergence R-1 =   5.2312337E-02  chain steps =        1290
 slow changes           0  power changes           0
 Current convergence R-1 =   5.0080124E-02  chain steps =        1358
 slow changes           0  power changes           0
 metropolis rat:  0.4347826      in         1380 , best:    11.58584    
 local acceptance ratio:  0.4098361    
 Current convergence R-1 =   5.2697014E-02  chain steps =        1433
 slow changes           0  power changes           0
 Current convergence R-1 =   3.6037065E-02  chain steps =        1507
 slow changes           0  power changes           0
 metropolis rat:  0.4218040      in         1541 , best:    11.58584    
 local acceptance ratio:  0.3105590    
 Current convergence R-1 =   2.5975702E-02  chain steps =        1569
 slow changes           0  power changes           0
 Current convergence R-1 =   1.9898638E-02  chain steps =        1630
 slow changes           0  power changes           0
 metropolis rat:  0.4169148      in         1679 , best:    11.58584    
 local acceptance ratio:  0.3623188    
 Current convergence R-1 =   1.9903334E-02  chain steps =        1703
 slow changes           0  power changes           0
 Current convergence R-1 =   1.5162044E-02  chain steps =        1752
 slow changes           0  power changes           0
 metropolis rat:  0.4148230      in         1808 , best:    11.58584    
 local acceptance ratio:  0.3875969    
 Current convergence R-1 =   1.6491771E-02  chain steps =        1819
 slow changes           0  power changes           0
 Current convergence R-1 =   2.5290744E-02  chain steps =        1869
 slow changes           0  power changes           0
 Current convergence R-1 =   1.9920878E-02  chain steps =        1928
 slow changes           0  power changes           0
 metropolis rat:  0.4056795      in         1972 , best:    11.58584    
 local acceptance ratio:  0.3048781    
 Current convergence R-1 =   1.9788280E-02  chain steps =        2008
 slow changes           0  power changes           0
 Current convergence R-1 =   1.2480080E-02  chain steps =        2081
 slow changes           0  power changes           0
 metropolis rat:  0.4034172      in         2107 , best:    11.58584    
 local acceptance ratio:  0.3703704    
 Current convergence R-1 =   1.3022922E-02  chain steps =        2153
 slow changes           0  power changes           0
 Current convergence R-1 =   1.4054462E-02  chain steps =        2196
 slow changes           0  power changes           0
 Current convergence R-1 =   1.3696057E-02  chain steps =        2264
 slow changes           0  power changes           0
 metropolis rat:  0.3963012      in         2271 , best:    11.58584    
 local acceptance ratio:  0.3048781    
 Current convergence R-1 =   1.2416057E-02  chain steps =        2313
 slow changes           0  power changes           0
 Current convergence R-1 =   6.3189087E-03  chain steps =        2384
 slow changes           0  power changes           0
 metropolis rat:  0.3956685      in         2401 , best:    11.58584    
 local acceptance ratio:  0.3846154    
 Current convergence R-1 =   7.3170722E-03  chain steps =        2461
 slow changes           0  power changes           0
 metropolis rat:  0.3924647      in         2548 , best:    11.58584    
 local acceptance ratio:  0.3401361    
 Current convergence R-1 =   8.2386145E-03  chain steps =        2549
 slow changes           0  power changes           0
 Current convergence R-1 =   8.9334864E-03  chain steps =        2599
 slow changes           0  power changes           0
 Current convergence R-1 =   8.7338164E-03  chain steps =        2648
 slow changes           0  power changes           0
 metropolis rat:  0.3897550      in         2694 , best:    11.58584    
 local acceptance ratio:  0.3424658    
 Current convergence R-1 =   1.0591689E-02  chain steps =        2727
 slow changes           0  power changes           0
 Current convergence R-1 =   1.1488926E-02  chain steps =        2794
 slow changes           0  power changes           0
 metropolis rat:  0.3906250      in         2816 , best:    11.58584    
 local acceptance ratio:  0.4098361    
 Current convergence R-1 =   1.2153504E-02  chain steps =        2858
 slow changes           0  power changes           0
 Current convergence R-1 =   1.1771439E-02  chain steps =        2934
 slow changes           0  power changes           0
 metropolis rat:  0.3910235      in         2941 , best:    11.58584    
 local acceptance ratio:  0.4000000    
 Current convergence R-1 =   8.2999729E-03  chain steps =        3002
 slow changes           0  power changes           0
 metropolis rat:  0.3930560      in         3053 , best:    11.58584    
 local acceptance ratio:  0.4464286    
 Current convergence R-1 =   1.6872231E-02  chain steps =        3066
 slow changes           0  power changes           0
 Current convergence R-1 =   1.7294135E-02  chain steps =        3124
 slow changes           0  power changes           0
 metropolis rat:  0.3943218      in         3170 , best:    11.58584    
 local acceptance ratio:  0.4273504    
 Current convergence R-1 =   1.7790085E-02  chain steps =        3212
 slow changes           0  power changes           0
 Current convergence R-1 =   1.6913036E-02  chain steps =        3285
 slow changes           0  power changes           0
 metropolis rat:  0.3920386      in         3316 , best:    11.58584    
 local acceptance ratio:  0.3424658    
 Current convergence R-1 =   1.2636830E-02  chain steps =        3382
 slow changes           0  power changes           0
 Current convergence R-1 =   1.2250699E-02  chain steps =        3447
 slow changes           0  power changes           0
 metropolis rat:  0.3900607      in         3461 , best:    11.58584    
 local acceptance ratio:  0.3448276    
 Current convergence R-1 =   1.3219126E-02  chain steps =        3508
 slow changes           0  power changes           0
 Current convergence R-1 =   1.2614646E-02  chain steps =        3571
 slow changes           0  power changes           0
 metropolis rat:  0.3917180      in         3574 , best:    11.58584    
 local acceptance ratio:  0.4424779    
 Current convergence R-1 =   1.1904442E-02  chain steps =        3600
 slow changes           0  power changes           0
 Current convergence R-1 =   1.2736904E-02  chain steps =        3669
 slow changes           0  power changes           0
 metropolis rat:  0.3887399      in         3730 , best:    11.58584    
 local acceptance ratio:  0.3205128    
 Current convergence R-1 =   1.5139515E-02  chain steps =        3768
 slow changes           0  power changes           0
 Current convergence R-1 =   1.5182278E-02  chain steps =        3864
 slow changes           0  power changes           0
 metropolis rat:  0.3877973      in         3868 , best:    11.58584    
 local acceptance ratio:  0.3623188    
 Current convergence R-1 =   1.3511141E-02  chain steps =        3933
 slow changes           0  power changes           0
 Current convergence R-1 =   1.5269488E-02  chain steps =        3987
 slow changes           0  power changes           0
 metropolis rat:  0.3865337      in         4010 , best:    11.58584    
 local acceptance ratio:  0.3521127    
 Current convergence R-1 =   1.7273689E-02  chain steps =        4046
 slow changes           0  power changes           0
 Current convergence R-1 =   1.6312014E-02  chain steps =        4111
 slow changes           0  power changes           0
 metropolis rat:  0.3848004      in         4158 , best:    11.58584    
 local acceptance ratio:  0.3378378    
 Current convergence R-1 =   1.9901363E-02  chain steps =        4176
 slow changes           0  power changes           0
 Current convergence R-1 =   2.2088338E-02  chain steps =        4255
 slow changes           0  power changes           0
 metropolis rat:  0.3826531      in         4312 , best:    11.58584    
 local acceptance ratio:  0.3246753    
 Current convergence R-1 =   2.1000383E-02  chain steps =        4338
 slow changes           0  power changes           0
 Current convergence R-1 =   1.9323181E-02  chain steps =        4420
 slow changes           0  power changes           0
 metropolis rat:  0.3813369      in         4458 , best:    11.58584    
 local acceptance ratio:  0.3424658    
 Current convergence R-1 =   2.1088308E-02  chain steps =        4469
 slow changes           0  power changes           0
 Current convergence R-1 =   1.6929675E-02  chain steps =        4553
 slow changes           0  power changes           0
 Current convergence R-1 =   1.2373855E-02  chain steps =        4626
 slow changes           0  power changes           0
 metropolis rat:  0.3781331      in         4628 , best:    11.58584    
 local acceptance ratio:  0.2941177    
 Current convergence R-1 =   9.7134048E-03  chain steps =        4702
 slow changes           0  power changes           0
 Current convergence R-1 =   8.8420240E-03  chain steps =        4760
 slow changes           0  power changes           0
 metropolis rat:  0.3767267      in         4778 , best:    11.58584    
 local acceptance ratio:  0.3333333    
 Current convergence R-1 =   8.2334597E-03  chain steps =        4826
 slow changes           0  power changes           0
 Current convergence R-1 =   8.7184617E-03  chain steps =        4891
 slow changes           0  power changes           0
 metropolis rat:  0.3771662      in         4905 , best:    11.58584    
 local acceptance ratio:  0.3937008    
 Current convergence R-1 =   8.1451582E-03  chain steps =        4981
 slow changes           0  power changes           0
 metropolis rat:  0.3765359      in         5046 , best:    11.58584    
 local acceptance ratio:  0.3546099    
 Current convergence R-1 =   8.2620112E-03  chain steps =        5053
 slow changes           0  power changes           0
 Current convergence R-1 =   7.8504747E-03  chain steps =        5129
 slow changes           0  power changes           0
 Current convergence R-1 =   8.5808635E-03  chain steps =        5197
 slow changes           0  power changes           0
 metropolis rat:  0.3742084      in         5211 , best:    11.58584    
 local acceptance ratio:  0.3030303    
 Current convergence R-1 =   9.4857374E-03  chain steps =        5261
 slow changes           0  power changes           0
 Current convergence R-1 =   9.2200795E-03  chain steps =        5338
 slow changes           0  power changes           0
 metropolis rat:  0.3724395      in         5370 , best:    11.58584    
 local acceptance ratio:  0.3144654    
 Current convergence R-1 =   9.6390489E-03  chain steps =        5392
 slow changes           0  power changes           0
 Current convergence R-1 =   9.4991764E-03  chain steps =        5481
 slow changes           0  power changes           0
 metropolis rat:  0.3736784      in         5486 , best:    11.58584    
 local acceptance ratio:  0.4310345    
 Current convergence R-1 =   1.0062952E-02  chain steps =        5550
 slow changes           0  power changes           0
 metropolis rat:  0.3741981      in         5612 , best:    11.58584    
 local acceptance ratio:  0.3968254    
 Current convergence R-1 =   1.0087611E-02  chain steps =        5616
 slow changes           0  power changes           0
 Current convergence R-1 =   8.1693241E-03  chain steps =        5691
 slow changes           0  power changes           0
 Current convergence R-1 =   7.3976582E-03  chain steps =        5752
 slow changes           0  power changes           0
 metropolis rat:  0.3730049      in         5764 , best:    11.58584    
 local acceptance ratio:  0.3289474    
 Current convergence R-1 =   7.4183415E-03  chain steps =        5829
 slow changes           0  power changes           0
 metropolis rat:  0.3735144      in         5890 , best:    11.58584    
 local acceptance ratio:  0.3968254    
 Current convergence R-1 =   5.9742578E-03  chain steps =        5895
 slow changes           0  power changes           0
 Current convergence R-1 =   6.0684346E-03  chain steps =        5969
 slow changes           0  power changes           0
 metropolis rat:  0.3731343      in         6030 , best:    11.58584    
 local acceptance ratio:  0.3571429    
 Current convergence R-1 =   6.4584250E-03  chain steps =        6035
 slow changes           0  power changes           0
 Current convergence R-1 =   5.4778969E-03  chain steps =        6071
 slow changes           0  power changes           0
 Current convergence R-1 =   4.7350680E-03  chain steps =        6127
 slow changes           0  power changes           0
 metropolis rat:  0.3736192      in         6156 , best:    11.58584    
 local acceptance ratio:  0.3968254    
 Current convergence R-1 =   6.5178568E-03  chain steps =        6187
 slow changes           0  power changes           0
 Current convergence R-1 =   6.5281475E-03  chain steps =        6262
 slow changes           0  power changes           0
 metropolis rat:  0.3738467      in         6286 , best:    11.58584    
 local acceptance ratio:  0.3846154    
 Current convergence R-1 =   5.6726914E-03  chain steps =        6344
 slow changes           0  power changes           0
 Current convergence R-1 =   6.2599471E-03  chain steps =        6404
 slow changes           0  power changes           0
 metropolis rat:  0.3737153      in         6422 , best:    11.58584    
 local acceptance ratio:  0.3676471    
 Current convergence R-1 =   6.6786720E-03  chain steps =        6477
 slow changes           0  power changes           0
 Current convergence R-1 =   6.8925186E-03  chain steps =        6543
 slow changes           0  power changes           0
 metropolis rat:  0.3742744      in         6546 , best:    11.58584    
 local acceptance ratio:  0.4032258    
 Current convergence R-1 =   7.0113414E-03  chain steps =        6603
 slow changes           0  power changes           0
 Current convergence R-1 =   6.4412295E-03  chain steps =        6670
 slow changes           0  power changes           0
 metropolis rat:  0.3737479      in         6689 , best:    11.58584    
 local acceptance ratio:  0.3496504    
 Current convergence R-1 =   5.6631048E-03  chain steps =        6735
 slow changes           0  power changes           0
 Current convergence R-1 =   5.6643900E-03  chain steps =        6799
 slow changes           0  power changes           0
 Current convergence R-1 =   4.9054329E-03  chain steps =        6848
 slow changes           0  power changes           0
 metropolis rat:  0.3711790      in         6870 , best:    11.58584    
 local acceptance ratio:  0.2762431    
 Current convergence R-1 =   5.7654493E-03  chain steps =        6914
 slow changes           0  power changes           0
 Current convergence R-1 =   5.3703128E-03  chain steps =        6985
 slow changes           0  power changes           0
 metropolis rat:  0.3707929      in         7012 , best:    11.58584    
 local acceptance ratio:  0.3521127    
 Current convergence R-1 =   5.8907759E-03  chain steps =        7048
 slow changes           0  power changes           0
 Current convergence R-1 =   5.7517351E-03  chain steps =        7092
 slow changes           0  power changes           0
 Current convergence R-1 =   5.2948855E-03  chain steps =        7152
 slow changes           0  power changes           0
 metropolis rat:  0.3698018      in         7166 , best:    11.58584    
 local acceptance ratio:  0.3246753    
 Current convergence R-1 =   5.3096577E-03  chain steps =        7223
 slow changes           0  power changes           0
 Current convergence R-1 =   5.2956250E-03  chain steps =        7288
 slow changes           0  power changes           0
 metropolis rat:  0.3682488      in         7332 , best:    11.58584    
 local acceptance ratio:  0.3012048    
 Current convergence R-1 =   5.0339368E-03  chain steps =        7352
 slow changes           0  power changes           0
 Current convergence R-1 =   5.3834743E-03  chain steps =        7419
 slow changes           0  power changes           0
 Current convergence R-1 =   6.5702326E-03  chain steps =        7488
 slow changes           0  power changes           0
 metropolis rat:  0.3664224      in         7505 , best:    11.58584    
 local acceptance ratio:  0.2890173    
 Current convergence R-1 =   6.8144752E-03  chain steps =        7540
 slow changes           0  power changes           0
 Current convergence R-1 =   6.8701776E-03  chain steps =        7604
 slow changes           0  power changes           0
 metropolis rat:  0.3658218      in         7654 , best:    11.58584    
 local acceptance ratio:  0.3355705    
 Current convergence R-1 =   6.3613099E-03  chain steps =        7674
 slow changes           0  power changes           0
 Current convergence R-1 =   6.7690196E-03  chain steps =        7738
 slow changes           0  power changes           0
 metropolis rat:  0.3654315      in         7799 , best:    11.58584    
 local acceptance ratio:  0.3448276    
 Current convergence R-1 =   6.7374203E-03  chain steps =        7809
 slow changes           0  power changes           0
 Current convergence R-1 =   7.1835504E-03  chain steps =        7872
 slow changes           0  power changes           0
 metropolis rat:  0.3655616      in         7933 , best:    11.58584    
 local acceptance ratio:  0.3731343    
 Current convergence R-1 =   7.2510731E-03  chain steps =        7937
 slow changes           0  power changes           0
 Current convergence R-1 =   6.7307027E-03  chain steps =        8041
 slow changes           0  power changes           0
 metropolis rat:  0.3654156      in         8073 , best:    11.58584    
 local acceptance ratio:  0.3571429    
 Current convergence R-1 =   6.9666468E-03  chain steps =        8110
 slow changes           0  power changes           0
 Current convergence R-1 =   6.9818594E-03  chain steps =        8177
 slow changes           0  power changes           0
 metropolis rat:  0.3650967      in         8217 , best:    11.58584    
 local acceptance ratio:  0.3472222    
 Current convergence R-1 =   7.1634259E-03  chain steps =        8254
 slow changes           0  power changes           0
 Current convergence R-1 =   5.8266832E-03  chain steps =        8315
 slow changes           0  power changes           0
 Current convergence R-1 =   4.8472304E-03  chain steps =        8381
 slow changes           0  power changes           0
 metropolis rat:  0.3634847      in         8391 , best:    11.58584    
 local acceptance ratio:  0.2873563    
 Current convergence R-1 =   7.8559620E-03  chain steps =        8460
 slow changes           0  power changes           0
 metropolis rat:  0.3631252      in         8537 , best:    11.58584    
 local acceptance ratio:  0.3424658    
 Current convergence R-1 =   8.0436859E-03  chain steps =        8552
 slow changes           0  power changes           0
 Current convergence R-1 =   8.4457239E-03  chain steps =        8628
 slow changes           0  power changes           0
 metropolis rat:  0.3617779      in         8707 , best:    11.58584    
 local acceptance ratio:  0.2941177    
 Current convergence R-1 =   8.3203642E-03  chain steps =        8713
 slow changes           0  power changes           0
 Current convergence R-1 =   7.3350254E-03  chain steps =        8790
 slow changes           0  power changes           0
 metropolis rat:  0.3613369      in         8856 , best:    11.58584    
 local acceptance ratio:  0.3355705    
 Current convergence R-1 =   7.1735489E-03  chain steps =        8857
 slow changes           0  power changes           0
 Current convergence R-1 =   6.4233793E-03  chain steps =        8921
 slow changes           0  power changes           0
 Current convergence R-1 =   6.1833598E-03  chain steps =        8971
 slow changes           0  power changes           0
 metropolis rat:  0.3613119      in         8995 , best:    11.58584    
 local acceptance ratio:  0.3597122    
 Current convergence R-1 =   6.2391921E-03  chain steps =        9024
 slow changes           0  power changes           0
 Current convergence R-1 =   5.7486976E-03  chain steps =        9104
 slow changes           0  power changes           0
 metropolis rat:  0.3613271      in         9133 , best:    11.58584    
 local acceptance ratio:  0.3623188    
 Current convergence R-1 =   5.3979657E-03  chain steps =        9192
 slow changes           0  power changes           0
 Current convergence R-1 =   5.2264170E-03  chain steps =        9266
 slow changes           0  power changes           0
 metropolis rat:  0.3614588      in         9268 , best:    11.58584    
 local acceptance ratio:  0.3703704    
 Current convergence R-1 =   4.7552632E-03  chain steps =        9334
 slow changes           0  power changes           0
 Current convergence R-1 =   4.5240554E-03  chain steps =        9399
 slow changes           0  power changes           0
 metropolis rat:  0.3603986      in         9434 , best:    11.58584    
 local acceptance ratio:  0.3012048    
 Current convergence R-1 =   4.3967506E-03  chain steps =        9441
 slow changes           0  power changes           0
 Current convergence R-1 =   4.5527481E-03  chain steps =        9513
 slow changes           0  power changes           0
 Current convergence R-1 =   4.6218084E-03  chain steps =        9575
 slow changes           0  power changes           0
 metropolis rat:  0.3602381      in         9577 , best:    11.58584    
 local acceptance ratio:  0.3496504    
 Current convergence R-1 =   4.4812886E-03  chain steps =        9661
 slow changes           0  power changes           0
 Current convergence R-1 =   4.7619892E-03  chain steps =        9709
 slow changes           0  power changes           0
 metropolis rat:  0.3598972      in         9725 , best:    11.58584    
 local acceptance ratio:  0.3378378    
 Current convergence R-1 =   4.0082177E-03  chain steps =        9804
 slow changes           0  power changes           0
 Current convergence R-1 =   4.0974892E-03  chain steps =        9871
 slow changes           0  power changes           0
 metropolis rat:  0.3589847      in         9889 , best:    11.58584    
 local acceptance ratio:  0.3048781    
 Current convergence R-1 =   4.3575480E-03  chain steps =        9939
 slow changes           0  power changes           0
 Current convergence R-1 =   4.3067844E-03  chain steps =       10004
 slow changes           0  power changes           0
 metropolis rat:  0.3595326      in        10013 , best:    11.58584    
 local acceptance ratio:  0.4032258    
 Current convergence R-1 =   4.1243061E-03  chain steps =       10075
 slow changes           0  power changes           0
 Current convergence R-1 =   3.9818906E-03  chain steps =       10151
 slow changes           0  power changes           0
 metropolis rat:  0.3589693      in        10168 , best:    11.58584    
 local acceptance ratio:  0.3225806    
 Current convergence R-1 =   4.1618757E-03  chain steps =       10221
 slow changes           0  power changes           0
 Current convergence R-1 =   4.3188143E-03  chain steps =       10272
 slow changes           0  power changes           0
 metropolis rat:  0.3587705      in        10313 , best:    11.58584    
 local acceptance ratio:  0.3448276    
 Current convergence R-1 =   4.2214175E-03  chain steps =       10324
 slow changes           0  power changes           0
 Current convergence R-1 =   3.8796498E-03  chain steps =       10384
 slow changes           0  power changes           0
 metropolis rat:  0.3600576      in        10415 , best:    11.58584    
 local acceptance ratio:  0.4901961    
 Current convergence R-1 =   3.4749615E-03  chain steps =       10431
 slow changes           0  power changes           0
 Current convergence R-1 =   3.5959356E-03  chain steps =       10517
 slow changes           0  power changes           0
 metropolis rat:  0.3601896      in        10550 , best:    11.58584    
 local acceptance ratio:  0.3703704    
 Current convergence R-1 =   3.5322199E-03  chain steps =       10573
 slow changes           0  power changes           0
 Current convergence R-1 =   3.5074332E-03  chain steps =       10631
 slow changes           0  power changes           0
 Current convergence R-1 =   3.4504416E-03  chain steps =       10678
 slow changes           0  power changes           0
 metropolis rat:  0.3601497      in        10690 , best:    11.58584    
 local acceptance ratio:  0.3571429    
 Current convergence R-1 =   3.8560573E-03  chain steps =       10762
 slow changes           0  power changes           0
 metropolis rat:  0.3599446      in        10835 , best:    11.58584    
 local acceptance ratio:  0.3448276    
 Current convergence R-1 =   3.9112926E-03  chain steps =       10842
 slow changes           0  power changes           0
 Current convergence R-1 =   3.7532113E-03  chain steps =       10912
 slow changes           0  power changes           0
 Current convergence R-1 =   3.2377995E-03  chain steps =       10959
 slow changes           0  power changes           0
 metropolis rat:  0.3601058      in        10969 , best:    11.58584    
 local acceptance ratio:  0.3731343    
 Current convergence R-1 =   3.4819054E-03  chain steps =       11017
 slow changes           0  power changes           0
 Current convergence R-1 =   4.0691416E-03  chain steps =       11094
 slow changes           0  power changes           0
 metropolis rat:  0.3596475      in        11122 , best:    11.58584    
 local acceptance ratio:  0.3267974    
 Current convergence R-1 =   4.0599806E-03  chain steps =       11173
 slow changes           0  power changes           0
 Current convergence R-1 =   4.0833303E-03  chain steps =       11246
 slow changes           0  power changes           0
 metropolis rat:  0.3595206      in        11265 , best:    11.58584    
 local acceptance ratio:  0.3496504    
 Current convergence R-1 =   3.6147733E-03  chain steps =       11308
 slow changes           0  power changes           0
 Current convergence R-1 =   4.0573389E-03  chain steps =       11383
 slow changes           0  power changes           0
 metropolis rat:  0.3594914      in        11405 , best:    11.58584    
 local acceptance ratio:  0.3571429    
 Current convergence R-1 =   4.1828970E-03  chain steps =       11441
 slow changes           0  power changes           0
 Current convergence R-1 =   4.0434590E-03  chain steps =       11522
 slow changes           0  power changes           0
 metropolis rat:  0.3584075      in        11579 , best:    11.58584    
 local acceptance ratio:  0.2873563    
 Current convergence R-1 =   4.2049554E-03  chain steps =       11630
 slow changes           0  power changes           0
 Current convergence R-1 =   4.4517913E-03  chain steps =       11696
 slow changes           0  power changes           0
 metropolis rat:  0.3587904      in        11706 , best:    11.58584    
 local acceptance ratio:  0.3937008    
 Current convergence R-1 =   4.4035269E-03  chain steps =       11777
 slow changes           0  power changes           0
 metropolis rat:  0.3592257      in        11831 , best:    11.58584    
 local acceptance ratio:  0.4000000    
 Current convergence R-1 =   4.5254785E-03  chain steps =       11850
 slow changes           0  power changes           0
 Current convergence R-1 =   4.1399701E-03  chain steps =       11942
 slow changes           0  power changes           0
 metropolis rat:  0.3592614      in        11969 , best:    11.58584    
 local acceptance ratio:  0.3623188    
 Current convergence R-1 =   3.7260386E-03  chain steps =       12022
 slow changes           0  power changes           0
 Current convergence R-1 =   3.4830936E-03  chain steps =       12083
 slow changes           0  power changes           0
 metropolis rat:  0.3592666      in        12108 , best:    11.58584    
 local acceptance ratio:  0.3597122    
 Current convergence R-1 =   3.7297467E-03  chain steps =       12156
 slow changes           0  power changes           0
 Current convergence R-1 =   4.1801110E-03  chain steps =       12219
 slow changes           0  power changes           0
 metropolis rat:  0.3591837      in        12250 , best:    11.58584    
 local acceptance ratio:  0.3521127    
 Current convergence R-1 =   5.8448371E-03  chain steps =       12349
 slow changes           0  power changes           0
 Current convergence R-1 =   6.1556427E-03  chain steps =       12449
 slow changes           0  power changes           0
 metropolis rat:  0.3574010      in        12451 , best:    11.58584    
 local acceptance ratio:  0.2487562    
 Current convergence R-1 =   6.2714769E-03  chain steps =       12517
 slow changes           0  power changes           0
 Current convergence R-1 =   6.3536162E-03  chain steps =       12589
 slow changes           0  power changes           0
 metropolis rat:  0.3569446      in        12607 , best:    11.58584    
 local acceptance ratio:  0.3205128    
 Current convergence R-1 =   6.7616492E-03  chain steps =       12663
 slow changes           0  power changes           0
 metropolis rat:  0.3571709      in        12739 , best:    11.58584    
 local acceptance ratio:  0.3787879    
 Current convergence R-1 =   7.0216344E-03  chain steps =       12756
 slow changes           0  power changes           0
 Current convergence R-1 =   6.8926336E-03  chain steps =       12845
 slow changes           0  power changes           0
 Current convergence R-1 =   6.9411416E-03  chain steps =       12912
 slow changes           0  power changes           0
 metropolis rat:  0.3561474      in        12916 , best:    11.58584    
 local acceptance ratio:  0.2824859    
 Current convergence R-1 =   7.0850761E-03  chain steps =       13013
 slow changes           0  power changes           0
 metropolis rat:  0.3560763      in        13059 , best:    11.58584    
 local acceptance ratio:  0.3496504    
 Current convergence R-1 =   6.9973818E-03  chain steps =       13073
 slow changes           0  power changes           0
 Current convergence R-1 =   7.0084217E-03  chain steps =       13163
 slow changes           0  power changes           0
 Current convergence R-1 =   6.9059124E-03  chain steps =       13211
 slow changes           0  power changes           0
 metropolis rat:  0.3555219      in        13220 , best:    11.58584    
 local acceptance ratio:  0.3105590    
 Current convergence R-1 =   7.3227258E-03  chain steps =       13283
 slow changes           0  power changes           0
 Current convergence R-1 =   6.9488478E-03  chain steps =       13368
 slow changes           0  power changes           0
 metropolis rat:  0.3551402      in        13375 , best:    11.58584    
 local acceptance ratio:  0.3225806    
 Current convergence R-1 =   7.6209423E-03  chain steps =       13442
 slow changes           0  power changes           0
 Current convergence R-1 =   7.1250736E-03  chain steps =       13476
 slow changes           0  power changes           0
 metropolis rat:  0.3545575      in        13538 , best:    11.58584    
 local acceptance ratio:  0.3067485    
 Current convergence R-1 =   7.2016930E-03  chain steps =       13557
 slow changes           0  power changes           0
 Current convergence R-1 =   7.2534923E-03  chain steps =       13611
 slow changes           0  power changes           0
 metropolis rat:  0.3549213      in        13665 , best:    11.58584    
 local acceptance ratio:  0.3937008    
 Current convergence R-1 =   7.5891437E-03  chain steps =       13690
 slow changes           0  power changes           0
 Current convergence R-1 =   7.7502383E-03  chain steps =       13758
 slow changes           0  power changes           0
 metropolis rat:  0.3548924      in        13807 , best:    11.58584    
 local acceptance ratio:  0.3521127    
 Current convergence R-1 =   7.5426013E-03  chain steps =       13835
 slow changes           0  power changes           0
 Current convergence R-1 =   7.4501182E-03  chain steps =       13896
 slow changes           0  power changes           0
 metropolis rat:  0.3549914      in        13944 , best:    11.58584    
 local acceptance ratio:  0.3649635    
 Current convergence R-1 =   6.8333372E-03  chain steps =       13984
 slow changes           0  power changes           0
 Current convergence R-1 =   6.8656756E-03  chain steps =       14058
 slow changes           0  power changes           0
 Current convergence R-1 =   6.5578395E-03  chain steps =       14119
 slow changes           0  power changes           0
 metropolis rat:  0.3540324      in        14123 , best:    11.58584    
 local acceptance ratio:  0.2793296    
 Current convergence R-1 =   6.3097547E-03  chain steps =       14183
 slow changes           0  power changes           0
 Current convergence R-1 =   6.3321069E-03  chain steps =       14252
 slow changes           0  power changes           0
 metropolis rat:  0.3541375      in        14260 , best:    11.58584    
 local acceptance ratio:  0.3649635    
 Current convergence R-1 =   6.6262423E-03  chain steps =       14327
 slow changes           0  power changes           0
 Current convergence R-1 =   6.4509194E-03  chain steps =       14389
 slow changes           0  power changes           0
 metropolis rat:  0.3541667      in        14400 , best:    11.58584    
 local acceptance ratio:  0.3571429    
 Current convergence R-1 =   6.5160417E-03  chain steps =       14447
 slow changes           0  power changes           0
 Current convergence R-1 =   6.4685438E-03  chain steps =       14490
 slow changes           0  power changes           0
 Current convergence R-1 =   6.5981867E-03  chain steps =       14558
 slow changes           0  power changes           0
 metropolis rat:  0.3537331      in        14559 , best:    11.58584    
 local acceptance ratio:  0.3144654    
 Current convergence R-1 =   6.1292900E-03  chain steps =       14621
 slow changes           0  power changes           0
 Current convergence R-1 =   6.0148858E-03  chain steps =       14668
 slow changes           0  power changes           0
 metropolis rat:  0.3538137      in        14697 , best:    11.58584    
 local acceptance ratio:  0.3623188    
 Current convergence R-1 =   5.9339101E-03  chain steps =       14717
 slow changes           0  power changes           0
 Current convergence R-1 =   5.8923024E-03  chain steps =       14786
 slow changes           0  power changes           0
 metropolis rat:  0.3537259      in        14842 , best:    11.58584    
 local acceptance ratio:  0.3448276    
 Current convergence R-1 =   5.7823174E-03  chain steps =       14846
 slow changes           0  power changes           0
 Current convergence R-1 =   6.0450886E-03  chain steps =       14915
 slow changes           0  power changes           0
 Current convergence R-1 =   5.1364065E-03  chain steps =       14979
 slow changes           0  power changes           0
 metropolis rat:  0.3528159      in        15022 , best:    11.58584    
 local acceptance ratio:  0.2777778    
 Current convergence R-1 =   4.3341569E-03  chain steps =       15053
 slow changes           0  power changes           0
 Current convergence R-1 =   3.9999937E-03  chain steps =       15124
 slow changes           0  power changes           0
 metropolis rat:  0.3523678      in        15183 , best:    11.58584    
 local acceptance ratio:  0.3105590    
 Current convergence R-1 =   4.4824393E-03  chain steps =       15213
 slow changes           0  power changes           0
 Current convergence R-1 =   4.9986304E-03  chain steps =       15265
 slow changes           0  power changes           0
 metropolis rat:  0.3526416      in        15313 , best:    11.58584    
 local acceptance ratio:  0.3846154    
 Current convergence R-1 =   5.0083408E-03  chain steps =       15326
 slow changes           0  power changes           0
 Current convergence R-1 =   5.1353415E-03  chain steps =       15372
 slow changes           0  power changes           0
 Current convergence R-1 =   4.7574937E-03  chain steps =       15447
 slow changes           0  power changes           0
 metropolis rat:  0.3522492      in        15472 , best:    11.58584    
 local acceptance ratio:  0.3144654    
 Current convergence R-1 =   4.4106375E-03  chain steps =       15501
 slow changes           0  power changes           0
 Current convergence R-1 =   4.0741866E-03  chain steps =       15540
 slow changes           0  power changes           0
 metropolis rat:  0.3527450      in        15592 , best:    11.58584    
 local acceptance ratio:  0.4166667    
 Current convergence R-1 =   4.0988564E-03  chain steps =       15603
 slow changes           0  power changes           0
 Current convergence R-1 =   4.2112200E-03  chain steps =       15672
 slow changes           0  power changes           0
 Current convergence R-1 =   4.3907720E-03  chain steps =       15723
 slow changes           0  power changes           0
 metropolis rat:  0.3529636      in        15724 , best:    11.58584    
 local acceptance ratio:  0.3787879    
 Current convergence R-1 =   4.3341280E-03  chain steps =       15790
 slow changes           0  power changes           0
 Current convergence R-1 =   4.3039010E-03  chain steps =       15842
 slow changes           0  power changes           0
 Current convergence R-1 =   4.2730542E-03  chain steps =       15874
 slow changes           0  power changes           0
 metropolis rat:  0.3526670      in        15879 , best:    11.58584    
 local acceptance ratio:  0.3225806    
 Current convergence R-1 =   4.2839702E-03  chain steps =       15948
 slow changes           0  power changes           0
 Current convergence R-1 =   4.2390567E-03  chain steps =       16026
 slow changes           0  power changes           0
 metropolis rat:  0.3524861      in        16029 , best:    11.58584    
 local acceptance ratio:  0.3333333    
 Current convergence R-1 =   4.2716106E-03  chain steps =       16075
 slow changes           0  power changes           0
 Current convergence R-1 =   4.0079667E-03  chain steps =       16153
 slow changes           0  power changes           0
 metropolis rat:  0.3522868      in        16180 , best:    11.58584    
 local acceptance ratio:  0.3311258    
 Current convergence R-1 =   4.1725086E-03  chain steps =       16224
 slow changes           0  power changes           0
 Current convergence R-1 =   3.9307903E-03  chain steps =       16298
 slow changes           0  power changes           0
 metropolis rat:  0.3524796      in        16313 , best:    11.58584    
 local acceptance ratio:  0.3759398    
 Current convergence R-1 =   3.6158457E-03  chain steps =       16376
 slow changes           0  power changes           0
 Current convergence R-1 =   3.5486142E-03  chain steps =       16468
 slow changes           0  power changes           0
 metropolis rat:  0.3519417      in        16480 , best:    11.58584    
 local acceptance ratio:  0.2994012    
 Current convergence R-1 =   3.4782265E-03  chain steps =       16526
 slow changes           0  power changes           0
 Current convergence R-1 =   3.4487792E-03  chain steps =       16601
 slow changes           0  power changes           0
 metropolis rat:  0.3512459      in        16655 , best:    11.58584    
 local acceptance ratio:  0.2857143    
 Current convergence R-1 =   3.7233855E-03  chain steps =       16667
 slow changes           0  power changes           0
 Current convergence R-1 =   3.8053789E-03  chain steps =       16699
 slow changes           0  power changes           0
 Current convergence R-1 =   3.3645865E-03  chain steps =       16759
 slow changes           0  power changes           0
 metropolis rat:  0.3509816      in        16810 , best:    11.58584    
 local acceptance ratio:  0.3225806    
 Current convergence R-1 =   2.8249510E-03  chain steps =       16831
 slow changes           0  power changes           0
 Current convergence R-1 =   2.6702895E-03  chain steps =       16894
 slow changes           0  power changes           0
 Current convergence R-1 =   2.6386674E-03  chain steps =       16983
 slow changes           0  power changes           0
 metropolis rat:  0.3502472      in        16988 , best:    11.58584    
 local acceptance ratio:  0.2808989    
 Current convergence R-1 =   2.6283273E-03  chain steps =       17040
 slow changes           0  power changes           0
 Current convergence R-1 =   2.8229596E-03  chain steps =       17105
 slow changes           0  power changes           0
 metropolis rat:  0.3497319      in        17156 , best:    11.58584    
 local acceptance ratio:  0.2976190    
 Current convergence R-1 =   2.8261542E-03  chain steps =       17182
 slow changes           0  power changes           0
 Current convergence R-1 =   2.8735278E-03  chain steps =       17252
 slow changes           0  power changes           0
 metropolis rat:  0.3495291      in        17309 , best:    11.58584    
 local acceptance ratio:  0.3267974    
 Current convergence R-1 =   2.6017078E-03  chain steps =       17325
 slow changes           0  power changes           0
 Current convergence R-1 =   2.5007562E-03  chain steps =       17404
 slow changes           0  power changes           0
 metropolis rat:  0.3502727      in        17415 , best:    11.58584    
 local acceptance ratio:  0.4716981    
 Current convergence R-1 =   2.4449085E-03  chain steps =       17470
 slow changes           0  power changes           0
 Current convergence R-1 =   2.5422492E-03  chain steps =       17513
 slow changes           0  power changes           0
 metropolis rat:  0.3503475      in        17554 , best:    11.58584    
 local acceptance ratio:  0.3597122    
 Current convergence R-1 =   2.8751967E-03  chain steps =       17566
 slow changes           0  power changes           0
 Current convergence R-1 =   2.8719418E-03  chain steps =       17627
 slow changes           0  power changes           0
 metropolis rat:  0.3505994      in        17684 , best:    11.58584    
 local acceptance ratio:  0.3846154    
 Current convergence R-1 =   3.1702779E-03  chain steps =       17687
 slow changes           0  power changes           0
 Current convergence R-1 =   3.3321558E-03  chain steps =       17746
 slow changes           0  power changes           0
 Current convergence R-1 =   3.4197941E-03  chain steps =       17815
 slow changes           0  power changes           0
 metropolis rat:  0.3506902      in        17822 , best:    11.58584    
 local acceptance ratio:  0.3623188    
 Current convergence R-1 =   3.3856113E-03  chain steps =       17876
 slow changes           0  power changes           0
 metropolis rat:  0.3511706      in        17940 , best:    11.58584    
 local acceptance ratio:  0.4237288    
 Current convergence R-1 =   3.2146920E-03  chain steps =       17971
 slow changes           0  power changes           0
 Current convergence R-1 =   3.0821981E-03  chain steps =       18048
 slow changes           0  power changes           0
 metropolis rat:  0.3514306      in        18069 , best:    11.58584    
 local acceptance ratio:  0.3875969    
 Current convergence R-1 =   2.7703738E-03  chain steps =       18097
 slow changes           0  power changes           0
 Current convergence R-1 =   2.6452676E-03  chain steps =       18168
 slow changes           0  power changes           0
 Current convergence R-1 =   2.3494123E-03  chain steps =       18225
 slow changes           0  power changes           0
 metropolis rat:  0.3508772      in        18240 , best:    11.58584    
 local acceptance ratio:  0.2923976    
 Current convergence R-1 =   2.3896985E-03  chain steps =       18287
 slow changes           0  power changes           0
 Current convergence R-1 =   2.3001879E-03  chain steps =       18370
 slow changes           0  power changes           0
 metropolis rat:  0.3506578      in        18394 , best:    11.58584    
 local acceptance ratio:  0.3246753    
 Current convergence R-1 =   2.1910805E-03  chain steps =       18436
 slow changes           0  power changes           0
 Current convergence R-1 =   2.2057411E-03  chain steps =       18490
 slow changes           0  power changes           0
 metropolis rat:  0.3506311      in        18538 , best:    11.58584    
 local acceptance ratio:  0.3472222    
 Current convergence R-1 =   2.1764021E-03  chain steps =       18547
 slow changes           0  power changes           0
 Current convergence R-1 =   2.1702771E-03  chain steps =       18618
 slow changes           0  power changes           0
 Current convergence R-1 =   2.2557308E-03  chain steps =       18677
 slow changes           0  power changes           0
 metropolis rat:  0.3502487      in        18701 , best:    11.58584    
 local acceptance ratio:  0.3067485    
 Current convergence R-1 =   2.1057320E-03  chain steps =       18747
 slow changes           0  power changes           0
 Current convergence R-1 =   2.1317294E-03  chain steps =       18834
 slow changes           0  power changes           0
 metropolis rat:  0.3502813      in        18842 , best:    11.58584    
 local acceptance ratio:  0.3546099    
 Current convergence R-1 =   2.2162416E-03  chain steps =       18901
 slow changes           0  power changes           0
 Current convergence R-1 =   2.2222637E-03  chain steps =       18971
 slow changes           0  power changes           0
 metropolis rat:  0.3503319      in        18982 , best:    11.58584    
 local acceptance ratio:  0.3571429    
 Current convergence R-1 =   2.2896829E-03  chain steps =       19055
 slow changes           0  power changes           0
 Current convergence R-1 =   2.1657301E-03  chain steps =       19123
 slow changes           0  power changes           0
 metropolis rat:  0.3494498      in        19173 , best:    11.58584    
 local acceptance ratio:  0.2617801    
 Current convergence R-1 =   2.1176240E-03  chain steps =       19194
 slow changes           0  power changes           0
 Current convergence R-1 =   1.9719277E-03  chain steps =       19269
 slow changes           0  power changes           0
 metropolis rat:  0.3492343      in        19328 , best:    11.58584    
 local acceptance ratio:  0.3225806    
 Current convergence R-1 =   1.9854091E-03  chain steps =       19337
 slow changes           0  power changes           0
