 metropolis rat:  0.8474576      in           59 , best:    19.76377    
 local acceptance ratio:  0.8474576    
 metropolis rat:  0.8333333      in          120 , best:    19.56379    
 local acceptance ratio:  0.8196721    
 Current convergence R-1 =    48.52994      chain steps =         135
 slow changes           0  power changes           0
 metropolis rat:  0.7853403      in          191 , best:    19.36122    
 local acceptance ratio:  0.7042254    
 Current convergence R-1 =    4.195877      chain steps =         211
 slow changes           0  power changes           0
 metropolis rat:  0.7462686      in          268 , best:    18.75040    
 local acceptance ratio:  0.6493506    
 Current convergence R-1 =   0.2678206      chain steps =         292
 slow changes           0  power changes           0
 Current convergence R-1 =   0.1430516      chain steps =         360
 slow changes           0  power changes           0
 Current convergence R-1 =   0.1184758      chain steps =         397
 slow changes           0  power changes           0
 metropolis rat:  0.6024097      in          415 , best:    18.75040    
 local acceptance ratio:  0.3401361    
 Current convergence R-1 =   9.0547979E-02  chain steps =         481
 slow changes           0  power changes           0
 Current convergence R-1 =   0.2705216      chain steps =         560
 slow changes           0  power changes           0
 metropolis rat:  0.5347593      in          561 , best:    18.74946    
 local acceptance ratio:  0.3424658    
 Current convergence R-1 =   0.2796131      chain steps =         635
 slow changes           0  power changes           0
 Current convergence R-1 =   0.2093393      chain steps =         701
 slow changes           0  power changes           0
 metropolis rat:  0.4794520      in          730 , best:    18.74946    
 local acceptance ratio:  0.2958580    
 Current convergence R-1 =   0.1337715      chain steps =         776
 slow changes           0  power changes           0
 Current convergence R-1 =   0.1199268      chain steps =         822
 slow changes           0  power changes           0
 Current convergence R-1 =   9.6687652E-02  chain steps =         851
 slow changes           0  power changes           0
 metropolis rat:  0.4287246      in          933 , best:    18.74946    
 local acceptance ratio:  0.2463054    
 Current convergence R-1 =   0.1202417      chain steps =         945
 slow changes           0  power changes           0
 Current convergence R-1 =   8.3917961E-02  chain steps =        1023
 slow changes           0  power changes           0
 Current convergence R-1 =   5.5466700E-02  chain steps =        1090
 slow changes           0  power changes           0
 metropolis rat:  0.4102097      in         1097 , best:    18.74946    
 local acceptance ratio:  0.3048781    
 Current convergence R-1 =   4.8889626E-02  chain steps =        1152
 slow changes           0  power changes           0
 Current convergence R-1 =   5.4847382E-02  chain steps =        1210
 slow changes           0  power changes           0
 metropolis rat:  0.4025765      in         1242 , best:    18.74946    
 local acceptance ratio:  0.3448276    
 Current convergence R-1 =   6.9379739E-02  chain steps =        1268
 slow changes           0  power changes           0
 Current convergence R-1 =   5.4456238E-02  chain steps =        1325
 slow changes           0  power changes           0
 Current convergence R-1 =   4.6846759E-02  chain steps =        1388
 slow changes           0  power changes           0
 metropolis rat:  0.3903478      in         1409 , best:    18.74946    
 local acceptance ratio:  0.2994012    
 Current convergence R-1 =   5.1848873E-02  chain steps =        1474
 slow changes           0  power changes           0
 Current convergence R-1 =   5.5842206E-02  chain steps =        1546
 slow changes           0  power changes           0
 metropolis rat:  0.3696858      in         1623 , best:    18.74946    
 local acceptance ratio:  0.2336449    
 Current convergence R-1 =   5.3256817E-02  chain steps =        1624
 slow changes           0  power changes           0
 Current convergence R-1 =   4.6984095E-02  chain steps =        1697
 slow changes           0  power changes           0
 Current convergence R-1 =   5.6112647E-02  chain steps =        1760
 slow changes           0  power changes           0
 Current convergence R-1 =   7.2815157E-02  chain steps =        1839
 slow changes           0  power changes           0
 metropolis rat:  0.3519220      in         1847 , best:    18.74946    
 local acceptance ratio:  0.2232143    
 Current convergence R-1 =   7.1184009E-02  chain steps =        1889
 slow changes           0  power changes           0
 Current convergence R-1 =   6.8788908E-02  chain steps =        2016
 slow changes           0  power changes           0
 metropolis rat:  0.3417969      in         2048 , best:    18.74946    
 local acceptance ratio:  0.2487562    
 Current convergence R-1 =   6.5758646E-02  chain steps =        2069
 slow changes           0  power changes           0
 Current convergence R-1 =   6.0340796E-02  chain steps =        2133
 slow changes           0  power changes           0
 Current convergence R-1 =   6.1365530E-02  chain steps =        2200
 slow changes           0  power changes           0
 metropolis rat:  0.3337784      in         2247 , best:    18.74946    
 local acceptance ratio:  0.2512563    
 Current convergence R-1 =   6.1033521E-02  chain steps =        2248
 slow changes           0  power changes           0
 Current convergence R-1 =   4.7414944E-02  chain steps =        2329
 slow changes           0  power changes           0
 Current convergence R-1 =   4.3085247E-02  chain steps =        2420
 slow changes           0  power changes           0
 metropolis rat:  0.3284072      in         2436 , best:    18.74946    
 local acceptance ratio:  0.2645503    
 Current convergence R-1 =   3.7518285E-02  chain steps =        2491
 slow changes           0  power changes           0
 Current convergence R-1 =   3.5355330E-02  chain steps =        2572
 slow changes           0  power changes           0
 metropolis rat:  0.3286930      in         2586 , best:    18.74946    
 local acceptance ratio:  0.3333333    
 Current convergence R-1 =   3.4383830E-02  chain steps =        2673
 slow changes           0  power changes           0
 Current convergence R-1 =   3.5631590E-02  chain steps =        2767
 slow changes           0  power changes           0
 metropolis rat:  0.3173484      in         2836 , best:    18.74946    
 local acceptance ratio:  0.2000000    
 Current convergence R-1 =   3.5527084E-02  chain steps =        2924
 slow changes           0  power changes           0
 Current convergence R-1 =   3.7242491E-02  chain steps =        2988
 slow changes           0  power changes           0
 metropolis rat:  0.3140496      in         3025 , best:    18.74946    
 local acceptance ratio:  0.2645503    
 Current convergence R-1 =   3.6981020E-02  chain steps =        3077
 slow changes           0  power changes           0
 Current convergence R-1 =   3.4880664E-02  chain steps =        3137
 slow changes           0  power changes           0
 Current convergence R-1 =   2.8432461E-02  chain steps =        3170
 slow changes           0  power changes           0
 metropolis rat:  0.3142678      in         3182 , best:    18.74946    
 local acceptance ratio:  0.3184713    
 Current convergence R-1 =   3.0250253E-02  chain steps =        3283
 slow changes           0  power changes           0
 metropolis rat:  0.3152207      in         3331 , best:    18.74946    
 local acceptance ratio:  0.3355705    
 Current convergence R-1 =   3.3142321E-02  chain steps =        3339
 slow changes           0  power changes           0
 Current convergence R-1 =   2.9997988E-02  chain steps =        3404
 slow changes           0  power changes           0
 Current convergence R-1 =   2.8169541E-02  chain steps =        3480
 slow changes           0  power changes           0
 metropolis rat:  0.3119682      in         3526 , best:    18.74946    
 local acceptance ratio:  0.2564103    
 Current convergence R-1 =   3.0082950E-02  chain steps =        3554
 slow changes           0  power changes           0
 Current convergence R-1 =   3.3519097E-02  chain steps =        3635
 slow changes           0  power changes           0
 metropolis rat:  0.3103914      in         3705 , best:    18.74946    
 local acceptance ratio:  0.2793296    
 Current convergence R-1 =   3.0709110E-02  chain steps =        3759
 slow changes           0  power changes           0
 Current convergence R-1 =   3.3189055E-02  chain steps =        3840
 slow changes           0  power changes           0
 metropolis rat:  0.3070624      in         3908 , best:    18.74946    
 local acceptance ratio:  0.2463054    
 Current convergence R-1 =   3.4379333E-02  chain steps =        3922
 slow changes           0  power changes           0
 Current convergence R-1 =   3.3545345E-02  chain steps =        3997
 slow changes           0  power changes           0
 Current convergence R-1 =   3.2162976E-02  chain steps =        4070
 slow changes           0  power changes           0
 metropolis rat:  0.3060725      in         4084 , best:    18.74946    
 local acceptance ratio:  0.2840909    
 Current convergence R-1 =   3.3729035E-02  chain steps =        4135
 slow changes           0  power changes           0
 Current convergence R-1 =   3.3195704E-02  chain steps =        4182
 slow changes           0  power changes           0
 metropolis rat:  0.3076923      in         4225 , best:    18.74946    
 local acceptance ratio:  0.3546099    
 Current convergence R-1 =   3.2742299E-02  chain steps =        4244
 slow changes           0  power changes           0
 Current convergence R-1 =   2.7939303E-02  chain steps =        4308
 slow changes           0  power changes           0
 metropolis rat:  0.3081488      in         4381 , best:    18.74946    
 local acceptance ratio:  0.3205128    
 Current convergence R-1 =   2.5287550E-02  chain steps =        4405
 slow changes           0  power changes           0
 Current convergence R-1 =   2.1635508E-02  chain steps =        4460
 slow changes           0  power changes           0
 Current convergence R-1 =   1.7620938E-02  chain steps =        4520
 slow changes           0  power changes           0
 metropolis rat:  0.3070849      in         4559 , best:    18.74946    
 local acceptance ratio:  0.2808989    
 Current convergence R-1 =   1.6048202E-02  chain steps =        4586
 slow changes           0  power changes           0
 Current convergence R-1 =   1.6377997E-02  chain steps =        4632
 slow changes           0  power changes           0
 Current convergence R-1 =   1.2409465E-02  chain steps =        4723
 slow changes           0  power changes           0
 metropolis rat:  0.3051989      in         4751 , best:    18.74946    
 local acceptance ratio:  0.2604167    
 Current convergence R-1 =   8.4151784E-03  chain steps =        4863
 slow changes           0  power changes           0
 Current convergence R-1 =   8.1944745E-03  chain steps =        4931
 slow changes           0  power changes           0
 metropolis rat:  0.3040130      in         4934 , best:    18.74946    
 local acceptance ratio:  0.2732241    
 Current convergence R-1 =   8.6837634E-03  chain steps =        5007
 slow changes           0  power changes           0
 Current convergence R-1 =   1.0137388E-02  chain steps =        5061
 slow changes           0  power changes           0
 metropolis rat:  0.3052984      in         5077 , best:    18.74946    
 local acceptance ratio:  0.3496504    
 Current convergence R-1 =   8.8205403E-03  chain steps =        5138
 slow changes           0  power changes           0
 Current convergence R-1 =   9.5322980E-03  chain steps =        5221
 slow changes           0  power changes           0
 metropolis rat:  0.3047619      in         5250 , best:    18.74946    
 local acceptance ratio:  0.2890173    
 Current convergence R-1 =   9.6483529E-03  chain steps =        5285
 slow changes           0  power changes           0
 Current convergence R-1 =   1.0095011E-02  chain steps =        5344
 slow changes           0  power changes           0
 metropolis rat:  0.3056688      in         5398 , best:    18.74946    
 local acceptance ratio:  0.3378378    
 Current convergence R-1 =   8.6463029E-03  chain steps =        5425
 slow changes           0  power changes           0
 Current convergence R-1 =   8.7483218E-03  chain steps =        5472
 slow changes           0  power changes           0
 Current convergence R-1 =   7.7784164E-03  chain steps =        5535
 slow changes           0  power changes           0
 metropolis rat:  0.3060306      in         5555 , best:    18.74946    
 local acceptance ratio:  0.3184713    
 Current convergence R-1 =   7.7790916E-03  chain steps =        5593
 slow changes           0  power changes           0
 Current convergence R-1 =   7.2116279E-03  chain steps =        5661
 slow changes           0  power changes           0
 Current convergence R-1 =   6.5115280E-03  chain steps =        5697
 slow changes           0  power changes           0
 metropolis rat:  0.3062117      in         5715 , best:    18.74946    
 local acceptance ratio:  0.3125000    
 Current convergence R-1 =   7.2949519E-03  chain steps =        5789
 slow changes           0  power changes           0
 metropolis rat:  0.3079028      in         5846 , best:    18.74946    
 local acceptance ratio:  0.3816794    
 Current convergence R-1 =   6.4428071E-03  chain steps =        5866
 slow changes           0  power changes           0
 Current convergence R-1 =   7.2791274E-03  chain steps =        5922
 slow changes           0  power changes           0
 Current convergence R-1 =   8.2332911E-03  chain steps =        5977
 slow changes           0  power changes           0
 metropolis rat:  0.3085390      in         5996 , best:    18.74946    
 local acceptance ratio:  0.3333333    
 Current convergence R-1 =   8.9979470E-03  chain steps =        6041
 slow changes           0  power changes           0
 Current convergence R-1 =   9.8072207E-03  chain steps =        6106
 slow changes           0  power changes           0
 metropolis rat:  0.3085918      in         6157 , best:    18.74946    
 local acceptance ratio:  0.3105590    
 Current convergence R-1 =   1.1740114E-02  chain steps =        6183
 slow changes           0  power changes           0
 Current convergence R-1 =   1.3037430E-02  chain steps =        6285
 slow changes           0  power changes           0
 metropolis rat:  0.3083004      in         6325 , best:    18.74946    
 local acceptance ratio:  0.2976190    
 Current convergence R-1 =   1.2510271E-02  chain steps =        6332
 slow changes           0  power changes           0
 Current convergence R-1 =   1.2270123E-02  chain steps =        6394
 slow changes           0  power changes           0
 Current convergence R-1 =   1.2503723E-02  chain steps =        6458
 slow changes           0  power changes           0
 metropolis rat:  0.3084992      in         6483 , best:    18.74946    
 local acceptance ratio:  0.3164557    
 Current convergence R-1 =   1.0383807E-02  chain steps =        6503
 slow changes           0  power changes           0
 Current convergence R-1 =   1.0037625E-02  chain steps =        6554
 slow changes           0  power changes           0
 metropolis rat:  0.3096209      in         6621 , best:    18.74946    
 local acceptance ratio:  0.3623188    
 Current convergence R-1 =   1.0118046E-02  chain steps =        6654
 slow changes           0  power changes           0
 Current convergence R-1 =   9.6401423E-03  chain steps =        6730
 slow changes           0  power changes           0
 Current convergence R-1 =   9.8628458E-03  chain steps =        6781
 slow changes           0  power changes           0
 metropolis rat:  0.3080082      in         6818 , best:    18.74859    
 local acceptance ratio:  0.2538071    
 Current convergence R-1 =   1.0292047E-02  chain steps =        6853
 slow changes           0  power changes           0
 Current convergence R-1 =   1.0150844E-02  chain steps =        6924
 slow changes           0  power changes           0
 metropolis rat:  0.3078024      in         6985 , best:    18.74859    
 local acceptance ratio:  0.2994012    
 Current convergence R-1 =   1.0391866E-02  chain steps =        6997
 slow changes           0  power changes           0
 Current convergence R-1 =   1.0532947E-02  chain steps =        7062
 slow changes           0  power changes           0
 metropolis rat:  0.3082096      in         7138 , best:    18.74859    
 local acceptance ratio:  0.3267974    
 Current convergence R-1 =   1.0650407E-02  chain steps =        7149
 slow changes           0  power changes           0
 Current convergence R-1 =   1.0177762E-02  chain steps =        7221
 slow changes           0  power changes           0
 Current convergence R-1 =   9.8045105E-03  chain steps =        7275
 slow changes           0  power changes           0
 metropolis rat:  0.3083459      in         7297 , best:    18.74859    
 local acceptance ratio:  0.3144654    
 Current convergence R-1 =   1.0454682E-02  chain steps =        7333
 slow changes           0  power changes           0
 Current convergence R-1 =   1.0775390E-02  chain steps =        7370
 slow changes           0  power changes           0
 Current convergence R-1 =   1.0963519E-02  chain steps =        7431
 slow changes           0  power changes           0
 metropolis rat:  0.3082283      in         7462 , best:    18.74859    
 local acceptance ratio:  0.3030303    
 Current convergence R-1 =   1.0286639E-02  chain steps =        7470
 slow changes           0  power changes           0
 Current convergence R-1 =   1.2122273E-02  chain steps =        7567
 slow changes           0  power changes           0
 metropolis rat:  0.3091292      in         7602 , best:    18.74859    
 local acceptance ratio:  0.3571429    
 Current convergence R-1 =   1.1785216E-02  chain steps =        7642
 slow changes           0  power changes           0
 Current convergence R-1 =   1.2091053E-02  chain steps =        7725
 slow changes           0  power changes           0
 metropolis rat:  0.3098373      in         7746 , best:    18.74859    
 local acceptance ratio:  0.3472222    
 Current convergence R-1 =   1.1406242E-02  chain steps =        7818
 slow changes           0  power changes           0
 metropolis rat:  0.3099304      in         7905 , best:    18.74859    
 local acceptance ratio:  0.3144654    
 Current convergence R-1 =   1.2532488E-02  chain steps =        7914
 slow changes           0  power changes           0
 Current convergence R-1 =   1.3028625E-02  chain steps =        7987
 slow changes           0  power changes           0
 metropolis rat:  0.3111388      in         8035 , best:    18.74859    
 local acceptance ratio:  0.3846154    
 Current convergence R-1 =   1.1763146E-02  chain steps =        8057
 slow changes           0  power changes           0
 Current convergence R-1 =   1.1646789E-02  chain steps =        8109
 slow changes           0  power changes           0
 metropolis rat:  0.3116598      in         8182 , best:    18.74859    
 local acceptance ratio:  0.3401361    
 Current convergence R-1 =   1.1595869E-02  chain steps =        8187
 slow changes           0  power changes           0
 Current convergence R-1 =   1.1527560E-02  chain steps =        8272
 slow changes           0  power changes           0
 Current convergence R-1 =   1.3331456E-02  chain steps =        8311
 slow changes           0  power changes           0
 metropolis rat:  0.3107074      in         8368 , best:    18.74859    
 local acceptance ratio:  0.2688172    
 Current convergence R-1 =   1.7605670E-02  chain steps =        8387
 slow changes           0  power changes           0
 Current convergence R-1 =   1.9379128E-02  chain steps =        8464
 slow changes           0  power changes           0
 Current convergence R-1 =   1.8922329E-02  chain steps =        8511
 slow changes           0  power changes           0
 metropolis rat:  0.3112155      in         8515 , best:    18.74859    
 local acceptance ratio:  0.3401361    
 Current convergence R-1 =   1.8872594E-02  chain steps =        8609
 slow changes           0  power changes           0
 Current convergence R-1 =   1.9784737E-02  chain steps =        8669
 slow changes           0  power changes           0
 metropolis rat:  0.3112751      in         8674 , best:    18.74859    
 local acceptance ratio:  0.3144654    
 Current convergence R-1 =   2.0641727E-02  chain steps =        8727
 slow changes           0  power changes           0
 Current convergence R-1 =   2.0938635E-02  chain steps =        8769
 slow changes           0  power changes           0
 metropolis rat:  0.3114735      in         8829 , best:    18.74859    
 local acceptance ratio:  0.3225806    
 Current convergence R-1 =   1.8513341E-02  chain steps =        8840
 slow changes           0  power changes           0
 Current convergence R-1 =   1.8486738E-02  chain steps =        8946
 slow changes           0  power changes           0
 metropolis rat:  0.3117346      in         8982 , best:    18.74859    
 local acceptance ratio:  0.3267974    
 Current convergence R-1 =   1.8196898E-02  chain steps =        8997
 slow changes           0  power changes           0
 Current convergence R-1 =   1.6864860E-02  chain steps =        9061
 slow changes           0  power changes           0
 Current convergence R-1 =   1.6415853E-02  chain steps =        9123
 slow changes           0  power changes           0
 Current convergence R-1 =   1.5587206E-02  chain steps =        9197
 slow changes           0  power changes           0
 metropolis rat:  0.3087757      in         9230 , best:    18.74859    
 local acceptance ratio:  0.2016129    
 Current convergence R-1 =   1.4955029E-02  chain steps =        9239
 slow changes           0  power changes           0
 Current convergence R-1 =   1.3955566E-02  chain steps =        9319
 slow changes           0  power changes           0
 Current convergence R-1 =   1.3390472E-02  chain steps =        9385
 slow changes           0  power changes           0
 metropolis rat:  0.3087406      in         9393 , best:    18.74859    
 local acceptance ratio:  0.3067485    
 Current convergence R-1 =   1.2881360E-02  chain steps =        9515
 slow changes           0  power changes           0
 metropolis rat:  0.3086743      in         9557 , best:    18.74859    
 local acceptance ratio:  0.3048781    
 Current convergence R-1 =   1.3111021E-02  chain steps =        9606
 slow changes           0  power changes           0
 Current convergence R-1 =   1.3550468E-02  chain steps =        9656
 slow changes           0  power changes           0
 metropolis rat:  0.3091827      in         9703 , best:    18.74859    
 local acceptance ratio:  0.3424658    
 Current convergence R-1 =   1.3248929E-02  chain steps =        9740
 slow changes           0  power changes           0
 Current convergence R-1 =   1.1523924E-02  chain steps =        9812
 slow changes           0  power changes           0
 metropolis rat:  0.3092993      in         9861 , best:    18.74859    
 local acceptance ratio:  0.3164557    
 Current convergence R-1 =   1.0884184E-02  chain steps =        9879
 slow changes           0  power changes           0
 Current convergence R-1 =   1.0763277E-02  chain steps =        9950
 slow changes           0  power changes           0
 metropolis rat:  0.3100310      in         9999 , best:    18.74859    
 local acceptance ratio:  0.3623188    
 Current convergence R-1 =   9.7089661E-03  chain steps =       10017
 slow changes           0  power changes           0
 Current convergence R-1 =   8.8789109E-03  chain steps =       10077
 slow changes           0  power changes           0
 metropolis rat:  0.3110497      in        10127 , best:    18.74859    
 local acceptance ratio:  0.3906250    
 Current convergence R-1 =   8.7440498E-03  chain steps =       10138
 slow changes           0  power changes           0
 Current convergence R-1 =   6.7138346E-03  chain steps =       10149
 slow changes           0  power changes           0
 Current convergence R-1 =   6.6422760E-03  chain steps =       10240
 slow changes           0  power changes           0
 Current convergence R-1 =   6.0248999E-03  chain steps =       10310
 slow changes           0  power changes           0
 metropolis rat:  0.3102579      in        10314 , best:    18.74859    
 local acceptance ratio:  0.2673797    
 Current convergence R-1 =   6.0545150E-03  chain steps =       10417
 slow changes           0  power changes           0
 Current convergence R-1 =   3.9132088E-03  chain steps =       10486
 slow changes           0  power changes           0
 metropolis rat:  0.3089060      in        10521 , best:    18.74859    
 local acceptance ratio:  0.2415459    
 Current convergence R-1 =   2.7004150E-03  chain steps =       10569
 slow changes           0  power changes           0
 Current convergence R-1 =   3.1482079E-03  chain steps =       10670
 slow changes           0  power changes           0
 metropolis rat:  0.3084977      in        10697 , best:    18.74859    
 local acceptance ratio:  0.2840909    
 Current convergence R-1 =   4.2699487E-03  chain steps =       10732
 slow changes           0  power changes           0
 Current convergence R-1 =   5.0571947E-03  chain steps =       10809
 slow changes           0  power changes           0
 metropolis rat:  0.3092117      in        10834 , best:    18.74859    
 local acceptance ratio:  0.3649635    
 Current convergence R-1 =   5.2677905E-03  chain steps =       10881
 slow changes           0  power changes           0
 Current convergence R-1 =   5.5611455E-03  chain steps =       10934
 slow changes           0  power changes           0
 Current convergence R-1 =   5.6459070E-03  chain steps =       11015
 slow changes           0  power changes           0
 metropolis rat:  0.3083061      in        11028 , best:    18.74859    
 local acceptance ratio:  0.2577319    
 Current convergence R-1 =   5.4283030E-03  chain steps =       11062
 slow changes           0  power changes           0
 Current convergence R-1 =   5.1762741E-03  chain steps =       11131
 slow changes           0  power changes           0
 metropolis rat:  0.3086972      in        11176 , best:    18.74859    
 local acceptance ratio:  0.3378378    
 Current convergence R-1 =   4.9582603E-03  chain steps =       11232
 slow changes           0  power changes           0
 metropolis rat:  0.3089962      in        11327 , best:    18.74859    
 local acceptance ratio:  0.3311258    
 Current convergence R-1 =   4.9595027E-03  chain steps =       11339
 slow changes           0  power changes           0
 Current convergence R-1 =   4.9158456E-03  chain steps =       11437
 slow changes           0  power changes           0
 metropolis rat:  0.3098272      in        11458 , best:    18.74859    
 local acceptance ratio:  0.3816794    
 Current convergence R-1 =   4.5897183E-03  chain steps =       11505
 slow changes           0  power changes           0
 Current convergence R-1 =   4.5514875E-03  chain steps =       11566
 slow changes           0  power changes           0
 Current convergence R-1 =   4.4967867E-03  chain steps =       11621
 slow changes           0  power changes           0
 metropolis rat:  0.3094645      in        11633 , best:    18.74859    
 local acceptance ratio:  0.2857143    
 Current convergence R-1 =   3.9611161E-03  chain steps =       11737
 slow changes           0  power changes           0
 metropolis rat:  0.3097157      in        11785 , best:    18.74859    
 local acceptance ratio:  0.3289474    
 Current convergence R-1 =   4.1548773E-03  chain steps =       11789
 slow changes           0  power changes           0
 Current convergence R-1 =   3.9281221E-03  chain steps =       11859
 slow changes           0  power changes           0
 metropolis rat:  0.3105329      in        11915 , best:    18.74859    
 local acceptance ratio:  0.3846154    
 Current convergence R-1 =   3.8788719E-03  chain steps =       11955
 slow changes           0  power changes           0
 Current convergence R-1 =   3.9170119E-03  chain steps =       12027
 slow changes           0  power changes           0
 metropolis rat:  0.3100455      in        12095 , best:    18.74859    
 local acceptance ratio:  0.2777778    
 Current convergence R-1 =   3.9169216E-03  chain steps =       12110
 slow changes           0  power changes           0
 Current convergence R-1 =   4.3916218E-03  chain steps =       12183
 slow changes           0  power changes           0
 metropolis rat:  0.3109148      in        12222 , best:    18.74859    
 local acceptance ratio:  0.3937008    
 Current convergence R-1 =   4.8546968E-03  chain steps =       12252
 slow changes           0  power changes           0
 Current convergence R-1 =   4.8607993E-03  chain steps =       12292
 slow changes           0  power changes           0
 Current convergence R-1 =   3.8894692E-03  chain steps =       12362
 slow changes           0  power changes           0
 metropolis rat:  0.3102087      in        12411 , best:    18.74859    
 local acceptance ratio:  0.2645503    
 Current convergence R-1 =   3.7092499E-03  chain steps =       12432
 slow changes           0  power changes           0
 Current convergence R-1 =   3.4925812E-03  chain steps =       12491
 slow changes           0  power changes           0
 Current convergence R-1 =   3.2838553E-03  chain steps =       12563
 slow changes           0  power changes           0
 metropolis rat:  0.3092538      in        12611 , best:    18.74859    
 local acceptance ratio:  0.2500000    
 Current convergence R-1 =   3.3304351E-03  chain steps =       12614
 slow changes           0  power changes           0
 Current convergence R-1 =   4.0699686E-03  chain steps =       12702
 slow changes           0  power changes           0
 metropolis rat:  0.3091251      in        12778 , best:    18.74859    
 local acceptance ratio:  0.2994012    
 Current convergence R-1 =   3.7214444E-03  chain steps =       12779
 slow changes           0  power changes           0
 Current convergence R-1 =   3.6563997E-03  chain steps =       12814
 slow changes           0  power changes           0
 Current convergence R-1 =   3.5127434E-03  chain steps =       12874
 slow changes           0  power changes           0
 Current convergence R-1 =   3.1124535E-03  chain steps =       12946
 slow changes           0  power changes           0
 metropolis rat:  0.3086896      in        12958 , best:    18.74859    
 local acceptance ratio:  0.2777778    
 Current convergence R-1 =   3.0800875E-03  chain steps =       13011
 slow changes           0  power changes           0
 Current convergence R-1 =   3.0429116E-03  chain steps =       13098
 slow changes           0  power changes           0
 metropolis rat:  0.3089009      in        13111 , best:    18.74859    
 local acceptance ratio:  0.3267974    
 Current convergence R-1 =   3.3372056E-03  chain steps =       13193
 slow changes           0  power changes           0
 metropolis rat:  0.3095274      in        13246 , best:    18.74859    
 local acceptance ratio:  0.3703704    
 Current convergence R-1 =   3.2799337E-03  chain steps =       13260
 slow changes           0  power changes           0
 Current convergence R-1 =   3.3573636E-03  chain steps =       13330
 slow changes           0  power changes           0
 Current convergence R-1 =   3.3480341E-03  chain steps =       13405
 slow changes           0  power changes           0
 metropolis rat:  0.3095398      in        13407 , best:    18.74859    
 local acceptance ratio:  0.3105590    
 Current convergence R-1 =   3.6024998E-03  chain steps =       13490
 slow changes           0  power changes           0
 metropolis rat:  0.3094835      in        13571 , best:    18.74859    
 local acceptance ratio:  0.3048781    
 Current convergence R-1 =   3.5263230E-03  chain steps =       13573
 slow changes           0  power changes           0
 Current convergence R-1 =   3.3454495E-03  chain steps =       13634
 slow changes           0  power changes           0
 Current convergence R-1 =   3.0384737E-03  chain steps =       13675
 slow changes           0  power changes           0
 metropolis rat:  0.3095637      in        13729 , best:    18.74859    
 local acceptance ratio:  0.3164557    
 Current convergence R-1 =   2.7026320E-03  chain steps =       13757
 slow changes           0  power changes           0
 Current convergence R-1 =   2.3839709E-03  chain steps =       13827
 slow changes           0  power changes           0
 Current convergence R-1 =   2.2902375E-03  chain steps =       13879
 slow changes           0  power changes           0
 metropolis rat:  0.3092858      in        13903 , best:    18.74859    
 local acceptance ratio:  0.2873563    
 Current convergence R-1 =   2.1879734E-03  chain steps =       13934
 slow changes           0  power changes           0
 Current convergence R-1 =   2.5826884E-03  chain steps =       14045
 slow changes           0  power changes           0
 metropolis rat:  0.3095204      in        14054 , best:    18.74859    
 local acceptance ratio:  0.3311258    
 Current convergence R-1 =   2.7738344E-03  chain steps =       14102
 slow changes           0  power changes           0
 Current convergence R-1 =   2.6502709E-03  chain steps =       14173
 slow changes           0  power changes           0
 metropolis rat:  0.3095104      in        14216 , best:    18.74859    
 local acceptance ratio:  0.3086420    
 Current convergence R-1 =   2.7277931E-03  chain steps =       14272
 slow changes           0  power changes           0
 Current convergence R-1 =   3.1911698E-03  chain steps =       14347
 slow changes           0  power changes           0
 metropolis rat:  0.3096083      in        14373 , best:    18.74859    
 local acceptance ratio:  0.3184713    
 Current convergence R-1 =   7.2156023E-03  chain steps =       14430
 slow changes           0  power changes           0
 Current convergence R-1 =   7.0721125E-03  chain steps =       14494
 slow changes           0  power changes           0
 Current convergence R-1 =   7.1342760E-03  chain steps =       14548
 slow changes           0  power changes           0
 metropolis rat:  0.3092571      in        14551 , best:    18.74859    
 local acceptance ratio:  0.2808989    
 Current convergence R-1 =   6.3429088E-03  chain steps =       14643
 slow changes           0  power changes           0
 Current convergence R-1 =   6.1037051E-03  chain steps =       14696
 slow changes           0  power changes           0
 metropolis rat:  0.3082865      in        14759 , best:    18.74859    
 local acceptance ratio:  0.2403846    
 Current convergence R-1 =   6.0788826E-03  chain steps =       14761
 slow changes           0  power changes           0
 Current convergence R-1 =   5.9168786E-03  chain steps =       14853
 slow changes           0  power changes           0
 Current convergence R-1 =   5.7834359E-03  chain steps =       14916
 slow changes           0  power changes           0
 metropolis rat:  0.3076923      in        14950 , best:    18.74859    
 local acceptance ratio:  0.2617801    
 Current convergence R-1 =   5.8733900E-03  chain steps =       14964
 slow changes           0  power changes           0
 Current convergence R-1 =   5.6032916E-03  chain steps =       15057
 slow changes           0  power changes           0
 metropolis rat:  0.3078655      in        15104 , best:    18.74859    
 local acceptance ratio:  0.3246753    
 Current convergence R-1 =   5.6176311E-03  chain steps =       15118
 slow changes           0  power changes           0
 Current convergence R-1 =   5.4098926E-03  chain steps =       15201
 slow changes           0  power changes           0
 metropolis rat:  0.3071494      in        15302 , best:    18.74859    
 local acceptance ratio:  0.2525252    
 Current convergence R-1 =   5.5644442E-03  chain steps =       15323
 slow changes           0  power changes           0
 Current convergence R-1 =   5.5272961E-03  chain steps =       15404
 slow changes           0  power changes           0
 metropolis rat:  0.3073837      in        15453 , best:    18.74859    
 local acceptance ratio:  0.3311258    
 Current convergence R-1 =   5.4740324E-03  chain steps =       15472
 slow changes           0  power changes           0
 Current convergence R-1 =   5.4130759E-03  chain steps =       15569
 slow changes           0  power changes           0
 metropolis rat:  0.3072983      in        15620 , best:    18.74859    
 local acceptance ratio:  0.2994012    
 Current convergence R-1 =   6.9591934E-03  chain steps =       15621
 slow changes           0  power changes           0
 Current convergence R-1 =   7.0089134E-03  chain steps =       15706
 slow changes           0  power changes           0
 metropolis rat:  0.3073511      in        15780 , best:    18.74859    
 local acceptance ratio:  0.3125000    
 Current convergence R-1 =   7.3728301E-03  chain steps =       15806
 slow changes           0  power changes           0
 metropolis rat:  0.3081955      in        15899 , best:    18.74859    
 local acceptance ratio:  0.4201681    
 Current convergence R-1 =   7.5455271E-03  chain steps =       15905
 slow changes           0  power changes           0
 Current convergence R-1 =   7.5575504E-03  chain steps =       15982
 slow changes           0  power changes           0
 Current convergence R-1 =   7.7873291E-03  chain steps =       16016
 slow changes           0  power changes           0
 Current convergence R-1 =   7.9740686E-03  chain steps =       16071
 slow changes           0  power changes           0
 metropolis rat:  0.3074343      in        16101 , best:    18.74859    
 local acceptance ratio:  0.2475248    
 Current convergence R-1 =   8.3078658E-03  chain steps =       16161
 slow changes           0  power changes           0
 Current convergence R-1 =   8.9465920E-03  chain steps =       16209
 slow changes           0  power changes           0
 metropolis rat:  0.3070876      in        16282 , best:    18.74859    
 local acceptance ratio:  0.2762431    
 Current convergence R-1 =   9.5995460E-03  chain steps =       16373
 slow changes           0  power changes           0
 metropolis rat:  0.3077392      in        16410 , best:    18.74859    
 local acceptance ratio:  0.3906250    
 Current convergence R-1 =   9.3879970E-03  chain steps =       16447
 slow changes           0  power changes           0
 Current convergence R-1 =   9.9524762E-03  chain steps =       16519
 slow changes           0  power changes           0
 metropolis rat:  0.3077480      in        16572 , best:    18.74859    
 local acceptance ratio:  0.3086420    
 Current convergence R-1 =   9.7983899E-03  chain steps =       16597
 slow changes           0  power changes           0
 Current convergence R-1 =   9.0248408E-03  chain steps =       16661
 slow changes           0  power changes           0
 metropolis rat:  0.3075545      in        16745 , best:    18.74859    
 local acceptance ratio:  0.2890173    
 Current convergence R-1 =   8.5003870E-03  chain steps =       16746
 slow changes           0  power changes           0
 Current convergence R-1 =   7.8559248E-03  chain steps =       16813
 slow changes           0  power changes           0
 metropolis rat:  0.3072197      in        16926 , best:    18.74859    
 local acceptance ratio:  0.2762431    
 Current convergence R-1 =   7.7042668E-03  chain steps =       16933
 slow changes           0  power changes           0
 Current convergence R-1 =   8.9456467E-03  chain steps =       17012
 slow changes           0  power changes           0
 Current convergence R-1 =   8.6899633E-03  chain steps =       17068
 slow changes           0  power changes           0
 metropolis rat:  0.3068022      in        17112 , best:    18.74859    
 local acceptance ratio:  0.2688172    
 Current convergence R-1 =   8.5098026E-03  chain steps =       17127
 slow changes           0  power changes           0
 Current convergence R-1 =   9.7137513E-03  chain steps =       17184
 slow changes           0  power changes           0
 Current convergence R-1 =   9.7846556E-03  chain steps =       17239
 slow changes           0  power changes           0
 metropolis rat:  0.3070684      in        17260 , best:    18.74859    
 local acceptance ratio:  0.3378378    
 Current convergence R-1 =   9.1934986E-03  chain steps =       17301
 slow changes           0  power changes           0
 Current convergence R-1 =   9.0724006E-03  chain steps =       17365
 slow changes           0  power changes           0
 Current convergence R-1 =   8.9088939E-03  chain steps =       17420
 slow changes           0  power changes           0
 metropolis rat:  0.3068188      in        17437 , best:    18.74859    
 local acceptance ratio:  0.2824859    
 Current convergence R-1 =   8.5590696E-03  chain steps =       17539
 slow changes           0  power changes           0
 Current convergence R-1 =   8.6003235E-03  chain steps =       17594
 slow changes           0  power changes           0
 metropolis rat:  0.3066440      in        17610 , best:    18.74859    
 local acceptance ratio:  0.2890173    
 Current convergence R-1 =   8.4119728E-03  chain steps =       17676
 slow changes           0  power changes           0
 Current convergence R-1 =   8.5736671E-03  chain steps =       17711
 slow changes           0  power changes           0
 Current convergence R-1 =   8.4543936E-03  chain steps =       17762
 slow changes           0  power changes           0
 metropolis rat:  0.3059735      in        17812 , best:    18.74859    
 local acceptance ratio:  0.2475248    
 Current convergence R-1 =   8.3512850E-03  chain steps =       17846
 slow changes           0  power changes           0
 Current convergence R-1 =   8.0822641E-03  chain steps =       17913
 slow changes           0  power changes           0
 Current convergence R-1 =   8.1277667E-03  chain steps =       17967
 slow changes           0  power changes           0
 metropolis rat:  0.3059635      in        17976 , best:    18.74859    
 local acceptance ratio:  0.3048781    
 Current convergence R-1 =   8.7759402E-03  chain steps =       18041
 slow changes           0  power changes           0
 Current convergence R-1 =   9.6471161E-03  chain steps =       18121
 slow changes           0  power changes           0
 metropolis rat:  0.3059874      in        18138 , best:    18.74859    
 local acceptance ratio:  0.3086420    
 Current convergence R-1 =   1.1699565E-02  chain steps =       18182
 slow changes           0  power changes           0
 Current convergence R-1 =   1.1783227E-02  chain steps =       18237
 slow changes           0  power changes           0
 Current convergence R-1 =   1.2005173E-02  chain steps =       18313
 slow changes           0  power changes           0
 metropolis rat:  0.3054934      in        18331 , best:    18.74859    
 local acceptance ratio:  0.2590674    
 Current convergence R-1 =   1.2002721E-02  chain steps =       18376
 slow changes           0  power changes           0
 Current convergence R-1 =   1.1442902E-02  chain steps =       18472
 slow changes           0  power changes           0
 metropolis rat:  0.3056863      in        18483 , best:    18.74859    
 local acceptance ratio:  0.3289474    
 Current convergence R-1 =   1.1411763E-02  chain steps =       18555
 slow changes           0  power changes           0
 metropolis rat:  0.3059581      in        18630 , best:    18.74816    
 local acceptance ratio:  0.3401361    
 Current convergence R-1 =   1.1124754E-02  chain steps =       18642
 slow changes           0  power changes           0
 Current convergence R-1 =   1.0890187E-02  chain steps =       18709
 slow changes           0  power changes           0
 Current convergence R-1 =   1.1187656E-02  chain steps =       18784
 slow changes           0  power changes           0
 metropolis rat:  0.3053151      in        18833 , best:    18.74816    
 local acceptance ratio:  0.2463054    
 Current convergence R-1 =   1.1337674E-02  chain steps =       18856
 slow changes           0  power changes           0
 Current convergence R-1 =   1.1442279E-02  chain steps =       18942
 slow changes           0  power changes           0
 metropolis rat:  0.3056170      in        18978 , best:    18.74816    
 local acceptance ratio:  0.3448276    
 Current convergence R-1 =   1.1447342E-02  chain steps =       19007
 slow changes           0  power changes           0
 Current convergence R-1 =   1.1539085E-02  chain steps =       19077
 slow changes           0  power changes           0
 metropolis rat:  0.3056267      in        19141 , best:    18.74816    
 local acceptance ratio:  0.3067485    
 Current convergence R-1 =   1.0614591E-02  chain steps =       19180
 slow changes           0  power changes           0
 Current convergence R-1 =   1.0840317E-02  chain steps =       19254
 slow changes           0  power changes           0
 metropolis rat:  0.3056678      in        19302 , best:    18.74816    
 local acceptance ratio:  0.3105590    
 Current convergence R-1 =   1.0767082E-02  chain steps =       19325
 slow changes           0  power changes           0
 Current convergence R-1 =   1.0694976E-02  chain steps =       19394
 slow changes           0  power changes           0
 metropolis rat:  0.3059598      in        19447 , best:    18.74816    
 local acceptance ratio:  0.3448276    
 Current convergence R-1 =   1.0705635E-02  chain steps =       19485
 slow changes           0  power changes           0
 Current convergence R-1 =   1.0560106E-02  chain steps =       19575
 slow changes           0  power changes           0
 metropolis rat:  0.3059819      in        19609 , best:    18.74816    
 local acceptance ratio:  0.3086420    
 Current convergence R-1 =   1.1077273E-02  chain steps =       19654
 slow changes           0  power changes           0
 Current convergence R-1 =   1.1059599E-02  chain steps =       19720
 slow changes           0  power changes           0
 metropolis rat:  0.3055247      in        19802 , best:    18.74816    
 local acceptance ratio:  0.2590674    
 Current convergence R-1 =   1.0765803E-02  chain steps =       19842
 slow changes           0  power changes           0
 Current convergence R-1 =   1.0754178E-02  chain steps =       19890
 slow changes           0  power changes           0
 Current convergence R-1 =   1.0570773E-02  chain steps =       19937
 slow changes           0  power changes           0
 metropolis rat:  0.3055347      in        19965 , best:    18.74816    
 local acceptance ratio:  0.3067485    
 Current convergence R-1 =   1.0692119E-02  chain steps =       20006
 slow changes           0  power changes           0
 Current convergence R-1 =   1.0816925E-02  chain steps =       20083
 slow changes           0  power changes           0
 Current convergence R-1 =   1.0901617E-02  chain steps =       20124
 slow changes           0  power changes           0
 metropolis rat:  0.3053170      in        20143 , best:    18.74816    
 local acceptance ratio:  0.2808989    
 Current convergence R-1 =   1.0668443E-02  chain steps =       20223
 slow changes           0  power changes           0
 Current convergence R-1 =   1.0739974E-02  chain steps =       20307
 slow changes           0  power changes           0
 Current convergence R-1 =   1.0713840E-02  chain steps =       20352
 slow changes           0  power changes           0
 metropolis rat:  0.3040259      in        20393 , best:    18.74816    
 local acceptance ratio:  0.2000000    
 Current convergence R-1 =   1.0468251E-02  chain steps =       20435
 slow changes           0  power changes           0
 Current convergence R-1 =   1.0720618E-02  chain steps =       20486
 slow changes           0  power changes           0
 Current convergence R-1 =   1.0418345E-02  chain steps =       20536
 slow changes           0  power changes           0
 metropolis rat:  0.3039440      in        20563 , best:    18.74816    
 local acceptance ratio:  0.2941177    
 Current convergence R-1 =   1.0426741E-02  chain steps =       20599
 slow changes           0  power changes           0
 Current convergence R-1 =   1.0322111E-02  chain steps =       20671
 slow changes           0  power changes           0
 metropolis rat:  0.3043037      in        20703 , best:    18.74816    
 local acceptance ratio:  0.3571429    
 Current convergence R-1 =   1.0697366E-02  chain steps =       20745
 slow changes           0  power changes           0
 Current convergence R-1 =   1.0523576E-02  chain steps =       20794
 slow changes           0  power changes           0
 metropolis rat:  0.3044688      in        20856 , best:    18.74816    
 local acceptance ratio:  0.3267974    
 Current convergence R-1 =   1.0203799E-02  chain steps =       20871
 slow changes           0  power changes           0
 Current convergence R-1 =   1.0644762E-02  chain steps =       20970
 slow changes           0  power changes           0
 metropolis rat:  0.3045009      in        21018 , best:    18.74816    
 local acceptance ratio:  0.3086420    
 Current convergence R-1 =   1.1437831E-02  chain steps =       21051
 slow changes           0  power changes           0
 Current convergence R-1 =   1.2002566E-02  chain steps =       21134
 slow changes           0  power changes           0
 metropolis rat:  0.3050944      in        21141 , best:    18.74816    
 local acceptance ratio:  0.4065041    
 Current convergence R-1 =   1.1805627E-02  chain steps =       21174
 slow changes           0  power changes           0
 Current convergence R-1 =   1.2151722E-02  chain steps =       21255
 slow changes           0  power changes           0
 metropolis rat:  0.3051930      in        21298 , best:    18.74816    
 local acceptance ratio:  0.3184713    
 Current convergence R-1 =   1.1509678E-02  chain steps =       21323
 slow changes           0  power changes           0
 Current convergence R-1 =   1.1190596E-02  chain steps =       21392
 slow changes           0  power changes           0
 Current convergence R-1 =   1.0993386E-02  chain steps =       21459
 slow changes           0  power changes           0
 metropolis rat:  0.3049206      in        21481 , best:    18.74816    
 local acceptance ratio:  0.2732241    
 Current convergence R-1 =   1.0834427E-02  chain steps =       21551
 slow changes           0  power changes           0
 Current convergence R-1 =   1.0969874E-02  chain steps =       21583
 slow changes           0  power changes           0
 metropolis rat:  0.3051459      in        21629 , best:    18.74816    
 local acceptance ratio:  0.3378378    
 Current convergence R-1 =   1.0718293E-02  chain steps =       21655
 slow changes           0  power changes           0
 Current convergence R-1 =   1.0369238E-02  chain steps =       21729
 slow changes           0  power changes           0
 metropolis rat:  0.3045709      in        21834 , best:    18.74816    
 local acceptance ratio:  0.2439024    
 Current convergence R-1 =   9.7425394E-03  chain steps =       21837
 slow changes           0  power changes           0
 Current convergence R-1 =   9.5171873E-03  chain steps =       21877
 slow changes           0  power changes           0
 Current convergence R-1 =   9.3873600E-03  chain steps =       21943
 slow changes           0  power changes           0
 metropolis rat:  0.3045039      in        22003 , best:    18.74816    
 local acceptance ratio:  0.2958580    
 Current convergence R-1 =   9.4456142E-03  chain steps =       22010
 slow changes           0  power changes           0
 Current convergence R-1 =   9.0165939E-03  chain steps =       22093
 slow changes           0  power changes           0
 Current convergence R-1 =   8.9780083E-03  chain steps =       22150
 slow changes           0  power changes           0
 metropolis rat:  0.3044518      in        22171 , best:    18.74816    
 local acceptance ratio:  0.2976190    
 Current convergence R-1 =   9.0465499E-03  chain steps =       22221
 slow changes           0  power changes           0
 Current convergence R-1 =   9.1080917E-03  chain steps =       22280
 slow changes           0  power changes           0
 metropolis rat:  0.3046595      in        22320 , best:    18.74816    
 local acceptance ratio:  0.3355705    
 Current convergence R-1 =   8.6249039E-03  chain steps =       22356
 slow changes           0  power changes           0
 Current convergence R-1 =   8.4195333E-03  chain steps =       22439
 slow changes           0  power changes           0
 metropolis rat:  0.3044851      in        22497 , best:    18.74816    
 local acceptance ratio:  0.2824859    
 Current convergence R-1 =   8.3201630E-03  chain steps =       22535
 slow changes           0  power changes           0
 Current convergence R-1 =   8.4792003E-03  chain steps =       22608
 slow changes           0  power changes           0
 metropolis rat:  0.3046089      in        22652 , best:    18.74816    
 local acceptance ratio:  0.3225806    
 Current convergence R-1 =   8.2544032E-03  chain steps =       22665
 slow changes           0  power changes           0
 Current convergence R-1 =   8.1361830E-03  chain steps =       22720
 slow changes           0  power changes           0
 Current convergence R-1 =   8.0556264E-03  chain steps =       22776
 slow changes           0  power changes           0
 metropolis rat:  0.3045441      in        22821 , best:    18.74816    
 local acceptance ratio:  0.2958580    
 Current convergence R-1 =   8.1238439E-03  chain steps =       22833
 slow changes           0  power changes           0
 Current convergence R-1 =   8.1171896E-03  chain steps =       22905
 slow changes           0  power changes           0
 Current convergence R-1 =   8.0038775E-03  chain steps =       22981
 slow changes           0  power changes           0
 metropolis rat:  0.3043478      in        23000 , best:    18.74816    
 local acceptance ratio:  0.2793296    
 Current convergence R-1 =   8.1755221E-03  chain steps =       23049
 slow changes           0  power changes           0
 Current convergence R-1 =   7.9248631E-03  chain steps =       23141
 slow changes           0  power changes           0
 metropolis rat:  0.3043122      in        23167 , best:    18.74816    
 local acceptance ratio:  0.2994012    
 Current convergence R-1 =   7.8371074E-03  chain steps =       23216
 slow changes           0  power changes           0
 Current convergence R-1 =   7.6212664E-03  chain steps =       23310
 slow changes           0  power changes           0
 metropolis rat:  0.3041337      in        23345 , best:    18.74816    
 local acceptance ratio:  0.2808989    
 Current convergence R-1 =   7.7790320E-03  chain steps =       23407
 slow changes           0  power changes           0
 Current convergence R-1 =   7.6790615E-03  chain steps =       23470
 slow changes           0  power changes           0
 metropolis rat:  0.3043719      in        23491 , best:    18.74816    
 local acceptance ratio:  0.3424658    
 Current convergence R-1 =   7.4839639E-03  chain steps =       23544
 slow changes           0  power changes           0
 metropolis rat:  0.3040155      in        23683 , best:    18.74816    
 local acceptance ratio:  0.2604167    
 Current convergence R-1 =   7.3536588E-03  chain steps =       23686
 slow changes           0  power changes           0
 Current convergence R-1 =   7.1122139E-03  chain steps =       23745
 slow changes           0  power changes           0
 Current convergence R-1 =   7.0755929E-03  chain steps =       23802
 slow changes           0  power changes           0
 metropolis rat:  0.3039832      in        23850 , best:    18.74816    
 local acceptance ratio:  0.2994012    
 Current convergence R-1 =   6.9665629E-03  chain steps =       23866
 slow changes           0  power changes           0
 Current convergence R-1 =   6.8812598E-03  chain steps =       23932
 slow changes           0  power changes           0
 metropolis rat:  0.3040653      in        24008 , best:    18.74816    
 local acceptance ratio:  0.3164557    
 Current convergence R-1 =   6.9317231E-03  chain steps =       24023
 slow changes           0  power changes           0
 Current convergence R-1 =   6.8023694E-03  chain steps =       24094
 slow changes           0  power changes           0
 Current convergence R-1 =   6.6323946E-03  chain steps =       24173
 slow changes           0  power changes           0
 metropolis rat:  0.3038069      in        24193 , best:    18.74816    
 local acceptance ratio:  0.2702703    
 Current convergence R-1 =   6.3759056E-03  chain steps =       24230
 slow changes           0  power changes           0
 Current convergence R-1 =   6.3821692E-03  chain steps =       24321
 slow changes           0  power changes           0
 metropolis rat:  0.3036645      in        24369 , best:    18.74816    
 local acceptance ratio:  0.2840909    
 Current convergence R-1 =   6.2113442E-03  chain steps =       24397
 slow changes           0  power changes           0
 Current convergence R-1 =   6.0079093E-03  chain steps =       24474
 slow changes           0  power changes           0
 metropolis rat:  0.3038584      in        24518 , best:    18.74816    
 local acceptance ratio:  0.3355705    
 Current convergence R-1 =   6.1742989E-03  chain steps =       24558
 slow changes           0  power changes           0
 Current convergence R-1 =   6.4767748E-03  chain steps =       24629
 slow changes           0  power changes           0
 metropolis rat:  0.3040746      in        24665 , best:    18.74816    
 local acceptance ratio:  0.3401361    
 Current convergence R-1 =   6.5937252E-03  chain steps =       24775
 slow changes           0  power changes           0
 metropolis rat:  0.3038718      in        24846 , best:    18.74816    
 local acceptance ratio:  0.2762431    
 Current convergence R-1 =   6.5233074E-03  chain steps =       24856
 slow changes           0  power changes           0
 Current convergence R-1 =   6.4770044E-03  chain steps =       24933
 slow changes           0  power changes           0
 metropolis rat:  0.3040608      in        24995 , best:    18.74816    
 local acceptance ratio:  0.3355705    
 Current convergence R-1 =   6.4578382E-03  chain steps =       25072
 slow changes           0  power changes           0
 Current convergence R-1 =   6.3117095E-03  chain steps =       25115
 slow changes           0  power changes           0
 metropolis rat:  0.3037522      in        25185 , best:    18.74816    
 local acceptance ratio:  0.2631579    
 Current convergence R-1 =   6.1539947E-03  chain steps =       25185
 slow changes           0  power changes           0
 Current convergence R-1 =   6.0133003E-03  chain steps =       25262
 slow changes           0  power changes           0
 Current convergence R-1 =   5.9671849E-03  chain steps =       25335
 slow changes           0  power changes           0
 metropolis rat:  0.3036876      in        25355 , best:    18.74816    
 local acceptance ratio:  0.2941177    
 Current convergence R-1 =   5.8222599E-03  chain steps =       25383
 slow changes           0  power changes           0
 Current convergence R-1 =   5.7434747E-03  chain steps =       25449
 slow changes           0  power changes           0
 Current convergence R-1 =   5.8149458E-03  chain steps =       25496
 slow changes           0  power changes           0
 metropolis rat:  0.3035882      in        25528 , best:    18.74816    
 local acceptance ratio:  0.2890173    
 Current convergence R-1 =   5.7994728E-03  chain steps =       25596
 slow changes           0  power changes           0
 Current convergence R-1 =   5.5747782E-03  chain steps =       25636
 slow changes           0  power changes           0
 metropolis rat:  0.3033603      in        25712 , best:    18.74816    
 local acceptance ratio:  0.2717391    
 Current convergence R-1 =   5.4648751E-03  chain steps =       25735
 slow changes           0  power changes           0
 Current convergence R-1 =   5.1154355E-03  chain steps =       25817
 slow changes           0  power changes           0
 metropolis rat:  0.3035342      in        25862 , best:    18.74816    
 local acceptance ratio:  0.3333333    
 Current convergence R-1 =   5.3017559E-03  chain steps =       25864
 slow changes           0  power changes           0
 Current convergence R-1 =   5.3907116E-03  chain steps =       25934
 slow changes           0  power changes           0
 Current convergence R-1 =   5.5395528E-03  chain steps =       25988
 slow changes           0  power changes           0
 metropolis rat:  0.3033561      in        26042 , best:    18.74816    
 local acceptance ratio:  0.2777778    
 Current convergence R-1 =   5.6571439E-03  chain steps =       26057
 slow changes           0  power changes           0
 Current convergence R-1 =   5.5889068E-03  chain steps =       26107
 slow changes           0  power changes           0
 Current convergence R-1 =   5.6935325E-03  chain steps =       26169
 slow changes           0  power changes           0
 metropolis rat:  0.3031690      in        26223 , best:    18.74816    
 local acceptance ratio:  0.2762431    
 Current convergence R-1 =   5.7616346E-03  chain steps =       26235
 slow changes           0  power changes           0
 Current convergence R-1 =   5.8480329E-03  chain steps =       26291
 slow changes           0  power changes           0
 Current convergence R-1 =   5.7038562E-03  chain steps =       26370
 slow changes           0  power changes           0
 metropolis rat:  0.3030303      in        26400 , best:    18.74816    
 local acceptance ratio:  0.2824859    
 Current convergence R-1 =   5.5051139E-03  chain steps =       26432
 slow changes           0  power changes           0
 Current convergence R-1 =   5.2492660E-03  chain steps =       26506
 slow changes           0  power changes           0
 metropolis rat:  0.3029391      in        26573 , best:    18.74816    
 local acceptance ratio:  0.2890173    
 Current convergence R-1 =   5.1090117E-03  chain steps =       26574
 slow changes           0  power changes           0
 Current convergence R-1 =   5.0323280E-03  chain steps =       26625
 slow changes           0  power changes           0
 metropolis rat:  0.3032799      in        26708 , best:    18.74816    
 local acceptance ratio:  0.3703704    
 Current convergence R-1 =   5.0948807E-03  chain steps =       26720
 slow changes           0  power changes           0
 Current convergence R-1 =   4.9424637E-03  chain steps =       26803
 slow changes           0  power changes           0
 metropolis rat:  0.3034930      in        26854 , best:    18.74816    
 local acceptance ratio:  0.3424658    
 Current convergence R-1 =   4.3853186E-03  chain steps =       26890
 slow changes           0  power changes           0
 Current convergence R-1 =   3.8176004E-03  chain steps =       26984
 slow changes           0  power changes           0
 metropolis rat:  0.3037937      in        26992 , best:    18.74816    
 local acceptance ratio:  0.3623188    
 Current convergence R-1 =   3.6425751E-03  chain steps =       27052
 slow changes           0  power changes           0
 metropolis rat:  0.3039122      in        27146 , best:    18.74816    
 local acceptance ratio:  0.3246753    
 Current convergence R-1 =   3.5489143E-03  chain steps =       27156
 slow changes           0  power changes           0
 Current convergence R-1 =   3.3345756E-03  chain steps =       27243
 slow changes           0  power changes           0
 Current convergence R-1 =   3.1932252E-03  chain steps =       27321
 slow changes           0  power changes           0
 metropolis rat:  0.3037511      in        27325 , best:    18.74816    
 local acceptance ratio:  0.2793296    
 Current convergence R-1 =   3.4345328E-03  chain steps =       27368
 slow changes           0  power changes           0
 Current convergence R-1 =   3.2002605E-03  chain steps =       27398
 slow changes           0  power changes           0
 Current convergence R-1 =   3.2281352E-03  chain steps =       27437
 slow changes           0  power changes           0
 metropolis rat:  0.3037137      in        27493 , best:    18.74816    
 local acceptance ratio:  0.2976190    
 Current convergence R-1 =   3.2892658E-03  chain steps =       27516
 slow changes           0  power changes           0
 Current convergence R-1 =   3.1241099E-03  chain steps =       27584
 slow changes           0  power changes           0
 Current convergence R-1 =   2.9736247E-03  chain steps =       27618
 slow changes           0  power changes           0
 metropolis rat:  0.3036327      in        27665 , best:    18.74816    
 local acceptance ratio:  0.2906977    
 Current convergence R-1 =   3.0492728E-03  chain steps =       27674
 slow changes           0  power changes           0
 Current convergence R-1 =   3.2174170E-03  chain steps =       27745
 slow changes           0  power changes           0
 metropolis rat:  0.3037274      in        27821 , best:    18.74816    
 local acceptance ratio:  0.3205128    
 Current convergence R-1 =   3.0263003E-03  chain steps =       27857
 slow changes           0  power changes           0
 Current convergence R-1 =   3.1341424E-03  chain steps =       27953
 slow changes           0  power changes           0
 metropolis rat:  0.3037342      in        27985 , best:    18.74816    
 local acceptance ratio:  0.3048781    
 Current convergence R-1 =   3.0953230E-03  chain steps =       28011
 slow changes           0  power changes           0
 Current convergence R-1 =   3.0562060E-03  chain steps =       28115
 slow changes           0  power changes           0
 metropolis rat:  0.3036329      in        28159 , best:    18.74816    
 local acceptance ratio:  0.2873563    
 Current convergence R-1 =   2.8259226E-03  chain steps =       28184
 slow changes           0  power changes           0
 Current convergence R-1 =   2.8354586E-03  chain steps =       28257
 slow changes           0  power changes           0
 Current convergence R-1 =   2.7977582E-03  chain steps =       28348
 slow changes           0  power changes           0
 metropolis rat:  0.3030089      in        28382 , best:    18.74816    
 local acceptance ratio:  0.2242152    
 Current convergence R-1 =   2.7709003E-03  chain steps =       28422
 slow changes           0  power changes           0
 Current convergence R-1 =   2.7560401E-03  chain steps =       28477
 slow changes           0  power changes           0
 metropolis rat:  0.3032959      in        28520 , best:    18.74816    
 local acceptance ratio:  0.3623188    
 Current convergence R-1 =   2.3475382E-03  chain steps =       28523
 slow changes           0  power changes           0
 Current convergence R-1 =   2.3386863E-03  chain steps =       28588
 slow changes           0  power changes           0
 Current convergence R-1 =   2.1721830E-03  chain steps =       28643
 slow changes           0  power changes           0
 metropolis rat:  0.3031570      in        28698 , best:    18.74816    
 local acceptance ratio:  0.2808989    
 Current convergence R-1 =   2.1081266E-03  chain steps =       28736
 slow changes           0  power changes           0
 Current convergence R-1 =   2.1333420E-03  chain steps =       28833
 slow changes           0  power changes           0
 metropolis rat:  0.3028101      in        28896 , best:    18.74816    
 local acceptance ratio:  0.2525252    
 Current convergence R-1 =   1.9569455E-03  chain steps =       28909
 slow changes           0  power changes           0
 Current convergence R-1 =   1.8250552E-03  chain steps =       28966
 slow changes           0  power changes           0
