 metropolis rat:  0.8333333      in           60 , best:    11.10102    
 local acceptance ratio:  0.8333333    
 metropolis rat:  0.8695652      in          115 , best:    11.06538    
 local acceptance ratio:  0.9090909    
 Current convergence R-1 =    20.26462      chain steps =         135
 slow changes           0  power changes           0
 metropolis rat:  0.7936508      in          189 , best:    10.88747    
 local acceptance ratio:  0.6756757    
 Current convergence R-1 =   0.3696854      chain steps =         204
 slow changes           0  power changes           0
 Current convergence R-1 =   0.5806656      chain steps =         249
 slow changes           0  power changes           0
 metropolis rat:  0.7299270      in          274 , best:    10.57791    
 local acceptance ratio:  0.5882353    
 Current convergence R-1 =   0.1453023      chain steps =         326
 slow changes           0  power changes           0
 Current convergence R-1 =   0.1145580      chain steps =         408
 slow changes           0  power changes           0
 metropolis rat:  0.5605381      in          446 , best:    10.47883    
 local acceptance ratio:  0.2906977    
 Current convergence R-1 =   0.1111236      chain steps =         499
 slow changes           0  power changes           0
 Current convergence R-1 =   0.1456004      chain steps =         566
 slow changes           0  power changes           0
 metropolis rat:  0.4934210      in          608 , best:    10.47883    
 local acceptance ratio:  0.3086420    
 Current convergence R-1 =   5.9663955E-02  chain steps =         666
 slow changes           0  power changes           0
 Current convergence R-1 =   5.6764621E-02  chain steps =         752
 slow changes           0  power changes           0
 metropolis rat:  0.4242424      in          825 , best:    10.47711    
 local acceptance ratio:  0.2304147    
 Current convergence R-1 =   6.0008083E-02  chain steps =         844
 slow changes           0  power changes           0
 Current convergence R-1 =   6.5057106E-02  chain steps =         922
 slow changes           0  power changes           0
 Current convergence R-1 =   7.9685889E-02  chain steps =         965
 slow changes           0  power changes           0
 Current convergence R-1 =   7.9219073E-02  chain steps =         989
 slow changes           0  power changes           0
 metropolis rat:  0.4008016      in          998 , best:    10.47711    
 local acceptance ratio:  0.2890173    
 Current convergence R-1 =   6.0285322E-02  chain steps =        1050
 slow changes           0  power changes           0
 Current convergence R-1 =   6.3861042E-02  chain steps =        1114
 slow changes           0  power changes           0
 metropolis rat:  0.3957784      in         1137 , best:    10.47711    
 local acceptance ratio:  0.3597122    
 Current convergence R-1 =   2.7843177E-02  chain steps =        1203
 slow changes           0  power changes           0
 Current convergence R-1 =   2.9110221E-02  chain steps =        1259
 slow changes           0  power changes           0
 Current convergence R-1 =   5.0117489E-02  chain steps =        1321
 slow changes           0  power changes           0
 metropolis rat:  0.3782148      in         1322 , best:    10.47711    
 local acceptance ratio:  0.2702703    
 Current convergence R-1 =   4.2851403E-02  chain steps =        1394
 slow changes           0  power changes           0
 Current convergence R-1 =   4.7022920E-02  chain steps =        1466
 slow changes           0  power changes           0
 metropolis rat:  0.3701211      in         1486 , best:    10.47711    
 local acceptance ratio:  0.3048781    
 Current convergence R-1 =   3.8655464E-02  chain steps =        1536
 slow changes           0  power changes           0
 Current convergence R-1 =   2.9221788E-02  chain steps =        1615
 slow changes           0  power changes           0
 metropolis rat:  0.3638569      in         1649 , best:    10.47643    
 local acceptance ratio:  0.3067485    
 Current convergence R-1 =   3.2477912E-02  chain steps =        1678
 slow changes           0  power changes           0
 Current convergence R-1 =   2.4364520E-02  chain steps =        1814
 slow changes           0  power changes           0
 metropolis rat:  0.3551913      in         1830 , best:    10.47643    
 local acceptance ratio:  0.2762431    
 Current convergence R-1 =   1.7318213E-02  chain steps =        1879
 slow changes           0  power changes           0
 Current convergence R-1 =   1.6261922E-02  chain steps =        1967
 slow changes           0  power changes           0
 metropolis rat:  0.3547897      in         1973 , best:    10.47643    
 local acceptance ratio:  0.3496504    
 Current convergence R-1 =   1.7236626E-02  chain steps =        2034
 slow changes           0  power changes           0
 Current convergence R-1 =   1.6498044E-02  chain steps =        2101
 slow changes           0  power changes           0
 Current convergence R-1 =   1.4328569E-02  chain steps =        2136
 slow changes           0  power changes           0
 metropolis rat:  0.3446691      in         2176 , best:    10.47643    
 local acceptance ratio:  0.2463054    
 Current convergence R-1 =   1.0572337E-02  chain steps =        2191
 slow changes           0  power changes           0
 Current convergence R-1 =   8.6400239E-03  chain steps =        2265
 slow changes           0  power changes           0
 metropolis rat:  0.3429061      in         2333 , best:    10.47643    
 local acceptance ratio:  0.3184713    
 Current convergence R-1 =   1.2439716E-02  chain steps =        2373
 slow changes           0  power changes           0
 Current convergence R-1 =   1.2506031E-02  chain steps =        2475
 slow changes           0  power changes           0
 metropolis rat:  0.3424658      in         2482 , best:    10.47643    
 local acceptance ratio:  0.3355705    
 Current convergence R-1 =   1.2488786E-02  chain steps =        2528
 slow changes           0  power changes           0
 Current convergence R-1 =   1.7960282E-02  chain steps =        2619
 slow changes           0  power changes           0
 Current convergence R-1 =   1.8298997E-02  chain steps =        2662
 slow changes           0  power changes           0
 metropolis rat:  0.3375844      in         2666 , best:    10.47643    
 local acceptance ratio:  0.2717391    
 Current convergence R-1 =   2.4258127E-02  chain steps =        2732
 slow changes           0  power changes           0
 Current convergence R-1 =   2.0802744E-02  chain steps =        2815
 slow changes           0  power changes           0
 metropolis rat:  0.3354520      in         2832 , best:    10.47643    
 local acceptance ratio:  0.3012048    
 Current convergence R-1 =   1.9580588E-02  chain steps =        2915
 slow changes           0  power changes           0
 Current convergence R-1 =   1.7291991E-02  chain steps =        2977
 slow changes           0  power changes           0
 metropolis rat:  0.3337784      in         2996 , best:    10.47643    
 local acceptance ratio:  0.3048781    
 Current convergence R-1 =   1.7345065E-02  chain steps =        3064
 slow changes           0  power changes           0
 Current convergence R-1 =   2.1438736E-02  chain steps =        3151
 slow changes           0  power changes           0
 metropolis rat:  0.3302926      in         3179 , best:    10.47447    
 local acceptance ratio:  0.2732241    
 Current convergence R-1 =   2.2409782E-02  chain steps =        3197
 slow changes           0  power changes           0
 Current convergence R-1 =   2.3535205E-02  chain steps =        3226
 slow changes           0  power changes           0
 Current convergence R-1 =   2.4104977E-02  chain steps =        3239
 slow changes           0  power changes           0
 Current convergence R-1 =   2.1681467E-02  chain steps =        3289
 slow changes           0  power changes           0
 metropolis rat:  0.3288490      in         3345 , best:    10.47447    
 local acceptance ratio:  0.3012048    
 Current convergence R-1 =   2.0370875E-02  chain steps =        3356
 slow changes           0  power changes           0
 Current convergence R-1 =   2.3050297E-02  chain steps =        3431
 slow changes           0  power changes           0
 Current convergence R-1 =   2.3048131E-02  chain steps =        3490
 slow changes           0  power changes           0
 metropolis rat:  0.3264263      in         3523 , best:    10.47447    
 local acceptance ratio:  0.2808989    
 Current convergence R-1 =   2.1430945E-02  chain steps =        3526
 slow changes           0  power changes           0
 Current convergence R-1 =   1.9865440E-02  chain steps =        3581
 slow changes           0  power changes           0
 Current convergence R-1 =   1.7560979E-02  chain steps =        3663
 slow changes           0  power changes           0
 metropolis rat:  0.3249391      in         3693 , best:    10.47447    
 local acceptance ratio:  0.2941177    
 Current convergence R-1 =   1.3765421E-02  chain steps =        3759
 slow changes           0  power changes           0
 Current convergence R-1 =   1.6718296E-02  chain steps =        3816
 slow changes           0  power changes           0
 metropolis rat:  0.3234990      in         3864 , best:    10.47447    
 local acceptance ratio:  0.2923976    
 Current convergence R-1 =   1.7792569E-02  chain steps =        3915
 slow changes           0  power changes           0
 Current convergence R-1 =   1.9579271E-02  chain steps =        3986
 slow changes           0  power changes           0
 Current convergence R-1 =   2.2279168E-02  chain steps =        4027
 slow changes           0  power changes           0
 Current convergence R-1 =   2.3074524E-02  chain steps =        4039
 slow changes           0  power changes           0
 metropolis rat:  0.3209876      in         4050 , best:    10.47447    
 local acceptance ratio:  0.2688172    
 Current convergence R-1 =   2.2884468E-02  chain steps =        4111
 slow changes           0  power changes           0
 Current convergence R-1 =   2.4479188E-02  chain steps =        4170
 slow changes           0  power changes           0
 metropolis rat:  0.3192244      in         4229 , best:    10.47447    
 local acceptance ratio:  0.2793296    
 Current convergence R-1 =   2.1798480E-02  chain steps =        4277
 slow changes           0  power changes           0
 Current convergence R-1 =   1.7408609E-02  chain steps =        4311
 slow changes           0  power changes           0
 Current convergence R-1 =   1.6066808E-02  chain steps =        4343
 slow changes           0  power changes           0
 Current convergence R-1 =   1.5448635E-02  chain steps =        4463
 slow changes           0  power changes           0
 metropolis rat:  0.3134796      in         4466 , best:    10.47447    
 local acceptance ratio:  0.2109705    
 Current convergence R-1 =   1.4503623E-02  chain steps =        4598
 slow changes           0  power changes           0
 Current convergence R-1 =   1.4992399E-02  chain steps =        4650
 slow changes           0  power changes           0
 metropolis rat:  0.3106255      in         4668 , best:    10.47447    
 local acceptance ratio:  0.2475248    
 Current convergence R-1 =   1.5840575E-02  chain steps =        4748
 slow changes           0  power changes           0
 Current convergence R-1 =   1.7422633E-02  chain steps =        4807
 slow changes           0  power changes           0
 metropolis rat:  0.3090872      in         4853 , best:    10.47447    
 local acceptance ratio:  0.2702703    
 Current convergence R-1 =   1.6417459E-02  chain steps =        4876
 slow changes           0  power changes           0
 Current convergence R-1 =   1.3995450E-02  chain steps =        4957
 slow changes           0  power changes           0
 Current convergence R-1 =   1.2745649E-02  chain steps =        5029
 slow changes           0  power changes           0
 metropolis rat:  0.3068092      in         5052 , best:    10.47447    
 local acceptance ratio:  0.2512563    
 Current convergence R-1 =   1.1822604E-02  chain steps =        5075
 slow changes           0  power changes           0
 Current convergence R-1 =   1.1702188E-02  chain steps =        5108
 slow changes           0  power changes           0
 Current convergence R-1 =   1.0845081E-02  chain steps =        5211
 slow changes           0  power changes           0
 metropolis rat:  0.3049361      in         5247 , best:    10.47447    
 local acceptance ratio:  0.2564103    
 Current convergence R-1 =   1.2659001E-02  chain steps =        5279
 slow changes           0  power changes           0
 Current convergence R-1 =   1.1942378E-02  chain steps =        5396
 slow changes           0  power changes           0
 metropolis rat:  0.3035320      in         5436 , best:    10.47447    
 local acceptance ratio:  0.2645503    
 Current convergence R-1 =   1.1412541E-02  chain steps =        5456
 slow changes           0  power changes           0
 Current convergence R-1 =   1.0982748E-02  chain steps =        5476
 slow changes           0  power changes           0
 Current convergence R-1 =   1.0650653E-02  chain steps =        5516
 slow changes           0  power changes           0
 metropolis rat:  0.3043868      in         5585 , best:    10.47447    
 local acceptance ratio:  0.3355705    
 Current convergence R-1 =   1.1586521E-02  chain steps =        5589
 slow changes           0  power changes           0
 Current convergence R-1 =   1.2289856E-02  chain steps =        5672
 slow changes           0  power changes           0
 Current convergence R-1 =   1.2413471E-02  chain steps =        5750
 slow changes           0  power changes           0
 Current convergence R-1 =   9.9966694E-03  chain steps =        5809
 slow changes           0  power changes           0
 metropolis rat:  0.3006356      in         5821 , best:    10.47447    
 local acceptance ratio:  0.2118644    
 Current convergence R-1 =   1.0408393E-02  chain steps =        5896
 slow changes           0  power changes           0
 Current convergence R-1 =   1.3239681E-02  chain steps =        5987
 slow changes           0  power changes           0
 metropolis rat:  0.2992021      in         6016 , best:    10.47447    
 local acceptance ratio:  0.2564103    
 Current convergence R-1 =   1.3432962E-02  chain steps =        6043
 slow changes           0  power changes           0
 Current convergence R-1 =   1.3195063E-02  chain steps =        6109
 slow changes           0  power changes           0
 Current convergence R-1 =   1.3226447E-02  chain steps =        6168
 slow changes           0  power changes           0
 metropolis rat:  0.2997408      in         6172 , best:    10.47447    
 local acceptance ratio:  0.3205128    
 Current convergence R-1 =   1.5031958E-02  chain steps =        6301
 slow changes           0  power changes           0
 metropolis rat:  0.2996373      in         6341 , best:    10.47402    
 local acceptance ratio:  0.2958580    
 Current convergence R-1 =   1.3779363E-02  chain steps =        6352
 slow changes           0  power changes           0
 Current convergence R-1 =   1.3647722E-02  chain steps =        6397
 slow changes           0  power changes           0
 Current convergence R-1 =   1.2582983E-02  chain steps =        6498
 slow changes           0  power changes           0
 metropolis rat:  0.2977099      in         6550 , best:    10.47402    
 local acceptance ratio:  0.2392344    
 Current convergence R-1 =   1.2414449E-02  chain steps =        6595
 slow changes           0  power changes           0
 metropolis rat:  0.2986412      in         6697 , best:    10.47402    
 local acceptance ratio:  0.3401361    
 Current convergence R-1 =   1.3308940E-02  chain steps =        6714
 slow changes           0  power changes           0
 Current convergence R-1 =   1.3011537E-02  chain steps =        6765
 slow changes           0  power changes           0
 Current convergence R-1 =   1.3780963E-02  chain steps =        6826
 slow changes           0  power changes           0
 metropolis rat:  0.2968863      in         6905 , best:    10.47402    
 local acceptance ratio:  0.2403846    
 Current convergence R-1 =   1.4194680E-02  chain steps =        6950
 slow changes           0  power changes           0
 Current convergence R-1 =   1.3536068E-02  chain steps =        7010
 slow changes           0  power changes           0
 metropolis rat:  0.2979569      in         7048 , best:    10.47402    
 local acceptance ratio:  0.3496504    
 Current convergence R-1 =   1.4123460E-02  chain steps =        7062
 slow changes           0  power changes           0
 Current convergence R-1 =   1.3149503E-02  chain steps =        7128
 slow changes           0  power changes           0
 metropolis rat:  0.2986526      in         7199 , best:    10.47402    
 local acceptance ratio:  0.3311258    
 Current convergence R-1 =   1.2921884E-02  chain steps =        7205
 slow changes           0  power changes           0
 Current convergence R-1 =   1.3139321E-02  chain steps =        7252
 slow changes           0  power changes           0
 Current convergence R-1 =   1.2421481E-02  chain steps =        7309
 slow changes           0  power changes           0
 metropolis rat:  0.2989943      in         7358 , best:    10.47402    
 local acceptance ratio:  0.3144654    
 Current convergence R-1 =   1.2659702E-02  chain steps =        7374
 slow changes           0  power changes           0
 Current convergence R-1 =   1.1948938E-02  chain steps =        7425
 slow changes           0  power changes           0
 Current convergence R-1 =   1.1755290E-02  chain steps =        7462
 slow changes           0  power changes           0
 metropolis rat:  0.2994410      in         7514 , best:    10.47402    
 local acceptance ratio:  0.3205128    
 Current convergence R-1 =   1.3668241E-02  chain steps =        7534
 slow changes           0  power changes           0
 Current convergence R-1 =   1.4528643E-02  chain steps =        7604
 slow changes           0  power changes           0
 Current convergence R-1 =   1.7571263E-02  chain steps =        7660
 slow changes           0  power changes           0
 metropolis rat:  0.2988566      in         7696 , best:    10.47402    
 local acceptance ratio:  0.2747253    
 Current convergence R-1 =   1.7610716E-02  chain steps =        7708
 slow changes           0  power changes           0
 Current convergence R-1 =   1.6656786E-02  chain steps =        7742
 slow changes           0  power changes           0
 Current convergence R-1 =   1.6684959E-02  chain steps =        7804
 slow changes           0  power changes           0
 metropolis rat:  0.2982612      in         7879 , best:    10.47402    
 local acceptance ratio:  0.2732241    
 Current convergence R-1 =   1.5630128E-02  chain steps =        7887
 slow changes           0  power changes           0
 Current convergence R-1 =   1.4771297E-02  chain steps =        7919
 slow changes           0  power changes           0
 Current convergence R-1 =   1.4638633E-02  chain steps =        7966
 slow changes           0  power changes           0
 Current convergence R-1 =   1.2138001E-02  chain steps =        8025
 slow changes           0  power changes           0
 metropolis rat:  0.2986560      in         8036 , best:    10.47402    
 local acceptance ratio:  0.3184713    
 Current convergence R-1 =   1.3422893E-02  chain steps =        8123
 slow changes           0  power changes           0
 Current convergence R-1 =   1.2941300E-02  chain steps =        8150
 slow changes           0  power changes           0
 Current convergence R-1 =   1.1237547E-02  chain steps =        8203
 slow changes           0  power changes           0
 metropolis rat:  0.2975829      in         8233 , best:    10.47402    
 local acceptance ratio:  0.2538071    
 Current convergence R-1 =   1.0914998E-02  chain steps =        8244
 slow changes           0  power changes           0
 Current convergence R-1 =   1.0277148E-02  chain steps =        8300
 slow changes           0  power changes           0
 Current convergence R-1 =   1.0173445E-02  chain steps =        8359
 slow changes           0  power changes           0
 metropolis rat:  0.2973359      in         8408 , best:    10.47402    
 local acceptance ratio:  0.2857143    
 Current convergence R-1 =   1.2066312E-02  chain steps =        8439
 slow changes           0  power changes           0
 Current convergence R-1 =   1.2300418E-02  chain steps =        8581
 slow changes           0  power changes           0
 metropolis rat:  0.2957551      in         8622 , best:    10.47402    
 local acceptance ratio:  0.2336449    
 Current convergence R-1 =   1.1866562E-02  chain steps =        8680
 slow changes           0  power changes           0
 Current convergence R-1 =   1.2095657E-02  chain steps =        8763
 slow changes           0  power changes           0
 metropolis rat:  0.2958243      in         8789 , best:    10.47287    
 local acceptance ratio:  0.2994012    
 Current convergence R-1 =   1.1353409E-02  chain steps =        8806
 slow changes           0  power changes           0
 Current convergence R-1 =   1.0643224E-02  chain steps =        8879
 slow changes           0  power changes           0
 Current convergence R-1 =   1.0468352E-02  chain steps =        8935
 slow changes           0  power changes           0
 metropolis rat:  0.2953963      in         8971 , best:    10.47287    
 local acceptance ratio:  0.2747253    
 Current convergence R-1 =   1.0205270E-02  chain steps =        9031
 slow changes           0  power changes           0
 Current convergence R-1 =   9.8766070E-03  chain steps =        9093
 slow changes           0  power changes           0
 metropolis rat:  0.2957284      in         9130 , best:    10.47287    
 local acceptance ratio:  0.3144654    
 Current convergence R-1 =   9.5569361E-03  chain steps =        9156
 slow changes           0  power changes           0
 Current convergence R-1 =   8.8749938E-03  chain steps =        9194
 slow changes           0  power changes           0
 Current convergence R-1 =   8.0712698E-03  chain steps =        9257
 slow changes           0  power changes           0
 metropolis rat:  0.2963043      in         9281 , best:    10.47287    
 local acceptance ratio:  0.3311258    
 Current convergence R-1 =   7.6751690E-03  chain steps =        9304
 slow changes           0  power changes           0
 Current convergence R-1 =   7.6081008E-03  chain steps =        9425
 slow changes           0  power changes           0
 Current convergence R-1 =   7.7227755E-03  chain steps =        9497
 slow changes           0  power changes           0
 metropolis rat:  0.2940559      in         9522 , best:    10.47287    
 local acceptance ratio:  0.2074689    
 Current convergence R-1 =   8.0271941E-03  chain steps =        9559
 slow changes           0  power changes           0
 Current convergence R-1 =   7.9261642E-03  chain steps =        9637
 slow changes           0  power changes           0
 Current convergence R-1 =   7.4462234E-03  chain steps =        9781
 slow changes           0  power changes           0
 metropolis rat:  0.2913515      in         9782 , best:    10.47287    
 local acceptance ratio:  0.1923077    
 Current convergence R-1 =   7.9407021E-03  chain steps =        9904
 slow changes           0  power changes           0
 metropolis rat:  0.2917212      in         9941 , best:    10.47287    
 local acceptance ratio:  0.3144654    
 Current convergence R-1 =   8.1497645E-03  chain steps =        9995
 slow changes           0  power changes           0
 Current convergence R-1 =   7.9060197E-03  chain steps =       10041
 slow changes           0  power changes           0
 metropolis rat:  0.2917038      in        10113 , best:    10.47287    
 local acceptance ratio:  0.2906977    
 Current convergence R-1 =   7.4297856E-03  chain steps =       10116
 slow changes           0  power changes           0
 Current convergence R-1 =   7.3193163E-03  chain steps =       10150
 slow changes           0  power changes           0
 Current convergence R-1 =   7.4992585E-03  chain steps =       10233
 slow changes           0  power changes           0
 metropolis rat:  0.2917437      in        10283 , best:    10.47287    
 local acceptance ratio:  0.2941177    
 Current convergence R-1 =   8.7214047E-03  chain steps =       10308
 slow changes           0  power changes           0
 Current convergence R-1 =   7.4911318E-03  chain steps =       10376
 slow changes           0  power changes           0
 metropolis rat:  0.2925659      in        10425 , best:    10.47287    
 local acceptance ratio:  0.3521127    
 Current convergence R-1 =   7.6247430E-03  chain steps =       10439
 slow changes           0  power changes           0
 Current convergence R-1 =   9.0960478E-03  chain steps =       10520
 slow changes           0  power changes           0
 Current convergence R-1 =   9.9022537E-03  chain steps =       10576
 slow changes           0  power changes           0
 metropolis rat:  0.2910525      in        10651 , best:    10.47287    
 local acceptance ratio:  0.2212389    
 Current convergence R-1 =   9.6192425E-03  chain steps =       10660
 slow changes           0  power changes           0
 Current convergence R-1 =   9.4553074E-03  chain steps =       10689
 slow changes           0  power changes           0
 Current convergence R-1 =   8.9408914E-03  chain steps =       10748
 slow changes           0  power changes           0
 Current convergence R-1 =   8.0949618E-03  chain steps =       10809
 slow changes           0  power changes           0
 metropolis rat:  0.2910199      in        10824 , best:    10.47287    
 local acceptance ratio:  0.2890173    
 Current convergence R-1 =   7.3919692E-03  chain steps =       10856
 slow changes           0  power changes           0
 Current convergence R-1 =   7.1282838E-03  chain steps =       10942
 slow changes           0  power changes           0
 Current convergence R-1 =   7.1142591E-03  chain steps =       10978
 slow changes           0  power changes           0
 metropolis rat:  0.2908826      in        11001 , best:    10.47287    
 local acceptance ratio:  0.2824859    
 Current convergence R-1 =   6.8990928E-03  chain steps =       11044
 slow changes           0  power changes           0
 Current convergence R-1 =   7.0453025E-03  chain steps =       11126
 slow changes           0  power changes           0
 metropolis rat:  0.2906977      in        11180 , best:    10.47287    
 local acceptance ratio:  0.2793296    
 Current convergence R-1 =   7.3134997E-03  chain steps =       11204
 slow changes           0  power changes           0
 Current convergence R-1 =   6.4241597E-03  chain steps =       11323
 slow changes           0  power changes           0
 metropolis rat:  0.2901354      in        11374 , best:    10.47287    
 local acceptance ratio:  0.2577319    
 Current convergence R-1 =   6.2261191E-03  chain steps =       11382
 slow changes           0  power changes           0
 Current convergence R-1 =   6.2751747E-03  chain steps =       11459
 slow changes           0  power changes           0
 metropolis rat:  0.2899680      in        11553 , best:    10.47287    
 local acceptance ratio:  0.2793296    
 Current convergence R-1 =   5.3908313E-03  chain steps =       11553
 slow changes           0  power changes           0
 Current convergence R-1 =   3.5367440E-03  chain steps =       11623
 slow changes           0  power changes           0
 Current convergence R-1 =   3.0860445E-03  chain steps =       11692
 slow changes           0  power changes           0
 Current convergence R-1 =   3.3023127E-03  chain steps =       11734
 slow changes           0  power changes           0
 metropolis rat:  0.2892878      in        11753 , best:    10.47287    
 local acceptance ratio:  0.2500000    
 Current convergence R-1 =   3.7732122E-03  chain steps =       11792
 slow changes           0  power changes           0
 Current convergence R-1 =   3.7892023E-03  chain steps =       11863
 slow changes           0  power changes           0
 metropolis rat:  0.2894781      in        11918 , best:    10.47287    
 local acceptance ratio:  0.3030303    
 Current convergence R-1 =   4.1276696E-03  chain steps =       11940
 slow changes           0  power changes           0
 Current convergence R-1 =   4.4003762E-03  chain steps =       12019
 slow changes           0  power changes           0
 metropolis rat:  0.2903841      in        12053 , best:    10.47287    
 local acceptance ratio:  0.3703704    
 Current convergence R-1 =   4.5574750E-03  chain steps =       12055
 slow changes           0  power changes           0
 Current convergence R-1 =   4.3845177E-03  chain steps =       12127
 slow changes           0  power changes           0
 metropolis rat:  0.2910075      in        12199 , best:    10.47287    
 local acceptance ratio:  0.3424658    
 Current convergence R-1 =   4.2684772E-03  chain steps =       12206
 slow changes           0  power changes           0
 Current convergence R-1 =   4.0614577E-03  chain steps =       12313
 slow changes           0  power changes           0
 Current convergence R-1 =   3.9118221E-03  chain steps =       12384
 slow changes           0  power changes           0
 metropolis rat:  0.2904866      in        12393 , best:    10.47287    
 local acceptance ratio:  0.2577319    
 Current convergence R-1 =   3.8053901E-03  chain steps =       12451
 slow changes           0  power changes           0
 Current convergence R-1 =   3.8653109E-03  chain steps =       12515
 slow changes           0  power changes           0
 Current convergence R-1 =   3.9773812E-03  chain steps =       12581
 slow changes           0  power changes           0
 metropolis rat:  0.2900739      in        12583 , best:    10.47287    
 local acceptance ratio:  0.2631579    
 Current convergence R-1 =   4.3401783E-03  chain steps =       12647
 slow changes           0  power changes           0
 Current convergence R-1 =   6.4298115E-03  chain steps =       12738
 slow changes           0  power changes           0
 metropolis rat:  0.2893338      in        12788 , best:    10.47287    
 local acceptance ratio:  0.2439024    
 Current convergence R-1 =   6.1828909E-03  chain steps =       12800
 slow changes           0  power changes           0
 Current convergence R-1 =   6.5478054E-03  chain steps =       12906
 slow changes           0  power changes           0
 metropolis rat:  0.2883728      in        13004 , best:    10.47287    
 local acceptance ratio:  0.2314815    
 Current convergence R-1 =   7.5106635E-03  chain steps =       13031
 slow changes           0  power changes           0
 Current convergence R-1 =   7.6430095E-03  chain steps =       13091
 slow changes           0  power changes           0
 Current convergence R-1 =   7.4395649E-03  chain steps =       13118
 slow changes           0  power changes           0
 Current convergence R-1 =   7.1694409E-03  chain steps =       13153
 slow changes           0  power changes           0
 Current convergence R-1 =   6.7137857E-03  chain steps =       13195
 slow changes           0  power changes           0
 metropolis rat:  0.2879442      in        13197 , best:    10.47287    
 local acceptance ratio:  0.2590674    
 Current convergence R-1 =   6.8787276E-03  chain steps =       13256
 slow changes           0  power changes           0
 Current convergence R-1 =   6.9108517E-03  chain steps =       13338
 slow changes           0  power changes           0
 metropolis rat:  0.2883031      in        13354 , best:    10.47287    
 local acceptance ratio:  0.3184713    
 Current convergence R-1 =   6.9809258E-03  chain steps =       13396
 slow changes           0  power changes           0
 Current convergence R-1 =   8.5671926E-03  chain steps =       13490
 slow changes           0  power changes           0
 metropolis rat:  0.2880567      in        13539 , best:    10.47287    
 local acceptance ratio:  0.2702703    
 Current convergence R-1 =   1.1006460E-02  chain steps =       13549
 slow changes           0  power changes           0
 Current convergence R-1 =   1.2406622E-02  chain steps =       13587
 slow changes           0  power changes           0
 Current convergence R-1 =   1.5316330E-02  chain steps =       13625
 slow changes           0  power changes           0
 Current convergence R-1 =   1.7028512E-02  chain steps =       13670
 slow changes           0  power changes           0
 Current convergence R-1 =   1.7302938E-02  chain steps =       13733
 slow changes           0  power changes           0
 metropolis rat:  0.2874818      in        13740 , best:    10.47287    
 local acceptance ratio:  0.2487562    
 Current convergence R-1 =   1.7352350E-02  chain steps =       13797
 slow changes           0  power changes           0
 Current convergence R-1 =   1.7036054E-02  chain steps =       13889
 slow changes           0  power changes           0
 Current convergence R-1 =   1.6387546E-02  chain steps =       13963
 slow changes           0  power changes           0
 metropolis rat:  0.2863074      in        13971 , best:    10.47287    
 local acceptance ratio:  0.2164502    
 Current convergence R-1 =   1.6159182E-02  chain steps =       14023
 slow changes           0  power changes           0
 Current convergence R-1 =   1.6168442E-02  chain steps =       14107
 slow changes           0  power changes           0
 metropolis rat:  0.2861584      in        14153 , best:    10.47287    
 local acceptance ratio:  0.2747253    
 Current convergence R-1 =   1.4800896E-02  chain steps =       14231
 slow changes           0  power changes           0
 Current convergence R-1 =   1.4531225E-02  chain steps =       14285
 slow changes           0  power changes           0
 Current convergence R-1 =   1.4624992E-02  chain steps =       14371
 slow changes           0  power changes           0
 metropolis rat:  0.2849201      in        14390 , best:    10.47287    
 local acceptance ratio:  0.2109705    
 Current convergence R-1 =   1.4324106E-02  chain steps =       14460
 slow changes           0  power changes           0
 metropolis rat:  0.2850079      in        14561 , best:    10.47287    
 local acceptance ratio:  0.2923976    
 Current convergence R-1 =   1.3902059E-02  chain steps =       14563
 slow changes           0  power changes           0
 Current convergence R-1 =   1.4202358E-02  chain steps =       14632
 slow changes           0  power changes           0
 Current convergence R-1 =   1.3744981E-02  chain steps =       14715
 slow changes           0  power changes           0
 metropolis rat:  0.2849003      in        14742 , best:    10.47287    
 local acceptance ratio:  0.2762431    
 Current convergence R-1 =   1.3067486E-02  chain steps =       14831
 slow changes           0  power changes           0
 Current convergence R-1 =   1.2572032E-02  chain steps =       14886
 slow changes           0  power changes           0
 metropolis rat:  0.2846617      in        14930 , best:    10.47287    
 local acceptance ratio:  0.2659574    
 Current convergence R-1 =   1.2210603E-02  chain steps =       14951
 slow changes           0  power changes           0
 Current convergence R-1 =   1.2331120E-02  chain steps =       15018
 slow changes           0  power changes           0
 Current convergence R-1 =   1.2240312E-02  chain steps =       15089
 slow changes           0  power changes           0
 Current convergence R-1 =   1.2472322E-02  chain steps =       15116
 slow changes           0  power changes           0
 metropolis rat:  0.2839221      in        15145 , best:    10.47287    
 local acceptance ratio:  0.2325581    
 Current convergence R-1 =   1.3143091E-02  chain steps =       15184
 slow changes           0  power changes           0
 Current convergence R-1 =   1.2221170E-02  chain steps =       15276
 slow changes           0  power changes           0
 metropolis rat:  0.2836278      in        15337 , best:    10.47287    
 local acceptance ratio:  0.2604167    
 Current convergence R-1 =   1.1842312E-02  chain steps =       15382
 slow changes           0  power changes           0
 Current convergence R-1 =   1.1807449E-02  chain steps =       15445
 slow changes           0  power changes           0
 Current convergence R-1 =   1.1875763E-02  chain steps =       15490
 slow changes           0  power changes           0
 metropolis rat:  0.2836879      in        15510 , best:    10.47287    
 local acceptance ratio:  0.2890173    
 Current convergence R-1 =   1.1312642E-02  chain steps =       15593
 slow changes           0  power changes           0
 Current convergence R-1 =   1.0841779E-02  chain steps =       15632
 slow changes           0  power changes           0
 Current convergence R-1 =   1.0569554E-02  chain steps =       15666
 slow changes           0  power changes           0
 Current convergence R-1 =   1.0530930E-02  chain steps =       15731
 slow changes           0  power changes           0
 Current convergence R-1 =   1.0440083E-02  chain steps =       15780
 slow changes           0  power changes           0
 metropolis rat:  0.2815565      in        15805 , best:    10.47287    
 local acceptance ratio:  0.1694915    
 Current convergence R-1 =   1.0431259E-02  chain steps =       15873
 slow changes           0  power changes           0
 Current convergence R-1 =   1.0564880E-02  chain steps =       15949
 slow changes           0  power changes           0
 metropolis rat:  0.2820079      in        15957 , best:    10.47287    
 local acceptance ratio:  0.3289474    
 Current convergence R-1 =   1.0526859E-02  chain steps =       16012
 slow changes           0  power changes           0
 Current convergence R-1 =   1.0739589E-02  chain steps =       16056
 slow changes           0  power changes           0
 Current convergence R-1 =   1.0285747E-02  chain steps =       16110
 slow changes           0  power changes           0
 Current convergence R-1 =   9.7567905E-03  chain steps =       16165
 slow changes           0  power changes           0
 Current convergence R-1 =   9.7670220E-03  chain steps =       16212
 slow changes           0  power changes           0
 metropolis rat:  0.2806044      in        16215 , best:    10.47287    
 local acceptance ratio:  0.1937985    
 Current convergence R-1 =   9.6738627E-03  chain steps =       16273
 slow changes           0  power changes           0
 Current convergence R-1 =   8.7253861E-03  chain steps =       16309
 slow changes           0  power changes           0
 Current convergence R-1 =   8.5056331E-03  chain steps =       16352
 slow changes           0  power changes           0
 Current convergence R-1 =   8.0146203E-03  chain steps =       16394
 slow changes           0  power changes           0
 metropolis rat:  0.2801121      in        16422 , best:    10.47287    
 local acceptance ratio:  0.2415459    
 Current convergence R-1 =   8.5021239E-03  chain steps =       16458
 slow changes           0  power changes           0
 Current convergence R-1 =   8.6241718E-03  chain steps =       16528
 slow changes           0  power changes           0
 Current convergence R-1 =   8.1162844E-03  chain steps =       16561
 slow changes           0  power changes           0
 metropolis rat:  0.2799350      in        16611 , best:    10.47287    
 local acceptance ratio:  0.2645503    
 Current convergence R-1 =   7.4048210E-03  chain steps =       16633
 slow changes           0  power changes           0
 Current convergence R-1 =   6.8294574E-03  chain steps =       16709
 slow changes           0  power changes           0
 Current convergence R-1 =   6.3696015E-03  chain steps =       16789
 slow changes           0  power changes           0
 metropolis rat:  0.2796953      in        16804 , best:    10.47287    
 local acceptance ratio:  0.2590674    
 Current convergence R-1 =   6.5268446E-03  chain steps =       16863
 slow changes           0  power changes           0
 Current convergence R-1 =   6.6197221E-03  chain steps =       16928
 slow changes           0  power changes           0
 Current convergence R-1 =   6.5238462E-03  chain steps =       16992
 slow changes           0  power changes           0
 metropolis rat:  0.2791490      in        17016 , best:    10.47287    
 local acceptance ratio:  0.2358491    
 Current convergence R-1 =   6.5837209E-03  chain steps =       17039
 slow changes           0  power changes           0
 Current convergence R-1 =   6.6275960E-03  chain steps =       17089
 slow changes           0  power changes           0
 metropolis rat:  0.2797855      in        17156 , best:    10.47287    
 local acceptance ratio:  0.3571429    
 Current convergence R-1 =   7.0700669E-03  chain steps =       17183
 slow changes           0  power changes           0
 Current convergence R-1 =   7.5622965E-03  chain steps =       17207
 slow changes           0  power changes           0
 Current convergence R-1 =   6.9898348E-03  chain steps =       17341
 slow changes           0  power changes           0
 metropolis rat:  0.2786876      in        17403 , best:    10.47287    
 local acceptance ratio:  0.2024291    
 Current convergence R-1 =   6.7548808E-03  chain steps =       17449
 slow changes           0  power changes           0
 Current convergence R-1 =   6.8832794E-03  chain steps =       17506
 slow changes           0  power changes           0
 Current convergence R-1 =   6.7987763E-03  chain steps =       17570
 slow changes           0  power changes           0
 metropolis rat:  0.2782826      in        17608 , best:    10.47287    
 local acceptance ratio:  0.2439024    
 Current convergence R-1 =   6.7111822E-03  chain steps =       17660
 slow changes           0  power changes           0
 Current convergence R-1 =   6.5928837E-03  chain steps =       17745
 slow changes           0  power changes           0
 Current convergence R-1 =   6.7485790E-03  chain steps =       17835
 slow changes           0  power changes           0
 metropolis rat:  0.2774664      in        17840 , best:    10.47287    
 local acceptance ratio:  0.2155172    
 Current convergence R-1 =   6.4700935E-03  chain steps =       17966
 slow changes           0  power changes           0
 Current convergence R-1 =   6.3780635E-03  chain steps =       18024
 slow changes           0  power changes           0
 metropolis rat:  0.2771311      in        18042 , best:    10.47287    
 local acceptance ratio:  0.2475248    
 Current convergence R-1 =   6.2877191E-03  chain steps =       18113
 slow changes           0  power changes           0
 Current convergence R-1 =   6.2032565E-03  chain steps =       18206
 slow changes           0  power changes           0
 Current convergence R-1 =   6.3590156E-03  chain steps =       18257
 slow changes           0  power changes           0
 metropolis rat:  0.2765608      in        18260 , best:    10.47287    
 local acceptance ratio:  0.2293578    
 Current convergence R-1 =   6.2020943E-03  chain steps =       18297
 slow changes           0  power changes           0
 Current convergence R-1 =   6.1073168E-03  chain steps =       18403
 slow changes           0  power changes           0
 metropolis rat:  0.2770083      in        18411 , best:    10.47287    
 local acceptance ratio:  0.3311258    
 Current convergence R-1 =   6.4235493E-03  chain steps =       18501
 slow changes           0  power changes           0
 metropolis rat:  0.2769264      in        18597 , best:    10.47287    
 local acceptance ratio:  0.2688172    
 Current convergence R-1 =   6.5122931E-03  chain steps =       18615
 slow changes           0  power changes           0
 Current convergence R-1 =   6.4309016E-03  chain steps =       18625
 slow changes           0  power changes           0
 Current convergence R-1 =   6.4961729E-03  chain steps =       18670
 slow changes           0  power changes           0
 Current convergence R-1 =   6.5588201E-03  chain steps =       18764
 slow changes           0  power changes           0
 Current convergence R-1 =   6.5911044E-03  chain steps =       18797
 slow changes           0  power changes           0
 metropolis rat:  0.2763312      in        18818 , best:    10.47287    
 local acceptance ratio:  0.2262443    
 Current convergence R-1 =   6.6742152E-03  chain steps =       18869
 slow changes           0  power changes           0
 Current convergence R-1 =   6.5516271E-03  chain steps =       18971
 slow changes           0  power changes           0
 Current convergence R-1 =   6.6647287E-03  chain steps =       19026
 slow changes           0  power changes           0
 metropolis rat:  0.2759092      in        19028 , best:    10.47287    
 local acceptance ratio:  0.2380952    
 Current convergence R-1 =   6.9329753E-03  chain steps =       19081
 slow changes           0  power changes           0
 Current convergence R-1 =   6.8960716E-03  chain steps =       19192
 slow changes           0  power changes           0
 metropolis rat:  0.2757114      in        19223 , best:    10.47287    
 local acceptance ratio:  0.2564103    
 Current convergence R-1 =   6.7743333E-03  chain steps =       19306
 slow changes           0  power changes           0
 Current convergence R-1 =   6.8477043E-03  chain steps =       19333
 slow changes           0  power changes           0
 Current convergence R-1 =   7.0182877E-03  chain steps =       19386
 slow changes           0  power changes           0
 metropolis rat:  0.2758443      in        19395 , best:    10.47287    
 local acceptance ratio:  0.2906977    
 Current convergence R-1 =   6.9796895E-03  chain steps =       19453
 slow changes           0  power changes           0
 Current convergence R-1 =   6.8087443E-03  chain steps =       19522
 slow changes           0  power changes           0
 Current convergence R-1 =   6.8004634E-03  chain steps =       19573
 slow changes           0  power changes           0
 metropolis rat:  0.2756227      in        19592 , best:    10.47287    
 local acceptance ratio:  0.2538071    
 Current convergence R-1 =   6.7015737E-03  chain steps =       19608
 slow changes           0  power changes           0
 Current convergence R-1 =   6.6948775E-03  chain steps =       19681
 slow changes           0  power changes           0
 Current convergence R-1 =   6.8902168E-03  chain steps =       19759
 slow changes           0  power changes           0
 metropolis rat:  0.2757539      in        19764 , best:    10.47287    
 local acceptance ratio:  0.2906977    
 Current convergence R-1 =   6.9567785E-03  chain steps =       19803
 slow changes           0  power changes           0
 Current convergence R-1 =   7.4199508E-03  chain steps =       19860
 slow changes           0  power changes           0
 Current convergence R-1 =   7.3633944E-03  chain steps =       19912
 slow changes           0  power changes           0
 Current convergence R-1 =   7.1747284E-03  chain steps =       19959
 slow changes           0  power changes           0
 metropolis rat:  0.2753166      in        19977 , best:    10.47287    
 local acceptance ratio:  0.2347418    
 Current convergence R-1 =   7.1640480E-03  chain steps =       20052
 slow changes           0  power changes           0
 Current convergence R-1 =   7.2795716E-03  chain steps =       20142
 slow changes           0  power changes           0
 Current convergence R-1 =   7.3634577E-03  chain steps =       20203
 slow changes           0  power changes           0
 metropolis rat:  0.2746301      in        20209 , best:    10.47287    
 local acceptance ratio:  0.2155172    
 Current convergence R-1 =   7.5517623E-03  chain steps =       20293
 slow changes           0  power changes           0
 Current convergence R-1 =   7.4833781E-03  chain steps =       20360
 slow changes           0  power changes           0
 metropolis rat:  0.2749276      in        20369 , best:    10.47287    
 local acceptance ratio:  0.3125000    
 Current convergence R-1 =   7.8377724E-03  chain steps =       20435
 slow changes           0  power changes           0
 Current convergence R-1 =   7.6256134E-03  chain steps =       20518
 slow changes           0  power changes           0
 metropolis rat:  0.2749793      in        20547 , best:    10.47287    
 local acceptance ratio:  0.2808989    
 Current convergence R-1 =   7.3835626E-03  chain steps =       20573
 slow changes           0  power changes           0
 Current convergence R-1 =   7.5236792E-03  chain steps =       20639
 slow changes           0  power changes           0
 Current convergence R-1 =   7.6665673E-03  chain steps =       20656
 slow changes           0  power changes           0
 Current convergence R-1 =   7.5752460E-03  chain steps =       20707
 slow changes           0  power changes           0
 metropolis rat:  0.2748312      in        20740 , best:    10.47287    
 local acceptance ratio:  0.2590674    
 Current convergence R-1 =   7.7811787E-03  chain steps =       20747
 slow changes           0  power changes           0
 Current convergence R-1 =   7.6729953E-03  chain steps =       20829
 slow changes           0  power changes           0
 Current convergence R-1 =   7.5147506E-03  chain steps =       20850
 slow changes           0  power changes           0
 metropolis rat:  0.2748303      in        20922 , best:    10.47287    
 local acceptance ratio:  0.2747253    
 Current convergence R-1 =   7.5143697E-03  chain steps =       20939
 slow changes           0  power changes           0
 Current convergence R-1 =   7.5551467E-03  chain steps =       20979
 slow changes           0  power changes           0
 Current convergence R-1 =   7.5254086E-03  chain steps =       21043
 slow changes           0  power changes           0
 metropolis rat:  0.2747513      in        21110 , best:    10.47287    
 local acceptance ratio:  0.2659574    
 Current convergence R-1 =   7.4875108E-03  chain steps =       21126
 slow changes           0  power changes           0
 Current convergence R-1 =   7.3678219E-03  chain steps =       21211
 slow changes           0  power changes           0
 Current convergence R-1 =   7.2795521E-03  chain steps =       21242
 slow changes           0  power changes           0
 metropolis rat:  0.2746221      in        21302 , best:    10.47287    
 local acceptance ratio:  0.2604167    
 Current convergence R-1 =   7.3465342E-03  chain steps =       21329
 slow changes           0  power changes           0
 Current convergence R-1 =   7.4814544E-03  chain steps =       21470
 slow changes           0  power changes           0
 metropolis rat:  0.2740108      in        21532 , best:    10.47287    
 local acceptance ratio:  0.2173913    
 Current convergence R-1 =   7.4027968E-03  chain steps =       21551
 slow changes           0  power changes           0
 Current convergence R-1 =   7.1228589E-03  chain steps =       21624
 slow changes           0  power changes           0
 Current convergence R-1 =   7.1398532E-03  chain steps =       21728
 slow changes           0  power changes           0
 metropolis rat:  0.2738150      in        21730 , best:    10.47287    
 local acceptance ratio:  0.2525252    
 Current convergence R-1 =   7.1900049E-03  chain steps =       21800
 slow changes           0  power changes           0
 Current convergence R-1 =   7.3799393E-03  chain steps =       21883
 slow changes           0  power changes           0
 metropolis rat:  0.2740477      in        21894 , best:    10.47287    
 local acceptance ratio:  0.3048781    
 Current convergence R-1 =   7.3386151E-03  chain steps =       21956
 slow changes           0  power changes           0
 Current convergence R-1 =   7.1633826E-03  chain steps =       22034
 slow changes           0  power changes           0
 Current convergence R-1 =   7.0257927E-03  chain steps =       22071
 slow changes           0  power changes           0
 metropolis rat:  0.2739664      in        22083 , best:    10.47287    
 local acceptance ratio:  0.2645503    
 Current convergence R-1 =   7.0613176E-03  chain steps =       22135
 slow changes           0  power changes           0
 Current convergence R-1 =   6.7473580E-03  chain steps =       22210
 slow changes           0  power changes           0
 Current convergence R-1 =   6.8013803E-03  chain steps =       22265
 slow changes           0  power changes           0
 metropolis rat:  0.2737390      in        22284 , best:    10.47287    
 local acceptance ratio:  0.2487562    
 Current convergence R-1 =   6.1552403E-03  chain steps =       22341
 slow changes           0  power changes           0
 metropolis rat:  0.2744678      in        22407 , best:    10.47287    
 local acceptance ratio:  0.4065041    
 Current convergence R-1 =   6.0598180E-03  chain steps =       22462
 slow changes           0  power changes           0
 Current convergence R-1 =   5.8905147E-03  chain steps =       22511
 slow changes           0  power changes           0
 metropolis rat:  0.2743849      in        22596 , best:    10.47287    
 local acceptance ratio:  0.2645503    
 Current convergence R-1 =   5.6850342E-03  chain steps =       22602
 slow changes           0  power changes           0
 Current convergence R-1 =   5.5880030E-03  chain steps =       22710
 slow changes           0  power changes           0
 Current convergence R-1 =   5.4230867E-03  chain steps =       22790
 slow changes           0  power changes           0
 metropolis rat:  0.2739426      in        22815 , best:    10.47287    
 local acceptance ratio:  0.2283105    
 Current convergence R-1 =   5.3521087E-03  chain steps =       22868
 slow changes           0  power changes           0
 Current convergence R-1 =   5.1925885E-03  chain steps =       22923
 slow changes           0  power changes           0
 Current convergence R-1 =   5.1745526E-03  chain steps =       22978
 slow changes           0  power changes           0
 metropolis rat:  0.2738297      in        23007 , best:    10.47287    
 local acceptance ratio:  0.2604167    
 Current convergence R-1 =   5.0627147E-03  chain steps =       23055
 slow changes           0  power changes           0
 Current convergence R-1 =   5.1113986E-03  chain steps =       23106
 slow changes           0  power changes           0
 metropolis rat:  0.2735890      in        23210 , best:    10.47287    
 local acceptance ratio:  0.2463054    
 Current convergence R-1 =   5.0646449E-03  chain steps =       23217
 slow changes           0  power changes           0
 Current convergence R-1 =   4.7323937E-03  chain steps =       23272
 slow changes           0  power changes           0
 Current convergence R-1 =   4.5957826E-03  chain steps =       23329
 slow changes           0  power changes           0
 metropolis rat:  0.2737617      in        23378 , best:    10.47287    
 local acceptance ratio:  0.2976190    
 Current convergence R-1 =   4.5080753E-03  chain steps =       23381
 slow changes           0  power changes           0
 Current convergence R-1 =   4.3741204E-03  chain steps =       23462
 slow changes           0  power changes           0
 Current convergence R-1 =   4.6185646E-03  chain steps =       23565
 slow changes           0  power changes           0
 metropolis rat:  0.2736413      in        23571 , best:    10.47287    
 local acceptance ratio:  0.2590674    
 Current convergence R-1 =   4.4960859E-03  chain steps =       23613
 slow changes           0  power changes           0
 Current convergence R-1 =   4.5500537E-03  chain steps =       23657
 slow changes           0  power changes           0
 Current convergence R-1 =   4.6821167E-03  chain steps =       23733
 slow changes           0  power changes           0
 metropolis rat:  0.2736496      in        23753 , best:    10.47287    
 local acceptance ratio:  0.2747253    
 Current convergence R-1 =   4.6779974E-03  chain steps =       23794
 slow changes           0  power changes           0
 Current convergence R-1 =   4.7227126E-03  chain steps =       23816
 slow changes           0  power changes           0
 Current convergence R-1 =   4.7156117E-03  chain steps =       23875
 slow changes           0  power changes           0
 Current convergence R-1 =   4.6679121E-03  chain steps =       23913
 slow changes           0  power changes           0
 metropolis rat:  0.2734293      in        23955 , best:    10.47287    
 local acceptance ratio:  0.2475248    
 Current convergence R-1 =   4.6764114E-03  chain steps =       23974
 slow changes           0  power changes           0
 Current convergence R-1 =   4.7230297E-03  chain steps =       24021
 slow changes           0  power changes           0
 Current convergence R-1 =   5.2319281E-03  chain steps =       24068
 slow changes           0  power changes           0
 metropolis rat:  0.2733032      in        24149 , best:    10.47287    
 local acceptance ratio:  0.2577319    
 Current convergence R-1 =   5.0832042E-03  chain steps =       24155
 slow changes           0  power changes           0
 Current convergence R-1 =   5.0866217E-03  chain steps =       24232
 slow changes           0  power changes           0
 Current convergence R-1 =   4.8907502E-03  chain steps =       24275
 slow changes           0  power changes           0
 metropolis rat:  0.2737865      in        24289 , best:    10.47287    
 local acceptance ratio:  0.3571429    
 Current convergence R-1 =   4.5920531E-03  chain steps =       24343
 slow changes           0  power changes           0
 Current convergence R-1 =   4.5398041E-03  chain steps =       24430
 slow changes           0  power changes           0
 metropolis rat:  0.2737375      in        24476 , best:    10.47287    
 local acceptance ratio:  0.2673797    
 Current convergence R-1 =   4.5203385E-03  chain steps =       24526
 slow changes           0  power changes           0
 Current convergence R-1 =   4.4113612E-03  chain steps =       24548
 slow changes           0  power changes           0
 Current convergence R-1 =   4.0836916E-03  chain steps =       24573
 slow changes           0  power changes           0
 Current convergence R-1 =   3.9608902E-03  chain steps =       24610
 slow changes           0  power changes           0
 metropolis rat:  0.2741673      in        24620 , best:    10.47287    
 local acceptance ratio:  0.3472222    
 Current convergence R-1 =   3.8728821E-03  chain steps =       24678
 slow changes           0  power changes           0
 Current convergence R-1 =   3.9294302E-03  chain steps =       24708
 slow changes           0  power changes           0
 Current convergence R-1 =   3.9303596E-03  chain steps =       24749
 slow changes           0  power changes           0
 Current convergence R-1 =   3.9824434E-03  chain steps =       24801
 slow changes           0  power changes           0
 metropolis rat:  0.2739616      in        24821 , best:    10.47287    
 local acceptance ratio:  0.2487562    
 Current convergence R-1 =   3.9541228E-03  chain steps =       24858
 slow changes           0  power changes           0
 Current convergence R-1 =   3.9632753E-03  chain steps =       24931
 slow changes           0  power changes           0
 Current convergence R-1 =   3.9099613E-03  chain steps =       24988
 slow changes           0  power changes           0
 metropolis rat:  0.2740439      in        24996 , best:    10.47287    
 local acceptance ratio:  0.2857143    
 Current convergence R-1 =   3.9614174E-03  chain steps =       25105
 slow changes           0  power changes           0
 Current convergence R-1 =   3.7535541E-03  chain steps =       25151
 slow changes           0  power changes           0
 metropolis rat:  0.2742994      in        25155 , best:    10.47287    
 local acceptance ratio:  0.3144654    
 Current convergence R-1 =   3.8072399E-03  chain steps =       25242
 slow changes           0  power changes           0
 Current convergence R-1 =   3.7503953E-03  chain steps =       25281
 slow changes           0  power changes           0
 metropolis rat:  0.2742375      in        25343 , best:    10.47287    
 local acceptance ratio:  0.2659574    
 Current convergence R-1 =   3.7214241E-03  chain steps =       25381
 slow changes           0  power changes           0
 Current convergence R-1 =   3.6241610E-03  chain steps =       25460
 slow changes           0  power changes           0
 metropolis rat:  0.2743054      in        25519 , best:    10.47287    
 local acceptance ratio:  0.2840909    
 Current convergence R-1 =   3.5454857E-03  chain steps =       25537
 slow changes           0  power changes           0
 Current convergence R-1 =   3.5090479E-03  chain steps =       25614
 slow changes           0  power changes           0
 Current convergence R-1 =   3.7090234E-03  chain steps =       25664
 slow changes           0  power changes           0
 metropolis rat:  0.2740631      in        25724 , best:    10.47287    
 local acceptance ratio:  0.2439024    
 Current convergence R-1 =   3.8875705E-03  chain steps =       25739
 slow changes           0  power changes           0
 Current convergence R-1 =   3.9460273E-03  chain steps =       25786
 slow changes           0  power changes           0
 metropolis rat:  0.2744916      in        25866 , best:    10.47287    
 local acceptance ratio:  0.3521127    
 Current convergence R-1 =   3.6656125E-03  chain steps =       25884
 slow changes           0  power changes           0
 Current convergence R-1 =   3.6463477E-03  chain steps =       25958
 slow changes           0  power changes           0
 Current convergence R-1 =   3.6446184E-03  chain steps =       26029
 slow changes           0  power changes           0
 metropolis rat:  0.2742406      in        26072 , best:    10.47287    
 local acceptance ratio:  0.2427184    
 Current convergence R-1 =   3.6861219E-03  chain steps =       26089
 slow changes           0  power changes           0
 Current convergence R-1 =   3.6927792E-03  chain steps =       26165
 slow changes           0  power changes           0
 Current convergence R-1 =   3.7466865E-03  chain steps =       26227
 slow changes           0  power changes           0
 metropolis rat:  0.2743066      in        26248 , best:    10.47287    
 local acceptance ratio:  0.2840909    
 Current convergence R-1 =   3.6974102E-03  chain steps =       26273
 slow changes           0  power changes           0
 Current convergence R-1 =   3.6006155E-03  chain steps =       26321
 slow changes           0  power changes           0
 metropolis rat:  0.2748711      in        26376 , best:    10.47287    
 local acceptance ratio:  0.3906250    
 Current convergence R-1 =   3.5613552E-03  chain steps =       26397
 slow changes           0  power changes           0
 Current convergence R-1 =   3.3804094E-03  chain steps =       26475
 slow changes           0  power changes           0
 Current convergence R-1 =   3.0537751E-03  chain steps =       26511
 slow changes           0  power changes           0
 metropolis rat:  0.2749012      in        26555 , best:    10.47287    
 local acceptance ratio:  0.2793296    
 Current convergence R-1 =   2.3913048E-03  chain steps =       26618
 slow changes           0  power changes           0
 Current convergence R-1 =   2.0343596E-03  chain steps =       26658
 slow changes           0  power changes           0
 Current convergence R-1 =   1.6234729E-03  chain steps =       26731
 slow changes           0  power changes           0
 metropolis rat:  0.2745508      in        26771 , best:    10.47287    
 local acceptance ratio:  0.2314815    
 Current convergence R-1 =   1.3553168E-03  chain steps =       26776
 slow changes           0  power changes           0
