 metropolis rat:  0.7936508      in           63 , best:    10.77492    
 local acceptance ratio:  0.7936508    
 metropolis rat:  0.8130081      in          123 , best:    10.73682    
 local acceptance ratio:  0.8333333    
 Current convergence R-1 =    20.26462      chain steps =         145
 slow changes           0  power changes           0
 metropolis rat:  0.7894737      in          190 , best:    10.73682    
 local acceptance ratio:  0.7462686    
 Current convergence R-1 =   0.3696854      chain steps =         223
 slow changes           0  power changes           0
 metropolis rat:  0.7168459      in          279 , best:    10.49536    
 local acceptance ratio:  0.5617977    
 Current convergence R-1 =   0.5806656      chain steps =         305
 slow changes           0  power changes           0
 Current convergence R-1 =   0.1453023      chain steps =         385
 slow changes           0  power changes           0
 metropolis rat:  0.5924171      in          422 , best:    10.47890    
 local acceptance ratio:  0.3496504    
 Current convergence R-1 =   0.1145580      chain steps =         464
 slow changes           0  power changes           0
 metropolis rat:  0.5617977      in          534 , best:    10.47890    
 local acceptance ratio:  0.4464286    
 Current convergence R-1 =   0.1111236      chain steps =         542
 slow changes           0  power changes           0
 Current convergence R-1 =   0.1456004      chain steps =         625
 slow changes           0  power changes           0
 metropolis rat:  0.5154639      in          679 , best:    10.47890    
 local acceptance ratio:  0.3448276    
 Current convergence R-1 =   5.9663955E-02  chain steps =         709
 slow changes           0  power changes           0
 Current convergence R-1 =   5.6764621E-02  chain steps =         784
 slow changes           0  power changes           0
 metropolis rat:  0.4656577      in          859 , best:    10.47636    
 local acceptance ratio:  0.2777778    
 Current convergence R-1 =   6.0008083E-02  chain steps =         865
 slow changes           0  power changes           0
 Current convergence R-1 =   6.5057106E-02  chain steps =         944
 slow changes           0  power changes           0
 metropolis rat:  0.4394531      in         1024 , best:    10.47406    
 local acceptance ratio:  0.3030303    
 Current convergence R-1 =   7.9685889E-02  chain steps =        1026
 slow changes           0  power changes           0
 Current convergence R-1 =   7.9219073E-02  chain steps =        1104
 slow changes           0  power changes           0
 Current convergence R-1 =   6.0285322E-02  chain steps =        1186
 slow changes           0  power changes           0
 metropolis rat:  0.4187605      in         1194 , best:    10.47406    
 local acceptance ratio:  0.2941177    
 Current convergence R-1 =   6.3861042E-02  chain steps =        1266
 slow changes           0  power changes           0
 metropolis rat:  0.4122939      in         1334 , best:    10.47406    
 local acceptance ratio:  0.3571429    
 Current convergence R-1 =   2.7843177E-02  chain steps =        1343
 slow changes           0  power changes           0
 Current convergence R-1 =   2.9110221E-02  chain steps =        1425
 slow changes           0  power changes           0
 Current convergence R-1 =   5.0117489E-02  chain steps =        1505
 slow changes           0  power changes           0
 metropolis rat:  0.3939593      in         1523 , best:    10.47406    
 local acceptance ratio:  0.2645503    
 Current convergence R-1 =   4.2851403E-02  chain steps =        1584
 slow changes           0  power changes           0
 Current convergence R-1 =   4.7022920E-02  chain steps =        1664
 slow changes           0  power changes           0
 metropolis rat:  0.3887560      in         1672 , best:    10.47406    
 local acceptance ratio:  0.3355705    
 Current convergence R-1 =   3.8655464E-02  chain steps =        1743
 slow changes           0  power changes           0
 Current convergence R-1 =   2.9221788E-02  chain steps =        1822
 slow changes           0  power changes           0
 metropolis rat:  0.3808487      in         1838 , best:    10.47406    
 local acceptance ratio:  0.3012048    
 Current convergence R-1 =   3.2477912E-02  chain steps =        1905
 slow changes           0  power changes           0
 metropolis rat:  0.3848127      in         1949 , best:    10.47406    
 local acceptance ratio:  0.4504505    
 Current convergence R-1 =   2.4364520E-02  chain steps =        1984
 slow changes           0  power changes           0
 Current convergence R-1 =   1.7318213E-02  chain steps =        2065
 slow changes           0  power changes           0
 metropolis rat:  0.3838772      in         2084 , best:    10.47406    
 local acceptance ratio:  0.3703704    
 Current convergence R-1 =   1.6261922E-02  chain steps =        2145
 slow changes           0  power changes           0
 Current convergence R-1 =   1.7236626E-02  chain steps =        2235
 slow changes           0  power changes           0
 metropolis rat:  0.3767731      in         2256 , best:    10.47406    
 local acceptance ratio:  0.2906977    
 Current convergence R-1 =   1.6498044E-02  chain steps =        2335
 slow changes           0  power changes           0
 Current convergence R-1 =   1.4328569E-02  chain steps =        2383
 slow changes           0  power changes           0
 metropolis rat:  0.3728252      in         2414 , best:    10.47406    
 local acceptance ratio:  0.3164557    
 Current convergence R-1 =   1.0572337E-02  chain steps =        2463
 slow changes           0  power changes           0
 Current convergence R-1 =   8.6400239E-03  chain steps =        2545
 slow changes           0  power changes           0
 metropolis rat:  0.3722571      in         2552 , best:    10.47406    
 local acceptance ratio:  0.3623188    
 Current convergence R-1 =   1.2439716E-02  chain steps =        2625
 slow changes           0  power changes           0
 metropolis rat:  0.3716091      in         2691 , best:    10.47406    
 local acceptance ratio:  0.3597122    
 Current convergence R-1 =   1.2506031E-02  chain steps =        2705
 slow changes           0  power changes           0
 Current convergence R-1 =   1.2488786E-02  chain steps =        2785
 slow changes           0  power changes           0
 Current convergence R-1 =   1.7960282E-02  chain steps =        2868
 slow changes           0  power changes           0
 metropolis rat:  0.3652174      in         2875 , best:    10.47406    
 local acceptance ratio:  0.2717391    
 Current convergence R-1 =   1.8298997E-02  chain steps =        2945
 slow changes           0  power changes           0
 Current convergence R-1 =   2.4258127E-02  chain steps =        3025
 slow changes           0  power changes           0
 metropolis rat:  0.3635162      in         3026 , best:    10.47315    
 local acceptance ratio:  0.3311258    
 Current convergence R-1 =   2.0802744E-02  chain steps =        3103
 slow changes           0  power changes           0
 Current convergence R-1 =   1.9580588E-02  chain steps =        3185
 slow changes           0  power changes           0
 metropolis rat:  0.3590384      in         3203 , best:    10.47315    
 local acceptance ratio:  0.2824859    
 Current convergence R-1 =   1.7291991E-02  chain steps =        3265
 slow changes           0  power changes           0
 Current convergence R-1 =   1.7345065E-02  chain steps =        3344
 slow changes           0  power changes           0
 metropolis rat:  0.3523194      in         3406 , best:    10.47315    
 local acceptance ratio:  0.2463054    
 Current convergence R-1 =   2.1438736E-02  chain steps =        3425
 slow changes           0  power changes           0
 Current convergence R-1 =   2.2409782E-02  chain steps =        3520
 slow changes           0  power changes           0
 Current convergence R-1 =   2.3535205E-02  chain steps =        3585
 slow changes           0  power changes           0
 metropolis rat:  0.3452085      in         3621 , best:    10.47315    
 local acceptance ratio:  0.2325581    
 Current convergence R-1 =   2.4104977E-02  chain steps =        3665
 slow changes           0  power changes           0
 Current convergence R-1 =   2.1681467E-02  chain steps =        3745
 slow changes           0  power changes           0
 metropolis rat:  0.3402251      in         3821 , best:    10.47315    
 local acceptance ratio:  0.2500000    
 Current convergence R-1 =   2.0370875E-02  chain steps =        3824
 slow changes           0  power changes           0
 Current convergence R-1 =   2.3050297E-02  chain steps =        3905
 slow changes           0  power changes           0
 Current convergence R-1 =   2.3048131E-02  chain steps =        3986
 slow changes           0  power changes           0
 metropolis rat:  0.3355705      in         4023 , best:    10.47315    
 local acceptance ratio:  0.2475248    
 Current convergence R-1 =   2.1430945E-02  chain steps =        4063
 slow changes           0  power changes           0
 Current convergence R-1 =   1.9865440E-02  chain steps =        4144
 slow changes           0  power changes           0
 metropolis rat:  0.3338898      in         4193 , best:    10.47315    
 local acceptance ratio:  0.2941177    
 Current convergence R-1 =   1.7560979E-02  chain steps =        4225
 slow changes           0  power changes           0
 Current convergence R-1 =   1.3765421E-02  chain steps =        4305
 slow changes           0  power changes           0
 metropolis rat:  0.3337937      in         4344 , best:    10.47315    
 local acceptance ratio:  0.3311258    
 Current convergence R-1 =   1.6718296E-02  chain steps =        4384
 slow changes           0  power changes           0
 Current convergence R-1 =   1.7792569E-02  chain steps =        4465
 slow changes           0  power changes           0
 metropolis rat:  0.3320053      in         4518 , best:    10.47315    
 local acceptance ratio:  0.2873563    
 Current convergence R-1 =   1.9579271E-02  chain steps =        4545
 slow changes           0  power changes           0
 Current convergence R-1 =   2.2279168E-02  chain steps =        4625
 slow changes           0  power changes           0
 Current convergence R-1 =   2.3074524E-02  chain steps =        4703
 slow changes           0  power changes           0
 metropolis rat:  0.3273495      in         4735 , best:    10.47315    
 local acceptance ratio:  0.2304147    
 Current convergence R-1 =   2.2884468E-02  chain steps =        4785
 slow changes           0  power changes           0
 Current convergence R-1 =   2.4479188E-02  chain steps =        4865
 slow changes           0  power changes           0
 metropolis rat:  0.3242805      in         4934 , best:    10.47315    
 local acceptance ratio:  0.2512563    
 Current convergence R-1 =   2.1798480E-02  chain steps =        4945
 slow changes           0  power changes           0
 Current convergence R-1 =   1.7408609E-02  chain steps =        5025
 slow changes           0  power changes           0
 Current convergence R-1 =   1.6066808E-02  chain steps =        5105
 slow changes           0  power changes           0
 metropolis rat:  0.3227699      in         5112 , best:    10.47314    
 local acceptance ratio:  0.2808989    
 Current convergence R-1 =   1.5448635E-02  chain steps =        5185
 slow changes           0  power changes           0
 metropolis rat:  0.3240564      in         5246 , best:    10.47314    
 local acceptance ratio:  0.3731343    
 Current convergence R-1 =   1.4503623E-02  chain steps =        5263
 slow changes           0  power changes           0
 Current convergence R-1 =   1.4992399E-02  chain steps =        5344
 slow changes           0  power changes           0
 metropolis rat:  0.3248561      in         5387 , best:    10.47314    
 local acceptance ratio:  0.3546099    
 Current convergence R-1 =   1.5840575E-02  chain steps =        5425
 slow changes           0  power changes           0
 Current convergence R-1 =   1.7422633E-02  chain steps =        5505
 slow changes           0  power changes           0
 metropolis rat:  0.3251445      in         5536 , best:    10.47314    
 local acceptance ratio:  0.3355705    
 Current convergence R-1 =   1.6417459E-02  chain steps =        5585
 slow changes           0  power changes           0
 Current convergence R-1 =   1.3995450E-02  chain steps =        5665
 slow changes           0  power changes           0
 metropolis rat:  0.3237095      in         5715 , best:    10.47314    
 local acceptance ratio:  0.2793296    
 Current convergence R-1 =   1.2745649E-02  chain steps =        5743
 slow changes           0  power changes           0
 Current convergence R-1 =   1.1822604E-02  chain steps =        5856
 slow changes           0  power changes           0
 metropolis rat:  0.3231293      in         5880 , best:    10.47314    
 local acceptance ratio:  0.3030303    
 Current convergence R-1 =   1.1702188E-02  chain steps =        5905
 slow changes           0  power changes           0
 Current convergence R-1 =   1.0845081E-02  chain steps =        5985
 slow changes           0  power changes           0
 metropolis rat:  0.3215699      in         6064 , best:    10.47314    
 local acceptance ratio:  0.2717391    
 Current convergence R-1 =   1.2659001E-02  chain steps =        6065
 slow changes           0  power changes           0
 Current convergence R-1 =   1.1942378E-02  chain steps =        6143
 slow changes           0  power changes           0
 Current convergence R-1 =   1.1412541E-02  chain steps =        6234
 slow changes           0  power changes           0
 Current convergence R-1 =   1.0982748E-02  chain steps =        6347
 slow changes           0  power changes           0
 metropolis rat:  0.3148119      in         6353 , best:    10.47314    
 local acceptance ratio:  0.1730104    
 Current convergence R-1 =   1.0650653E-02  chain steps =        6385
 slow changes           0  power changes           0
 Current convergence R-1 =   1.1586521E-02  chain steps =        6467
 slow changes           0  power changes           0
 metropolis rat:  0.3151906      in         6504 , best:    10.47314    
 local acceptance ratio:  0.3311258    
 Current convergence R-1 =   1.2289856E-02  chain steps =        6545
 slow changes           0  power changes           0
 Current convergence R-1 =   1.2413471E-02  chain steps =        6625
 slow changes           0  power changes           0
 metropolis rat:  0.3136669      in         6695 , best:    10.47314    
 local acceptance ratio:  0.2617801    
 Current convergence R-1 =   9.9966694E-03  chain steps =        6705
 slow changes           0  power changes           0
 Current convergence R-1 =   1.0408393E-02  chain steps =        6785
 slow changes           0  power changes           0
 metropolis rat:  0.3142815      in         6841 , best:    10.47314    
 local acceptance ratio:  0.3424658    
 Current convergence R-1 =   1.3239681E-02  chain steps =        6866
 slow changes           0  power changes           0
 Current convergence R-1 =   1.3432962E-02  chain steps =        6945
 slow changes           0  power changes           0
 metropolis rat:  0.3155479      in         6972 , best:    10.47314    
 local acceptance ratio:  0.3816794    
 Current convergence R-1 =   1.3195063E-02  chain steps =        7026
 slow changes           0  power changes           0
 Current convergence R-1 =   1.3226447E-02  chain steps =        7105
 slow changes           0  power changes           0
 metropolis rat:  0.3142897      in         7159 , best:    10.47314    
 local acceptance ratio:  0.2673797    
 Current convergence R-1 =   1.5031958E-02  chain steps =        7191
 slow changes           0  power changes           0
 Current convergence R-1 =   1.3779363E-02  chain steps =        7265
 slow changes           0  power changes           0
 metropolis rat:  0.3136078      in         7334 , best:    10.47314    
 local acceptance ratio:  0.2857143    
 Current convergence R-1 =   1.3647722E-02  chain steps =        7343
 slow changes           0  power changes           0
 Current convergence R-1 =   1.2582983E-02  chain steps =        7423
 slow changes           0  power changes           0
 metropolis rat:  0.3135005      in         7496 , best:    10.47314    
 local acceptance ratio:  0.3086420    
 Current convergence R-1 =   1.2414449E-02  chain steps =        7505
 slow changes           0  power changes           0
 Current convergence R-1 =   1.3308940E-02  chain steps =        7593
 slow changes           0  power changes           0
 Current convergence R-1 =   1.3011537E-02  chain steps =        7663
 slow changes           0  power changes           0
 metropolis rat:  0.3123780      in         7683 , best:    10.47314    
 local acceptance ratio:  0.2673797    
 Current convergence R-1 =   1.3780963E-02  chain steps =        7745
 slow changes           0  power changes           0
 Current convergence R-1 =   1.4194680E-02  chain steps =        7824
 slow changes           0  power changes           0
 metropolis rat:  0.3119430      in         7854 , best:    10.47314    
 local acceptance ratio:  0.2923976    
 Current convergence R-1 =   1.3536068E-02  chain steps =        7905
 slow changes           0  power changes           0
 Current convergence R-1 =   1.4123460E-02  chain steps =        7982
 slow changes           0  power changes           0
 metropolis rat:  0.3099814      in         8065 , best:    10.47314    
 local acceptance ratio:  0.2369668    
 Current convergence R-1 =   1.3149503E-02  chain steps =        8065
 slow changes           0  power changes           0
 Current convergence R-1 =   1.2921884E-02  chain steps =        8143
 slow changes           0  power changes           0
 metropolis rat:  0.3109377      in         8201 , best:    10.47314    
 local acceptance ratio:  0.3676471    
 Current convergence R-1 =   1.3139321E-02  chain steps =        8235
 slow changes           0  power changes           0
 Current convergence R-1 =   1.2421481E-02  chain steps =        8304
 slow changes           0  power changes           0
 metropolis rat:  0.3101885      in         8382 , best:    10.47314    
 local acceptance ratio:  0.2762431    
 Current convergence R-1 =   1.2659702E-02  chain steps =        8385
 slow changes           0  power changes           0
 Current convergence R-1 =   1.1948938E-02  chain steps =        8465
 slow changes           0  power changes           0
 metropolis rat:  0.3106682      in         8530 , best:    10.47314    
 local acceptance ratio:  0.3378378    
 Current convergence R-1 =   1.1755290E-02  chain steps =        8545
 slow changes           0  power changes           0
 Current convergence R-1 =   1.3668241E-02  chain steps =        8625
 slow changes           0  power changes           0
 metropolis rat:  0.3102735      in         8702 , best:    10.47314    
 local acceptance ratio:  0.2906977    
 Current convergence R-1 =   1.4528643E-02  chain steps =        8703
 slow changes           0  power changes           0
 Current convergence R-1 =   1.7571263E-02  chain steps =        8802
 slow changes           0  power changes           0
 metropolis rat:  0.3104889      in         8857 , best:    10.47314    
 local acceptance ratio:  0.3225806    
 Current convergence R-1 =   1.7610716E-02  chain steps =        8865
 slow changes           0  power changes           0
 Current convergence R-1 =   1.6656786E-02  chain steps =        8945
 slow changes           0  power changes           0
 Current convergence R-1 =   1.6684959E-02  chain steps =        9025
 slow changes           0  power changes           0
 metropolis rat:  0.3083021      in         9082 , best:    10.47314    
 local acceptance ratio:  0.2222222    
 Current convergence R-1 =   1.5630128E-02  chain steps =        9129
 slow changes           0  power changes           0
 Current convergence R-1 =   1.4771297E-02  chain steps =        9185
 slow changes           0  power changes           0
 Current convergence R-1 =   1.4638633E-02  chain steps =        9266
 slow changes           0  power changes           0
 metropolis rat:  0.3064846      in         9299 , best:    10.47314    
 local acceptance ratio:  0.2304147    
 Current convergence R-1 =   1.2138001E-02  chain steps =        9354
 slow changes           0  power changes           0
 Current convergence R-1 =   1.3422893E-02  chain steps =        9423
 slow changes           0  power changes           0
 Current convergence R-1 =   1.2941300E-02  chain steps =        9505
 slow changes           0  power changes           0
 metropolis rat:  0.3050384      in         9507 , best:    10.47314    
 local acceptance ratio:  0.2403846    
 Current convergence R-1 =   1.1237547E-02  chain steps =        9599
 slow changes           0  power changes           0
 Current convergence R-1 =   1.0914998E-02  chain steps =        9666
 slow changes           0  power changes           0
 metropolis rat:  0.3039044      in         9707 , best:    10.47314    
 local acceptance ratio:  0.2500000    
 Current convergence R-1 =   1.0277148E-02  chain steps =        9745
 slow changes           0  power changes           0
 Current convergence R-1 =   1.0173445E-02  chain steps =        9825
 slow changes           0  power changes           0
 metropolis rat:  0.3041671      in         9863 , best:    10.47314    
 local acceptance ratio:  0.3205128    
 Current convergence R-1 =   1.2066312E-02  chain steps =        9903
 slow changes           0  power changes           0
 Current convergence R-1 =   1.2300418E-02  chain steps =        9985
 slow changes           0  power changes           0
 metropolis rat:  0.3036337      in        10045 , best:    10.47314    
 local acceptance ratio:  0.2747253    
 Current convergence R-1 =   1.1866562E-02  chain steps =       10065
 slow changes           0  power changes           0
 Current convergence R-1 =   1.2095657E-02  chain steps =       10149
 slow changes           0  power changes           0
 metropolis rat:  0.3032081      in        10224 , best:    10.47314    
 local acceptance ratio:  0.2793296    
 Current convergence R-1 =   1.1353409E-02  chain steps =       10226
 slow changes           0  power changes           0
 Current convergence R-1 =   1.0643224E-02  chain steps =       10303
 slow changes           0  power changes           0
 Current convergence R-1 =   1.0468352E-02  chain steps =       10385
 slow changes           0  power changes           0
 metropolis rat:  0.3025355      in        10412 , best:    10.47314    
 local acceptance ratio:  0.2659574    
 Current convergence R-1 =   1.0205270E-02  chain steps =       10463
 slow changes           0  power changes           0
 Current convergence R-1 =   9.8766070E-03  chain steps =       10545
 slow changes           0  power changes           0
 Current convergence R-1 =   9.5569361E-03  chain steps =       10631
 slow changes           0  power changes           0
 metropolis rat:  0.3009499      in        10633 , best:    10.47314    
 local acceptance ratio:  0.2262443    
 Current convergence R-1 =   8.8749938E-03  chain steps =       10720
 slow changes           0  power changes           0
 Current convergence R-1 =   8.0712698E-03  chain steps =       10808
 slow changes           0  power changes           0
 metropolis rat:  0.2999538      in        10835 , best:    10.47314    
 local acceptance ratio:  0.2475248    
 Current convergence R-1 =   7.6751690E-03  chain steps =       10865
 slow changes           0  power changes           0
 Current convergence R-1 =   7.6081008E-03  chain steps =       10945
 slow changes           0  power changes           0
 Current convergence R-1 =   7.7227755E-03  chain steps =       11026
 slow changes           0  power changes           0
 metropolis rat:  0.2987777      in        11045 , best:    10.47314    
 local acceptance ratio:  0.2380952    
 Current convergence R-1 =   8.0271941E-03  chain steps =       11104
 slow changes           0  power changes           0
 Current convergence R-1 =   7.9261642E-03  chain steps =       11183
 slow changes           0  power changes           0
 metropolis rat:  0.2984942      in        11223 , best:    10.47314    
 local acceptance ratio:  0.2808989    
 Current convergence R-1 =   7.4462234E-03  chain steps =       11263
 slow changes           0  power changes           0
 Current convergence R-1 =   7.9407021E-03  chain steps =       11345
 slow changes           0  power changes           0
 metropolis rat:  0.2985861      in        11387 , best:    10.47314    
 local acceptance ratio:  0.3048781    
 Current convergence R-1 =   8.1497645E-03  chain steps =       11425
 slow changes           0  power changes           0
 Current convergence R-1 =   7.9060197E-03  chain steps =       11506
 slow changes           0  power changes           0
 Current convergence R-1 =   7.4297856E-03  chain steps =       11585
 slow changes           0  power changes           0
 metropolis rat:  0.2958834      in        11660 , best:    10.47314    
 local acceptance ratio:  0.1831502    
 Current convergence R-1 =   7.3193163E-03  chain steps =       11676
 slow changes           0  power changes           0
 Current convergence R-1 =   7.4992585E-03  chain steps =       11743
 slow changes           0  power changes           0
 metropolis rat:  0.2962587      in        11814 , best:    10.47314    
 local acceptance ratio:  0.3246753    
 Current convergence R-1 =   8.7214047E-03  chain steps =       11823
 slow changes           0  power changes           0
 Current convergence R-1 =   7.4911318E-03  chain steps =       11905
 slow changes           0  power changes           0
 Current convergence R-1 =   7.6247430E-03  chain steps =       11983
 slow changes           0  power changes           0
 metropolis rat:  0.2955870      in        12010 , best:    10.47314    
 local acceptance ratio:  0.2551020    
 Current convergence R-1 =   9.0960478E-03  chain steps =       12082
 slow changes           0  power changes           0
 Current convergence R-1 =   9.9022537E-03  chain steps =       12145
 slow changes           0  power changes           0
 metropolis rat:  0.2949853      in        12204 , best:    10.47314    
 local acceptance ratio:  0.2577319    
 Current convergence R-1 =   9.6192425E-03  chain steps =       12224
 slow changes           0  power changes           0
 Current convergence R-1 =   9.4553074E-03  chain steps =       12305
 slow changes           0  power changes           0
 Current convergence R-1 =   8.9408914E-03  chain steps =       12385
 slow changes           0  power changes           0
 metropolis rat:  0.2943074      in        12402 , best:    10.47314    
 local acceptance ratio:  0.2525252    
 Current convergence R-1 =   8.0949618E-03  chain steps =       12465
 slow changes           0  power changes           0
 Current convergence R-1 =   7.3919692E-03  chain steps =       12545
 slow changes           0  power changes           0
 metropolis rat:  0.2938607      in        12591 , best:    10.47314    
 local acceptance ratio:  0.2645503    
 Current convergence R-1 =   7.1282838E-03  chain steps =       12627
 slow changes           0  power changes           0
 Current convergence R-1 =   7.1142591E-03  chain steps =       12705
 slow changes           0  power changes           0
 Current convergence R-1 =   6.8990928E-03  chain steps =       12784
 slow changes           0  power changes           0
 metropolis rat:  0.2931749      in        12791 , best:    10.47314    
 local acceptance ratio:  0.2500000    
 Current convergence R-1 =   7.0453025E-03  chain steps =       12863
 slow changes           0  power changes           0
 Current convergence R-1 =   7.3134997E-03  chain steps =       12946
 slow changes           0  power changes           0
 metropolis rat:  0.2929161      in        12973 , best:    10.47314    
 local acceptance ratio:  0.2747253    
 Current convergence R-1 =   6.4241597E-03  chain steps =       13041
 slow changes           0  power changes           0
 Current convergence R-1 =   6.2261191E-03  chain steps =       13105
 slow changes           0  power changes           0
 metropolis rat:  0.2925532      in        13160 , best:    10.47296    
 local acceptance ratio:  0.2673797    
 Current convergence R-1 =   6.2751747E-03  chain steps =       13183
 slow changes           0  power changes           0
 Current convergence R-1 =   5.3908313E-03  chain steps =       13265
 slow changes           0  power changes           0
 metropolis rat:  0.2930788      in        13307 , best:    10.47296    
 local acceptance ratio:  0.3401361    
 Current convergence R-1 =   3.5367440E-03  chain steps =       13346
 slow changes           0  power changes           0
 Current convergence R-1 =   3.0860445E-03  chain steps =       13424
 slow changes           0  power changes           0
 metropolis rat:  0.2926576      in        13497 , best:    10.47296    
 local acceptance ratio:  0.2631579    
 Current convergence R-1 =   3.3023127E-03  chain steps =       13518
 slow changes           0  power changes           0
 Current convergence R-1 =   3.7732122E-03  chain steps =       13583
 slow changes           0  power changes           0
 Current convergence R-1 =   3.7892023E-03  chain steps =       13664
 slow changes           0  power changes           0
 metropolis rat:  0.2918643      in        13705 , best:    10.47284    
 local acceptance ratio:  0.2403846    
 Current convergence R-1 =   4.1276696E-03  chain steps =       13744
 slow changes           0  power changes           0
 Current convergence R-1 =   4.4003762E-03  chain steps =       13823
 slow changes           0  power changes           0
 metropolis rat:  0.2914508      in        13896 , best:    10.47284    
 local acceptance ratio:  0.2617801    
 Current convergence R-1 =   4.5574750E-03  chain steps =       13905
 slow changes           0  power changes           0
 Current convergence R-1 =   4.3845177E-03  chain steps =       13985
 slow changes           0  power changes           0
 metropolis rat:  0.2923143      in        14026 , best:    10.47284    
 local acceptance ratio:  0.3846154    
 Current convergence R-1 =   4.2684772E-03  chain steps =       14064
 slow changes           0  power changes           0
 Current convergence R-1 =   4.0614577E-03  chain steps =       14145
 slow changes           0  power changes           0
 metropolis rat:  0.2923565      in        14195 , best:    10.47284    
 local acceptance ratio:  0.2958580    
 Current convergence R-1 =   3.9118221E-03  chain steps =       14224
 slow changes           0  power changes           0
 Current convergence R-1 =   3.8053901E-03  chain steps =       14306
 slow changes           0  power changes           0
 metropolis rat:  0.2924587      in        14361 , best:    10.47284    
 local acceptance ratio:  0.3012048    
 Current convergence R-1 =   3.8653109E-03  chain steps =       14388
 slow changes           0  power changes           0
 Current convergence R-1 =   3.9773812E-03  chain steps =       14465
 slow changes           0  power changes           0
 metropolis rat:  0.2924781      in        14531 , best:    10.47284    
 local acceptance ratio:  0.2941177    
 Current convergence R-1 =   4.3401783E-03  chain steps =       14545
 slow changes           0  power changes           0
 Current convergence R-1 =   6.4298115E-03  chain steps =       14623
 slow changes           0  power changes           0
 Current convergence R-1 =   6.1828909E-03  chain steps =       14704
 slow changes           0  power changes           0
 metropolis rat:  0.2922586      in        14713 , best:    10.47284    
 local acceptance ratio:  0.2747253    
 Current convergence R-1 =   6.5478054E-03  chain steps =       14784
 slow changes           0  power changes           0
 Current convergence R-1 =   7.5106635E-03  chain steps =       14864
 slow changes           0  power changes           0
 metropolis rat:  0.2923191      in        14881 , best:    10.47284    
 local acceptance ratio:  0.2976190    
 Current convergence R-1 =   7.6430095E-03  chain steps =       14944
 slow changes           0  power changes           0
 Current convergence R-1 =   7.4395649E-03  chain steps =       15025
 slow changes           0  power changes           0
 metropolis rat:  0.2920096      in        15068 , best:    10.47284    
 local acceptance ratio:  0.2673797    
 Current convergence R-1 =   7.1694409E-03  chain steps =       15104
 slow changes           0  power changes           0
 Current convergence R-1 =   6.7137857E-03  chain steps =       15189
 slow changes           0  power changes           0
 Current convergence R-1 =   6.8787276E-03  chain steps =       15265
 slow changes           0  power changes           0
 metropolis rat:  0.2911923      in        15282 , best:    10.47284    
 local acceptance ratio:  0.2336449    
 Current convergence R-1 =   6.9108517E-03  chain steps =       15349
 slow changes           0  power changes           0
 Current convergence R-1 =   6.9809258E-03  chain steps =       15424
 slow changes           0  power changes           0
 metropolis rat:  0.2914885      in        15438 , best:    10.47284    
 local acceptance ratio:  0.3205128    
 Current convergence R-1 =   8.5671926E-03  chain steps =       15505
 slow changes           0  power changes           0
 Current convergence R-1 =   1.1006460E-02  chain steps =       15585
 slow changes           0  power changes           0
 metropolis rat:  0.2916854      in        15599 , best:    10.47284    
 local acceptance ratio:  0.3105590    
 Current convergence R-1 =   1.2406622E-02  chain steps =       15666
 slow changes           0  power changes           0
 Current convergence R-1 =   1.5316330E-02  chain steps =       15745
 slow changes           0  power changes           0
 metropolis rat:  0.2910287      in        15806 , best:    10.47284    
 local acceptance ratio:  0.2415459    
 Current convergence R-1 =   1.7028512E-02  chain steps =       15824
 slow changes           0  power changes           0
 Current convergence R-1 =   1.7302938E-02  chain steps =       15905
 slow changes           0  power changes           0
 Current convergence R-1 =   1.7352350E-02  chain steps =       15987
 slow changes           0  power changes           0
 metropolis rat:  0.2906068      in        16001 , best:    10.47284    
 local acceptance ratio:  0.2564103    
 Current convergence R-1 =   1.7036054E-02  chain steps =       16068
 slow changes           0  power changes           0
 Current convergence R-1 =   1.6387546E-02  chain steps =       16153
 slow changes           0  power changes           0
 Current convergence R-1 =   1.6159182E-02  chain steps =       16225
 slow changes           0  power changes           0
 metropolis rat:  0.2894623      in        16237 , best:    10.47284    
 local acceptance ratio:  0.2118644    
 Current convergence R-1 =   1.6168442E-02  chain steps =       16305
 slow changes           0  power changes           0
 Current convergence R-1 =   1.4800896E-02  chain steps =       16385
 slow changes           0  power changes           0
 metropolis rat:  0.2893871      in        16414 , best:    10.47284    
 local acceptance ratio:  0.2824859    
 Current convergence R-1 =   1.4531225E-02  chain steps =       16465
 slow changes           0  power changes           0
 Current convergence R-1 =   1.4624992E-02  chain steps =       16545
 slow changes           0  power changes           0
 metropolis rat:  0.2894880      in        16581 , best:    10.47284    
 local acceptance ratio:  0.2994012    
 Current convergence R-1 =   1.4324106E-02  chain steps =       16626
 slow changes           0  power changes           0
 Current convergence R-1 =   1.3902059E-02  chain steps =       16714
 slow changes           0  power changes           0
 metropolis rat:  0.2897079      in        16741 , best:    10.47284    
 local acceptance ratio:  0.3125000    
 Current convergence R-1 =   1.4202358E-02  chain steps =       16785
 slow changes           0  power changes           0
 Current convergence R-1 =   1.3744981E-02  chain steps =       16867
 slow changes           0  power changes           0
 metropolis rat:  0.2900781      in        16892 , best:    10.47284    
 local acceptance ratio:  0.3311258    
 Current convergence R-1 =   1.3067486E-02  chain steps =       16945
 slow changes           0  power changes           0
 Current convergence R-1 =   1.2572032E-02  chain steps =       17025
 slow changes           0  power changes           0
 Current convergence R-1 =   1.2210603E-02  chain steps =       17105
 slow changes           0  power changes           0
 metropolis rat:  0.2886971      in        17146 , best:    10.47284    
 local acceptance ratio:  0.1968504    
 Current convergence R-1 =   1.2331120E-02  chain steps =       17185
 slow changes           0  power changes           0
 Current convergence R-1 =   1.2240312E-02  chain steps =       17265
 slow changes           0  power changes           0
 metropolis rat:  0.2886170      in        17324 , best:    10.47284    
 local acceptance ratio:  0.2808989    
 Current convergence R-1 =   1.2472322E-02  chain steps =       17343
 slow changes           0  power changes           0
 Current convergence R-1 =   1.3143091E-02  chain steps =       17424
 slow changes           0  power changes           0
 metropolis rat:  0.2885879      in        17499 , best:    10.47284    
 local acceptance ratio:  0.2857143    
 Current convergence R-1 =   1.2221170E-02  chain steps =       17503
 slow changes           0  power changes           0
 Current convergence R-1 =   1.1842312E-02  chain steps =       17585
 slow changes           0  power changes           0
 Current convergence R-1 =   1.1807449E-02  chain steps =       17665
 slow changes           0  power changes           0
 metropolis rat:  0.2884452      in        17681 , best:    10.47284    
 local acceptance ratio:  0.2747253    
 Current convergence R-1 =   1.1875763E-02  chain steps =       17758
 slow changes           0  power changes           0
 Current convergence R-1 =   1.1312642E-02  chain steps =       17848
 slow changes           0  power changes           0
 metropolis rat:  0.2872441      in        17929 , best:    10.47284    
 local acceptance ratio:  0.2016129    
 Current convergence R-1 =   1.0841779E-02  chain steps =       17935
 slow changes           0  power changes           0
 Current convergence R-1 =   1.0569554E-02  chain steps =       17985
 slow changes           0  power changes           0
 Current convergence R-1 =   1.0530930E-02  chain steps =       18064
 slow changes           0  power changes           0
 metropolis rat:  0.2866593      in        18140 , best:    10.47284    
 local acceptance ratio:  0.2369668    
 Current convergence R-1 =   1.0440083E-02  chain steps =       18145
 slow changes           0  power changes           0
 Current convergence R-1 =   1.0431259E-02  chain steps =       18225
 slow changes           0  power changes           0
 Current convergence R-1 =   1.0564880E-02  chain steps =       18305
 slow changes           0  power changes           0
 metropolis rat:  0.2856521      in        18379 , best:    10.47284    
 local acceptance ratio:  0.2092050    
 Current convergence R-1 =   1.0526859E-02  chain steps =       18385
 slow changes           0  power changes           0
 Current convergence R-1 =   1.0739589E-02  chain steps =       18467
 slow changes           0  power changes           0
 metropolis rat:  0.2856989      in        18551 , best:    10.47284    
 local acceptance ratio:  0.2906977    
 Current convergence R-1 =   1.0285747E-02  chain steps =       18567
 slow changes           0  power changes           0
 Current convergence R-1 =   9.7567905E-03  chain steps =       18625
 slow changes           0  power changes           0
 Current convergence R-1 =   9.7670220E-03  chain steps =       18703
 slow changes           0  power changes           0
 metropolis rat:  0.2853486      in        18749 , best:    10.47284    
 local acceptance ratio:  0.2525252    
 Current convergence R-1 =   9.6738627E-03  chain steps =       18785
 slow changes           0  power changes           0
 Current convergence R-1 =   8.7253861E-03  chain steps =       18883
 slow changes           0  power changes           0
 metropolis rat:  0.2853067      in        18927 , best:    10.47284    
 local acceptance ratio:  0.2808989    
 Current convergence R-1 =   8.5056331E-03  chain steps =       18969
 slow changes           0  power changes           0
 Current convergence R-1 =   8.0146203E-03  chain steps =       19025
 slow changes           0  power changes           0
 Current convergence R-1 =   8.5021239E-03  chain steps =       19103
 slow changes           0  power changes           0
 metropolis rat:  0.2849077      in        19129 , best:    10.47284    
 local acceptance ratio:  0.2475248    
 Current convergence R-1 =   8.6241718E-03  chain steps =       19185
 slow changes           0  power changes           0
 Current convergence R-1 =   8.1162844E-03  chain steps =       19265
 slow changes           0  power changes           0
 metropolis rat:  0.2843406      in        19343 , best:    10.47284    
 local acceptance ratio:  0.2336449    
 Current convergence R-1 =   7.4048210E-03  chain steps =       19344
 slow changes           0  power changes           0
 Current convergence R-1 =   6.8294574E-03  chain steps =       19425
 slow changes           0  power changes           0
 Current convergence R-1 =   6.3696015E-03  chain steps =       19504
 slow changes           0  power changes           0
 metropolis rat:  0.2838875      in        19550 , best:    10.47284    
 local acceptance ratio:  0.2415459    
 Current convergence R-1 =   6.5268446E-03  chain steps =       19594
 slow changes           0  power changes           0
 Current convergence R-1 =   6.6197221E-03  chain steps =       19662
 slow changes           0  power changes           0
 metropolis rat:  0.2839613      in        19721 , best:    10.47284    
 local acceptance ratio:  0.2923976    
 Current convergence R-1 =   6.5238462E-03  chain steps =       19743
 slow changes           0  power changes           0
 Current convergence R-1 =   6.5837209E-03  chain steps =       19825
 slow changes           0  power changes           0
 Current convergence R-1 =   6.6275960E-03  chain steps =       19905
 slow changes           0  power changes           0
 metropolis rat:  0.2834922      in        19930 , best:    10.47284    
 local acceptance ratio:  0.2392344    
 Current convergence R-1 =   7.0700669E-03  chain steps =       19985
 slow changes           0  power changes           0
 Current convergence R-1 =   7.5622965E-03  chain steps =       20064
 slow changes           0  power changes           0
 Current convergence R-1 =   6.9898348E-03  chain steps =       20142
 slow changes           0  power changes           0
 metropolis rat:  0.2829065      in        20148 , best:    10.47284    
 local acceptance ratio:  0.2293578    
 Current convergence R-1 =   6.7548808E-03  chain steps =       20225
 slow changes           0  power changes           0
 Current convergence R-1 =   6.8832794E-03  chain steps =       20323
 slow changes           0  power changes           0
 metropolis rat:  0.2826525      in        20343 , best:    10.47284    
 local acceptance ratio:  0.2564103    
 Current convergence R-1 =   6.7987763E-03  chain steps =       20385
 slow changes           0  power changes           0
 Current convergence R-1 =   6.7111822E-03  chain steps =       20479
 slow changes           0  power changes           0
 metropolis rat:  0.2824309      in        20536 , best:    10.47284    
 local acceptance ratio:  0.2590674    
 Current convergence R-1 =   6.5928837E-03  chain steps =       20545
 slow changes           0  power changes           0
 Current convergence R-1 =   6.7485790E-03  chain steps =       20625
 slow changes           0  power changes           0
 Current convergence R-1 =   6.4700935E-03  chain steps =       20706
 slow changes           0  power changes           0
 metropolis rat:  0.2822814      in        20724 , best:    10.47284    
 local acceptance ratio:  0.2659574    
 Current convergence R-1 =   6.3780635E-03  chain steps =       20794
 slow changes           0  power changes           0
 Current convergence R-1 =   6.2877191E-03  chain steps =       20866
 slow changes           0  power changes           0
 metropolis rat:  0.2820268      in        20920 , best:    10.47284    
 local acceptance ratio:  0.2551020    
 Current convergence R-1 =   6.2032565E-03  chain steps =       20944
 slow changes           0  power changes           0
 Current convergence R-1 =   6.3590156E-03  chain steps =       21024
 slow changes           0  power changes           0
 Current convergence R-1 =   6.2020943E-03  chain steps =       21105
 slow changes           0  power changes           0
 Current convergence R-1 =   6.1073168E-03  chain steps =       21184
 slow changes           0  power changes           0
 metropolis rat:  0.2806074      in        21204 , best:    10.47284    
 local acceptance ratio:  0.1760563    
 Current convergence R-1 =   6.4235493E-03  chain steps =       21265
 slow changes           0  power changes           0
 Current convergence R-1 =   6.5122931E-03  chain steps =       21366
 slow changes           0  power changes           0
 Current convergence R-1 =   6.4309016E-03  chain steps =       21425
 slow changes           0  power changes           0
 metropolis rat:  0.2798246      in        21442 , best:    10.47284    
 local acceptance ratio:  0.2100840    
 Current convergence R-1 =   6.4961729E-03  chain steps =       21505
 slow changes           0  power changes           0
 Current convergence R-1 =   6.5588201E-03  chain steps =       21585
 slow changes           0  power changes           0
 metropolis rat:  0.2792265      in        21667 , best:    10.47284    
 local acceptance ratio:  0.2222222    
 Current convergence R-1 =   6.5911044E-03  chain steps =       21673
 slow changes           0  power changes           0
 Current convergence R-1 =   6.6742152E-03  chain steps =       21745
 slow changes           0  power changes           0
 Current convergence R-1 =   6.5516271E-03  chain steps =       21825
 slow changes           0  power changes           0
 metropolis rat:  0.2791634      in        21851 , best:    10.47284    
 local acceptance ratio:  0.2717391    
 Current convergence R-1 =   6.6647287E-03  chain steps =       21903
 slow changes           0  power changes           0
 Current convergence R-1 =   6.9329753E-03  chain steps =       21985
 slow changes           0  power changes           0
 Current convergence R-1 =   6.8960716E-03  chain steps =       22065
 slow changes           0  power changes           0
 metropolis rat:  0.2787093      in        22066 , best:    10.47284    
 local acceptance ratio:  0.2325581    
 Current convergence R-1 =   6.7743333E-03  chain steps =       22144
 slow changes           0  power changes           0
 Current convergence R-1 =   6.8477043E-03  chain steps =       22223
 slow changes           0  power changes           0
 metropolis rat:  0.2783639      in        22273 , best:    10.47284    
 local acceptance ratio:  0.2415459    
 Current convergence R-1 =   7.0182877E-03  chain steps =       22305
 slow changes           0  power changes           0
 Current convergence R-1 =   6.9796895E-03  chain steps =       22384
 slow changes           0  power changes           0
 metropolis rat:  0.2785329      in        22439 , best:    10.47284    
 local acceptance ratio:  0.3012048    
 Current convergence R-1 =   6.8087443E-03  chain steps =       22466
 slow changes           0  power changes           0
 Current convergence R-1 =   6.8004634E-03  chain steps =       22548
 slow changes           0  power changes           0
 Current convergence R-1 =   6.7015737E-03  chain steps =       22622
 slow changes           0  power changes           0
 metropolis rat:  0.2779126      in        22669 , best:    10.47284    
 local acceptance ratio:  0.2173913    
 Current convergence R-1 =   6.6948775E-03  chain steps =       22704
 slow changes           0  power changes           0
 Current convergence R-1 =   6.8902168E-03  chain steps =       22810
 slow changes           0  power changes           0
 Current convergence R-1 =   6.9567785E-03  chain steps =       22865
 slow changes           0  power changes           0
 metropolis rat:  0.2776806      in        22868 , best:    10.47284    
 local acceptance ratio:  0.2512563    
 Current convergence R-1 =   7.4199508E-03  chain steps =       22945
 slow changes           0  power changes           0
 metropolis rat:  0.2780916      in        23014 , best:    10.47284    
 local acceptance ratio:  0.3424658    
 Current convergence R-1 =   7.3633944E-03  chain steps =       23032
 slow changes           0  power changes           0
 Current convergence R-1 =   7.1747284E-03  chain steps =       23118
 slow changes           0  power changes           0
 Current convergence R-1 =   7.1640480E-03  chain steps =       23185
 slow changes           0  power changes           0
 metropolis rat:  0.2781011      in        23193 , best:    10.47284    
 local acceptance ratio:  0.2793296    
 Current convergence R-1 =   7.2795716E-03  chain steps =       23265
 slow changes           0  power changes           0
 Current convergence R-1 =   7.3634577E-03  chain steps =       23345
 slow changes           0  power changes           0
 metropolis rat:  0.2776591      in        23410 , best:    10.47284    
 local acceptance ratio:  0.2304147    
 Current convergence R-1 =   7.5517623E-03  chain steps =       23425
 slow changes           0  power changes           0
 Current convergence R-1 =   7.4833781E-03  chain steps =       23505
 slow changes           0  power changes           0
 Current convergence R-1 =   7.8377724E-03  chain steps =       23584
 slow changes           0  power changes           0
 metropolis rat:  0.2775659      in        23598 , best:    10.47284    
 local acceptance ratio:  0.2659574    
 Current convergence R-1 =   7.6256134E-03  chain steps =       23665
 slow changes           0  power changes           0
 metropolis rat:  0.2778830      in        23751 , best:    10.47284    
 local acceptance ratio:  0.3267974    
 Current convergence R-1 =   7.3835626E-03  chain steps =       23754
 slow changes           0  power changes           0
 Current convergence R-1 =   7.5236792E-03  chain steps =       23850
 slow changes           0  power changes           0
 Current convergence R-1 =   7.6665673E-03  chain steps =       23906
 slow changes           0  power changes           0
 metropolis rat:  0.2769103      in        24015 , best:    10.47284    
 local acceptance ratio:  0.1893939    
 Current convergence R-1 =   7.5752460E-03  chain steps =       24021
 slow changes           0  power changes           0
 Current convergence R-1 =   7.7811787E-03  chain steps =       24065
 slow changes           0  power changes           0
 Current convergence R-1 =   7.6729953E-03  chain steps =       24168
 slow changes           0  power changes           0
 metropolis rat:  0.2767109      in        24213 , best:    10.47284    
 local acceptance ratio:  0.2525252    
 Current convergence R-1 =   7.5147506E-03  chain steps =       24231
 slow changes           0  power changes           0
 Current convergence R-1 =   7.5143697E-03  chain steps =       24304
 slow changes           0  power changes           0
 Current convergence R-1 =   7.5551467E-03  chain steps =       24400
 slow changes           0  power changes           0
 metropolis rat:  0.2766280      in        24401 , best:    10.47284    
 local acceptance ratio:  0.2659574    
 Current convergence R-1 =   7.5254086E-03  chain steps =       24465
 slow changes           0  power changes           0
 Current convergence R-1 =   7.4875108E-03  chain steps =       24544
 slow changes           0  power changes           0
 metropolis rat:  0.2764452      in        24598 , best:    10.47284    
 local acceptance ratio:  0.2538071    
 Current convergence R-1 =   7.3678219E-03  chain steps =       24662
 slow changes           0  power changes           0
 Current convergence R-1 =   7.2795521E-03  chain steps =       24705
 slow changes           0  power changes           0
 metropolis rat:  0.2763768      in        24785 , best:    10.47284    
 local acceptance ratio:  0.2673797    
 Current convergence R-1 =   7.3465342E-03  chain steps =       24785
 slow changes           0  power changes           0
 Current convergence R-1 =   7.4814544E-03  chain steps =       24865
 slow changes           0  power changes           0
 Current convergence R-1 =   7.4027968E-03  chain steps =       24945
 slow changes           0  power changes           0
 metropolis rat:  0.2760221      in        24998 , best:    10.47284    
 local acceptance ratio:  0.2347418    
 Current convergence R-1 =   7.1228589E-03  chain steps =       25026
 slow changes           0  power changes           0
 Current convergence R-1 =   7.1398532E-03  chain steps =       25106
 slow changes           0  power changes           0
 Current convergence R-1 =   7.1900049E-03  chain steps =       25183
 slow changes           0  power changes           0
 metropolis rat:  0.2758812      in        25192 , best:    10.47284    
 local acceptance ratio:  0.2577319    
 Current convergence R-1 =   7.3799393E-03  chain steps =       25265
 slow changes           0  power changes           0
 Current convergence R-1 =   7.3386151E-03  chain steps =       25362
 slow changes           0  power changes           0
 metropolis rat:  0.2754821      in        25410 , best:    10.47284    
 local acceptance ratio:  0.2293578    
 Current convergence R-1 =   7.1633826E-03  chain steps =       25428
 slow changes           0  power changes           0
 Current convergence R-1 =   7.0257927E-03  chain steps =       25504
 slow changes           0  power changes           0
 metropolis rat:  0.2756275      in        25578 , best:    10.47284    
 local acceptance ratio:  0.2976190    
 Current convergence R-1 =   7.0613176E-03  chain steps =       25583
 slow changes           0  power changes           0
 Current convergence R-1 =   6.7473580E-03  chain steps =       25663
 slow changes           0  power changes           0
 Current convergence R-1 =   6.8013803E-03  chain steps =       25751
 slow changes           0  power changes           0
 metropolis rat:  0.2756318      in        25759 , best:    10.47284    
 local acceptance ratio:  0.2762431    
 Current convergence R-1 =   6.1552403E-03  chain steps =       25823
 slow changes           0  power changes           0
 Current convergence R-1 =   6.0598180E-03  chain steps =       25905
 slow changes           0  power changes           0
 metropolis rat:  0.2756042      in        25943 , best:    10.47284    
 local acceptance ratio:  0.2717391    
 Current convergence R-1 =   5.8905147E-03  chain steps =       25985
 slow changes           0  power changes           0
 Current convergence R-1 =   5.6850342E-03  chain steps =       26065
 slow changes           0  power changes           0
 metropolis rat:  0.2754083      in        26143 , best:    10.47284    
 local acceptance ratio:  0.2500000    
 Current convergence R-1 =   5.5880030E-03  chain steps =       26144
 slow changes           0  power changes           0
 Current convergence R-1 =   5.4230867E-03  chain steps =       26243
 slow changes           0  power changes           0
 Current convergence R-1 =   5.3521087E-03  chain steps =       26305
 slow changes           0  power changes           0
 metropolis rat:  0.2754036      in        26325 , best:    10.47284    
 local acceptance ratio:  0.2747253    
 Current convergence R-1 =   5.1925885E-03  chain steps =       26383
 slow changes           0  power changes           0
 Current convergence R-1 =   5.1745526E-03  chain steps =       26465
 slow changes           0  power changes           0
 metropolis rat:  0.2749736      in        26548 , best:    10.47284    
 local acceptance ratio:  0.2242152    
 Current convergence R-1 =   5.0627147E-03  chain steps =       26563
 slow changes           0  power changes           0
 Current convergence R-1 =   5.1113986E-03  chain steps =       26625
 slow changes           0  power changes           0
 Current convergence R-1 =   5.0646449E-03  chain steps =       26705
 slow changes           0  power changes           0
 metropolis rat:  0.2747664      in        26750 , best:    10.47284    
 local acceptance ratio:  0.2475248    
 Current convergence R-1 =   4.7323937E-03  chain steps =       26787
 slow changes           0  power changes           0
 Current convergence R-1 =   4.5957826E-03  chain steps =       26867
 slow changes           0  power changes           0
 Current convergence R-1 =   4.5080753E-03  chain steps =       26945
 slow changes           0  power changes           0
 metropolis rat:  0.2744400      in        26964 , best:    10.47284    
 local acceptance ratio:  0.2336449    
 Current convergence R-1 =   4.3741204E-03  chain steps =       27025
 slow changes           0  power changes           0
 Current convergence R-1 =   4.6185646E-03  chain steps =       27105
 slow changes           0  power changes           0
 metropolis rat:  0.2744722      in        27143 , best:    10.47284    
 local acceptance ratio:  0.2793296    
 Current convergence R-1 =   4.4960859E-03  chain steps =       27205
 slow changes           0  power changes           0
 Current convergence R-1 =   4.5500537E-03  chain steps =       27264
 slow changes           0  power changes           0
 metropolis rat:  0.2743334      in        27339 , best:    10.47284    
 local acceptance ratio:  0.2551020    
 Current convergence R-1 =   4.6821167E-03  chain steps =       27345
 slow changes           0  power changes           0
 Current convergence R-1 =   4.6779974E-03  chain steps =       27423
 slow changes           0  power changes           0
 Current convergence R-1 =   4.7227126E-03  chain steps =       27503
 slow changes           0  power changes           0
 metropolis rat:  0.2740870      in        27546 , best:    10.47284    
 local acceptance ratio:  0.2415459    
 Current convergence R-1 =   4.7156117E-03  chain steps =       27582
 slow changes           0  power changes           0
 Current convergence R-1 =   4.6679121E-03  chain steps =       27664
 slow changes           0  power changes           0
 Current convergence R-1 =   4.6764114E-03  chain steps =       27746
 slow changes           0  power changes           0
 metropolis rat:  0.2738443      in        27753 , best:    10.47284    
 local acceptance ratio:  0.2415459    
 Current convergence R-1 =   4.7230297E-03  chain steps =       27830
 slow changes           0  power changes           0
 Current convergence R-1 =   5.2319281E-03  chain steps =       27909
 slow changes           0  power changes           0
 metropolis rat:  0.2740070      in        27919 , best:    10.47284    
 local acceptance ratio:  0.3012048    
 Current convergence R-1 =   5.0832042E-03  chain steps =       28007
 slow changes           0  power changes           0
 Current convergence R-1 =   5.0866217E-03  chain steps =       28064
 slow changes           0  power changes           0
 metropolis rat:  0.2739044      in        28112 , best:    10.47284    
 local acceptance ratio:  0.2590674    
 Current convergence R-1 =   4.8907502E-03  chain steps =       28148
 slow changes           0  power changes           0
 Current convergence R-1 =   4.5920531E-03  chain steps =       28233
 slow changes           0  power changes           0
 Current convergence R-1 =   4.5398041E-03  chain steps =       28304
 slow changes           0  power changes           0
 metropolis rat:  0.2737258      in        28313 , best:    10.47284    
 local acceptance ratio:  0.2487562    
 Current convergence R-1 =   4.5203385E-03  chain steps =       28417
 slow changes           0  power changes           0
 Current convergence R-1 =   4.4113612E-03  chain steps =       28465
 slow changes           0  power changes           0
 metropolis rat:  0.2737707      in        28491 , best:    10.47284    
 local acceptance ratio:  0.2808989    
 Current convergence R-1 =   4.0836916E-03  chain steps =       28545
 slow changes           0  power changes           0
 Current convergence R-1 =   3.9608902E-03  chain steps =       28644
 slow changes           0  power changes           0
 metropolis rat:  0.2739296      in        28657 , best:    10.47284    
 local acceptance ratio:  0.3012048    
 Current convergence R-1 =   3.8728821E-03  chain steps =       28704
 slow changes           0  power changes           0
 Current convergence R-1 =   3.9294302E-03  chain steps =       28782
 slow changes           0  power changes           0
 metropolis rat:  0.2741152      in        28820 , best:    10.47284    
 local acceptance ratio:  0.3067485    
 Current convergence R-1 =   3.9303596E-03  chain steps =       28880
 slow changes           0  power changes           0
 Current convergence R-1 =   3.9824434E-03  chain steps =       28945
 slow changes           0  power changes           0
 metropolis rat:  0.2742703      in        28986 , best:    10.47284    
 local acceptance ratio:  0.3012048    
 Current convergence R-1 =   3.9541228E-03  chain steps =       29025
 slow changes           0  power changes           0
 Current convergence R-1 =   3.9632753E-03  chain steps =       29103
 slow changes           0  power changes           0
 Current convergence R-1 =   3.9099613E-03  chain steps =       29183
 slow changes           0  power changes           0
 metropolis rat:  0.2739538      in        29202 , best:    10.47284    
 local acceptance ratio:  0.2314815    
 Current convergence R-1 =   3.9614174E-03  chain steps =       29266
 slow changes           0  power changes           0
 Current convergence R-1 =   3.7535541E-03  chain steps =       29345
 slow changes           0  power changes           0
 metropolis rat:  0.2740239      in        29377 , best:    10.47284    
 local acceptance ratio:  0.2857143    
 Current convergence R-1 =   3.8072399E-03  chain steps =       29425
 slow changes           0  power changes           0
 Current convergence R-1 =   3.7503953E-03  chain steps =       29505
 slow changes           0  power changes           0
 Current convergence R-1 =   3.7214241E-03  chain steps =       29585
 slow changes           0  power changes           0
 metropolis rat:  0.2734177      in        29625 , best:    10.47284    
 local acceptance ratio:  0.2016129    
 Current convergence R-1 =   3.6241610E-03  chain steps =       29663
 slow changes           0  power changes           0
 Current convergence R-1 =   3.5454857E-03  chain steps =       29745
 slow changes           0  power changes           0
 metropolis rat:  0.2734624      in        29803 , best:    10.47284    
 local acceptance ratio:  0.2808989    
 Current convergence R-1 =   3.5090479E-03  chain steps =       29826
 slow changes           0  power changes           0
 Current convergence R-1 =   3.7090234E-03  chain steps =       29903
 slow changes           0  power changes           0
 Current convergence R-1 =   3.8875705E-03  chain steps =       29988
 slow changes           0  power changes           0
 metropolis rat:  0.2732514      in        30009 , best:    10.47284    
 local acceptance ratio:  0.2427184    
 Current convergence R-1 =   3.9460273E-03  chain steps =       30064
 slow changes           0  power changes           0
 Current convergence R-1 =   3.6656125E-03  chain steps =       30145
 slow changes           0  power changes           0
 Current convergence R-1 =   3.6463477E-03  chain steps =       30225
 slow changes           0  power changes           0
 metropolis rat:  0.2728626      in        30235 , best:    10.47284    
 local acceptance ratio:  0.2212389    
 Current convergence R-1 =   3.6446184E-03  chain steps =       30304
 slow changes           0  power changes           0
 Current convergence R-1 =   3.6861219E-03  chain steps =       30383
 slow changes           0  power changes           0
 metropolis rat:  0.2731251      in        30389 , best:    10.47284    
 local acceptance ratio:  0.3246753    
 Current convergence R-1 =   3.6927792E-03  chain steps =       30463
 slow changes           0  power changes           0
 metropolis rat:  0.2733493      in        30547 , best:    10.47284    
 local acceptance ratio:  0.3164557    
 Current convergence R-1 =   3.7466865E-03  chain steps =       30557
 slow changes           0  power changes           0
 Current convergence R-1 =   3.6974102E-03  chain steps =       30630
 slow changes           0  power changes           0
 Current convergence R-1 =   3.6006155E-03  chain steps =       30705
 slow changes           0  power changes           0
 metropolis rat:  0.2735355      in        30709 , best:    10.47284    
 local acceptance ratio:  0.3086420    
 Current convergence R-1 =   3.5613552E-03  chain steps =       30787
 slow changes           0  power changes           0
 Current convergence R-1 =   3.3804094E-03  chain steps =       30874
 slow changes           0  power changes           0
 metropolis rat:  0.2736399      in        30880 , best:    10.47284    
 local acceptance ratio:  0.2923976    
 Current convergence R-1 =   3.0537751E-03  chain steps =       30942
 slow changes           0  power changes           0
 Current convergence R-1 =   2.3913048E-03  chain steps =       31026
 slow changes           0  power changes           0
 metropolis rat:  0.2734614      in        31083 , best:    10.47284    
 local acceptance ratio:  0.2463054    
 Current convergence R-1 =   2.0343596E-03  chain steps =       31106
 slow changes           0  power changes           0
 Current convergence R-1 =   1.6234729E-03  chain steps =       31185
 slow changes           0  power changes           0
 metropolis rat:  0.2736350      in        31246 , best:    10.47284    
 local acceptance ratio:  0.3067485    
 Current convergence R-1 =   1.3553168E-03  chain steps =       31293
 slow changes           0  power changes           0
