 metropolis rat:  0.7936508      in           63 , best:    10.74797    
 local acceptance ratio:  0.7936508    
 metropolis rat:  0.8333333      in          120 , best:    10.74797    
 local acceptance ratio:  0.8771930    
 Current convergence R-1 =    20.26462      chain steps =         135
 slow changes           0  power changes           0
 metropolis rat:  0.8064516      in          186 , best:    10.74797    
 local acceptance ratio:  0.7575758    
 Current convergence R-1 =   0.3696854      chain steps =         213
 slow changes           0  power changes           0
 Current convergence R-1 =   0.5806656      chain steps =         292
 slow changes           0  power changes           0
 metropolis rat:  0.6825939      in          293 , best:    10.47289    
 local acceptance ratio:  0.4672897    
 Current convergence R-1 =   0.1453023      chain steps =         373
 slow changes           0  power changes           0
 metropolis rat:  0.5787037      in          432 , best:    10.47289    
 local acceptance ratio:  0.3597122    
 Current convergence R-1 =   0.1145580      chain steps =         441
 slow changes           0  power changes           0
 Current convergence R-1 =   0.1111236      chain steps =         514
 slow changes           0  power changes           0
 metropolis rat:  0.5172414      in          580 , best:    10.47289    
 local acceptance ratio:  0.3378378    
 Current convergence R-1 =   0.1456004      chain steps =         616
 slow changes           0  power changes           0
 Current convergence R-1 =   5.9663955E-02  chain steps =         718
 slow changes           0  power changes           0
 metropolis rat:  0.4464286      in          784 , best:    10.47289    
 local acceptance ratio:  0.2450980    
 Current convergence R-1 =   5.6764621E-02  chain steps =         788
 slow changes           0  power changes           0
 Current convergence R-1 =   6.0008083E-02  chain steps =         888
 slow changes           0  power changes           0
 metropolis rat:  0.4184100      in          956 , best:    10.47289    
 local acceptance ratio:  0.2906977    
 Current convergence R-1 =   6.5057106E-02  chain steps =         989
 slow changes           0  power changes           0
 Current convergence R-1 =   7.9685889E-02  chain steps =        1063
 slow changes           0  power changes           0
 Current convergence R-1 =   7.9219073E-02  chain steps =        1111
 slow changes           0  power changes           0
 metropolis rat:  0.3964758      in         1135 , best:    10.47289    
 local acceptance ratio:  0.2793296    
 Current convergence R-1 =   6.0285322E-02  chain steps =        1172
 slow changes           0  power changes           0
 Current convergence R-1 =   6.3861042E-02  chain steps =        1219
 slow changes           0  power changes           0
 metropolis rat:  0.3949447      in         1266 , best:    10.47289    
 local acceptance ratio:  0.3816794    
 Current convergence R-1 =   2.7843177E-02  chain steps =        1270
 slow changes           0  power changes           0
 Current convergence R-1 =   2.9110221E-02  chain steps =        1363
 slow changes           0  power changes           0
 metropolis rat:  0.3920171      in         1403 , best:    10.47289    
 local acceptance ratio:  0.3649635    
 Current convergence R-1 =   5.0117489E-02  chain steps =        1436
 slow changes           0  power changes           0
 Current convergence R-1 =   4.2851403E-02  chain steps =        1520
 slow changes           0  power changes           0
 metropolis rat:  0.3870968      in         1550 , best:    10.47289    
 local acceptance ratio:  0.3401361    
 Current convergence R-1 =   4.7022920E-02  chain steps =        1621
 slow changes           0  power changes           0
 Current convergence R-1 =   3.8655464E-02  chain steps =        1677
 slow changes           0  power changes           0
 metropolis rat:  0.3850711      in         1688 , best:    10.47289    
 local acceptance ratio:  0.3623188    
 Current convergence R-1 =   2.9221788E-02  chain steps =        1741
 slow changes           0  power changes           0
 Current convergence R-1 =   3.2477912E-02  chain steps =        1802
 slow changes           0  power changes           0
 metropolis rat:  0.3848268      in         1819 , best:    10.47289    
 local acceptance ratio:  0.3816794    
 Current convergence R-1 =   2.4364520E-02  chain steps =        1884
 slow changes           0  power changes           0
 Current convergence R-1 =   1.7318213E-02  chain steps =        1920
 slow changes           0  power changes           0
 Current convergence R-1 =   1.6261922E-02  chain steps =        1970
 slow changes           0  power changes           0
 metropolis rat:  0.3803245      in         1972 , best:    10.47289    
 local acceptance ratio:  0.3267974    
 Current convergence R-1 =   1.7236626E-02  chain steps =        2020
 slow changes           0  power changes           0
 Current convergence R-1 =   1.6498044E-02  chain steps =        2060
 slow changes           0  power changes           0
 metropolis rat:  0.3802281      in         2104 , best:    10.47289    
 local acceptance ratio:  0.3787879    
 Current convergence R-1 =   1.4328569E-02  chain steps =        2112
 slow changes           0  power changes           0
 Current convergence R-1 =   1.0572337E-02  chain steps =        2169
 slow changes           0  power changes           0
 Current convergence R-1 =   8.6400239E-03  chain steps =        2244
 slow changes           0  power changes           0
 metropolis rat:  0.3767731      in         2256 , best:    10.47289    
 local acceptance ratio:  0.3289474    
 Current convergence R-1 =   1.2439716E-02  chain steps =        2335
 slow changes           0  power changes           0
 metropolis rat:  0.3759398      in         2394 , best:    10.47289    
 local acceptance ratio:  0.3623188    
 Current convergence R-1 =   1.2506031E-02  chain steps =        2433
 slow changes           0  power changes           0
 Current convergence R-1 =   1.2488786E-02  chain steps =        2463
 slow changes           0  power changes           0
 Current convergence R-1 =   1.7960282E-02  chain steps =        2523
 slow changes           0  power changes           0
 metropolis rat:  0.3726952      in         2549 , best:    10.47289    
 local acceptance ratio:  0.3225806    
 Current convergence R-1 =   1.8298997E-02  chain steps =        2578
 slow changes           0  power changes           0
 Current convergence R-1 =   2.4258127E-02  chain steps =        2638
 slow changes           0  power changes           0
 metropolis rat:  0.3656307      in         2735 , best:    10.47289    
 local acceptance ratio:  0.2688172    
 Current convergence R-1 =   2.0802744E-02  chain steps =        2740
 slow changes           0  power changes           0
 Current convergence R-1 =   1.9580588E-02  chain steps =        2861
 slow changes           0  power changes           0
 metropolis rat:  0.3634475      in         2889 , best:    10.47289    
 local acceptance ratio:  0.3246753    
 Current convergence R-1 =   1.7291991E-02  chain steps =        2900
 slow changes           0  power changes           0
 Current convergence R-1 =   1.7345065E-02  chain steps =        2956
 slow changes           0  power changes           0
 Current convergence R-1 =   2.1438736E-02  chain steps =        3034
 slow changes           0  power changes           0
 Current convergence R-1 =   2.2409782E-02  chain steps =        3078
 slow changes           0  power changes           0
 metropolis rat:  0.3548387      in         3100 , best:    10.47289    
 local acceptance ratio:  0.2369668    
 Current convergence R-1 =   2.3535205E-02  chain steps =        3122
 slow changes           0  power changes           0
 Current convergence R-1 =   2.4104977E-02  chain steps =        3166
 slow changes           0  power changes           0
 Current convergence R-1 =   2.1681467E-02  chain steps =        3230
 slow changes           0  power changes           0
 Current convergence R-1 =   2.0370875E-02  chain steps =        3300
 slow changes           0  power changes           0
 metropolis rat:  0.3474320      in         3310 , best:    10.47289    
 local acceptance ratio:  0.2380952    
 Current convergence R-1 =   2.3050297E-02  chain steps =        3364
 slow changes           0  power changes           0
 Current convergence R-1 =   2.3048131E-02  chain steps =        3427
 slow changes           0  power changes           0
 metropolis rat:  0.3432494      in         3496 , best:    10.47289    
 local acceptance ratio:  0.2688172    
 Current convergence R-1 =   2.1430945E-02  chain steps =        3503
 slow changes           0  power changes           0
 Current convergence R-1 =   1.9865440E-02  chain steps =        3631
 slow changes           0  power changes           0
 Current convergence R-1 =   1.7560979E-02  chain steps =        3732
 slow changes           0  power changes           0
 metropolis rat:  0.3341353      in         3741 , best:    10.47289    
 local acceptance ratio:  0.2040816    
 Current convergence R-1 =   1.3765421E-02  chain steps =        3845
 slow changes           0  power changes           0
 Current convergence R-1 =   1.6718296E-02  chain steps =        3905
 slow changes           0  power changes           0
 metropolis rat:  0.3328213      in         3906 , best:    10.47289    
 local acceptance ratio:  0.3030303    
 Current convergence R-1 =   1.7792569E-02  chain steps =        4019
 slow changes           0  power changes           0
 Current convergence R-1 =   1.9579271E-02  chain steps =        4045
 slow changes           0  power changes           0
 metropolis rat:  0.3319400      in         4067 , best:    10.47289    
 local acceptance ratio:  0.3105590    
 Current convergence R-1 =   2.2279168E-02  chain steps =        4102
 slow changes           0  power changes           0
 Current convergence R-1 =   2.3074524E-02  chain steps =        4166
 slow changes           0  power changes           0
 Current convergence R-1 =   2.2884468E-02  chain steps =        4230
 slow changes           0  power changes           0
 metropolis rat:  0.3284072      in         4263 , best:    10.47289    
 local acceptance ratio:  0.2551020    
 Current convergence R-1 =   2.4479188E-02  chain steps =        4284
 slow changes           0  power changes           0
 Current convergence R-1 =   2.1798480E-02  chain steps =        4376
 slow changes           0  power changes           0
 metropolis rat:  0.3294706      in         4401 , best:    10.47289    
 local acceptance ratio:  0.3623188    
 Current convergence R-1 =   1.7408609E-02  chain steps =        4420
 slow changes           0  power changes           0
 Current convergence R-1 =   1.6066808E-02  chain steps =        4491
 slow changes           0  power changes           0
 Current convergence R-1 =   1.5448635E-02  chain steps =        4547
 slow changes           0  power changes           0
 metropolis rat:  0.3297428      in         4549 , best:    10.47289    
 local acceptance ratio:  0.3378378    
 Current convergence R-1 =   1.4503623E-02  chain steps =        4659
 slow changes           0  power changes           0
 metropolis rat:  0.3244714      in         4777 , best:    10.47289    
 local acceptance ratio:  0.2192982    
 Current convergence R-1 =   1.4992399E-02  chain steps =        4777
 slow changes           0  power changes           0
 Current convergence R-1 =   1.5840575E-02  chain steps =        4914
 slow changes           0  power changes           0
 metropolis rat:  0.3212206      in         4981 , best:    10.47289    
 local acceptance ratio:  0.2450980    
 Current convergence R-1 =   1.7422633E-02  chain steps =        5001
 slow changes           0  power changes           0
 Current convergence R-1 =   1.6417459E-02  chain steps =        5097
 slow changes           0  power changes           0
 metropolis rat:  0.3217001      in         5129 , best:    10.47289    
 local acceptance ratio:  0.3378378    
 Current convergence R-1 =   1.3995450E-02  chain steps =        5156
 slow changes           0  power changes           0
 Current convergence R-1 =   1.2745649E-02  chain steps =        5237
 slow changes           0  power changes           0
 Current convergence R-1 =   1.1822604E-02  chain steps =        5277
 slow changes           0  power changes           0
 Current convergence R-1 =   1.1702188E-02  chain steps =        5317
 slow changes           0  power changes           0
 metropolis rat:  0.3194888      in         5321 , best:    10.47289    
 local acceptance ratio:  0.2604167    
 Current convergence R-1 =   1.0845081E-02  chain steps =        5404
 slow changes           0  power changes           0
 metropolis rat:  0.3199854      in         5469 , best:    10.47289    
 local acceptance ratio:  0.3378378    
 Current convergence R-1 =   1.2659001E-02  chain steps =        5471
 slow changes           0  power changes           0
 Current convergence R-1 =   1.1942378E-02  chain steps =        5575
 slow changes           0  power changes           0
 Current convergence R-1 =   1.1412541E-02  chain steps =        5669
 slow changes           0  power changes           0
 metropolis rat:  0.3174603      in         5670 , best:    10.47289    
 local acceptance ratio:  0.2487562    
 Current convergence R-1 =   1.0982748E-02  chain steps =        5692
 slow changes           0  power changes           0
 Current convergence R-1 =   1.0650653E-02  chain steps =        5749
 slow changes           0  power changes           0
 Current convergence R-1 =   1.1586521E-02  chain steps =        5808
 slow changes           0  power changes           0
 metropolis rat:  0.3172698      in         5831 , best:    10.47289    
 local acceptance ratio:  0.3105590    
 Current convergence R-1 =   1.2289856E-02  chain steps =        5889
 slow changes           0  power changes           0
 Current convergence R-1 =   1.2413471E-02  chain steps =        5942
 slow changes           0  power changes           0
 Current convergence R-1 =   9.9966694E-03  chain steps =        5985
 slow changes           0  power changes           0
 metropolis rat:  0.3143094      in         6045 , best:    10.47289    
 local acceptance ratio:  0.2336449    
 Current convergence R-1 =   1.0408393E-02  chain steps =        6053
 slow changes           0  power changes           0
 Current convergence R-1 =   1.3239681E-02  chain steps =        6143
 slow changes           0  power changes           0
 Current convergence R-1 =   1.3432962E-02  chain steps =        6233
 slow changes           0  power changes           0
 metropolis rat:  0.3114021      in         6262 , best:    10.47289    
 local acceptance ratio:  0.2304147    
 Current convergence R-1 =   1.3195063E-02  chain steps =        6320
 slow changes           0  power changes           0
 Current convergence R-1 =   1.3226447E-02  chain steps =        6413
 slow changes           0  power changes           0
 metropolis rat:  0.3108003      in         6435 , best:    10.47289    
 local acceptance ratio:  0.2890173    
 Current convergence R-1 =   1.5031958E-02  chain steps =        6502
 slow changes           0  power changes           0
 Current convergence R-1 =   1.3779363E-02  chain steps =        6566
 slow changes           0  power changes           0
 metropolis rat:  0.3091074      in         6632 , best:    10.47289    
 local acceptance ratio:  0.2538071    
 Current convergence R-1 =   1.3647722E-02  chain steps =        6639
 slow changes           0  power changes           0
 Current convergence R-1 =   1.2582983E-02  chain steps =        6696
 slow changes           0  power changes           0
 Current convergence R-1 =   1.2414449E-02  chain steps =        6798
 slow changes           0  power changes           0
 metropolis rat:  0.3075571      in         6828 , best:    10.47289    
 local acceptance ratio:  0.2551020    
 Current convergence R-1 =   1.3308940E-02  chain steps =        6889
 slow changes           0  power changes           0
 Current convergence R-1 =   1.3011537E-02  chain steps =        6918
 slow changes           0  power changes           0
 Current convergence R-1 =   1.3780963E-02  chain steps =        6969
 slow changes           0  power changes           0
 metropolis rat:  0.3068360      in         7007 , best:    10.47289    
 local acceptance ratio:  0.2793296    
 Current convergence R-1 =   1.4194680E-02  chain steps =        7069
 slow changes           0  power changes           0
 Current convergence R-1 =   1.3536068E-02  chain steps =        7130
 slow changes           0  power changes           0
 metropolis rat:  0.3064067      in         7180 , best:    10.47289    
 local acceptance ratio:  0.2890173    
 Current convergence R-1 =   1.4123460E-02  chain steps =        7189
 slow changes           0  power changes           0
 Current convergence R-1 =   1.3149503E-02  chain steps =        7290
 slow changes           0  power changes           0
 metropolis rat:  0.3067067      in         7336 , best:    10.47289    
 local acceptance ratio:  0.3205128    
 Current convergence R-1 =   1.2921884E-02  chain steps =        7387
 slow changes           0  power changes           0
 Current convergence R-1 =   1.3139321E-02  chain steps =        7445
 slow changes           0  power changes           0
 metropolis rat:  0.3073634      in         7483 , best:    10.47289    
 local acceptance ratio:  0.3401361    
 Current convergence R-1 =   1.2421481E-02  chain steps =        7508
 slow changes           0  power changes           0
 Current convergence R-1 =   1.2659702E-02  chain steps =        7587
 slow changes           0  power changes           0
 Current convergence R-1 =   1.1948938E-02  chain steps =        7645
 slow changes           0  power changes           0
 metropolis rat:  0.3071494      in         7651 , best:    10.47289    
 local acceptance ratio:  0.2976190    
 Current convergence R-1 =   1.1755290E-02  chain steps =        7685
 slow changes           0  power changes           0
 Current convergence R-1 =   1.3668241E-02  chain steps =        7744
 slow changes           0  power changes           0
 Current convergence R-1 =   1.4528643E-02  chain steps =        7804
 slow changes           0  power changes           0
 metropolis rat:  0.3062396      in         7837 , best:    10.47289    
 local acceptance ratio:  0.2688172    
 Current convergence R-1 =   1.7571263E-02  chain steps =        7841
 slow changes           0  power changes           0
 Current convergence R-1 =   1.7610716E-02  chain steps =        7885
 slow changes           0  power changes           0
 Current convergence R-1 =   1.6656786E-02  chain steps =        7950
 slow changes           0  power changes           0
 metropolis rat:  0.3057150      in         8014 , best:    10.47289    
 local acceptance ratio:  0.2824859    
 Current convergence R-1 =   1.6684959E-02  chain steps =        8030
 slow changes           0  power changes           0
 Current convergence R-1 =   1.5630128E-02  chain steps =        8109
 slow changes           0  power changes           0
 Current convergence R-1 =   1.4771297E-02  chain steps =        8175
 slow changes           0  power changes           0
 metropolis rat:  0.3054741      in         8184 , best:    10.47289    
 local acceptance ratio:  0.2941177    
 Current convergence R-1 =   1.4638633E-02  chain steps =        8216
 slow changes           0  power changes           0
 Current convergence R-1 =   1.2138001E-02  chain steps =        8370
 slow changes           0  power changes           0
 metropolis rat:  0.3045867      in         8372 , best:    10.47289    
 local acceptance ratio:  0.2659574    
 Current convergence R-1 =   1.3422893E-02  chain steps =        8496
 slow changes           0  power changes           0
 Current convergence R-1 =   1.2941300E-02  chain steps =        8543
 slow changes           0  power changes           0
 metropolis rat:  0.3041647      in         8548 , best:    10.47289    
 local acceptance ratio:  0.2840909    
 Current convergence R-1 =   1.1237547E-02  chain steps =        8596
 slow changes           0  power changes           0
 Current convergence R-1 =   1.0914998E-02  chain steps =        8625
 slow changes           0  power changes           0
 Current convergence R-1 =   1.0277148E-02  chain steps =        8670
 slow changes           0  power changes           0
 Current convergence R-1 =   1.0173445E-02  chain steps =        8744
 slow changes           0  power changes           0
 metropolis rat:  0.3024769      in         8761 , best:    10.47289    
 local acceptance ratio:  0.2347418    
 Current convergence R-1 =   1.2066312E-02  chain steps =        8838
 slow changes           0  power changes           0
 Current convergence R-1 =   1.2300418E-02  chain steps =        8904
 slow changes           0  power changes           0
 metropolis rat:  0.3017434      in         8948 , best:    10.47289    
 local acceptance ratio:  0.2673797    
 Current convergence R-1 =   1.1866562E-02  chain steps =        8988
 slow changes           0  power changes           0
 Current convergence R-1 =   1.2095657E-02  chain steps =        9057
 slow changes           0  power changes           0
 Current convergence R-1 =   1.1353409E-02  chain steps =        9110
 slow changes           0  power changes           0
 metropolis rat:  0.3017667      in         9113 , best:    10.47289    
 local acceptance ratio:  0.3030303    
 Current convergence R-1 =   1.0643224E-02  chain steps =        9199
 slow changes           0  power changes           0
 Current convergence R-1 =   1.0468352E-02  chain steps =        9259
 slow changes           0  power changes           0
 metropolis rat:  0.3013345      in         9292 , best:    10.47289    
 local acceptance ratio:  0.2793296    
 Current convergence R-1 =   1.0205270E-02  chain steps =        9353
 slow changes           0  power changes           0
 Current convergence R-1 =   9.8766070E-03  chain steps =        9385
 slow changes           0  power changes           0
 Current convergence R-1 =   9.5569361E-03  chain steps =        9438
 slow changes           0  power changes           0
 Current convergence R-1 =   8.8749938E-03  chain steps =        9449
 slow changes           0  power changes           0
 metropolis rat:  0.3012367      in         9461 , best:    10.47289    
 local acceptance ratio:  0.2958580    
 Current convergence R-1 =   8.0712698E-03  chain steps =        9511
 slow changes           0  power changes           0
 Current convergence R-1 =   7.6751690E-03  chain steps =        9563
 slow changes           0  power changes           0
 metropolis rat:  0.3013926      in         9622 , best:    10.47289    
 local acceptance ratio:  0.3105590    
 Current convergence R-1 =   7.6081008E-03  chain steps =        9695
 slow changes           0  power changes           0
 Current convergence R-1 =   7.7227755E-03  chain steps =        9757
 slow changes           0  power changes           0
 Current convergence R-1 =   8.0271941E-03  chain steps =        9799
 slow changes           0  power changes           0
 metropolis rat:  0.2993404      in         9855 , best:    10.47289    
 local acceptance ratio:  0.2145923    
 Current convergence R-1 =   7.9261642E-03  chain steps =        9870
 slow changes           0  power changes           0
 Current convergence R-1 =   7.4462234E-03  chain steps =        9933
 slow changes           0  power changes           0
 metropolis rat:  0.3000900      in         9997 , best:    10.47289    
 local acceptance ratio:  0.3521127    
 Current convergence R-1 =   7.9407021E-03  chain steps =       10008
 slow changes           0  power changes           0
 Current convergence R-1 =   8.1497645E-03  chain steps =       10140
 slow changes           0  power changes           0
 metropolis rat:  0.3003742      in        10154 , best:    10.47289    
 local acceptance ratio:  0.3184713    
 Current convergence R-1 =   7.9060197E-03  chain steps =       10176
 slow changes           0  power changes           0
 Current convergence R-1 =   7.4297856E-03  chain steps =       10241
 slow changes           0  power changes           0
 Current convergence R-1 =   7.3193163E-03  chain steps =       10290
 slow changes           0  power changes           0
 metropolis rat:  0.3002131      in        10326 , best:    10.47289    
 local acceptance ratio:  0.2906977    
 Current convergence R-1 =   7.4992585E-03  chain steps =       10375
 slow changes           0  power changes           0
 Current convergence R-1 =   8.7214047E-03  chain steps =       10501
 slow changes           0  power changes           0
 metropolis rat:  0.2996575      in        10512 , best:    10.47289    
 local acceptance ratio:  0.2688172    
 Current convergence R-1 =   7.4911318E-03  chain steps =       10575
 slow changes           0  power changes           0
 Current convergence R-1 =   7.6247430E-03  chain steps =       10629
 slow changes           0  power changes           0
 metropolis rat:  0.3000188      in        10666 , best:    10.47289    
 local acceptance ratio:  0.3246753    
 Current convergence R-1 =   9.0960478E-03  chain steps =       10730
 slow changes           0  power changes           0
 Current convergence R-1 =   9.9022537E-03  chain steps =       10803
 slow changes           0  power changes           0
 metropolis rat:  0.2998432      in        10839 , best:    10.47289    
 local acceptance ratio:  0.2890173    
 Current convergence R-1 =   9.6192425E-03  chain steps =       10863
 slow changes           0  power changes           0
 Current convergence R-1 =   9.4553074E-03  chain steps =       10888
 slow changes           0  power changes           0
 Current convergence R-1 =   8.9408914E-03  chain steps =       10941
 slow changes           0  power changes           0
 Current convergence R-1 =   8.0949618E-03  chain steps =       11015
 slow changes           0  power changes           0
 metropolis rat:  0.2994012      in        11022 , best:    10.47289    
 local acceptance ratio:  0.2732241    
 Current convergence R-1 =   7.3919692E-03  chain steps =       11054
 slow changes           0  power changes           0
 Current convergence R-1 =   7.1282838E-03  chain steps =       11151
 slow changes           0  power changes           0
 Current convergence R-1 =   7.1142591E-03  chain steps =       11183
 slow changes           0  power changes           0
 metropolis rat:  0.2988403      in        11210 , best:    10.47289    
 local acceptance ratio:  0.2659574    
 Current convergence R-1 =   6.8990928E-03  chain steps =       11248
 slow changes           0  power changes           0
 Current convergence R-1 =   7.0453025E-03  chain steps =       11342
 slow changes           0  power changes           0
 metropolis rat:  0.2992694      in        11361 , best:    10.47289    
 local acceptance ratio:  0.3311258    
 Current convergence R-1 =   7.3134997E-03  chain steps =       11425
 slow changes           0  power changes           0
 Current convergence R-1 =   6.4241597E-03  chain steps =       11521
 slow changes           0  power changes           0
 metropolis rat:  0.2990638      in        11536 , best:    10.47289    
 local acceptance ratio:  0.2857143    
 Current convergence R-1 =   6.2261191E-03  chain steps =       11562
 slow changes           0  power changes           0
 Current convergence R-1 =   6.2751747E-03  chain steps =       11633
 slow changes           0  power changes           0
 metropolis rat:  0.2992476      in        11696 , best:    10.47289    
 local acceptance ratio:  0.3125000    
 Current convergence R-1 =   5.3908313E-03  chain steps =       11707
 slow changes           0  power changes           0
 Current convergence R-1 =   3.5367440E-03  chain steps =       11770
 slow changes           0  power changes           0
 Current convergence R-1 =   3.0860445E-03  chain steps =       11849
 slow changes           0  power changes           0
 Current convergence R-1 =   3.3023127E-03  chain steps =       11896
 slow changes           0  power changes           0
 metropolis rat:  0.2983946      in        11897 , best:    10.47289    
 local acceptance ratio:  0.2487562    
 Current convergence R-1 =   3.7732122E-03  chain steps =       11956
 slow changes           0  power changes           0
 Current convergence R-1 =   3.7892023E-03  chain steps =       12018
 slow changes           0  power changes           0
 Current convergence R-1 =   4.1276696E-03  chain steps =       12045
 slow changes           0  power changes           0
 metropolis rat:  0.2982107      in        12072 , best:    10.47289    
 local acceptance ratio:  0.2857143    
 Current convergence R-1 =   4.4003762E-03  chain steps =       12127
 slow changes           0  power changes           0
 Current convergence R-1 =   4.5574750E-03  chain steps =       12172
 slow changes           0  power changes           0
 metropolis rat:  0.2990823      in        12204 , best:    10.47289    
 local acceptance ratio:  0.3787879    
 Current convergence R-1 =   4.3845177E-03  chain steps =       12232
 slow changes           0  power changes           0
 Current convergence R-1 =   4.2684772E-03  chain steps =       12324
 slow changes           0  power changes           0
 Current convergence R-1 =   4.0614577E-03  chain steps =       12355
 slow changes           0  power changes           0
 metropolis rat:  0.2981226      in        12411 , best:    10.47289    
 local acceptance ratio:  0.2415459    
 Current convergence R-1 =   3.9118221E-03  chain steps =       12438
 slow changes           0  power changes           0
 Current convergence R-1 =   3.8053901E-03  chain steps =       12470
 slow changes           0  power changes           0
 Current convergence R-1 =   3.8653109E-03  chain steps =       12524
 slow changes           0  power changes           0
 Current convergence R-1 =   3.9773812E-03  chain steps =       12598
 slow changes           0  power changes           0
 metropolis rat:  0.2975954      in        12601 , best:    10.47289    
 local acceptance ratio:  0.2631579    
 Current convergence R-1 =   4.3401783E-03  chain steps =       12689
 slow changes           0  power changes           0
 metropolis rat:  0.2969214      in        12798 , best:    10.47289    
 local acceptance ratio:  0.2538071    
 Current convergence R-1 =   6.4298115E-03  chain steps =       12804
 slow changes           0  power changes           0
 Current convergence R-1 =   6.1828909E-03  chain steps =       12881
 slow changes           0  power changes           0
 metropolis rat:  0.2969075      in        12967 , best:    10.47289    
 local acceptance ratio:  0.2958580    
 Current convergence R-1 =   6.5478054E-03  chain steps =       12996
 slow changes           0  power changes           0
 Current convergence R-1 =   7.5106635E-03  chain steps =       13066
 slow changes           0  power changes           0
 metropolis rat:  0.2969393      in        13134 , best:    10.47289    
 local acceptance ratio:  0.2994012    
 Current convergence R-1 =   7.6430095E-03  chain steps =       13139
 slow changes           0  power changes           0
 Current convergence R-1 =   7.4395649E-03  chain steps =       13184
 slow changes           0  power changes           0
 Current convergence R-1 =   7.1694409E-03  chain steps =       13235
 slow changes           0  power changes           0
 Current convergence R-1 =   6.7137857E-03  chain steps =       13284
 slow changes           0  power changes           0
 Current convergence R-1 =   6.8787276E-03  chain steps =       13320
 slow changes           0  power changes           0
 metropolis rat:  0.2961686      in        13337 , best:    10.47289    
 local acceptance ratio:  0.2463054    
 Current convergence R-1 =   6.9108517E-03  chain steps =       13365
 slow changes           0  power changes           0
 Current convergence R-1 =   6.9809258E-03  chain steps =       13432
 slow changes           0  power changes           0
 metropolis rat:  0.2954428      in        13539 , best:    10.47289    
 local acceptance ratio:  0.2475248    
 Current convergence R-1 =   8.5671926E-03  chain steps =       13552
 slow changes           0  power changes           0
 Current convergence R-1 =   1.1006460E-02  chain steps =       13649
 slow changes           0  power changes           0
 metropolis rat:  0.2960959      in        13678 , best:    10.47289    
 local acceptance ratio:  0.3597122    
 Current convergence R-1 =   1.2406622E-02  chain steps =       13681
 slow changes           0  power changes           0
 Current convergence R-1 =   1.5316330E-02  chain steps =       13749
 slow changes           0  power changes           0
 Current convergence R-1 =   1.7028512E-02  chain steps =       13812
 slow changes           0  power changes           0
 metropolis rat:  0.2960716      in        13848 , best:    10.47289    
 local acceptance ratio:  0.2941177    
 Current convergence R-1 =   1.7302938E-02  chain steps =       13858
 slow changes           0  power changes           0
 Current convergence R-1 =   1.7352350E-02  chain steps =       13939
 slow changes           0  power changes           0
 Current convergence R-1 =   1.7036054E-02  chain steps =       14022
 slow changes           0  power changes           0
 metropolis rat:  0.2958791      in        14026 , best:    10.47289    
 local acceptance ratio:  0.2808989    
 Current convergence R-1 =   1.6387546E-02  chain steps =       14089
 slow changes           0  power changes           0
 Current convergence R-1 =   1.6159182E-02  chain steps =       14124
 slow changes           0  power changes           0
 Current convergence R-1 =   1.6168442E-02  chain steps =       14210
 slow changes           0  power changes           0
 metropolis rat:  0.2950474      in        14235 , best:    10.47289    
 local acceptance ratio:  0.2392344    
 Current convergence R-1 =   1.4800896E-02  chain steps =       14297
 slow changes           0  power changes           0
 Current convergence R-1 =   1.4531225E-02  chain steps =       14407
 slow changes           0  power changes           0
 Current convergence R-1 =   1.4624992E-02  chain steps =       14472
 slow changes           0  power changes           0
 metropolis rat:  0.2935083      in        14480 , best:    10.47289    
 local acceptance ratio:  0.2040816    
 Current convergence R-1 =   1.4324106E-02  chain steps =       14543
 slow changes           0  power changes           0
 Current convergence R-1 =   1.3902059E-02  chain steps =       14614
 slow changes           0  power changes           0
 metropolis rat:  0.2934753      in        14652 , best:    10.47289    
 local acceptance ratio:  0.2906977    
 Current convergence R-1 =   1.4202358E-02  chain steps =       14703
 slow changes           0  power changes           0
 Current convergence R-1 =   1.3744981E-02  chain steps =       14773
 slow changes           0  power changes           0
 metropolis rat:  0.2922013      in        14887 , best:    10.47289    
 local acceptance ratio:  0.2127660    
 Current convergence R-1 =   1.3067486E-02  chain steps =       14903
 slow changes           0  power changes           0
 Current convergence R-1 =   1.2572032E-02  chain steps =       14955
 slow changes           0  power changes           0
 Current convergence R-1 =   1.2210603E-02  chain steps =       15056
 slow changes           0  power changes           0
 metropolis rat:  0.2914293      in        15098 , best:    10.47289    
 local acceptance ratio:  0.2369668    
 Current convergence R-1 =   1.2331120E-02  chain steps =       15099
 slow changes           0  power changes           0
 Current convergence R-1 =   1.2240312E-02  chain steps =       15123
 slow changes           0  power changes           0
 Current convergence R-1 =   1.2472322E-02  chain steps =       15183
 slow changes           0  power changes           0
 Current convergence R-1 =   1.3143091E-02  chain steps =       15255
 slow changes           0  power changes           0
 metropolis rat:  0.2913448      in        15274 , best:    10.47289    
 local acceptance ratio:  0.2840909    
 Current convergence R-1 =   1.2221170E-02  chain steps =       15319
 slow changes           0  power changes           0
 Current convergence R-1 =   1.1842312E-02  chain steps =       15424
 slow changes           0  power changes           0
 metropolis rat:  0.2912810      in        15449 , best:    10.47289    
 local acceptance ratio:  0.2857143    
 Current convergence R-1 =   1.1807449E-02  chain steps =       15511
 slow changes           0  power changes           0
 Current convergence R-1 =   1.1875763E-02  chain steps =       15583
 slow changes           0  power changes           0
 Current convergence R-1 =   1.1312642E-02  chain steps =       15636
 slow changes           0  power changes           0
 metropolis rat:  0.2909765      in        15637 , best:    10.47289    
 local acceptance ratio:  0.2659574    
 Current convergence R-1 =   1.0841779E-02  chain steps =       15654
 slow changes           0  power changes           0
 Current convergence R-1 =   1.0569554E-02  chain steps =       15672
 slow changes           0  power changes           0
 Current convergence R-1 =   1.0530930E-02  chain steps =       15734
 slow changes           0  power changes           0
 metropolis rat:  0.2907161      in        15823 , best:    10.47289    
 local acceptance ratio:  0.2688172    
 Current convergence R-1 =   1.0440083E-02  chain steps =       15823
 slow changes           0  power changes           0
 Current convergence R-1 =   1.0431259E-02  chain steps =       15892
 slow changes           0  power changes           0
 Current convergence R-1 =   1.0564880E-02  chain steps =       15989
 slow changes           0  power changes           0
 metropolis rat:  0.2904979      in        16007 , best:    10.47289    
 local acceptance ratio:  0.2717391    
 Current convergence R-1 =   1.0526859E-02  chain steps =       16024
 slow changes           0  power changes           0
 Current convergence R-1 =   1.0739589E-02  chain steps =       16090
 slow changes           0  power changes           0
 Current convergence R-1 =   1.0285747E-02  chain steps =       16209
 slow changes           0  power changes           0
 metropolis rat:  0.2894623      in        16237 , best:    10.47289    
 local acceptance ratio:  0.2173913    
 Current convergence R-1 =   9.7567905E-03  chain steps =       16258
 slow changes           0  power changes           0
 Current convergence R-1 =   9.7670220E-03  chain steps =       16318
 slow changes           0  power changes           0
 Current convergence R-1 =   9.6738627E-03  chain steps =       16405
 slow changes           0  power changes           0
 metropolis rat:  0.2892990      in        16419 , best:    10.47289    
 local acceptance ratio:  0.2747253    
 Current convergence R-1 =   8.7253861E-03  chain steps =       16498
 slow changes           0  power changes           0
 Current convergence R-1 =   8.5056331E-03  chain steps =       16551
 slow changes           0  power changes           0
 Current convergence R-1 =   8.0146203E-03  chain steps =       16613
 slow changes           0  power changes           0
 metropolis rat:  0.2884442      in        16641 , best:    10.47289    
 local acceptance ratio:  0.2252252    
 Current convergence R-1 =   8.5021239E-03  chain steps =       16679
 slow changes           0  power changes           0
 Current convergence R-1 =   8.6241718E-03  chain steps =       16758
 slow changes           0  power changes           0
 Current convergence R-1 =   8.1162844E-03  chain steps =       16790
 slow changes           0  power changes           0
 metropolis rat:  0.2884501      in        16814 , best:    10.47289    
 local acceptance ratio:  0.2890173    
 Current convergence R-1 =   7.4048210E-03  chain steps =       16851
 slow changes           0  power changes           0
 Current convergence R-1 =   6.8294574E-03  chain steps =       16905
 slow changes           0  power changes           0
 Current convergence R-1 =   6.3696015E-03  chain steps =       16957
 slow changes           0  power changes           0
 metropolis rat:  0.2885408      in        16982 , best:    10.47289    
 local acceptance ratio:  0.2976190    
 Current convergence R-1 =   6.5268446E-03  chain steps =       17052
 slow changes           0  power changes           0
 Current convergence R-1 =   6.6197221E-03  chain steps =       17096
 slow changes           0  power changes           0
 metropolis rat:  0.2879079      in        17193 , best:    10.47289    
 local acceptance ratio:  0.2369668    
 Current convergence R-1 =   6.5238462E-03  chain steps =       17198
 slow changes           0  power changes           0
 Current convergence R-1 =   6.5837209E-03  chain steps =       17299
 slow changes           0  power changes           0
 Current convergence R-1 =   6.6275960E-03  chain steps =       17352
 slow changes           0  power changes           0
 metropolis rat:  0.2876704      in        17381 , best:    10.47283    
 local acceptance ratio:  0.2659574    
 Current convergence R-1 =   7.0700669E-03  chain steps =       17432
 slow changes           0  power changes           0
 Current convergence R-1 =   7.5622965E-03  chain steps =       17477
 slow changes           0  power changes           0
 Current convergence R-1 =   6.9898348E-03  chain steps =       17547
 slow changes           0  power changes           0
 metropolis rat:  0.2869807      in        17597 , best:    10.47283    
 local acceptance ratio:  0.2314815    
 Current convergence R-1 =   6.7548808E-03  chain steps =       17625
 slow changes           0  power changes           0
 Current convergence R-1 =   6.8832794E-03  chain steps =       17682
 slow changes           0  power changes           0
 Current convergence R-1 =   6.7987763E-03  chain steps =       17757
 slow changes           0  power changes           0
 metropolis rat:  0.2867263      in        17787 , best:    10.47283    
 local acceptance ratio:  0.2631579    
 Current convergence R-1 =   6.7111822E-03  chain steps =       17809
 slow changes           0  power changes           0
 Current convergence R-1 =   6.5928837E-03  chain steps =       17867
 slow changes           0  power changes           0
 Current convergence R-1 =   6.7485790E-03  chain steps =       17912
 slow changes           0  power changes           0
 metropolis rat:  0.2866685      in        17965 , best:    10.47283    
 local acceptance ratio:  0.2808989    
 Current convergence R-1 =   6.4700935E-03  chain steps =       18048
 slow changes           0  power changes           0
 Current convergence R-1 =   6.3780635E-03  chain steps =       18119
 slow changes           0  power changes           0
 metropolis rat:  0.2858085      in        18194 , best:    10.47283    
 local acceptance ratio:  0.2183406    
 Current convergence R-1 =   6.2877191E-03  chain steps =       18196
 slow changes           0  power changes           0
 Current convergence R-1 =   6.2032565E-03  chain steps =       18279
 slow changes           0  power changes           0
 Current convergence R-1 =   6.3590156E-03  chain steps =       18357
 slow changes           0  power changes           0
 metropolis rat:  0.2850318      in        18419 , best:    10.47283    
 local acceptance ratio:  0.2222222    
 Current convergence R-1 =   6.2020943E-03  chain steps =       18424
 slow changes           0  power changes           0
 Current convergence R-1 =   6.1073168E-03  chain steps =       18514
 slow changes           0  power changes           0
 metropolis rat:  0.2848850      in        18604 , best:    10.47283    
 local acceptance ratio:  0.2702703    
 Current convergence R-1 =   6.4235493E-03  chain steps =       18619
 slow changes           0  power changes           0
 Current convergence R-1 =   6.5122931E-03  chain steps =       18716
 slow changes           0  power changes           0
 Current convergence R-1 =   6.4309016E-03  chain steps =       18743
 slow changes           0  power changes           0
 metropolis rat:  0.2851812      in        18760 , best:    10.47283    
 local acceptance ratio:  0.3205128    
 Current convergence R-1 =   6.4961729E-03  chain steps =       18791
 slow changes           0  power changes           0
 Current convergence R-1 =   6.5588201E-03  chain steps =       18851
 slow changes           0  power changes           0
 Current convergence R-1 =   6.5911044E-03  chain steps =       18870
 slow changes           0  power changes           0
 metropolis rat:  0.2847801      in        18962 , best:    10.47283    
 local acceptance ratio:  0.2475248    
 Current convergence R-1 =   6.6742152E-03  chain steps =       18985
 slow changes           0  power changes           0
 Current convergence R-1 =   6.5516271E-03  chain steps =       19093
 slow changes           0  power changes           0
 metropolis rat:  0.2844913      in        19157 , best:    10.47283    
 local acceptance ratio:  0.2564103    
 Current convergence R-1 =   6.6647287E-03  chain steps =       19209
 slow changes           0  power changes           0
 Current convergence R-1 =   6.9329753E-03  chain steps =       19258
 slow changes           0  power changes           0
 Current convergence R-1 =   6.8960716E-03  chain steps =       19334
 slow changes           0  power changes           0
 metropolis rat:  0.2836221      in        19392 , best:    10.47283    
 local acceptance ratio:  0.2127660    
 Current convergence R-1 =   6.7743333E-03  chain steps =       19404
 slow changes           0  power changes           0
 Current convergence R-1 =   6.8477043E-03  chain steps =       19439
 slow changes           0  power changes           0
 Current convergence R-1 =   7.0182877E-03  chain steps =       19479
 slow changes           0  power changes           0
 Current convergence R-1 =   6.9796895E-03  chain steps =       19525
 slow changes           0  power changes           0
 metropolis rat:  0.2836118      in        19569 , best:    10.47283    
 local acceptance ratio:  0.2824859    
 Current convergence R-1 =   6.8087443E-03  chain steps =       19585
 slow changes           0  power changes           0
 Current convergence R-1 =   6.8004634E-03  chain steps =       19650
 slow changes           0  power changes           0
 Current convergence R-1 =   6.7015737E-03  chain steps =       19697
 slow changes           0  power changes           0
 Current convergence R-1 =   6.6948775E-03  chain steps =       19737
 slow changes           0  power changes           0
 metropolis rat:  0.2836017      in        19746 , best:    10.47283    
 local acceptance ratio:  0.2824859    
 Current convergence R-1 =   6.8902168E-03  chain steps =       19787
 slow changes           0  power changes           0
 Current convergence R-1 =   6.9567785E-03  chain steps =       19829
 slow changes           0  power changes           0
 metropolis rat:  0.2834496      in        19933 , best:    10.47283    
 local acceptance ratio:  0.2673797    
 Current convergence R-1 =   7.4199508E-03  chain steps =       19940
 slow changes           0  power changes           0
 Current convergence R-1 =   7.3633944E-03  chain steps =       19976
 slow changes           0  power changes           0
 Current convergence R-1 =   7.1747284E-03  chain steps =       20040
 slow changes           0  power changes           0
 metropolis rat:  0.2837656      in        20087 , best:    10.47283    
 local acceptance ratio:  0.3246753    
 Current convergence R-1 =   7.1640480E-03  chain steps =       20105
 slow changes           0  power changes           0
 Current convergence R-1 =   7.2795716E-03  chain steps =       20178
 slow changes           0  power changes           0
 Current convergence R-1 =   7.3634577E-03  chain steps =       20244
 slow changes           0  power changes           0
 metropolis rat:  0.2833769      in        20291 , best:    10.47283    
 local acceptance ratio:  0.2450980    
 Current convergence R-1 =   7.5517623E-03  chain steps =       20313
 slow changes           0  power changes           0
 Current convergence R-1 =   7.4833781E-03  chain steps =       20409
 slow changes           0  power changes           0
 Current convergence R-1 =   7.8377724E-03  chain steps =       20494
 slow changes           0  power changes           0
 metropolis rat:  0.2826648      in        20519 , best:    10.47283    
 local acceptance ratio:  0.2192982    
 Current convergence R-1 =   7.6256134E-03  chain steps =       20588
 slow changes           0  power changes           0
 Current convergence R-1 =   7.3835626E-03  chain steps =       20645
 slow changes           0  power changes           0
 metropolis rat:  0.2827590      in        20689 , best:    10.47283    
 local acceptance ratio:  0.2941177    
 Current convergence R-1 =   7.5236792E-03  chain steps =       20710
 slow changes           0  power changes           0
 Current convergence R-1 =   7.6665673E-03  chain steps =       20754
 slow changes           0  power changes           0
 Current convergence R-1 =   7.5752460E-03  chain steps =       20779
 slow changes           0  power changes           0
 Current convergence R-1 =   7.7811787E-03  chain steps =       20819
 slow changes           0  power changes           0
 metropolis rat:  0.2822426      in        20904 , best:    10.47283    
 local acceptance ratio:  0.2325581    
 Current convergence R-1 =   7.6729953E-03  chain steps =       20962
 slow changes           0  power changes           0
 Current convergence R-1 =   7.5147506E-03  chain steps =       21008
 slow changes           0  power changes           0
 metropolis rat:  0.2814569      in        21140 , best:    10.47283    
 local acceptance ratio:  0.2118644    
 Current convergence R-1 =   7.5143697E-03  chain steps =       21164
 slow changes           0  power changes           0
 Current convergence R-1 =   7.5551467E-03  chain steps =       21211
 slow changes           0  power changes           0
 Current convergence R-1 =   7.5254086E-03  chain steps =       21257
 slow changes           0  power changes           0
 Current convergence R-1 =   7.4875108E-03  chain steps =       21344
 slow changes           0  power changes           0
 metropolis rat:  0.2804918      in        21391 , best:    10.47283    
 local acceptance ratio:  0.1992032    
 Current convergence R-1 =   7.3678219E-03  chain steps =       21431
 slow changes           0  power changes           0
 Current convergence R-1 =   7.2795521E-03  chain steps =       21481
 slow changes           0  power changes           0
 metropolis rat:  0.2809641      in        21533 , best:    10.47283    
 local acceptance ratio:  0.3521127    
 Current convergence R-1 =   7.3465342E-03  chain steps =       21576
 slow changes           0  power changes           0
 Current convergence R-1 =   7.4814544E-03  chain steps =       21663
 slow changes           0  power changes           0
 Current convergence R-1 =   7.4027968E-03  chain steps =       21718
 slow changes           0  power changes           0
 metropolis rat:  0.2806404      in        21736 , best:    10.47283    
 local acceptance ratio:  0.2463054    
 Current convergence R-1 =   7.1228589E-03  chain steps =       21750
 slow changes           0  power changes           0
 Current convergence R-1 =   7.1398532E-03  chain steps =       21811
 slow changes           0  power changes           0
 Current convergence R-1 =   7.1900049E-03  chain steps =       21891
 slow changes           0  power changes           0
 metropolis rat:  0.2806041      in        21917 , best:    10.47283    
 local acceptance ratio:  0.2762431    
 Current convergence R-1 =   7.3799393E-03  chain steps =       21966
 slow changes           0  power changes           0
 Current convergence R-1 =   7.3386151E-03  chain steps =       22047
 slow changes           0  power changes           0
 metropolis rat:  0.2803400      in        22116 , best:    10.47283    
 local acceptance ratio:  0.2512563    
 Current convergence R-1 =   7.1633826E-03  chain steps =       22119
 slow changes           0  power changes           0
 Current convergence R-1 =   7.0257927E-03  chain steps =       22185
 slow changes           0  power changes           0
 Current convergence R-1 =   7.0613176E-03  chain steps =       22213
 slow changes           0  power changes           0
 Current convergence R-1 =   6.7473580E-03  chain steps =       22300
 slow changes           0  power changes           0
 metropolis rat:  0.2801309      in        22311 , best:    10.47283    
 local acceptance ratio:  0.2564103    
 Current convergence R-1 =   6.8013803E-03  chain steps =       22374
 slow changes           0  power changes           0
 Current convergence R-1 =   6.1552403E-03  chain steps =       22464
 slow changes           0  power changes           0
 metropolis rat:  0.2801993      in        22484 , best:    10.47283    
 local acceptance ratio:  0.2890173    
 Current convergence R-1 =   6.0598180E-03  chain steps =       22571
 slow changes           0  power changes           0
 Current convergence R-1 =   5.8905147E-03  chain steps =       22629
 slow changes           0  power changes           0
 metropolis rat:  0.2797357      in        22700 , best:    10.47283    
 local acceptance ratio:  0.2314815    
 Current convergence R-1 =   5.6850342E-03  chain steps =       22722
 slow changes           0  power changes           0
 Current convergence R-1 =   5.5880030E-03  chain steps =       22822
 slow changes           0  power changes           0
 metropolis rat:  0.2795736      in        22892 , best:    10.47283    
 local acceptance ratio:  0.2604167    
 Current convergence R-1 =   5.4230867E-03  chain steps =       22893
 slow changes           0  power changes           0
 Current convergence R-1 =   5.3521087E-03  chain steps =       22939
 slow changes           0  power changes           0
 Current convergence R-1 =   5.1925885E-03  chain steps =       22984
 slow changes           0  power changes           0
 Current convergence R-1 =   5.1745526E-03  chain steps =       23031
 slow changes           0  power changes           0
 metropolis rat:  0.2796808      in        23062 , best:    10.47283    
 local acceptance ratio:  0.2941177    
 Current convergence R-1 =   5.0627147E-03  chain steps =       23097
 slow changes           0  power changes           0
 Current convergence R-1 =   5.1113986E-03  chain steps =       23140
 slow changes           0  power changes           0
 Current convergence R-1 =   5.0646449E-03  chain steps =       23229
 slow changes           0  power changes           0
 metropolis rat:  0.2793296      in        23270 , best:    10.47283    
 local acceptance ratio:  0.2403846    
 Current convergence R-1 =   4.7323937E-03  chain steps =       23305
 slow changes           0  power changes           0
 Current convergence R-1 =   4.5957826E-03  chain steps =       23366
 slow changes           0  power changes           0
 metropolis rat:  0.2796994      in        23418 , best:    10.47283    
 local acceptance ratio:  0.3378378    
 Current convergence R-1 =   4.5080753E-03  chain steps =       23423
 slow changes           0  power changes           0
 Current convergence R-1 =   4.3741204E-03  chain steps =       23537
 slow changes           0  power changes           0
 metropolis rat:  0.2790462      in        23652 , best:    10.47283    
 local acceptance ratio:  0.2136752    
 Current convergence R-1 =   4.6185646E-03  chain steps =       23653
 slow changes           0  power changes           0
 Current convergence R-1 =   4.4960859E-03  chain steps =       23700
 slow changes           0  power changes           0
 Current convergence R-1 =   4.5500537E-03  chain steps =       23774
 slow changes           0  power changes           0
 Current convergence R-1 =   4.6821167E-03  chain steps =       23827
 slow changes           0  power changes           0
 metropolis rat:  0.2787792      in        23854 , best:    10.47283    
 local acceptance ratio:  0.2475248    
 Current convergence R-1 =   4.6779974E-03  chain steps =       23885
 slow changes           0  power changes           0
 Current convergence R-1 =   4.7227126E-03  chain steps =       23908
 slow changes           0  power changes           0
 Current convergence R-1 =   4.7156117E-03  chain steps =       23951
 slow changes           0  power changes           0
 Current convergence R-1 =   4.6679121E-03  chain steps =       24013
 slow changes           0  power changes           0
 metropolis rat:  0.2789226      in        24021 , best:    10.47283    
 local acceptance ratio:  0.2994012    
 Current convergence R-1 =   4.6764114E-03  chain steps =       24080
 slow changes           0  power changes           0
 Current convergence R-1 =   4.7230297E-03  chain steps =       24124
 slow changes           0  power changes           0
 Current convergence R-1 =   5.2319281E-03  chain steps =       24163
 slow changes           0  power changes           0
 metropolis rat:  0.2787298      in        24217 , best:    10.47283    
 local acceptance ratio:  0.2551020    
 Current convergence R-1 =   5.0832042E-03  chain steps =       24245
 slow changes           0  power changes           0
 Current convergence R-1 =   5.0866217E-03  chain steps =       24329
 slow changes           0  power changes           0
 metropolis rat:  0.2791920      in        24356 , best:    10.47283    
 local acceptance ratio:  0.3597122    
 Current convergence R-1 =   4.8907502E-03  chain steps =       24374
 slow changes           0  power changes           0
 Current convergence R-1 =   4.5920531E-03  chain steps =       24464
 slow changes           0  power changes           0
 Current convergence R-1 =   4.5398041E-03  chain steps =       24518
 slow changes           0  power changes           0
 metropolis rat:  0.2790906      in        24544 , best:    10.47283    
 local acceptance ratio:  0.2659574    
 Current convergence R-1 =   4.5203385E-03  chain steps =       24637
 slow changes           0  power changes           0
 Current convergence R-1 =   4.4113612E-03  chain steps =       24665
 slow changes           0  power changes           0
 Current convergence R-1 =   4.0836916E-03  chain steps =       24707
 slow changes           0  power changes           0
 metropolis rat:  0.2787203      in        24756 , best:    10.47283    
 local acceptance ratio:  0.2358491    
 Current convergence R-1 =   3.9608902E-03  chain steps =       24785
 slow changes           0  power changes           0
 Current convergence R-1 =   3.8728821E-03  chain steps =       24878
 slow changes           0  power changes           0
 Current convergence R-1 =   3.9294302E-03  chain steps =       24976
 slow changes           0  power changes           0
 metropolis rat:  0.2782337      in        24979 , best:    10.47283    
 local acceptance ratio:  0.2242152    
 Current convergence R-1 =   3.9303596E-03  chain steps =       25060
 slow changes           0  power changes           0
 Current convergence R-1 =   3.9824434E-03  chain steps =       25103
 slow changes           0  power changes           0
 metropolis rat:  0.2780536      in        25175 , best:    10.47283    
 local acceptance ratio:  0.2551020    
 Current convergence R-1 =   3.9541228E-03  chain steps =       25180
 slow changes           0  power changes           0
 Current convergence R-1 =   3.9632753E-03  chain steps =       25305
 slow changes           0  power changes           0
 Current convergence R-1 =   3.9099613E-03  chain steps =       25365
 slow changes           0  power changes           0
 metropolis rat:  0.2775044      in        25405 , best:    10.47283    
 local acceptance ratio:  0.2173913    
 Current convergence R-1 =   3.9614174E-03  chain steps =       25480
 slow changes           0  power changes           0
 Current convergence R-1 =   3.7535541E-03  chain steps =       25526
 slow changes           0  power changes           0
 metropolis rat:  0.2776040      in        25576 , best:    10.47283    
 local acceptance ratio:  0.2923976    
 Current convergence R-1 =   3.8072399E-03  chain steps =       25610
 slow changes           0  power changes           0
 Current convergence R-1 =   3.7503953E-03  chain steps =       25656
 slow changes           0  power changes           0
 Current convergence R-1 =   3.7214241E-03  chain steps =       25753
 slow changes           0  power changes           0
 metropolis rat:  0.2774436      in        25771 , best:    10.47283    
 local acceptance ratio:  0.2564103    
 Current convergence R-1 =   3.6241610E-03  chain steps =       25848
 slow changes           0  power changes           0
 Current convergence R-1 =   3.5454857E-03  chain steps =       25900
 slow changes           0  power changes           0
 metropolis rat:  0.2774566      in        25950 , best:    10.47283    
 local acceptance ratio:  0.2793296    
 Current convergence R-1 =   3.5090479E-03  chain steps =       25988
 slow changes           0  power changes           0
 Current convergence R-1 =   3.7090234E-03  chain steps =       26071
 slow changes           0  power changes           0
 Current convergence R-1 =   3.8875705E-03  chain steps =       26149
 slow changes           0  power changes           0
 metropolis rat:  0.2771724      in        26157 , best:    10.47283    
 local acceptance ratio:  0.2415459    
 Current convergence R-1 =   3.9460273E-03  chain steps =       26187
 slow changes           0  power changes           0
 Current convergence R-1 =   3.6656125E-03  chain steps =       26252
 slow changes           0  power changes           0
 Current convergence R-1 =   3.6463477E-03  chain steps =       26299
 slow changes           0  power changes           0
 metropolis rat:  0.2772924      in        26326 , best:    10.47283    
 local acceptance ratio:  0.2958580    
 Current convergence R-1 =   3.6446184E-03  chain steps =       26383
 slow changes           0  power changes           0
 Current convergence R-1 =   3.6861219E-03  chain steps =       26448
 slow changes           0  power changes           0
 Current convergence R-1 =   3.6927792E-03  chain steps =       26525
 slow changes           0  power changes           0
 metropolis rat:  0.2768570      in        26548 , best:    10.47283    
 local acceptance ratio:  0.2252252    
 Current convergence R-1 =   3.7466865E-03  chain steps =       26609
 slow changes           0  power changes           0
 Current convergence R-1 =   3.6974102E-03  chain steps =       26647
 slow changes           0  power changes           0
 metropolis rat:  0.2771017      in        26705 , best:    10.47283    
 local acceptance ratio:  0.3184713    
 Current convergence R-1 =   3.6006155E-03  chain steps =       26729
 slow changes           0  power changes           0
 Current convergence R-1 =   3.5613552E-03  chain steps =       26814
 slow changes           0  power changes           0
 Current convergence R-1 =   3.3804094E-03  chain steps =       26906
 slow changes           0  power changes           0
 metropolis rat:  0.2767870      in        26916 , best:    10.47283    
 local acceptance ratio:  0.2369668    
 Current convergence R-1 =   3.0537751E-03  chain steps =       26968
 slow changes           0  power changes           0
 Current convergence R-1 =   2.3913048E-03  chain steps =       27056
 slow changes           0  power changes           0
 metropolis rat:  0.2768039      in        27095 , best:    10.47283    
 local acceptance ratio:  0.2793296    
 Current convergence R-1 =   2.0343596E-03  chain steps =       27102
 slow changes           0  power changes           0
 Current convergence R-1 =   1.6234729E-03  chain steps =       27165
 slow changes           0  power changes           0
 Current convergence R-1 =   1.3553168E-03  chain steps =       27224
 slow changes           0  power changes           0
