 metropolis rat:  0.8474576      in           59 , best:    10.82247    
 local acceptance ratio:  0.8474576    
 metropolis rat:  0.7812500      in          128 , best:    10.73422    
 local acceptance ratio:  0.7246377    
 Current convergence R-1 =    20.26462      chain steps =         132
 slow changes           0  power changes           0
 metropolis rat:  0.7389163      in          203 , best:    10.73422    
 local acceptance ratio:  0.6666667    
 Current convergence R-1 =   0.3696854      chain steps =         205
 slow changes           0  power changes           0
 Current convergence R-1 =   0.5806656      chain steps =         236
 slow changes           0  power changes           0
 Current convergence R-1 =   0.1453023      chain steps =         310
 slow changes           0  power changes           0
 metropolis rat:  0.5970149      in          335 , best:    10.50939    
 local acceptance ratio:  0.3787879    
 Current convergence R-1 =   0.1145580      chain steps =         390
 slow changes           0  power changes           0
 metropolis rat:  0.5219207      in          479 , best:    10.48037    
 local acceptance ratio:  0.3472222    
 Current convergence R-1 =   0.1111236      chain steps =         489
 slow changes           0  power changes           0
 Current convergence R-1 =   0.1456004      chain steps =         607
 slow changes           0  power changes           0
 metropolis rat:  0.4792332      in          626 , best:    10.48037    
 local acceptance ratio:  0.3401361    
 Current convergence R-1 =   5.9663955E-02  chain steps =         668
 slow changes           0  power changes           0
 Current convergence R-1 =   5.6764621E-02  chain steps =         729
 slow changes           0  power changes           0
 metropolis rat:  0.4545455      in          770 , best:    10.48037    
 local acceptance ratio:  0.3472222    
 Current convergence R-1 =   6.0008083E-02  chain steps =         819
 slow changes           0  power changes           0
 Current convergence R-1 =   6.5057106E-02  chain steps =         888
 slow changes           0  power changes           0
 metropolis rat:  0.4390779      in          911 , best:    10.47749    
 local acceptance ratio:  0.3546099    
 Current convergence R-1 =   7.9685889E-02  chain steps =         936
 slow changes           0  power changes           0
 Current convergence R-1 =   7.9219073E-02  chain steps =         974
 slow changes           0  power changes           0
 Current convergence R-1 =   6.0285322E-02  chain steps =        1046
 slow changes           0  power changes           0
 metropolis rat:  0.4297994      in         1047 , best:    10.47749    
 local acceptance ratio:  0.3676471    
 Current convergence R-1 =   6.3861042E-02  chain steps =        1079
 slow changes           0  power changes           0
 Current convergence R-1 =   2.7843177E-02  chain steps =        1143
 slow changes           0  power changes           0
 metropolis rat:  0.4111842      in         1216 , best:    10.47623    
 local acceptance ratio:  0.2958580    
 Current convergence R-1 =   2.9110221E-02  chain steps =        1247
 slow changes           0  power changes           0
 Current convergence R-1 =   5.0117489E-02  chain steps =        1328
 slow changes           0  power changes           0
 metropolis rat:  0.4056047      in         1356 , best:    10.47306    
 local acceptance ratio:  0.3571429    
 Current convergence R-1 =   4.2851403E-02  chain steps =        1432
 slow changes           0  power changes           0
 Current convergence R-1 =   4.7022920E-02  chain steps =        1513
 slow changes           0  power changes           0
 metropolis rat:  0.3931848      in         1526 , best:    10.47306    
 local acceptance ratio:  0.2941177    
 Current convergence R-1 =   3.8655464E-02  chain steps =        1582
 slow changes           0  power changes           0
 Current convergence R-1 =   2.9221788E-02  chain steps =        1648
 slow changes           0  power changes           0
 metropolis rat:  0.3887560      in         1672 , best:    10.47306    
 local acceptance ratio:  0.3424658    
 Current convergence R-1 =   3.2477912E-02  chain steps =        1718
 slow changes           0  power changes           0
 Current convergence R-1 =   2.4364520E-02  chain steps =        1790
 slow changes           0  power changes           0
 metropolis rat:  0.3798155      in         1843 , best:    10.47306    
 local acceptance ratio:  0.2923976    
 Current convergence R-1 =   1.7318213E-02  chain steps =        1843
 slow changes           0  power changes           0
 Current convergence R-1 =   1.6261922E-02  chain steps =        1902
 slow changes           0  power changes           0
 Current convergence R-1 =   1.7236626E-02  chain steps =        1935
 slow changes           0  power changes           0
 Current convergence R-1 =   1.6498044E-02  chain steps =        1986
 slow changes           0  power changes           0
 metropolis rat:  0.3774534      in         1987 , best:    10.47306    
 local acceptance ratio:  0.3472222    
 Current convergence R-1 =   1.4328569E-02  chain steps =        2030
 slow changes           0  power changes           0
 Current convergence R-1 =   1.0572337E-02  chain steps =        2074
 slow changes           0  power changes           0
 metropolis rat:  0.3782506      in         2115 , best:    10.47306    
 local acceptance ratio:  0.3906250    
 Current convergence R-1 =   8.6400239E-03  chain steps =        2147
 slow changes           0  power changes           0
 Current convergence R-1 =   1.2439716E-02  chain steps =        2250
 slow changes           0  power changes           0
 metropolis rat:  0.3749449      in         2267 , best:    10.47306    
 local acceptance ratio:  0.3289474    
 Current convergence R-1 =   1.2506031E-02  chain steps =        2331
 slow changes           0  power changes           0
 Current convergence R-1 =   1.2488786E-02  chain steps =        2372
 slow changes           0  power changes           0
 metropolis rat:  0.3742204      in         2405 , best:    10.47306    
 local acceptance ratio:  0.3623188    
 Current convergence R-1 =   1.7960282E-02  chain steps =        2457
 slow changes           0  power changes           0
 Current convergence R-1 =   1.8298997E-02  chain steps =        2509
 slow changes           0  power changes           0
 metropolis rat:  0.3726952      in         2549 , best:    10.47306    
 local acceptance ratio:  0.3472222    
 Current convergence R-1 =   2.4258127E-02  chain steps =        2581
 slow changes           0  power changes           0
 Current convergence R-1 =   2.0802744E-02  chain steps =        2662
 slow changes           0  power changes           0
 metropolis rat:  0.3706449      in         2698 , best:    10.47306    
 local acceptance ratio:  0.3355705    
 Current convergence R-1 =   1.9580588E-02  chain steps =        2813
 slow changes           0  power changes           0
 metropolis rat:  0.3694581      in         2842 , best:    10.47306    
 local acceptance ratio:  0.3472222    
 Current convergence R-1 =   1.7291991E-02  chain steps =        2857
 slow changes           0  power changes           0
 Current convergence R-1 =   1.7345065E-02  chain steps =        2905
 slow changes           0  power changes           0
 Current convergence R-1 =   2.1438736E-02  chain steps =        2971
 slow changes           0  power changes           0
 metropolis rat:  0.3694995      in         2977 , best:    10.47306    
 local acceptance ratio:  0.3703704    
 Current convergence R-1 =   2.2409782E-02  chain steps =        3013
 slow changes           0  power changes           0
 Current convergence R-1 =   2.3535205E-02  chain steps =        3055
 slow changes           0  power changes           0
 Current convergence R-1 =   2.4104977E-02  chain steps =        3091
 slow changes           0  power changes           0
 Current convergence R-1 =   2.1681467E-02  chain steps =        3148
 slow changes           0  power changes           0
 metropolis rat:  0.3649635      in         3151 , best:    10.47306    
 local acceptance ratio:  0.2873563    
 Current convergence R-1 =   2.0370875E-02  chain steps =        3220
 slow changes           0  power changes           0
 Current convergence R-1 =   2.3050297E-02  chain steps =        3262
 slow changes           0  power changes           0
 Current convergence R-1 =   2.3048131E-02  chain steps =        3312
 slow changes           0  power changes           0
 metropolis rat:  0.3600360      in         3333 , best:    10.47306    
 local acceptance ratio:  0.2747253    
 Current convergence R-1 =   2.1430945E-02  chain steps =        3344
 slow changes           0  power changes           0
 Current convergence R-1 =   1.9865440E-02  chain steps =        3416
 slow changes           0  power changes           0
 Current convergence R-1 =   1.7560979E-02  chain steps =        3482
 slow changes           0  power changes           0
 metropolis rat:  0.3561254      in         3510 , best:    10.47306    
 local acceptance ratio:  0.2824859    
 Current convergence R-1 =   1.3765421E-02  chain steps =        3563
 slow changes           0  power changes           0
 Current convergence R-1 =   1.6718296E-02  chain steps =        3629
 slow changes           0  power changes           0
 metropolis rat:  0.3538378      in         3674 , best:    10.47306    
 local acceptance ratio:  0.3048781    
 Current convergence R-1 =   1.7792569E-02  chain steps =        3731
 slow changes           0  power changes           0
 Current convergence R-1 =   1.9579271E-02  chain steps =        3794
 slow changes           0  power changes           0
 Current convergence R-1 =   2.2279168E-02  chain steps =        3846
 slow changes           0  power changes           0
 metropolis rat:  0.3504673      in         3852 , best:    10.47306    
 local acceptance ratio:  0.2808989    
 Current convergence R-1 =   2.3074524E-02  chain steps =        3882
 slow changes           0  power changes           0
 Current convergence R-1 =   2.2884468E-02  chain steps =        3933
 slow changes           0  power changes           0
 Current convergence R-1 =   2.4479188E-02  chain steps =        3986
 slow changes           0  power changes           0
 metropolis rat:  0.3486056      in         4016 , best:    10.47306    
 local acceptance ratio:  0.3048781    
 Current convergence R-1 =   2.1798480E-02  chain steps =        4065
 slow changes           0  power changes           0
 Current convergence R-1 =   1.7408609E-02  chain steps =        4175
 slow changes           0  power changes           0
 metropolis rat:  0.3413371      in         4248 , best:    10.47306    
 local acceptance ratio:  0.2155172    
 Current convergence R-1 =   1.6066808E-02  chain steps =        4260
 slow changes           0  power changes           0
 Current convergence R-1 =   1.5448635E-02  chain steps =        4322
 slow changes           0  power changes           0
 metropolis rat:  0.3387534      in         4428 , best:    10.47306    
 local acceptance ratio:  0.2777778    
 Current convergence R-1 =   1.4503623E-02  chain steps =        4438
 slow changes           0  power changes           0
 Current convergence R-1 =   1.4992399E-02  chain steps =        4511
 slow changes           0  power changes           0
 Current convergence R-1 =   1.5840575E-02  chain steps =        4592
 slow changes           0  power changes           0
 metropolis rat:  0.3369565      in         4600 , best:    10.47306    
 local acceptance ratio:  0.2906977    
 Current convergence R-1 =   1.7422633E-02  chain steps =        4635
 slow changes           0  power changes           0
 Current convergence R-1 =   1.6417459E-02  chain steps =        4718
 slow changes           0  power changes           0
 Current convergence R-1 =   1.3995450E-02  chain steps =        4788
 slow changes           0  power changes           0
 metropolis rat:  0.3332639      in         4801 , best:    10.47306    
 local acceptance ratio:  0.2487562    
 Current convergence R-1 =   1.2745649E-02  chain steps =        4876
 slow changes           0  power changes           0
 Current convergence R-1 =   1.1822604E-02  chain steps =        4914
 slow changes           0  power changes           0
 Current convergence R-1 =   1.1702188E-02  chain steps =        4943
 slow changes           0  power changes           0
 metropolis rat:  0.3322594      in         4966 , best:    10.47306    
 local acceptance ratio:  0.3030303    
 Current convergence R-1 =   1.0845081E-02  chain steps =        5057
 slow changes           0  power changes           0
 Current convergence R-1 =   1.2659001E-02  chain steps =        5136
 slow changes           0  power changes           0
 metropolis rat:  0.3279954      in         5183 , best:    10.47306    
 local acceptance ratio:  0.2304147    
 Current convergence R-1 =   1.1942378E-02  chain steps =        5209
 slow changes           0  power changes           0
 Current convergence R-1 =   1.1412541E-02  chain steps =        5282
 slow changes           0  power changes           0
 Current convergence R-1 =   1.0982748E-02  chain steps =        5291
 slow changes           0  power changes           0
 Current convergence R-1 =   1.0650653E-02  chain steps =        5342
 slow changes           0  power changes           0
 metropolis rat:  0.3232958      in         5413 , best:    10.47306    
 local acceptance ratio:  0.2173913    
 Current convergence R-1 =   1.1586521E-02  chain steps =        5417
 slow changes           0  power changes           0
 Current convergence R-1 =   1.2289856E-02  chain steps =        5478
 slow changes           0  power changes           0
 metropolis rat:  0.3246753      in         5544 , best:    10.47306    
 local acceptance ratio:  0.3816794    
 Current convergence R-1 =   1.2413471E-02  chain steps =        5547
 slow changes           0  power changes           0
 Current convergence R-1 =   9.9966694E-03  chain steps =        5590
 slow changes           0  power changes           0
 Current convergence R-1 =   1.0408393E-02  chain steps =        5661
 slow changes           0  power changes           0
 metropolis rat:  0.3237095      in         5715 , best:    10.47306    
 local acceptance ratio:  0.2923976    
 Current convergence R-1 =   1.3239681E-02  chain steps =        5760
 slow changes           0  power changes           0
 Current convergence R-1 =   1.3432962E-02  chain steps =        5807
 slow changes           0  power changes           0
 metropolis rat:  0.3217067      in         5906 , best:    10.47306    
 local acceptance ratio:  0.2617801    
 Current convergence R-1 =   1.3195063E-02  chain steps =        5915
 slow changes           0  power changes           0
 Current convergence R-1 =   1.3226447E-02  chain steps =        5981
 slow changes           0  power changes           0
 Current convergence R-1 =   1.5031958E-02  chain steps =        6065
 slow changes           0  power changes           0
 Current convergence R-1 =   1.3779363E-02  chain steps =        6131
 slow changes           0  power changes           0
 metropolis rat:  0.3177966      in         6136 , best:    10.47306    
 local acceptance ratio:  0.2173913    
 Current convergence R-1 =   1.3647722E-02  chain steps =        6202
 slow changes           0  power changes           0
 metropolis rat:  0.3184206      in         6281 , best:    10.47306    
 local acceptance ratio:  0.3448276    
 Current convergence R-1 =   1.2582983E-02  chain steps =        6318
 slow changes           0  power changes           0
 Current convergence R-1 =   1.2414449E-02  chain steps =        6419
 slow changes           0  power changes           0
 metropolis rat:  0.3183724      in         6439 , best:    10.47306    
 local acceptance ratio:  0.3164557    
 Current convergence R-1 =   1.3308940E-02  chain steps =        6526
 slow changes           0  power changes           0
 Current convergence R-1 =   1.3011537E-02  chain steps =        6564
 slow changes           0  power changes           0
 metropolis rat:  0.3169811      in         6625 , best:    10.47306    
 local acceptance ratio:  0.2688172    
 Current convergence R-1 =   1.3780963E-02  chain steps =        6630
 slow changes           0  power changes           0
 Current convergence R-1 =   1.4194680E-02  chain steps =        6732
 slow changes           0  power changes           0
 Current convergence R-1 =   1.3536068E-02  chain steps =        6843
 slow changes           0  power changes           0
 metropolis rat:  0.3136397      in         6855 , best:    10.47306    
 local acceptance ratio:  0.2173913    
 Current convergence R-1 =   1.4123460E-02  chain steps =        6915
 slow changes           0  power changes           0
 Current convergence R-1 =   1.3149503E-02  chain steps =        7009
 slow changes           0  power changes           0
 metropolis rat:  0.3131673      in         7025 , best:    10.47306    
 local acceptance ratio:  0.2941177    
 Current convergence R-1 =   1.2921884E-02  chain steps =        7074
 slow changes           0  power changes           0
 Current convergence R-1 =   1.3139321E-02  chain steps =        7156
 slow changes           0  power changes           0
 Current convergence R-1 =   1.2421481E-02  chain steps =        7181
 slow changes           0  power changes           0
 metropolis rat:  0.3132396      in         7183 , best:    10.47306    
 local acceptance ratio:  0.3164557    
 Current convergence R-1 =   1.2659702E-02  chain steps =        7257
 slow changes           0  power changes           0
 Current convergence R-1 =   1.1948938E-02  chain steps =        7327
 slow changes           0  power changes           0
 metropolis rat:  0.3124575      in         7361 , best:    10.47306    
 local acceptance ratio:  0.2808989    
 Current convergence R-1 =   1.1755290E-02  chain steps =        7369
 slow changes           0  power changes           0
 Current convergence R-1 =   1.3668241E-02  chain steps =        7439
 slow changes           0  power changes           0
 Current convergence R-1 =   1.4528643E-02  chain steps =        7503
 slow changes           0  power changes           0
 metropolis rat:  0.3110111      in         7556 , best:    10.47306    
 local acceptance ratio:  0.2564103    
 Current convergence R-1 =   1.7571263E-02  chain steps =        7577
 slow changes           0  power changes           0
 Current convergence R-1 =   1.7610716E-02  chain steps =        7630
 slow changes           0  power changes           0
 Current convergence R-1 =   1.6656786E-02  chain steps =        7703
 slow changes           0  power changes           0
 metropolis rat:  0.3105188      in         7729 , best:    10.47306    
 local acceptance ratio:  0.2890173    
 Current convergence R-1 =   1.6684959E-02  chain steps =        7797
 slow changes           0  power changes           0
 Current convergence R-1 =   1.5630128E-02  chain steps =        7878
 slow changes           0  power changes           0
 Current convergence R-1 =   1.4771297E-02  chain steps =        7910
 slow changes           0  power changes           0
 metropolis rat:  0.3091873      in         7924 , best:    10.47306    
 local acceptance ratio:  0.2564103    
 Current convergence R-1 =   1.4638633E-02  chain steps =        7948
 slow changes           0  power changes           0
 Current convergence R-1 =   1.2138001E-02  chain steps =        8054
 slow changes           0  power changes           0
 metropolis rat:  0.3097510      in         8071 , best:    10.47306    
 local acceptance ratio:  0.3401361    
 Current convergence R-1 =   1.3422893E-02  chain steps =        8164
 slow changes           0  power changes           0
 Current convergence R-1 =   1.2941300E-02  chain steps =        8202
 slow changes           0  power changes           0
 metropolis rat:  0.3090535      in         8251 , best:    10.47306    
 local acceptance ratio:  0.2777778    
 Current convergence R-1 =   1.1237547E-02  chain steps =        8257
 slow changes           0  power changes           0
 Current convergence R-1 =   1.0914998E-02  chain steps =        8309
 slow changes           0  power changes           0
 Current convergence R-1 =   1.0277148E-02  chain steps =        8380
 slow changes           0  power changes           0
 metropolis rat:  0.3080934      in         8439 , best:    10.47306    
 local acceptance ratio:  0.2659574    
 Current convergence R-1 =   1.0173445E-02  chain steps =        8460
 slow changes           0  power changes           0
 Current convergence R-1 =   1.2066312E-02  chain steps =        8558
 slow changes           0  power changes           0
 metropolis rat:  0.3089658      in         8577 , best:    10.47306    
 local acceptance ratio:  0.3623188    
 Current convergence R-1 =   1.2300418E-02  chain steps =        8652
 slow changes           0  power changes           0
 metropolis rat:  0.3081137      in         8763 , best:    10.47306    
 local acceptance ratio:  0.2688172    
 Current convergence R-1 =   1.1866562E-02  chain steps =        8788
 slow changes           0  power changes           0
 Current convergence R-1 =   1.2095657E-02  chain steps =        8880
 slow changes           0  power changes           0
 Current convergence R-1 =   1.1353409E-02  chain steps =        8930
 slow changes           0  power changes           0
 metropolis rat:  0.3074000      in         8946 , best:    10.47306    
 local acceptance ratio:  0.2732241    
 Current convergence R-1 =   1.0643224E-02  chain steps =        8970
 slow changes           0  power changes           0
 Current convergence R-1 =   1.0468352E-02  chain steps =        9015
 slow changes           0  power changes           0
 Current convergence R-1 =   1.0205270E-02  chain steps =        9099
 slow changes           0  power changes           0
 metropolis rat:  0.3076923      in         9100 , best:    10.47306    
 local acceptance ratio:  0.3246753    
 Current convergence R-1 =   9.8766070E-03  chain steps =        9172
 slow changes           0  power changes           0
 Current convergence R-1 =   9.5569361E-03  chain steps =        9241
 slow changes           0  power changes           0
 Current convergence R-1 =   8.8749938E-03  chain steps =        9284
 slow changes           0  power changes           0
 metropolis rat:  0.3055972      in         9326 , best:    10.47306    
 local acceptance ratio:  0.2212389    
 Current convergence R-1 =   8.0712698E-03  chain steps =        9353
 slow changes           0  power changes           0
 Current convergence R-1 =   7.6751690E-03  chain steps =        9439
 slow changes           0  power changes           0
 metropolis rat:  0.3047819      in         9515 , best:    10.47297    
 local acceptance ratio:  0.2645503    
 Current convergence R-1 =   7.6081008E-03  chain steps =        9545
 slow changes           0  power changes           0
 Current convergence R-1 =   7.7227755E-03  chain steps =        9615
 slow changes           0  power changes           0
 Current convergence R-1 =   8.0271941E-03  chain steps =        9658
 slow changes           0  power changes           0
 Current convergence R-1 =   7.9261642E-03  chain steps =        9723
 slow changes           0  power changes           0
 metropolis rat:  0.3032795      in         9727 , best:    10.47297    
 local acceptance ratio:  0.2358491    
 Current convergence R-1 =   7.4462234E-03  chain steps =        9803
 slow changes           0  power changes           0
 Current convergence R-1 =   7.9407021E-03  chain steps =        9866
 slow changes           0  power changes           0
 metropolis rat:  0.3028773      in         9905 , best:    10.47297    
 local acceptance ratio:  0.2808989    
 Current convergence R-1 =   8.1497645E-03  chain steps =        9964
 slow changes           0  power changes           0
 Current convergence R-1 =   7.9060197E-03  chain steps =        9991
 slow changes           0  power changes           0
 Current convergence R-1 =   7.4297856E-03  chain steps =       10056
 slow changes           0  power changes           0
 metropolis rat:  0.3027295      in        10075 , best:    10.47297    
 local acceptance ratio:  0.2941177    
 Current convergence R-1 =   7.3193163E-03  chain steps =       10103
 slow changes           0  power changes           0
 Current convergence R-1 =   7.4992585E-03  chain steps =       10203
 slow changes           0  power changes           0
 metropolis rat:  0.3020854      in        10262 , best:    10.47297    
 local acceptance ratio:  0.2673797    
 Current convergence R-1 =   8.7214047E-03  chain steps =       10297
 slow changes           0  power changes           0
 Current convergence R-1 =   7.4911318E-03  chain steps =       10343
 slow changes           0  power changes           0
 Current convergence R-1 =   7.6247430E-03  chain steps =       10412
 slow changes           0  power changes           0
 metropolis rat:  0.3017530      in        10439 , best:    10.47297    
 local acceptance ratio:  0.2824859    
 Current convergence R-1 =   9.0960478E-03  chain steps =       10528
 slow changes           0  power changes           0
 Current convergence R-1 =   9.9022537E-03  chain steps =       10607
 slow changes           0  power changes           0
 metropolis rat:  0.3011198      in        10627 , best:    10.47297    
 local acceptance ratio:  0.2659574    
 Current convergence R-1 =   9.6192425E-03  chain steps =       10668
 slow changes           0  power changes           0
 Current convergence R-1 =   9.4553074E-03  chain steps =       10686
 slow changes           0  power changes           0
 Current convergence R-1 =   8.9408914E-03  chain steps =       10729
 slow changes           0  power changes           0
 metropolis rat:  0.3008423      in        10803 , best:    10.47297    
 local acceptance ratio:  0.2840909    
 Current convergence R-1 =   8.0949618E-03  chain steps =       10817
 slow changes           0  power changes           0
 Current convergence R-1 =   7.3919692E-03  chain steps =       10859
 slow changes           0  power changes           0
 Current convergence R-1 =   7.1282838E-03  chain steps =       10939
 slow changes           0  power changes           0
 Current convergence R-1 =   7.1142591E-03  chain steps =       10964
 slow changes           0  power changes           0
 metropolis rat:  0.3005464      in        10980 , best:    10.47297    
 local acceptance ratio:  0.2824859    
 Current convergence R-1 =   6.8990928E-03  chain steps =       11025
 slow changes           0  power changes           0
 Current convergence R-1 =   7.0453025E-03  chain steps =       11151
 slow changes           0  power changes           0
 metropolis rat:  0.2996958      in        11178 , best:    10.47297    
 local acceptance ratio:  0.2525252    
 Current convergence R-1 =   7.3134997E-03  chain steps =       11224
 slow changes           0  power changes           0
 Current convergence R-1 =   6.4241597E-03  chain steps =       11305
 slow changes           0  power changes           0
 metropolis rat:  0.2998236      in        11340 , best:    10.47297    
 local acceptance ratio:  0.3086420    
 Current convergence R-1 =   6.2261191E-03  chain steps =       11357
 slow changes           0  power changes           0
 Current convergence R-1 =   6.2751747E-03  chain steps =       11428
 slow changes           0  power changes           0
 metropolis rat:  0.2999218      in        11503 , best:    10.47297    
 local acceptance ratio:  0.3067485    
 Current convergence R-1 =   5.3908313E-03  chain steps =       11513
 slow changes           0  power changes           0
 Current convergence R-1 =   3.5367440E-03  chain steps =       11594
 slow changes           0  power changes           0
 Current convergence R-1 =   3.0860445E-03  chain steps =       11641
 slow changes           0  power changes           0
 metropolis rat:  0.3003261      in        11654 , best:    10.47297    
 local acceptance ratio:  0.3311258    
 Current convergence R-1 =   3.3023127E-03  chain steps =       11695
 slow changes           0  power changes           0
 Current convergence R-1 =   3.7732122E-03  chain steps =       11755
 slow changes           0  power changes           0
 Current convergence R-1 =   3.7892023E-03  chain steps =       11853
 slow changes           0  power changes           0
 metropolis rat:  0.2988719      in        11878 , best:    10.47297    
 local acceptance ratio:  0.2232143    
 Current convergence R-1 =   4.1276696E-03  chain steps =       11934
 slow changes           0  power changes           0
 Current convergence R-1 =   4.4003762E-03  chain steps =       12007
 slow changes           0  power changes           0
 Current convergence R-1 =   4.5574750E-03  chain steps =       12034
 slow changes           0  power changes           0
 metropolis rat:  0.2986313      in        12055 , best:    10.47297    
 local acceptance ratio:  0.2824859    
 Current convergence R-1 =   4.3845177E-03  chain steps =       12117
 slow changes           0  power changes           0
 metropolis rat:  0.2989108      in        12211 , best:    10.47297    
 local acceptance ratio:  0.3205128    
 Current convergence R-1 =   4.2684772E-03  chain steps =       12213
 slow changes           0  power changes           0
 Current convergence R-1 =   4.0614577E-03  chain steps =       12282
 slow changes           0  power changes           0
 Current convergence R-1 =   3.9118221E-03  chain steps =       12353
 slow changes           0  power changes           0
 metropolis rat:  0.2988450      in        12381 , best:    10.47297    
 local acceptance ratio:  0.2941177    
 Current convergence R-1 =   3.8053901E-03  chain steps =       12398
 slow changes           0  power changes           0
 Current convergence R-1 =   3.8653109E-03  chain steps =       12446
 slow changes           0  power changes           0
 Current convergence R-1 =   3.9773812E-03  chain steps =       12517
 slow changes           0  power changes           0
 metropolis rat:  0.2994012      in        12525 , best:    10.47297    
 local acceptance ratio:  0.3472222    
 Current convergence R-1 =   4.3401783E-03  chain steps =       12588
 slow changes           0  power changes           0
 Current convergence R-1 =   6.4298115E-03  chain steps =       12739
 slow changes           0  power changes           0
 metropolis rat:  0.2978990      in        12756 , best:    10.47297    
 local acceptance ratio:  0.2164502    
 Current convergence R-1 =   6.1828909E-03  chain steps =       12819
 slow changes           0  power changes           0
 Current convergence R-1 =   6.5478054E-03  chain steps =       12924
 slow changes           0  power changes           0
 metropolis rat:  0.2967016      in        12976 , best:    10.47297    
 local acceptance ratio:  0.2272727    
 Current convergence R-1 =   7.5106635E-03  chain steps =       13002
 slow changes           0  power changes           0
 Current convergence R-1 =   7.6430095E-03  chain steps =       13084
 slow changes           0  power changes           0
 metropolis rat:  0.2973014      in        13118 , best:    10.47297    
 local acceptance ratio:  0.3521127    
 Current convergence R-1 =   7.4395649E-03  chain steps =       13120
 slow changes           0  power changes           0
 Current convergence R-1 =   7.1694409E-03  chain steps =       13155
 slow changes           0  power changes           0
 Current convergence R-1 =   6.7137857E-03  chain steps =       13193
 slow changes           0  power changes           0
 Current convergence R-1 =   6.8787276E-03  chain steps =       13248
 slow changes           0  power changes           0
 metropolis rat:  0.2973502      in        13284 , best:    10.47297    
 local acceptance ratio:  0.3012048    
 Current convergence R-1 =   6.9108517E-03  chain steps =       13332
 slow changes           0  power changes           0
 Current convergence R-1 =   6.9809258E-03  chain steps =       13415
 slow changes           0  power changes           0
 metropolis rat:  0.2971106      in        13463 , best:    10.47297    
 local acceptance ratio:  0.2793296    
 Current convergence R-1 =   8.5671926E-03  chain steps =       13497
 slow changes           0  power changes           0
 Current convergence R-1 =   1.1006460E-02  chain steps =       13567
 slow changes           0  power changes           0
 Current convergence R-1 =   1.2406622E-02  chain steps =       13602
 slow changes           0  power changes           0
 metropolis rat:  0.2975097      in        13613 , best:    10.47297    
 local acceptance ratio:  0.3333333    
 Current convergence R-1 =   1.5316330E-02  chain steps =       13671
 slow changes           0  power changes           0
 Current convergence R-1 =   1.7028512E-02  chain steps =       13742
 slow changes           0  power changes           0
 Current convergence R-1 =   1.7302938E-02  chain steps =       13779
 slow changes           0  power changes           0
 metropolis rat:  0.2964141      in        13832 , best:    10.47297    
 local acceptance ratio:  0.2283105    
 Current convergence R-1 =   1.7352350E-02  chain steps =       13851
 slow changes           0  power changes           0
 Current convergence R-1 =   1.7036054E-02  chain steps =       13923
 slow changes           0  power changes           0
 Current convergence R-1 =   1.6387546E-02  chain steps =       13968
 slow changes           0  power changes           0
 Current convergence R-1 =   1.6159182E-02  chain steps =       14026
 slow changes           0  power changes           0
 metropolis rat:  0.2952476      in        14056 , best:    10.47297    
 local acceptance ratio:  0.2232143    
 Current convergence R-1 =   1.6168442E-02  chain steps =       14121
 slow changes           0  power changes           0
 Current convergence R-1 =   1.4800896E-02  chain steps =       14257
 slow changes           0  power changes           0
 metropolis rat:  0.2942619      in        14273 , best:    10.47297    
 local acceptance ratio:  0.2304147    
 Current convergence R-1 =   1.4531225E-02  chain steps =       14326
 slow changes           0  power changes           0
 Current convergence R-1 =   1.4624992E-02  chain steps =       14386
 slow changes           0  power changes           0
 Current convergence R-1 =   1.4324106E-02  chain steps =       14429
 slow changes           0  power changes           0
 metropolis rat:  0.2943417      in        14439 , best:    10.47297    
 local acceptance ratio:  0.3012048    
 Current convergence R-1 =   1.3902059E-02  chain steps =       14505
 slow changes           0  power changes           0
 Current convergence R-1 =   1.4202358E-02  chain steps =       14596
 slow changes           0  power changes           0
 Current convergence R-1 =   1.3744981E-02  chain steps =       14649
 slow changes           0  power changes           0
 metropolis rat:  0.2930153      in        14675 , best:    10.47297    
 local acceptance ratio:  0.2118644    
 Current convergence R-1 =   1.3067486E-02  chain steps =       14747
 slow changes           0  power changes           0
 Current convergence R-1 =   1.2572032E-02  chain steps =       14795
 slow changes           0  power changes           0
 metropolis rat:  0.2920247      in        14896 , best:    10.47297    
 local acceptance ratio:  0.2262443    
 Current convergence R-1 =   1.2210603E-02  chain steps =       14906
 slow changes           0  power changes           0
 Current convergence R-1 =   1.2331120E-02  chain steps =       14955
 slow changes           0  power changes           0
 Current convergence R-1 =   1.2240312E-02  chain steps =       15002
 slow changes           0  power changes           0
 Current convergence R-1 =   1.2472322E-02  chain steps =       15040
 slow changes           0  power changes           0
 metropolis rat:  0.2914679      in        15096 , best:    10.47297    
 local acceptance ratio:  0.2500000    
 Current convergence R-1 =   1.3143091E-02  chain steps =       15109
 slow changes           0  power changes           0
 Current convergence R-1 =   1.2221170E-02  chain steps =       15192
 slow changes           0  power changes           0
 metropolis rat:  0.2910399      in        15290 , best:    10.47297    
 local acceptance ratio:  0.2577319    
 Current convergence R-1 =   1.1842312E-02  chain steps =       15308
 slow changes           0  power changes           0
 Current convergence R-1 =   1.1807449E-02  chain steps =       15378
 slow changes           0  power changes           0
 Current convergence R-1 =   1.1875763E-02  chain steps =       15453
 slow changes           0  power changes           0
 Current convergence R-1 =   1.1312642E-02  chain steps =       15487
 slow changes           0  power changes           0
 Current convergence R-1 =   1.0841779E-02  chain steps =       15505
 slow changes           0  power changes           0
 metropolis rat:  0.2900232      in        15516 , best:    10.47297    
 local acceptance ratio:  0.2212389    
 Current convergence R-1 =   1.0569554E-02  chain steps =       15524
 slow changes           0  power changes           0
 Current convergence R-1 =   1.0530930E-02  chain steps =       15573
 slow changes           0  power changes           0
 Current convergence R-1 =   1.0440083E-02  chain steps =       15654
 slow changes           0  power changes           0
 metropolis rat:  0.2901786      in        15680 , best:    10.47297    
 local acceptance ratio:  0.3048781    
 Current convergence R-1 =   1.0431259E-02  chain steps =       15765
 slow changes           0  power changes           0
 Current convergence R-1 =   1.0564880E-02  chain steps =       15843
 slow changes           0  power changes           0
 metropolis rat:  0.2892172      in        15905 , best:    10.47297    
 local acceptance ratio:  0.2222222    
 Current convergence R-1 =   1.0526859E-02  chain steps =       15939
 slow changes           0  power changes           0
 Current convergence R-1 =   1.0739589E-02  chain steps =       15994
 slow changes           0  power changes           0
 Current convergence R-1 =   1.0285747E-02  chain steps =       16040
 slow changes           0  power changes           0
 metropolis rat:  0.2894671      in        16064 , best:    10.47297    
 local acceptance ratio:  0.3144654    
 Current convergence R-1 =   9.7567905E-03  chain steps =       16095
 slow changes           0  power changes           0
 Current convergence R-1 =   9.7670220E-03  chain steps =       16150
 slow changes           0  power changes           0
 Current convergence R-1 =   9.6738627E-03  chain steps =       16234
 slow changes           0  power changes           0
 metropolis rat:  0.2892308      in        16250 , best:    10.47297    
 local acceptance ratio:  0.2688172    
 Current convergence R-1 =   8.7253861E-03  chain steps =       16290
 slow changes           0  power changes           0
 Current convergence R-1 =   8.5056331E-03  chain steps =       16370
 slow changes           0  power changes           0
 Current convergence R-1 =   8.0146203E-03  chain steps =       16401
 slow changes           0  power changes           0
 Current convergence R-1 =   8.5021239E-03  chain steps =       16462
 slow changes           0  power changes           0
 metropolis rat:  0.2878788      in        16500 , best:    10.47297    
 local acceptance ratio:  0.2000000    
 Current convergence R-1 =   8.6241718E-03  chain steps =       16550
 slow changes           0  power changes           0
 Current convergence R-1 =   8.1162844E-03  chain steps =       16623
 slow changes           0  power changes           0
 metropolis rat:  0.2878733      in        16674 , best:    10.47297    
 local acceptance ratio:  0.2873563    
 Current convergence R-1 =   7.4048210E-03  chain steps =       16706
 slow changes           0  power changes           0
 Current convergence R-1 =   6.8294574E-03  chain steps =       16772
 slow changes           0  power changes           0
 metropolis rat:  0.2881074      in        16834 , best:    10.47297    
 local acceptance ratio:  0.3125000    
 Current convergence R-1 =   6.3696015E-03  chain steps =       16843
 slow changes           0  power changes           0
 Current convergence R-1 =   6.5268446E-03  chain steps =       16920
 slow changes           0  power changes           0
 Current convergence R-1 =   6.6197221E-03  chain steps =       16988
 slow changes           0  power changes           0
 metropolis rat:  0.2883710      in        16992 , best:    10.47297    
 local acceptance ratio:  0.3164557    
 Current convergence R-1 =   6.5238462E-03  chain steps =       17078
 slow changes           0  power changes           0
 Current convergence R-1 =   6.5837209E-03  chain steps =       17155
 slow changes           0  power changes           0
 metropolis rat:  0.2884952      in        17158 , best:    10.47297    
 local acceptance ratio:  0.3012048    
 Current convergence R-1 =   6.6275960E-03  chain steps =       17220
 slow changes           0  power changes           0
 Current convergence R-1 =   7.0700669E-03  chain steps =       17306
 slow changes           0  power changes           0
 metropolis rat:  0.2882675      in        17345 , best:    10.47297    
 local acceptance ratio:  0.2673797    
 Current convergence R-1 =   7.5622965E-03  chain steps =       17357
 slow changes           0  power changes           0
 Current convergence R-1 =   6.9898348E-03  chain steps =       17406
 slow changes           0  power changes           0
 Current convergence R-1 =   6.7548808E-03  chain steps =       17479
 slow changes           0  power changes           0
 metropolis rat:  0.2879462      in        17538 , best:    10.47297    
 local acceptance ratio:  0.2590674    
 Current convergence R-1 =   6.8832794E-03  chain steps =       17539
 slow changes           0  power changes           0
 Current convergence R-1 =   6.7987763E-03  chain steps =       17597
 slow changes           0  power changes           0
 Current convergence R-1 =   6.7111822E-03  chain steps =       17664
 slow changes           0  power changes           0
 metropolis rat:  0.2880705      in        17704 , best:    10.47297    
 local acceptance ratio:  0.3012048    
 Current convergence R-1 =   6.5928837E-03  chain steps =       17715
 slow changes           0  power changes           0
 Current convergence R-1 =   6.7485790E-03  chain steps =       17806
 slow changes           0  power changes           0
 Current convergence R-1 =   6.4700935E-03  chain steps =       17886
 slow changes           0  power changes           0
 metropolis rat:  0.2875007      in        17913 , best:    10.47297    
 local acceptance ratio:  0.2392344    
 Current convergence R-1 =   6.3780635E-03  chain steps =       17926
 slow changes           0  power changes           0
 Current convergence R-1 =   6.2877191E-03  chain steps =       18012
 slow changes           0  power changes           0
 Current convergence R-1 =   6.2032565E-03  chain steps =       18097
 slow changes           0  power changes           0
 metropolis rat:  0.2871500      in        18109 , best:    10.47297    
 local acceptance ratio:  0.2551020    
 Current convergence R-1 =   6.3590156E-03  chain steps =       18143
 slow changes           0  power changes           0
 Current convergence R-1 =   6.2020943E-03  chain steps =       18198
 slow changes           0  power changes           0
 metropolis rat:  0.2872934      in        18274 , best:    10.47297    
 local acceptance ratio:  0.3030303    
 Current convergence R-1 =   6.1073168E-03  chain steps =       18277
 slow changes           0  power changes           0
 Current convergence R-1 =   6.4235493E-03  chain steps =       18355
 slow changes           0  power changes           0
 metropolis rat:  0.2875434      in        18432 , best:    10.47297    
 local acceptance ratio:  0.3164557    
 Current convergence R-1 =   6.5122931E-03  chain steps =       18450
 slow changes           0  power changes           0
 Current convergence R-1 =   6.4309016E-03  chain steps =       18491
 slow changes           0  power changes           0
 Current convergence R-1 =   6.4961729E-03  chain steps =       18553
 slow changes           0  power changes           0
 Current convergence R-1 =   6.5588201E-03  chain steps =       18633
 slow changes           0  power changes           0
 metropolis rat:  0.2865867      in        18668 , best:    10.47297    
 local acceptance ratio:  0.2118644    
 Current convergence R-1 =   6.5911044E-03  chain steps =       18684
 slow changes           0  power changes           0
 Current convergence R-1 =   6.6742152E-03  chain steps =       18720
 slow changes           0  power changes           0
 Current convergence R-1 =   6.5516271E-03  chain steps =       18829
 slow changes           0  power changes           0
 Current convergence R-1 =   6.6647287E-03  chain steps =       18906
 slow changes           0  power changes           0
 metropolis rat:  0.2855632      in        18910 , best:    10.47297    
 local acceptance ratio:  0.2066116    
 Current convergence R-1 =   6.9329753E-03  chain steps =       18958
 slow changes           0  power changes           0
 Current convergence R-1 =   6.8960716E-03  chain steps =       19023
 slow changes           0  power changes           0
 Current convergence R-1 =   6.7743333E-03  chain steps =       19065
 slow changes           0  power changes           0
 metropolis rat:  0.2857143      in        19075 , best:    10.47297    
 local acceptance ratio:  0.3030303    
 Current convergence R-1 =   6.8477043E-03  chain steps =       19093
 slow changes           0  power changes           0
 Current convergence R-1 =   7.0182877E-03  chain steps =       19144
 slow changes           0  power changes           0
 Current convergence R-1 =   6.9796895E-03  chain steps =       19219
 slow changes           0  power changes           0
 metropolis rat:  0.2853585      in        19274 , best:    10.47297    
 local acceptance ratio:  0.2512563    
 Current convergence R-1 =   6.8087443E-03  chain steps =       19276
 slow changes           0  power changes           0
 Current convergence R-1 =   6.8004634E-03  chain steps =       19295
 slow changes           0  power changes           0
 Current convergence R-1 =   6.7015737E-03  chain steps =       19332
 slow changes           0  power changes           0
 Current convergence R-1 =   6.6948775E-03  chain steps =       19367
 slow changes           0  power changes           0
 Current convergence R-1 =   6.8902168E-03  chain steps =       19423
 slow changes           0  power changes           0
 metropolis rat:  0.2853324      in        19451 , best:    10.47297    
 local acceptance ratio:  0.2824859    
 Current convergence R-1 =   6.9567785E-03  chain steps =       19467
 slow changes           0  power changes           0
 Current convergence R-1 =   7.4199508E-03  chain steps =       19574
 slow changes           0  power changes           0
 Current convergence R-1 =   7.3633944E-03  chain steps =       19662
 slow changes           0  power changes           0
 metropolis rat:  0.2846541      in        19673 , best:    10.47297    
 local acceptance ratio:  0.2252252    
 Current convergence R-1 =   7.1747284E-03  chain steps =       19741
 slow changes           0  power changes           0
 Current convergence R-1 =   7.1640480E-03  chain steps =       19813
 slow changes           0  power changes           0
 metropolis rat:  0.2844198      in        19865 , best:    10.47297    
 local acceptance ratio:  0.2604167    
 Current convergence R-1 =   7.2795716E-03  chain steps =       19866
 slow changes           0  power changes           0
 Current convergence R-1 =   7.3634577E-03  chain steps =       19975
 slow changes           0  power changes           0
 Current convergence R-1 =   7.5517623E-03  chain steps =       20027
 slow changes           0  power changes           0
 metropolis rat:  0.2839918      in        20071 , best:    10.47297    
 local acceptance ratio:  0.2427184    
 Current convergence R-1 =   7.4833781E-03  chain steps =       20125
 slow changes           0  power changes           0
 Current convergence R-1 =   7.8377724E-03  chain steps =       20201
 slow changes           0  power changes           0
 metropolis rat:  0.2837404      in        20265 , best:    10.47297    
 local acceptance ratio:  0.2577319    
 Current convergence R-1 =   7.6256134E-03  chain steps =       20289
 slow changes           0  power changes           0
 Current convergence R-1 =   7.3835626E-03  chain steps =       20350
 slow changes           0  power changes           0
 Current convergence R-1 =   7.5236792E-03  chain steps =       20406
 slow changes           0  power changes           0
 Current convergence R-1 =   7.6665673E-03  chain steps =       20482
 slow changes           0  power changes           0
 metropolis rat:  0.2830235      in        20493 , best:    10.47297    
 local acceptance ratio:  0.2192982    
 Current convergence R-1 =   7.5752460E-03  chain steps =       20516
 slow changes           0  power changes           0
 Current convergence R-1 =   7.7811787E-03  chain steps =       20548
 slow changes           0  power changes           0
 Current convergence R-1 =   7.6729953E-03  chain steps =       20671
 slow changes           0  power changes           0
 Current convergence R-1 =   7.5147506E-03  chain steps =       20687
 slow changes           0  power changes           0
 metropolis rat:  0.2824450      in        20712 , best:    10.47297    
 local acceptance ratio:  0.2283105    
 Current convergence R-1 =   7.5143697E-03  chain steps =       20832
 slow changes           0  power changes           0
 Current convergence R-1 =   7.5551467E-03  chain steps =       20868
 slow changes           0  power changes           0
 Current convergence R-1 =   7.5254086E-03  chain steps =       20909
 slow changes           0  power changes           0
 metropolis rat:  0.2818920      in        20930 , best:    10.47297    
 local acceptance ratio:  0.2293578    
 Current convergence R-1 =   7.4875108E-03  chain steps =       20988
 slow changes           0  power changes           0
 Current convergence R-1 =   7.3678219E-03  chain steps =       21044
 slow changes           0  power changes           0
 Current convergence R-1 =   7.2795521E-03  chain steps =       21100
 slow changes           0  power changes           0
 metropolis rat:  0.2814037      in        21144 , best:    10.47297    
 local acceptance ratio:  0.2336449    
 Current convergence R-1 =   7.3465342E-03  chain steps =       21172
 slow changes           0  power changes           0
 Current convergence R-1 =   7.4814544E-03  chain steps =       21302
 slow changes           0  power changes           0
 Current convergence R-1 =   7.4027968E-03  chain steps =       21354
 slow changes           0  power changes           0
 metropolis rat:  0.2807674      in        21370 , best:    10.47295    
 local acceptance ratio:  0.2212389    
 Current convergence R-1 =   7.1228589E-03  chain steps =       21402
 slow changes           0  power changes           0
 Current convergence R-1 =   7.1398532E-03  chain steps =       21516
 slow changes           0  power changes           0
 metropolis rat:  0.2802872      in        21585 , best:    10.47295    
 local acceptance ratio:  0.2325581    
 Current convergence R-1 =   7.1900049E-03  chain steps =       21601
 slow changes           0  power changes           0
 Current convergence R-1 =   7.3799393E-03  chain steps =       21681
 slow changes           0  power changes           0
 Current convergence R-1 =   7.3386151E-03  chain steps =       21748
 slow changes           0  power changes           0
 metropolis rat:  0.2801249      in        21776 , best:    10.47295    
 local acceptance ratio:  0.2617801    
 Current convergence R-1 =   7.1633826E-03  chain steps =       21804
 slow changes           0  power changes           0
 Current convergence R-1 =   7.0257927E-03  chain steps =       21845
 slow changes           0  power changes           0
 Current convergence R-1 =   7.0613176E-03  chain steps =       21906
 slow changes           0  power changes           0
 metropolis rat:  0.2794819      in        22005 , best:    10.47295    
 local acceptance ratio:  0.2183406    
 Current convergence R-1 =   6.7473580E-03  chain steps =       22011
 slow changes           0  power changes           0
 Current convergence R-1 =   6.8013803E-03  chain steps =       22108
 slow changes           0  power changes           0
 Current convergence R-1 =   6.1552403E-03  chain steps =       22181
 slow changes           0  power changes           0
 metropolis rat:  0.2793800      in        22192 , best:    10.47295    
 local acceptance ratio:  0.2673797    
 Current convergence R-1 =   6.0598180E-03  chain steps =       22313
 slow changes           0  power changes           0
 Current convergence R-1 =   5.8905147E-03  chain steps =       22367
 slow changes           0  power changes           0
 metropolis rat:  0.2790802      in        22395 , best:    10.47295    
 local acceptance ratio:  0.2463054    
 Current convergence R-1 =   5.6850342E-03  chain steps =       22439
 slow changes           0  power changes           0
 Current convergence R-1 =   5.5880030E-03  chain steps =       22541
 slow changes           0  power changes           0
 metropolis rat:  0.2790327      in        22578 , best:    10.47295    
 local acceptance ratio:  0.2732241    
 Current convergence R-1 =   5.4230867E-03  chain steps =       22623
 slow changes           0  power changes           0
 Current convergence R-1 =   5.3521087E-03  chain steps =       22696
 slow changes           0  power changes           0
 Current convergence R-1 =   5.1925885E-03  chain steps =       22746
 slow changes           0  power changes           0
 metropolis rat:  0.2790718      in        22754 , best:    10.47288    
 local acceptance ratio:  0.2840909    
 Current convergence R-1 =   5.1745526E-03  chain steps =       22797
 slow changes           0  power changes           0
 Current convergence R-1 =   5.0627147E-03  chain steps =       22861
 slow changes           0  power changes           0
 Current convergence R-1 =   5.1113986E-03  chain steps =       22933
 slow changes           0  power changes           0
 metropolis rat:  0.2790130      in        22938 , best:    10.47288    
 local acceptance ratio:  0.2717391    
 Current convergence R-1 =   5.0646449E-03  chain steps =       23012
 slow changes           0  power changes           0
 Current convergence R-1 =   4.7323937E-03  chain steps =       23071
 slow changes           0  power changes           0
 metropolis rat:  0.2789551      in        23122 , best:    10.47288    
 local acceptance ratio:  0.2717391    
 Current convergence R-1 =   4.5957826E-03  chain steps =       23161
 slow changes           0  power changes           0
 Current convergence R-1 =   4.5080753E-03  chain steps =       23212
 slow changes           0  power changes           0
 metropolis rat:  0.2790658      in        23292 , best:    10.47288    
 local acceptance ratio:  0.2941177    
 Current convergence R-1 =   4.3741204E-03  chain steps =       23296
 slow changes           0  power changes           0
 Current convergence R-1 =   4.6185646E-03  chain steps =       23407
 slow changes           0  power changes           0
 Current convergence R-1 =   4.4960859E-03  chain steps =       23447
 slow changes           0  power changes           0
 Current convergence R-1 =   4.5500537E-03  chain steps =       23494
 slow changes           0  power changes           0
 metropolis rat:  0.2785456      in        23515 , best:    10.47288    
 local acceptance ratio:  0.2242152    
 Current convergence R-1 =   4.6821167E-03  chain steps =       23553
 slow changes           0  power changes           0
 Current convergence R-1 =   4.6779974E-03  chain steps =       23626
 slow changes           0  power changes           0
 Current convergence R-1 =   4.7227126E-03  chain steps =       23713
 slow changes           0  power changes           0
 metropolis rat:  0.2782345      in        23721 , best:    10.47288    
 local acceptance ratio:  0.2427184    
 Current convergence R-1 =   4.7156117E-03  chain steps =       23768
 slow changes           0  power changes           0
 Current convergence R-1 =   4.6679121E-03  chain steps =       23833
 slow changes           0  power changes           0
 Current convergence R-1 =   4.6764114E-03  chain steps =       23886
 slow changes           0  power changes           0
 metropolis rat:  0.2782310      in        23901 , best:    10.47288    
 local acceptance ratio:  0.2777778    
 Current convergence R-1 =   4.7230297E-03  chain steps =       23938
 slow changes           0  power changes           0
 Current convergence R-1 =   5.2319281E-03  chain steps =       23978
 slow changes           0  power changes           0
 metropolis rat:  0.2784126      in        24065 , best:    10.47288    
 local acceptance ratio:  0.3048781    
 Current convergence R-1 =   5.0832042E-03  chain steps =       24080
 slow changes           0  power changes           0
 Current convergence R-1 =   5.0866217E-03  chain steps =       24162
 slow changes           0  power changes           0
 Current convergence R-1 =   4.8907502E-03  chain steps =       24227
 slow changes           0  power changes           0
 metropolis rat:  0.2781211      in        24270 , best:    10.47288    
 local acceptance ratio:  0.2439024    
 Current convergence R-1 =   4.5920531E-03  chain steps =       24344
 slow changes           0  power changes           0
 Current convergence R-1 =   4.5398041E-03  chain steps =       24411
 slow changes           0  power changes           0
 metropolis rat:  0.2782780      in        24436 , best:    10.47288    
 local acceptance ratio:  0.3012048    
 Current convergence R-1 =   4.5203385E-03  chain steps =       24487
 slow changes           0  power changes           0
 Current convergence R-1 =   4.4113612E-03  chain steps =       24508
 slow changes           0  power changes           0
 Current convergence R-1 =   4.0836916E-03  chain steps =       24557
 slow changes           0  power changes           0
 Current convergence R-1 =   3.9608902E-03  chain steps =       24605
 slow changes           0  power changes           0
 metropolis rat:  0.2782065      in        24622 , best:    10.47288    
 local acceptance ratio:  0.2688172    
 Current convergence R-1 =   3.8728821E-03  chain steps =       24675
 slow changes           0  power changes           0
 Current convergence R-1 =   3.9294302E-03  chain steps =       24762
 slow changes           0  power changes           0
 metropolis rat:  0.2780464      in        24816 , best:    10.47288    
 local acceptance ratio:  0.2577319    
 Current convergence R-1 =   3.9303596E-03  chain steps =       24816
 slow changes           0  power changes           0
 Current convergence R-1 =   3.9824434E-03  chain steps =       24877
 slow changes           0  power changes           0
 Current convergence R-1 =   3.9541228E-03  chain steps =       24943
 slow changes           0  power changes           0
 metropolis rat:  0.2779222      in        25007 , best:    10.47288    
 local acceptance ratio:  0.2617801    
 Current convergence R-1 =   3.9632753E-03  chain steps =       25049
 slow changes           0  power changes           0
 Current convergence R-1 =   3.9099613E-03  chain steps =       25093
 slow changes           0  power changes           0
 Current convergence R-1 =   3.9614174E-03  chain steps =       25177
 slow changes           0  power changes           0
 metropolis rat:  0.2779984      in        25180 , best:    10.47288    
 local acceptance ratio:  0.2890173    
 Current convergence R-1 =   3.7535541E-03  chain steps =       25201
 slow changes           0  power changes           0
 Current convergence R-1 =   3.8072399E-03  chain steps =       25303
 slow changes           0  power changes           0
 Current convergence R-1 =   3.7503953E-03  chain steps =       25366
 slow changes           0  power changes           0
 metropolis rat:  0.2777559      in        25382 , best:    10.47288    
 local acceptance ratio:  0.2475248    
 Current convergence R-1 =   3.7214241E-03  chain steps =       25459
 slow changes           0  power changes           0
 Current convergence R-1 =   3.6241610E-03  chain steps =       25577
 slow changes           0  power changes           0
 metropolis rat:  0.2773004      in        25604 , best:    10.47288    
 local acceptance ratio:  0.2252252    
 Current convergence R-1 =   3.5454857E-03  chain steps =       25670
 slow changes           0  power changes           0
 Current convergence R-1 =   3.5090479E-03  chain steps =       25760
 slow changes           0  power changes           0
 metropolis rat:  0.2774006      in        25775 , best:    10.47288    
 local acceptance ratio:  0.2923976    
 Current convergence R-1 =   3.7090234E-03  chain steps =       25817
 slow changes           0  power changes           0
 Current convergence R-1 =   3.8875705E-03  chain steps =       25879
 slow changes           0  power changes           0
 metropolis rat:  0.2776064      in        25936 , best:    10.47288    
 local acceptance ratio:  0.3105590    
 Current convergence R-1 =   3.9460273E-03  chain steps =       25946
 slow changes           0  power changes           0
 Current convergence R-1 =   3.6656125E-03  chain steps =       26016
 slow changes           0  power changes           0
 Current convergence R-1 =   3.6463477E-03  chain steps =       26078
 slow changes           0  power changes           0
 metropolis rat:  0.2775438      in        26122 , best:    10.47288    
 local acceptance ratio:  0.2688172    
 Current convergence R-1 =   3.6446184E-03  chain steps =       26147
 slow changes           0  power changes           0
 Current convergence R-1 =   3.6861219E-03  chain steps =       26230
 slow changes           0  power changes           0
 Current convergence R-1 =   3.6927792E-03  chain steps =       26325
 slow changes           0  power changes           0
 metropolis rat:  0.2769347      in        26360 , best:    10.47288    
 local acceptance ratio:  0.2100840    
 Current convergence R-1 =   3.7466865E-03  chain steps =       26387
 slow changes           0  power changes           0
 Current convergence R-1 =   3.6974102E-03  chain steps =       26412
 slow changes           0  power changes           0
 Current convergence R-1 =   3.6006155E-03  chain steps =       26476
 slow changes           0  power changes           0
 metropolis rat:  0.2768362      in        26550 , best:    10.47288    
 local acceptance ratio:  0.2631579    
 Current convergence R-1 =   3.5613552E-03  chain steps =       26551
 slow changes           0  power changes           0
 Current convergence R-1 =   3.3804094E-03  chain steps =       26627
 slow changes           0  power changes           0
 metropolis rat:  0.2771743      in        26698 , best:    10.47288    
 local acceptance ratio:  0.3378378    
 Current convergence R-1 =   3.0537751E-03  chain steps =       26704
 slow changes           0  power changes           0
 Current convergence R-1 =   2.3913048E-03  chain steps =       26772
 slow changes           0  power changes           0
 Current convergence R-1 =   2.0343596E-03  chain steps =       26821
 slow changes           0  power changes           0
 metropolis rat:  0.2773848      in        26858 , best:    10.47288    
 local acceptance ratio:  0.3125000    
 Current convergence R-1 =   1.6234729E-03  chain steps =       26880
 slow changes           0  power changes           0
 Current convergence R-1 =   1.3553168E-03  chain steps =       26937
 slow changes           0  power changes           0
