 metropolis rat:  0.8196721      in           61 , best:    11.11917    
 local acceptance ratio:  0.8196721    
 metropolis rat:  0.8333333      in          120 , best:    10.78644    
 local acceptance ratio:  0.8474576    
 Current convergence R-1 =    20.26462      chain steps =         135
 slow changes           0  power changes           0
 metropolis rat:  0.7936508      in          189 , best:    10.75659    
 local acceptance ratio:  0.7246377    
 Current convergence R-1 =   0.3696854      chain steps =         206
 slow changes           0  power changes           0
 Current convergence R-1 =   0.5806656      chain steps =         261
 slow changes           0  power changes           0
 metropolis rat:  0.6849315      in          292 , best:    10.47956    
 local acceptance ratio:  0.4854369    
 Current convergence R-1 =   0.1453023      chain steps =         322
 slow changes           0  power changes           0
 Current convergence R-1 =   0.1145580      chain steps =         406
 slow changes           0  power changes           0
 metropolis rat:  0.5656109      in          442 , best:    10.47956    
 local acceptance ratio:  0.3333333    
 Current convergence R-1 =   0.1111236      chain steps =         475
 slow changes           0  power changes           0
 metropolis rat:  0.5084746      in          590 , best:    10.47956    
 local acceptance ratio:  0.3378378    
 Current convergence R-1 =   0.1456004      chain steps =         590
 slow changes           0  power changes           0
 Current convergence R-1 =   5.9663955E-02  chain steps =         661
 slow changes           0  power changes           0
 metropolis rat:  0.4901961      in          714 , best:    10.47956    
 local acceptance ratio:  0.4032258    
 Current convergence R-1 =   5.6764621E-02  chain steps =         715
 slow changes           0  power changes           0
 Current convergence R-1 =   6.0008083E-02  chain steps =         777
 slow changes           0  power changes           0
 Current convergence R-1 =   6.5057106E-02  chain steps =         820
 slow changes           0  power changes           0
 Current convergence R-1 =   7.9685889E-02  chain steps =         845
 slow changes           0  power changes           0
 metropolis rat:  0.4576659      in          874 , best:    10.47956    
 local acceptance ratio:  0.3125000    
 Current convergence R-1 =   7.9219073E-02  chain steps =         877
 slow changes           0  power changes           0
 Current convergence R-1 =   6.0285322E-02  chain steps =         943
 slow changes           0  power changes           0
 Current convergence R-1 =   6.3861042E-02  chain steps =         988
 slow changes           0  power changes           0
 metropolis rat:  0.4509018      in          998 , best:    10.47956    
 local acceptance ratio:  0.4032258    
 Current convergence R-1 =   2.7843177E-02  chain steps =        1058
 slow changes           0  power changes           0
 Current convergence R-1 =   2.9110221E-02  chain steps =        1148
 slow changes           0  power changes           0
 metropolis rat:  0.4299226      in         1163 , best:    10.47871    
 local acceptance ratio:  0.3030303    
 Current convergence R-1 =   5.0117489E-02  chain steps =        1222
 slow changes           0  power changes           0
 Current convergence R-1 =   4.2851403E-02  chain steps =        1317
 slow changes           0  power changes           0
 metropolis rat:  0.4089219      in         1345 , best:    10.47814    
 local acceptance ratio:  0.2747253    
 Current convergence R-1 =   4.7022920E-02  chain steps =        1396
 slow changes           0  power changes           0
 Current convergence R-1 =   3.8655464E-02  chain steps =        1443
 slow changes           0  power changes           0
 metropolis rat:  0.4081633      in         1470 , best:    10.47814    
 local acceptance ratio:  0.4000000    
 Current convergence R-1 =   2.9221788E-02  chain steps =        1510
 slow changes           0  power changes           0
 Current convergence R-1 =   3.2477912E-02  chain steps =        1598
 slow changes           0  power changes           0
 metropolis rat:  0.3992629      in         1628 , best:    10.47814    
 local acceptance ratio:  0.3164557    
 Current convergence R-1 =   2.4364520E-02  chain steps =        1674
 slow changes           0  power changes           0
 Current convergence R-1 =   1.7318213E-02  chain steps =        1729
 slow changes           0  power changes           0
 metropolis rat:  0.3925968      in         1783 , best:    10.47814    
 local acceptance ratio:  0.3225806    
 Current convergence R-1 =   1.6261922E-02  chain steps =        1791
 slow changes           0  power changes           0
 Current convergence R-1 =   1.7236626E-02  chain steps =        1844
 slow changes           0  power changes           0
 Current convergence R-1 =   1.6498044E-02  chain steps =        1908
 slow changes           0  power changes           0
 metropolis rat:  0.3871967      in         1937 , best:    10.47814    
 local acceptance ratio:  0.3246753    
 Current convergence R-1 =   1.4328569E-02  chain steps =        1944
 slow changes           0  power changes           0
 Current convergence R-1 =   1.0572337E-02  chain steps =        1985
 slow changes           0  power changes           0
 Current convergence R-1 =   8.6400239E-03  chain steps =        2036
 slow changes           0  power changes           0
 metropolis rat:  0.3883495      in         2060 , best:    10.47814    
 local acceptance ratio:  0.4065041    
 Current convergence R-1 =   1.2439716E-02  chain steps =        2121
 slow changes           0  power changes           0
 metropolis rat:  0.3886603      in         2187 , best:    10.47566    
 local acceptance ratio:  0.3937008    
 Current convergence R-1 =   1.2506031E-02  chain steps =        2200
 slow changes           0  power changes           0
 Current convergence R-1 =   1.2488786E-02  chain steps =        2261
 slow changes           0  power changes           0
 Current convergence R-1 =   1.7960282E-02  chain steps =        2329
 slow changes           0  power changes           0
 metropolis rat:  0.3818413      in         2357 , best:    10.47566    
 local acceptance ratio:  0.2941177    
 Current convergence R-1 =   1.8298997E-02  chain steps =        2376
 slow changes           0  power changes           0
 Current convergence R-1 =   2.4258127E-02  chain steps =        2432
 slow changes           0  power changes           0
 metropolis rat:  0.3798481      in         2501 , best:    10.47566    
 local acceptance ratio:  0.3472222    
 Current convergence R-1 =   2.0802744E-02  chain steps =        2514
 slow changes           0  power changes           0
 Current convergence R-1 =   1.9580588E-02  chain steps =        2617
 slow changes           0  power changes           0
 metropolis rat:  0.3785011      in         2642 , best:    10.47566    
 local acceptance ratio:  0.3546099    
 Current convergence R-1 =   1.7291991E-02  chain steps =        2664
 slow changes           0  power changes           0
 Current convergence R-1 =   1.7345065E-02  chain steps =        2722
 slow changes           0  power changes           0
 Current convergence R-1 =   2.1438736E-02  chain steps =        2756
 slow changes           0  power changes           0
 metropolis rat:  0.3732670      in         2813 , best:    10.47566    
 local acceptance ratio:  0.2923976    
 Current convergence R-1 =   2.2409782E-02  chain steps =        2815
 slow changes           0  power changes           0
 Current convergence R-1 =   2.3535205E-02  chain steps =        2847
 slow changes           0  power changes           0
 Current convergence R-1 =   2.4104977E-02  chain steps =        2899
 slow changes           0  power changes           0
 Current convergence R-1 =   2.1681467E-02  chain steps =        2974
 slow changes           0  power changes           0
 metropolis rat:  0.3647215      in         3016 , best:    10.47393    
 local acceptance ratio:  0.2463054    
 Current convergence R-1 =   2.0370875E-02  chain steps =        3055
 slow changes           0  power changes           0
 Current convergence R-1 =   2.3050297E-02  chain steps =        3103
 slow changes           0  power changes           0
 Current convergence R-1 =   2.3048131E-02  chain steps =        3162
 slow changes           0  power changes           0
 metropolis rat:  0.3569212      in         3222 , best:    10.47393    
 local acceptance ratio:  0.2427184    
 Current convergence R-1 =   2.1430945E-02  chain steps =        3234
 slow changes           0  power changes           0
 Current convergence R-1 =   1.9865440E-02  chain steps =        3329
 slow changes           0  power changes           0
 Current convergence R-1 =   1.7560979E-02  chain steps =        3393
 slow changes           0  power changes           0
 metropolis rat:  0.3533569      in         3396 , best:    10.47393    
 local acceptance ratio:  0.2873563    
 Current convergence R-1 =   1.3765421E-02  chain steps =        3472
 slow changes           0  power changes           0
 Current convergence R-1 =   1.6718296E-02  chain steps =        3531
 slow changes           0  power changes           0
 metropolis rat:  0.3493572      in         3578 , best:    10.47393    
 local acceptance ratio:  0.2747253    
 Current convergence R-1 =   1.7792569E-02  chain steps =        3664
 slow changes           0  power changes           0
 Current convergence R-1 =   1.9579271E-02  chain steps =        3734
 slow changes           0  power changes           0
 metropolis rat:  0.3476866      in         3739 , best:    10.47393    
 local acceptance ratio:  0.3105590    
 Current convergence R-1 =   2.2279168E-02  chain steps =        3807
 slow changes           0  power changes           0
 Current convergence R-1 =   2.3074524E-02  chain steps =        3837
 slow changes           0  power changes           0
 Current convergence R-1 =   2.2884468E-02  chain steps =        3910
 slow changes           0  power changes           0
 metropolis rat:  0.3440367      in         3924 , best:    10.47393    
 local acceptance ratio:  0.2702703    
 Current convergence R-1 =   2.4479188E-02  chain steps =        3958
 slow changes           0  power changes           0
 Current convergence R-1 =   2.1798480E-02  chain steps =        4034
 slow changes           0  power changes           0
 Current convergence R-1 =   1.7408609E-02  chain steps =        4079
 slow changes           0  power changes           0
 metropolis rat:  0.3415467      in         4099 , best:    10.47393    
 local acceptance ratio:  0.2857143    
 Current convergence R-1 =   1.6066808E-02  chain steps =        4126
 slow changes           0  power changes           0
 Current convergence R-1 =   1.5448635E-02  chain steps =        4176
 slow changes           0  power changes           0
 metropolis rat:  0.3404555      in         4259 , best:    10.47393    
 local acceptance ratio:  0.3125000    
 Current convergence R-1 =   1.4503623E-02  chain steps =        4290
 slow changes           0  power changes           0
 Current convergence R-1 =   1.4992399E-02  chain steps =        4365
 slow changes           0  power changes           0
 metropolis rat:  0.3354954      in         4471 , best:    10.47360    
 local acceptance ratio:  0.2358491    
 Current convergence R-1 =   1.5840575E-02  chain steps =        4482
 slow changes           0  power changes           0
 Current convergence R-1 =   1.7422633E-02  chain steps =        4552
 slow changes           0  power changes           0
 metropolis rat:  0.3352801      in         4623 , best:    10.47360    
 local acceptance ratio:  0.3289474    
 Current convergence R-1 =   1.6417459E-02  chain steps =        4649
 slow changes           0  power changes           0
 Current convergence R-1 =   1.3995450E-02  chain steps =        4749
 slow changes           0  power changes           0
 metropolis rat:  0.3334723      in         4798 , best:    10.47360    
 local acceptance ratio:  0.2857143    
 Current convergence R-1 =   1.2745649E-02  chain steps =        4813
 slow changes           0  power changes           0
 Current convergence R-1 =   1.1822604E-02  chain steps =        4871
 slow changes           0  power changes           0
 Current convergence R-1 =   1.1702188E-02  chain steps =        4904
 slow changes           0  power changes           0
 metropolis rat:  0.3315250      in         4977 , best:    10.47360    
 local acceptance ratio:  0.2793296    
 Current convergence R-1 =   1.0845081E-02  chain steps =        4999
 slow changes           0  power changes           0
 Current convergence R-1 =   1.2659001E-02  chain steps =        5068
 slow changes           0  power changes           0
 Current convergence R-1 =   1.1942378E-02  chain steps =        5151
 slow changes           0  power changes           0
 metropolis rat:  0.3292022      in         5164 , best:    10.47360    
 local acceptance ratio:  0.2673797    
 Current convergence R-1 =   1.1412541E-02  chain steps =        5188
 slow changes           0  power changes           0
 Current convergence R-1 =   1.0982748E-02  chain steps =        5209
 slow changes           0  power changes           0
 Current convergence R-1 =   1.0650653E-02  chain steps =        5254
 slow changes           0  power changes           0
 Current convergence R-1 =   1.1586521E-02  chain steps =        5346
 slow changes           0  power changes           0
 metropolis rat:  0.3267974      in         5355 , best:    10.47360    
 local acceptance ratio:  0.2617801    
 Current convergence R-1 =   1.2289856E-02  chain steps =        5429
 slow changes           0  power changes           0
 Current convergence R-1 =   1.2413471E-02  chain steps =        5463
 slow changes           0  power changes           0
 Current convergence R-1 =   9.9966694E-03  chain steps =        5507
 slow changes           0  power changes           0
 metropolis rat:  0.3251445      in         5536 , best:    10.47360    
 local acceptance ratio:  0.2762431    
 Current convergence R-1 =   1.0408393E-02  chain steps =        5596
 slow changes           0  power changes           0
 Current convergence R-1 =   1.3239681E-02  chain steps =        5701
 slow changes           0  power changes           0
 metropolis rat:  0.3206239      in         5770 , best:    10.47360    
 local acceptance ratio:  0.2136752    
 Current convergence R-1 =   1.3432962E-02  chain steps =        5776
 slow changes           0  power changes           0
 Current convergence R-1 =   1.3195063E-02  chain steps =        5864
 slow changes           0  power changes           0
 metropolis rat:  0.3174603      in         5985 , best:    10.47360    
 local acceptance ratio:  0.2325581    
 Current convergence R-1 =   1.3226447E-02  chain steps =        5985
 slow changes           0  power changes           0
 Current convergence R-1 =   1.5031958E-02  chain steps =        6070
 slow changes           0  power changes           0
 Current convergence R-1 =   1.3779363E-02  chain steps =        6120
 slow changes           0  power changes           0
 metropolis rat:  0.3185233      in         6122 , best:    10.47360    
 local acceptance ratio:  0.3649635    
 Current convergence R-1 =   1.3647722E-02  chain steps =        6186
 slow changes           0  power changes           0
 Current convergence R-1 =   1.2582983E-02  chain steps =        6256
 slow changes           0  power changes           0
 metropolis rat:  0.3174099      in         6301 , best:    10.47360    
 local acceptance ratio:  0.2793296    
 Current convergence R-1 =   1.2414449E-02  chain steps =        6370
 slow changes           0  power changes           0
 Current convergence R-1 =   1.3308940E-02  chain steps =        6452
 slow changes           0  power changes           0
 Current convergence R-1 =   1.3011537E-02  chain steps =        6490
 slow changes           0  power changes           0
 metropolis rat:  0.3136475      in         6536 , best:    10.47360    
 local acceptance ratio:  0.2127660    
 Current convergence R-1 =   1.3780963E-02  chain steps =        6558
 slow changes           0  power changes           0
 Current convergence R-1 =   1.4194680E-02  chain steps =        6650
 slow changes           0  power changes           0
 metropolis rat:  0.3139013      in         6690 , best:    10.47360    
 local acceptance ratio:  0.3246753    
 Current convergence R-1 =   1.3536068E-02  chain steps =        6714
 slow changes           0  power changes           0
 Current convergence R-1 =   1.4123460E-02  chain steps =        6769
 slow changes           0  power changes           0
 metropolis rat:  0.3136397      in         6855 , best:    10.47360    
 local acceptance ratio:  0.3030303    
 Current convergence R-1 =   1.3149503E-02  chain steps =        6869
 slow changes           0  power changes           0
 Current convergence R-1 =   1.2921884E-02  chain steps =        6947
 slow changes           0  power changes           0
 Current convergence R-1 =   1.3139321E-02  chain steps =        7017
 slow changes           0  power changes           0
 metropolis rat:  0.3120125      in         7051 , best:    10.47360    
 local acceptance ratio:  0.2551020    
 Current convergence R-1 =   1.2421481E-02  chain steps =        7066
 slow changes           0  power changes           0
 Current convergence R-1 =   1.2659702E-02  chain steps =        7112
 slow changes           0  power changes           0
 Current convergence R-1 =   1.1948938E-02  chain steps =        7172
 slow changes           0  power changes           0
 Current convergence R-1 =   1.1755290E-02  chain steps =        7204
 slow changes           0  power changes           0
 metropolis rat:  0.3111603      in         7231 , best:    10.47360    
 local acceptance ratio:  0.2777778    
 Current convergence R-1 =   1.3668241E-02  chain steps =        7292
 slow changes           0  power changes           0
 Current convergence R-1 =   1.4528643E-02  chain steps =        7338
 slow changes           0  power changes           0
 metropolis rat:  0.3117799      in         7377 , best:    10.47360    
 local acceptance ratio:  0.3424658    
 Current convergence R-1 =   1.7571263E-02  chain steps =        7414
 slow changes           0  power changes           0
 Current convergence R-1 =   1.7610716E-02  chain steps =        7463
 slow changes           0  power changes           0
 Current convergence R-1 =   1.6656786E-02  chain steps =        7516
 slow changes           0  power changes           0
 metropolis rat:  0.3107232      in         7563 , best:    10.47360    
 local acceptance ratio:  0.2688172    
 Current convergence R-1 =   1.6684959E-02  chain steps =        7588
 slow changes           0  power changes           0
 Current convergence R-1 =   1.5630128E-02  chain steps =        7662
 slow changes           0  power changes           0
 metropolis rat:  0.3112437      in         7711 , best:    10.47360    
 local acceptance ratio:  0.3378378    
 Current convergence R-1 =   1.4771297E-02  chain steps =        7714
 slow changes           0  power changes           0
 Current convergence R-1 =   1.4638633E-02  chain steps =        7755
 slow changes           0  power changes           0
 Current convergence R-1 =   1.2138001E-02  chain steps =        7866
 slow changes           0  power changes           0
 metropolis rat:  0.3096562      in         7912 , best:    10.47360    
 local acceptance ratio:  0.2487562    
 Current convergence R-1 =   1.3422893E-02  chain steps =        7951
 slow changes           0  power changes           0
 Current convergence R-1 =   1.2941300E-02  chain steps =        8054
 slow changes           0  power changes           0
 metropolis rat:  0.3074274      in         8132 , best:    10.47360    
 local acceptance ratio:  0.2272727    
 Current convergence R-1 =   1.1237547E-02  chain steps =        8135
 slow changes           0  power changes           0
 Current convergence R-1 =   1.0914998E-02  chain steps =        8197
 slow changes           0  power changes           0
 Current convergence R-1 =   1.0277148E-02  chain steps =        8244
 slow changes           0  power changes           0
 Current convergence R-1 =   1.0173445E-02  chain steps =        8335
 slow changes           0  power changes           0
 metropolis rat:  0.3056821      in         8342 , best:    10.47360    
 local acceptance ratio:  0.2380952    
 Current convergence R-1 =   1.2066312E-02  chain steps =        8398
 slow changes           0  power changes           0
 Current convergence R-1 =   1.2300418E-02  chain steps =        8494
 slow changes           0  power changes           0
 metropolis rat:  0.3046994      in         8533 , best:    10.47360    
 local acceptance ratio:  0.2617801    
 Current convergence R-1 =   1.1866562E-02  chain steps =        8589
 slow changes           0  power changes           0
 Current convergence R-1 =   1.2095657E-02  chain steps =        8660
 slow changes           0  power changes           0
 metropolis rat:  0.3052644      in         8681 , best:    10.47360    
 local acceptance ratio:  0.3378378    
 Current convergence R-1 =   1.1353409E-02  chain steps =        8706
 slow changes           0  power changes           0
 Current convergence R-1 =   1.0643224E-02  chain steps =        8781
 slow changes           0  power changes           0
 Current convergence R-1 =   1.0468352E-02  chain steps =        8829
 slow changes           0  power changes           0
 metropolis rat:  0.3053263      in         8843 , best:    10.47360    
 local acceptance ratio:  0.3086420    
 Current convergence R-1 =   1.0205270E-02  chain steps =        8929
 slow changes           0  power changes           0
 Current convergence R-1 =   9.8766070E-03  chain steps =        9038
 slow changes           0  power changes           0
 metropolis rat:  0.3027634      in         9083 , best:    10.47286    
 local acceptance ratio:  0.2083333    
 Current convergence R-1 =   9.5569361E-03  chain steps =        9126
 slow changes           0  power changes           0
 Current convergence R-1 =   8.8749938E-03  chain steps =        9163
 slow changes           0  power changes           0
 Current convergence R-1 =   8.0712698E-03  chain steps =        9229
 slow changes           0  power changes           0
 Current convergence R-1 =   7.6751690E-03  chain steps =        9262
 slow changes           0  power changes           0
 metropolis rat:  0.3020822      in         9269 , best:    10.47286    
 local acceptance ratio:  0.2688172    
 Current convergence R-1 =   7.6081008E-03  chain steps =        9338
 slow changes           0  power changes           0
 Current convergence R-1 =   7.7227755E-03  chain steps =        9418
 slow changes           0  power changes           0
 Current convergence R-1 =   8.0271941E-03  chain steps =        9472
 slow changes           0  power changes           0
 metropolis rat:  0.3007281      in         9477 , best:    10.47286    
 local acceptance ratio:  0.2403846    
 Current convergence R-1 =   7.9261642E-03  chain steps =        9549
 slow changes           0  power changes           0
 Current convergence R-1 =   7.4462234E-03  chain steps =        9644
 slow changes           0  power changes           0
 metropolis rat:  0.2998656      in         9671 , best:    10.47286    
 local acceptance ratio:  0.2577319    
 Current convergence R-1 =   7.9407021E-03  chain steps =        9718
 slow changes           0  power changes           0
 Current convergence R-1 =   8.1497645E-03  chain steps =        9871
 slow changes           0  power changes           0
 metropolis rat:  0.2987039      in         9876 , best:    10.47286    
 local acceptance ratio:  0.2439024    
 Current convergence R-1 =   7.9060197E-03  chain steps =        9931
 slow changes           0  power changes           0
 Current convergence R-1 =   7.4297856E-03  chain steps =        9998
 slow changes           0  power changes           0
 metropolis rat:  0.2989537      in        10035 , best:    10.47286    
 local acceptance ratio:  0.3144654    
 Current convergence R-1 =   7.3193163E-03  chain steps =       10038
 slow changes           0  power changes           0
 Current convergence R-1 =   7.4992585E-03  chain steps =       10155
 slow changes           0  power changes           0
 metropolis rat:  0.2986390      in        10213 , best:    10.47286    
 local acceptance ratio:  0.2808989    
 Current convergence R-1 =   8.7214047E-03  chain steps =       10249
 slow changes           0  power changes           0
 Current convergence R-1 =   7.4911318E-03  chain steps =       10342
 slow changes           0  power changes           0
 Current convergence R-1 =   7.6247430E-03  chain steps =       10396
 slow changes           0  power changes           0
 metropolis rat:  0.2980483      in        10401 , best:    10.47286    
 local acceptance ratio:  0.2659574    
 Current convergence R-1 =   9.0960478E-03  chain steps =       10455
 slow changes           0  power changes           0
 Current convergence R-1 =   9.9022537E-03  chain steps =       10539
 slow changes           0  power changes           0
 Current convergence R-1 =   9.6192425E-03  chain steps =       10598
 slow changes           0  power changes           0
 metropolis rat:  0.2969457      in        10608 , best:    10.47286    
 local acceptance ratio:  0.2415459    
 Current convergence R-1 =   9.4553074E-03  chain steps =       10656
 slow changes           0  power changes           0
 Current convergence R-1 =   8.9408914E-03  chain steps =       10706
 slow changes           0  power changes           0
 Current convergence R-1 =   8.0949618E-03  chain steps =       10782
 slow changes           0  power changes           0
 metropolis rat:  0.2966534      in        10787 , best:    10.47286    
 local acceptance ratio:  0.2793296    
 Current convergence R-1 =   7.3919692E-03  chain steps =       10823
 slow changes           0  power changes           0
 Current convergence R-1 =   7.1282838E-03  chain steps =       10906
 slow changes           0  power changes           0
 Current convergence R-1 =   7.1142591E-03  chain steps =       10950
 slow changes           0  power changes           0
 metropolis rat:  0.2963976      in        10965 , best:    10.47286    
 local acceptance ratio:  0.2808989    
 Current convergence R-1 =   6.8990928E-03  chain steps =       11011
 slow changes           0  power changes           0
 metropolis rat:  0.2966292      in        11125 , best:    10.47286    
 local acceptance ratio:  0.3125000    
 Current convergence R-1 =   7.0453025E-03  chain steps =       11198
 slow changes           0  power changes           0
 Current convergence R-1 =   7.3134997E-03  chain steps =       11311
 slow changes           0  power changes           0
 metropolis rat:  0.2944020      in        11379 , best:    10.47286    
 local acceptance ratio:  0.1968504    
 Current convergence R-1 =   6.4241597E-03  chain steps =       11390
 slow changes           0  power changes           0
 Current convergence R-1 =   6.2261191E-03  chain steps =       11493
 slow changes           0  power changes           0
 Current convergence R-1 =   6.2751747E-03  chain steps =       11571
 slow changes           0  power changes           0
 metropolis rat:  0.2930782      in        11601 , best:    10.47286    
 local acceptance ratio:  0.2252252    
 Current convergence R-1 =   5.3908313E-03  chain steps =       11643
 slow changes           0  power changes           0
 Current convergence R-1 =   3.5367440E-03  chain steps =       11733
 slow changes           0  power changes           0
 Current convergence R-1 =   3.0860445E-03  chain steps =       11799
 slow changes           0  power changes           0
 metropolis rat:  0.2922243      in        11806 , best:    10.47286    
 local acceptance ratio:  0.2439024    
 Current convergence R-1 =   3.3023127E-03  chain steps =       11849
 slow changes           0  power changes           0
 Current convergence R-1 =   3.7732122E-03  chain steps =       11936
 slow changes           0  power changes           0
 metropolis rat:  0.2925932      in        11962 , best:    10.47286    
 local acceptance ratio:  0.3205128    
 Current convergence R-1 =   3.7892023E-03  chain steps =       11991
 slow changes           0  power changes           0
 Current convergence R-1 =   4.1276696E-03  chain steps =       12032
 slow changes           0  power changes           0
 Current convergence R-1 =   4.4003762E-03  chain steps =       12096
 slow changes           0  power changes           0
 Current convergence R-1 =   4.5574750E-03  chain steps =       12141
 slow changes           0  power changes           0
 metropolis rat:  0.2921570      in        12151 , best:    10.47286    
 local acceptance ratio:  0.2645503    
 Current convergence R-1 =   4.3845177E-03  chain steps =       12205
 slow changes           0  power changes           0
 Current convergence R-1 =   4.2684772E-03  chain steps =       12272
 slow changes           0  power changes           0
 metropolis rat:  0.2924689      in        12309 , best:    10.47286    
 local acceptance ratio:  0.3164557    
 Current convergence R-1 =   4.0614577E-03  chain steps =       12317
 slow changes           0  power changes           0
 Current convergence R-1 =   3.9118221E-03  chain steps =       12395
 slow changes           0  power changes           0
 Current convergence R-1 =   3.8053901E-03  chain steps =       12433
 slow changes           0  power changes           0
 Current convergence R-1 =   3.8653109E-03  chain steps =       12483
 slow changes           0  power changes           0
 metropolis rat:  0.2920701      in        12497 , best:    10.47286    
 local acceptance ratio:  0.2659574    
 Current convergence R-1 =   3.9773812E-03  chain steps =       12564
 slow changes           0  power changes           0
 Current convergence R-1 =   4.3401783E-03  chain steps =       12627
 slow changes           0  power changes           0
 metropolis rat:  0.2918902      in        12676 , best:    10.47286    
 local acceptance ratio:  0.2793296    
 Current convergence R-1 =   6.4298115E-03  chain steps =       12722
 slow changes           0  power changes           0
 Current convergence R-1 =   6.1828909E-03  chain steps =       12801
 slow changes           0  power changes           0
 metropolis rat:  0.2915112      in        12864 , best:    10.47286    
 local acceptance ratio:  0.2659574    
 Current convergence R-1 =   6.5478054E-03  chain steps =       12919
 slow changes           0  power changes           0
 metropolis rat:  0.2926003      in        12987 , best:    10.47286    
 local acceptance ratio:  0.4065041    
 Current convergence R-1 =   7.5106635E-03  chain steps =       13018
 slow changes           0  power changes           0
 Current convergence R-1 =   7.6430095E-03  chain steps =       13115
 slow changes           0  power changes           0
 Current convergence R-1 =   7.4395649E-03  chain steps =       13124
 slow changes           0  power changes           0
 Current convergence R-1 =   7.1694409E-03  chain steps =       13169
 slow changes           0  power changes           0
 metropolis rat:  0.2919763      in        13186 , best:    10.47286    
 local acceptance ratio:  0.2512563    
 Current convergence R-1 =   6.7137857E-03  chain steps =       13202
 slow changes           0  power changes           0
 Current convergence R-1 =   6.8787276E-03  chain steps =       13240
 slow changes           0  power changes           0
 Current convergence R-1 =   6.9108517E-03  chain steps =       13297
 slow changes           0  power changes           0
 metropolis rat:  0.2919817      in        13357 , best:    10.47286    
 local acceptance ratio:  0.2923976    
 Current convergence R-1 =   6.9809258E-03  chain steps =       13362
 slow changes           0  power changes           0
 Current convergence R-1 =   8.5671926E-03  chain steps =       13469
 slow changes           0  power changes           0
 Current convergence R-1 =   1.1006460E-02  chain steps =       13537
 slow changes           0  power changes           0
 metropolis rat:  0.2906549      in        13590 , best:    10.47286    
 local acceptance ratio:  0.2145923    
 Current convergence R-1 =   1.2406622E-02  chain steps =       13591
 slow changes           0  power changes           0
 Current convergence R-1 =   1.5316330E-02  chain steps =       13653
 slow changes           0  power changes           0
 Current convergence R-1 =   1.7028512E-02  chain steps =       13710
 slow changes           0  power changes           0
 Current convergence R-1 =   1.7302938E-02  chain steps =       13810
 slow changes           0  power changes           0
 metropolis rat:  0.2892054      in        13831 , best:    10.47286    
 local acceptance ratio:  0.2074689    
 Current convergence R-1 =   1.7352350E-02  chain steps =       13876
 slow changes           0  power changes           0
 Current convergence R-1 =   1.7036054E-02  chain steps =       13925
 slow changes           0  power changes           0
 Current convergence R-1 =   1.6387546E-02  chain steps =       13981
 slow changes           0  power changes           0
 metropolis rat:  0.2895339      in        13988 , best:    10.47286    
 local acceptance ratio:  0.3184713    
 Current convergence R-1 =   1.6159182E-02  chain steps =       14018
 slow changes           0  power changes           0
 Current convergence R-1 =   1.6168442E-02  chain steps =       14101
 slow changes           0  power changes           0
 Current convergence R-1 =   1.4800896E-02  chain steps =       14183
 slow changes           0  power changes           0
 metropolis rat:  0.2886308      in        14205 , best:    10.47286    
 local acceptance ratio:  0.2304147    
 Current convergence R-1 =   1.4531225E-02  chain steps =       14246
 slow changes           0  power changes           0
 Current convergence R-1 =   1.4624992E-02  chain steps =       14284
 slow changes           0  power changes           0
 Current convergence R-1 =   1.4324106E-02  chain steps =       14332
 slow changes           0  power changes           0
 metropolis rat:  0.2888564      in        14367 , best:    10.47286    
 local acceptance ratio:  0.3086420    
 Current convergence R-1 =   1.3902059E-02  chain steps =       14393
 slow changes           0  power changes           0
 Current convergence R-1 =   1.4202358E-02  chain steps =       14457
 slow changes           0  power changes           0
 Current convergence R-1 =   1.3744981E-02  chain steps =       14516
 slow changes           0  power changes           0
 metropolis rat:  0.2882438      in        14571 , best:    10.47286    
 local acceptance ratio:  0.2450980    
 Current convergence R-1 =   1.3067486E-02  chain steps =       14623
 slow changes           0  power changes           0
 Current convergence R-1 =   1.2572032E-02  chain steps =       14695
 slow changes           0  power changes           0
 metropolis rat:  0.2873369      in        14791 , best:    10.47286    
 local acceptance ratio:  0.2272727    
 Current convergence R-1 =   1.2210603E-02  chain steps =       14803
 slow changes           0  power changes           0
 Current convergence R-1 =   1.2331120E-02  chain steps =       14841
 slow changes           0  power changes           0
 Current convergence R-1 =   1.2240312E-02  chain steps =       14891
 slow changes           0  power changes           0
 Current convergence R-1 =   1.2472322E-02  chain steps =       14932
 slow changes           0  power changes           0
 metropolis rat:  0.2875293      in        14955 , best:    10.47286    
 local acceptance ratio:  0.3048781    
 Current convergence R-1 =   1.3143091E-02  chain steps =       15014
 slow changes           0  power changes           0
 Current convergence R-1 =   1.2221170E-02  chain steps =       15103
 slow changes           0  power changes           0
 metropolis rat:  0.2872045      in        15146 , best:    10.47286    
 local acceptance ratio:  0.2617801    
 Current convergence R-1 =   1.1842312E-02  chain steps =       15183
 slow changes           0  power changes           0
 Current convergence R-1 =   1.1807449E-02  chain steps =       15328
 slow changes           0  power changes           0
 Current convergence R-1 =   1.1875763E-02  chain steps =       15388
 slow changes           0  power changes           0
 Current convergence R-1 =   1.1312642E-02  chain steps =       15425
 slow changes           0  power changes           0
 metropolis rat:  0.2849925      in        15439 , best:    10.47286    
 local acceptance ratio:  0.1706485    
 Current convergence R-1 =   1.0841779E-02  chain steps =       15468
 slow changes           0  power changes           0
 Current convergence R-1 =   1.0569554E-02  chain steps =       15496
 slow changes           0  power changes           0
 Current convergence R-1 =   1.0530930E-02  chain steps =       15527
 slow changes           0  power changes           0
 Current convergence R-1 =   1.0440083E-02  chain steps =       15626
 slow changes           0  power changes           0
 metropolis rat:  0.2842361      in        15656 , best:    10.47286    
 local acceptance ratio:  0.2304147    
 Current convergence R-1 =   1.0431259E-02  chain steps =       15714
 slow changes           0  power changes           0
 Current convergence R-1 =   1.0564880E-02  chain steps =       15780
 slow changes           0  power changes           0
 Current convergence R-1 =   1.0526859E-02  chain steps =       15850
 slow changes           0  power changes           0
 metropolis rat:  0.2836075      in        15867 , best:    10.47286    
 local acceptance ratio:  0.2369668    
 Current convergence R-1 =   1.0739589E-02  chain steps =       15912
 slow changes           0  power changes           0
 Current convergence R-1 =   1.0285747E-02  chain steps =       16032
 slow changes           0  power changes           0
 metropolis rat:  0.2836835      in        16039 , best:    10.47286    
 local acceptance ratio:  0.2906977    
 Current convergence R-1 =   9.7567905E-03  chain steps =       16102
 slow changes           0  power changes           0
 Current convergence R-1 =   9.7670220E-03  chain steps =       16193
 slow changes           0  power changes           0
 metropolis rat:  0.2834432      in        16229 , best:    10.47286    
 local acceptance ratio:  0.2631579    
 Current convergence R-1 =   9.6738627E-03  chain steps =       16248
 slow changes           0  power changes           0
 Current convergence R-1 =   8.7253861E-03  chain steps =       16298
 slow changes           0  power changes           0
 Current convergence R-1 =   8.5056331E-03  chain steps =       16320
 slow changes           0  power changes           0
 Current convergence R-1 =   8.0146203E-03  chain steps =       16351
 slow changes           0  power changes           0
 Current convergence R-1 =   8.5021239E-03  chain steps =       16445
 slow changes           0  power changes           0
 metropolis rat:  0.2826576      in        16451 , best:    10.47286    
 local acceptance ratio:  0.2252252    
 Current convergence R-1 =   8.6241718E-03  chain steps =       16546
 slow changes           0  power changes           0
 metropolis rat:  0.2824859      in        16638 , best:    10.47286    
 local acceptance ratio:  0.2673797    
 Current convergence R-1 =   8.1162844E-03  chain steps =       16640
 slow changes           0  power changes           0
 Current convergence R-1 =   7.4048210E-03  chain steps =       16681
 slow changes           0  power changes           0
 Current convergence R-1 =   6.8294574E-03  chain steps =       16749
 slow changes           0  power changes           0
 Current convergence R-1 =   6.3696015E-03  chain steps =       16805
 slow changes           0  power changes           0
 metropolis rat:  0.2821168      in        16837 , best:    10.47286    
 local acceptance ratio:  0.2512563    
 Current convergence R-1 =   6.5268446E-03  chain steps =       16870
 slow changes           0  power changes           0
 Current convergence R-1 =   6.6197221E-03  chain steps =       16909
 slow changes           0  power changes           0
 Current convergence R-1 =   6.5238462E-03  chain steps =       16983
 slow changes           0  power changes           0
 metropolis rat:  0.2819880      in        17022 , best:    10.47286    
 local acceptance ratio:  0.2702703    
 Current convergence R-1 =   6.5837209E-03  chain steps =       17060
 slow changes           0  power changes           0
 Current convergence R-1 =   6.6275960E-03  chain steps =       17116
 slow changes           0  power changes           0
 Current convergence R-1 =   7.0700669E-03  chain steps =       17196
 slow changes           0  power changes           0
 metropolis rat:  0.2816165      in        17222 , best:    10.47286    
 local acceptance ratio:  0.2500000    
 Current convergence R-1 =   7.5622965E-03  chain steps =       17237
 slow changes           0  power changes           0
 Current convergence R-1 =   6.9898348E-03  chain steps =       17319
 slow changes           0  power changes           0
 Current convergence R-1 =   6.7548808E-03  chain steps =       17401
 slow changes           0  power changes           0
 metropolis rat:  0.2808345      in        17448 , best:    10.47286    
 local acceptance ratio:  0.2212389    
 Current convergence R-1 =   6.8832794E-03  chain steps =       17458
 slow changes           0  power changes           0
 Current convergence R-1 =   6.7987763E-03  chain steps =       17544
 slow changes           0  power changes           0
 Current convergence R-1 =   6.7111822E-03  chain steps =       17589
 slow changes           0  power changes           0
 metropolis rat:  0.2805804      in        17642 , best:    10.47286    
 local acceptance ratio:  0.2577319    
 Current convergence R-1 =   6.5928837E-03  chain steps =       17646
 slow changes           0  power changes           0
 Current convergence R-1 =   6.7485790E-03  chain steps =       17746
 slow changes           0  power changes           0
 metropolis rat:  0.2800807      in        17852 , best:    10.47286    
 local acceptance ratio:  0.2380952    
 Current convergence R-1 =   6.4700935E-03  chain steps =       17871
 slow changes           0  power changes           0
 Current convergence R-1 =   6.3780635E-03  chain steps =       17917
 slow changes           0  power changes           0
 Current convergence R-1 =   6.2877191E-03  chain steps =       17990
 slow changes           0  power changes           0
 metropolis rat:  0.2800266      in        18034 , best:    10.47286    
 local acceptance ratio:  0.2747253    
 Current convergence R-1 =   6.2032565E-03  chain steps =       18064
 slow changes           0  power changes           0
 Current convergence R-1 =   6.3590156E-03  chain steps =       18142
 slow changes           0  power changes           0
 Current convergence R-1 =   6.2020943E-03  chain steps =       18168
 slow changes           0  power changes           0
 metropolis rat:  0.2800198      in        18213 , best:    10.47286    
 local acceptance ratio:  0.2793296    
 Current convergence R-1 =   6.1073168E-03  chain steps =       18238
 slow changes           0  power changes           0
 Current convergence R-1 =   6.4235493E-03  chain steps =       18307
 slow changes           0  power changes           0
 Current convergence R-1 =   6.5122931E-03  chain steps =       18387
 slow changes           0  power changes           0
 metropolis rat:  0.2800740      in        18388 , best:    10.47286    
 local acceptance ratio:  0.2857143    
 Current convergence R-1 =   6.4309016E-03  chain steps =       18425
 slow changes           0  power changes           0
 Current convergence R-1 =   6.4961729E-03  chain steps =       18496
 slow changes           0  power changes           0
 Current convergence R-1 =   6.5588201E-03  chain steps =       18573
 slow changes           0  power changes           0
 Current convergence R-1 =   6.5911044E-03  chain steps =       18597
 slow changes           0  power changes           0
 metropolis rat:  0.2792696      in        18620 , best:    10.47286    
 local acceptance ratio:  0.2155172    
 Current convergence R-1 =   6.6742152E-03  chain steps =       18678
 slow changes           0  power changes           0
 Current convergence R-1 =   6.5516271E-03  chain steps =       18785
 slow changes           0  power changes           0
 metropolis rat:  0.2794634      in        18786 , best:    10.47286    
 local acceptance ratio:  0.3012048    
 Current convergence R-1 =   6.6647287E-03  chain steps =       18918
 slow changes           0  power changes           0
 Current convergence R-1 =   6.9329753E-03  chain steps =       18996
 slow changes           0  power changes           0
 metropolis rat:  0.2787420      in        19014 , best:    10.47286    
 local acceptance ratio:  0.2192982    
 Current convergence R-1 =   6.8960716E-03  chain steps =       19086
 slow changes           0  power changes           0
 Current convergence R-1 =   6.7743333E-03  chain steps =       19181
 slow changes           0  power changes           0
 Current convergence R-1 =   6.8477043E-03  chain steps =       19187
 slow changes           0  power changes           0
 metropolis rat:  0.2786749      in        19198 , best:    10.47286    
 local acceptance ratio:  0.2717391    
 Current convergence R-1 =   7.0182877E-03  chain steps =       19236
 slow changes           0  power changes           0
 Current convergence R-1 =   6.9796895E-03  chain steps =       19292
 slow changes           0  power changes           0
 Current convergence R-1 =   6.8087443E-03  chain steps =       19374
 slow changes           0  power changes           0
 metropolis rat:  0.2783936      in        19397 , best:    10.47286    
 local acceptance ratio:  0.2512563    
 Current convergence R-1 =   6.8004634E-03  chain steps =       19427
 slow changes           0  power changes           0
 Current convergence R-1 =   6.7015737E-03  chain steps =       19461
 slow changes           0  power changes           0
 Current convergence R-1 =   6.6948775E-03  chain steps =       19509
 slow changes           0  power changes           0
 metropolis rat:  0.2784163      in        19575 , best:    10.47286    
 local acceptance ratio:  0.2808989    
 Current convergence R-1 =   6.8902168E-03  chain steps =       19576
 slow changes           0  power changes           0
 Current convergence R-1 =   6.9567785E-03  chain steps =       19625
 slow changes           0  power changes           0
 Current convergence R-1 =   7.4199508E-03  chain steps =       19697
 slow changes           0  power changes           0
 Current convergence R-1 =   7.3633944E-03  chain steps =       19732
 slow changes           0  power changes           0
 metropolis rat:  0.2787209      in        19733 , best:    10.47286    
 local acceptance ratio:  0.3164557    
 Current convergence R-1 =   7.1747284E-03  chain steps =       19826
 slow changes           0  power changes           0
 Current convergence R-1 =   7.1640480E-03  chain steps =       19874
 slow changes           0  power changes           0
 Current convergence R-1 =   7.2795716E-03  chain steps =       19930
 slow changes           0  power changes           0
 metropolis rat:  0.2779308      in        19969 , best:    10.47286    
 local acceptance ratio:  0.2118644    
 Current convergence R-1 =   7.3634577E-03  chain steps =       20006
 slow changes           0  power changes           0
 Current convergence R-1 =   7.5517623E-03  chain steps =       20095
 slow changes           0  power changes           0
 metropolis rat:  0.2781227      in        20135 , best:    10.47286    
 local acceptance ratio:  0.3012048    
 Current convergence R-1 =   7.4833781E-03  chain steps =       20191
 slow changes           0  power changes           0
 Current convergence R-1 =   7.8377724E-03  chain steps =       20279
 slow changes           0  power changes           0
 metropolis rat:  0.2780922      in        20317 , best:    10.47286    
 local acceptance ratio:  0.2747253    
 Current convergence R-1 =   7.6256134E-03  chain steps =       20375
 slow changes           0  power changes           0
 Current convergence R-1 =   7.3835626E-03  chain steps =       20466
 slow changes           0  power changes           0
 Current convergence R-1 =   7.5236792E-03  chain steps =       20508
 slow changes           0  power changes           0
 metropolis rat:  0.2774128      in        20547 , best:    10.47286    
 local acceptance ratio:  0.2173913    
 Current convergence R-1 =   7.6665673E-03  chain steps =       20564
 slow changes           0  power changes           0
 Current convergence R-1 =   7.5752460E-03  chain steps =       20594
 slow changes           0  power changes           0
 Current convergence R-1 =   7.7811787E-03  chain steps =       20624
 slow changes           0  power changes           0
 Current convergence R-1 =   7.6729953E-03  chain steps =       20711
 slow changes           0  power changes           0
 metropolis rat:  0.2775230      in        20719 , best:    10.47286    
 local acceptance ratio:  0.2906977    
 Current convergence R-1 =   7.5147506E-03  chain steps =       20743
 slow changes           0  power changes           0
 Current convergence R-1 =   7.5143697E-03  chain steps =       20861
 slow changes           0  power changes           0
 metropolis rat:  0.2776581      in        20889 , best:    10.47286    
 local acceptance ratio:  0.2941177    
 Current convergence R-1 =   7.5551467E-03  chain steps =       20917
 slow changes           0  power changes           0
 Current convergence R-1 =   7.5254086E-03  chain steps =       20995
 slow changes           0  power changes           0
 metropolis rat:  0.2776723      in        21068 , best:    10.47286    
 local acceptance ratio:  0.2793296    
 Current convergence R-1 =   7.4875108E-03  chain steps =       21079
 slow changes           0  power changes           0
 Current convergence R-1 =   7.3678219E-03  chain steps =       21125
 slow changes           0  power changes           0
 Current convergence R-1 =   7.2795521E-03  chain steps =       21164
 slow changes           0  power changes           0
 Current convergence R-1 =   7.3465342E-03  chain steps =       21241
 slow changes           0  power changes           0
 metropolis rat:  0.2776601      in        21249 , best:    10.47286    
 local acceptance ratio:  0.2762431    
 Current convergence R-1 =   7.4814544E-03  chain steps =       21331
 slow changes           0  power changes           0
 Current convergence R-1 =   7.4027968E-03  chain steps =       21393
 slow changes           0  power changes           0
 Current convergence R-1 =   7.1228589E-03  chain steps =       21445
 slow changes           0  power changes           0
 metropolis rat:  0.2774410      in        21446 , best:    10.47286    
 local acceptance ratio:  0.2538071    
 Current convergence R-1 =   7.1398532E-03  chain steps =       21526
 slow changes           0  power changes           0
 Current convergence R-1 =   7.1900049E-03  chain steps =       21618
 slow changes           0  power changes           0
 metropolis rat:  0.2770595      in        21656 , best:    10.47286    
 local acceptance ratio:  0.2380952    
 Current convergence R-1 =   7.3799393E-03  chain steps =       21666
 slow changes           0  power changes           0
 Current convergence R-1 =   7.3386151E-03  chain steps =       21757
 slow changes           0  power changes           0
 metropolis rat:  0.2776248      in        21792 , best:    10.47286    
 local acceptance ratio:  0.3676471    
 Current convergence R-1 =   7.1633826E-03  chain steps =       21817
 slow changes           0  power changes           0
 Current convergence R-1 =   7.0257927E-03  chain steps =       21864
 slow changes           0  power changes           0
 Current convergence R-1 =   7.0613176E-03  chain steps =       21931
 slow changes           0  power changes           0
 metropolis rat:  0.2775376      in        21979 , best:    10.47286    
 local acceptance ratio:  0.2673797    
 Current convergence R-1 =   6.7473580E-03  chain steps =       21997
 slow changes           0  power changes           0
 Current convergence R-1 =   6.8013803E-03  chain steps =       22059
 slow changes           0  power changes           0
 metropolis rat:  0.2778907      in        22131 , best:    10.47286    
 local acceptance ratio:  0.3289474    
 Current convergence R-1 =   6.1552403E-03  chain steps =       22174
 slow changes           0  power changes           0
 Current convergence R-1 =   6.0598180E-03  chain steps =       22313
 slow changes           0  power changes           0
 metropolis rat:  0.2773553      in        22354 , best:    10.47286    
 local acceptance ratio:  0.2242152    
 Current convergence R-1 =   5.8905147E-03  chain steps =       22390
 slow changes           0  power changes           0
 Current convergence R-1 =   5.6850342E-03  chain steps =       22433
 slow changes           0  power changes           0
 metropolis rat:  0.2775681      in        22517 , best:    10.47286    
 local acceptance ratio:  0.3067485    
 Current convergence R-1 =   5.5880030E-03  chain steps =       22526
 slow changes           0  power changes           0
 Current convergence R-1 =   5.4230867E-03  chain steps =       22564
 slow changes           0  power changes           0
 Current convergence R-1 =   5.3521087E-03  chain steps =       22626
 slow changes           0  power changes           0
 metropolis rat:  0.2777533      in        22682 , best:    10.47286    
 local acceptance ratio:  0.3030303    
 Current convergence R-1 =   5.1925885E-03  chain steps =       22701
 slow changes           0  power changes           0
 Current convergence R-1 =   5.1745526E-03  chain steps =       22715
 slow changes           0  power changes           0
 Current convergence R-1 =   5.0627147E-03  chain steps =       22771
 slow changes           0  power changes           0
 Current convergence R-1 =   5.1113986E-03  chain steps =       22855
 slow changes           0  power changes           0
 metropolis rat:  0.2774258      in        22889 , best:    10.47286    
 local acceptance ratio:  0.2415459    
 Current convergence R-1 =   5.0646449E-03  chain steps =       22938
 slow changes           0  power changes           0
 Current convergence R-1 =   4.7323937E-03  chain steps =       23025
 slow changes           0  power changes           0
 Current convergence R-1 =   4.5957826E-03  chain steps =       23119
 slow changes           0  power changes           0
 metropolis rat:  0.2767927      in        23122 , best:    10.47286    
 local acceptance ratio:  0.2145923    
 Current convergence R-1 =   4.5080753E-03  chain steps =       23190
 slow changes           0  power changes           0
 Current convergence R-1 =   4.3741204E-03  chain steps =       23265
 slow changes           0  power changes           0
 metropolis rat:  0.2771452      in        23273 , best:    10.47286    
 local acceptance ratio:  0.3311258    
 Current convergence R-1 =   4.6185646E-03  chain steps =       23346
 slow changes           0  power changes           0
 Current convergence R-1 =   4.4960859E-03  chain steps =       23378
 slow changes           0  power changes           0
 Current convergence R-1 =   4.5500537E-03  chain steps =       23422
 slow changes           0  power changes           0
 metropolis rat:  0.2772091      in        23448 , best:    10.47286    
 local acceptance ratio:  0.2857143    
 Current convergence R-1 =   4.6821167E-03  chain steps =       23487
 slow changes           0  power changes           0
 Current convergence R-1 =   4.6779974E-03  chain steps =       23585
 slow changes           0  power changes           0
 metropolis rat:  0.2772369      in        23626 , best:    10.47286    
 local acceptance ratio:  0.2808989    
 Current convergence R-1 =   4.7227126E-03  chain steps =       23643
 slow changes           0  power changes           0
 Current convergence R-1 =   4.7156117E-03  chain steps =       23698
 slow changes           0  power changes           0
 Current convergence R-1 =   4.6679121E-03  chain steps =       23765
 slow changes           0  power changes           0
 metropolis rat:  0.2771246      in        23816 , best:    10.47286    
 local acceptance ratio:  0.2631579    
 Current convergence R-1 =   4.6764114E-03  chain steps =       23838
 slow changes           0  power changes           0
 Current convergence R-1 =   4.7230297E-03  chain steps =       23916
 slow changes           0  power changes           0
 Current convergence R-1 =   5.2319281E-03  chain steps =       23972
 slow changes           0  power changes           0
 metropolis rat:  0.2770833      in        24000 , best:    10.47286    
 local acceptance ratio:  0.2717391    
 Current convergence R-1 =   5.0832042E-03  chain steps =       24031
 slow changes           0  power changes           0
 Current convergence R-1 =   5.0866217E-03  chain steps =       24090
 slow changes           0  power changes           0
 Current convergence R-1 =   4.8907502E-03  chain steps =       24147
 slow changes           0  power changes           0
 metropolis rat:  0.2773868      in        24154 , best:    10.47286    
 local acceptance ratio:  0.3246753    
 Current convergence R-1 =   4.5920531E-03  chain steps =       24235
 slow changes           0  power changes           0
 Current convergence R-1 =   4.5398041E-03  chain steps =       24288
 slow changes           0  power changes           0
 metropolis rat:  0.2776407      in        24312 , best:    10.47286    
 local acceptance ratio:  0.3164557    
 Current convergence R-1 =   4.5203385E-03  chain steps =       24348
 slow changes           0  power changes           0
 Current convergence R-1 =   4.4113612E-03  chain steps =       24389
 slow changes           0  power changes           0
 Current convergence R-1 =   4.0836916E-03  chain steps =       24443
 slow changes           0  power changes           0
 Current convergence R-1 =   3.9608902E-03  chain steps =       24523
 slow changes           0  power changes           0
 metropolis rat:  0.2772455      in        24527 , best:    10.47286    
 local acceptance ratio:  0.2325581    
 Current convergence R-1 =   3.8728821E-03  chain steps =       24565
 slow changes           0  power changes           0
 Current convergence R-1 =   3.9294302E-03  chain steps =       24618
 slow changes           0  power changes           0
 Current convergence R-1 =   3.9303596E-03  chain steps =       24658
 slow changes           0  power changes           0
 Current convergence R-1 =   3.9824434E-03  chain steps =       24705
 slow changes           0  power changes           0
 metropolis rat:  0.2769467      in        24734 , best:    10.47286    
 local acceptance ratio:  0.2415459    
 Current convergence R-1 =   3.9541228E-03  chain steps =       24760
 slow changes           0  power changes           0
 Current convergence R-1 =   3.9632753E-03  chain steps =       24853
 slow changes           0  power changes           0
 metropolis rat:  0.2774315      in        24871 , best:    10.47286    
 local acceptance ratio:  0.3649635    
 Current convergence R-1 =   3.9099613E-03  chain steps =       24897
 slow changes           0  power changes           0
 Current convergence R-1 =   3.9614174E-03  chain steps =       25013
 slow changes           0  power changes           0
 Current convergence R-1 =   3.7535541E-03  chain steps =       25061
 slow changes           0  power changes           0
 metropolis rat:  0.2768924      in        25100 , best:    10.47286    
 local acceptance ratio:  0.2183406    
 Current convergence R-1 =   3.8072399E-03  chain steps =       25153
 slow changes           0  power changes           0
 Current convergence R-1 =   3.7503953E-03  chain steps =       25196
 slow changes           0  power changes           0
 metropolis rat:  0.2770851      in        25263 , best:    10.47286    
 local acceptance ratio:  0.3067485    
 Current convergence R-1 =   3.7214241E-03  chain steps =       25297
 slow changes           0  power changes           0
 Current convergence R-1 =   3.6241610E-03  chain steps =       25355
 slow changes           0  power changes           0
 metropolis rat:  0.2775919      in        25397 , best:    10.47286    
 local acceptance ratio:  0.3731343    
 Current convergence R-1 =   3.5454857E-03  chain steps =       25434
 slow changes           0  power changes           0
 Current convergence R-1 =   3.5090479E-03  chain steps =       25501
 slow changes           0  power changes           0
 Current convergence R-1 =   3.7090234E-03  chain steps =       25574
 slow changes           0  power changes           0
 metropolis rat:  0.2773763      in        25597 , best:    10.47286    
 local acceptance ratio:  0.2500000    
 Current convergence R-1 =   3.8875705E-03  chain steps =       25650
 slow changes           0  power changes           0
 Current convergence R-1 =   3.9460273E-03  chain steps =       25695
 slow changes           0  power changes           0
 Current convergence R-1 =   3.6656125E-03  chain steps =       25794
 slow changes           0  power changes           0
 metropolis rat:  0.2769922      in        25813 , best:    10.47286    
 local acceptance ratio:  0.2314815    
 Current convergence R-1 =   3.6463477E-03  chain steps =       25886
 slow changes           0  power changes           0
 Current convergence R-1 =   3.6446184E-03  chain steps =       25958
 slow changes           0  power changes           0
 metropolis rat:  0.2772964      in        25965 , best:    10.47286    
 local acceptance ratio:  0.3289474    
 Current convergence R-1 =   3.6861219E-03  chain steps =       26031
 slow changes           0  power changes           0
 metropolis rat:  0.2772997      in        26145 , best:    10.47286    
 local acceptance ratio:  0.2777778    
 Current convergence R-1 =   3.6927792E-03  chain steps =       26157
 slow changes           0  power changes           0
 Current convergence R-1 =   3.7466865E-03  chain steps =       26228
 slow changes           0  power changes           0
 Current convergence R-1 =   3.6974102E-03  chain steps =       26276
 slow changes           0  power changes           0
 Current convergence R-1 =   3.6006155E-03  chain steps =       26334
 slow changes           0  power changes           0
 metropolis rat:  0.2771555      in        26339 , best:    10.47286    
 local acceptance ratio:  0.2577319    
 Current convergence R-1 =   3.5613552E-03  chain steps =       26365
 slow changes           0  power changes           0
 Current convergence R-1 =   3.3804094E-03  chain steps =       26427
 slow changes           0  power changes           0
 Current convergence R-1 =   3.0537751E-03  chain steps =       26481
 slow changes           0  power changes           0
 metropolis rat:  0.2768362      in        26550 , best:    10.47286    
 local acceptance ratio:  0.2369668    
 Current convergence R-1 =   2.3913048E-03  chain steps =       26553
 slow changes           0  power changes           0
 Current convergence R-1 =   2.0343596E-03  chain steps =       26596
 slow changes           0  power changes           0
 Current convergence R-1 =   1.6234729E-03  chain steps =       26662
 slow changes           0  power changes           0
 metropolis rat:  0.2768425      in        26730 , best:    10.47286    
 local acceptance ratio:  0.2777778    
 Current convergence R-1 =   1.3553168E-03  chain steps =       26730
 slow changes           0  power changes           0
