 metropolis rat:  0.8928571      in           56 , best:    10.74426    
 local acceptance ratio:  0.8928571    
 metropolis rat:  0.8547009      in          117 , best:    10.69976    
 local acceptance ratio:  0.8196721    
 Current convergence R-1 =    20.26462      chain steps =         134
 slow changes           0  power changes           0
 metropolis rat:  0.8379889      in          179 , best:    10.62221    
 local acceptance ratio:  0.8064516    
 Current convergence R-1 =   0.3696854      chain steps =         208
 slow changes           0  power changes           0
 Current convergence R-1 =   0.5806656      chain steps =         249
 slow changes           0  power changes           0
 metropolis rat:  0.7194245      in          278 , best:    10.53028    
 local acceptance ratio:  0.5050505    
 Current convergence R-1 =   0.1453023      chain steps =         344
 slow changes           0  power changes           0
 Current convergence R-1 =   0.1145580      chain steps =         436
 slow changes           0  power changes           0
 metropolis rat:  0.5656109      in          442 , best:    10.47965    
 local acceptance ratio:  0.3048781    
 Current convergence R-1 =   0.1111236      chain steps =         506
 slow changes           0  power changes           0
 metropolis rat:  0.5025126      in          597 , best:    10.47965    
 local acceptance ratio:  0.3225806    
 Current convergence R-1 =   0.1456004      chain steps =         620
 slow changes           0  power changes           0
 Current convergence R-1 =   5.9663955E-02  chain steps =         683
 slow changes           0  power changes           0
 Current convergence R-1 =   5.6764621E-02  chain steps =         762
 slow changes           0  power changes           0
 metropolis rat:  0.4498715      in          778 , best:    10.47965    
 local acceptance ratio:  0.2762431    
 Current convergence R-1 =   6.0008083E-02  chain steps =         832
 slow changes           0  power changes           0
 metropolis rat:  0.4400440      in          909 , best:    10.47963    
 local acceptance ratio:  0.3816794    
 Current convergence R-1 =   6.5057106E-02  chain steps =         941
 slow changes           0  power changes           0
 Current convergence R-1 =   7.9685889E-02  chain steps =        1004
 slow changes           0  power changes           0
 Current convergence R-1 =   7.9219073E-02  chain steps =        1045
 slow changes           0  power changes           0
 metropolis rat:  0.4205607      in         1070 , best:    10.47322    
 local acceptance ratio:  0.3105590    
 Current convergence R-1 =   6.0285322E-02  chain steps =        1122
 slow changes           0  power changes           0
 Current convergence R-1 =   6.3861042E-02  chain steps =        1171
 slow changes           0  power changes           0
 metropolis rat:  0.4132231      in         1210 , best:    10.47322    
 local acceptance ratio:  0.3571429    
 Current convergence R-1 =   2.7843177E-02  chain steps =        1224
 slow changes           0  power changes           0
 Current convergence R-1 =   2.9110221E-02  chain steps =        1292
 slow changes           0  power changes           0
 metropolis rat:  0.4056047      in         1356 , best:    10.47322    
 local acceptance ratio:  0.3424658    
 Current convergence R-1 =   5.0117489E-02  chain steps =        1362
 slow changes           0  power changes           0
 Current convergence R-1 =   4.2851403E-02  chain steps =        1448
 slow changes           0  power changes           0
 metropolis rat:  0.4051317      in         1481 , best:    10.47322    
 local acceptance ratio:  0.4000000    
 Current convergence R-1 =   4.7022920E-02  chain steps =        1524
 slow changes           0  power changes           0
 Current convergence R-1 =   3.8655464E-02  chain steps =        1582
 slow changes           0  power changes           0
 metropolis rat:  0.4000000      in         1625 , best:    10.47292    
 local acceptance ratio:  0.3472222    
 Current convergence R-1 =   2.9221788E-02  chain steps =        1670
 slow changes           0  power changes           0
 Current convergence R-1 =   3.2477912E-02  chain steps =        1767
 slow changes           0  power changes           0
 metropolis rat:  0.3945885      in         1774 , best:    10.47292    
 local acceptance ratio:  0.3355705    
 Current convergence R-1 =   2.4364520E-02  chain steps =        1874
 slow changes           0  power changes           0
 metropolis rat:  0.3924647      in         1911 , best:    10.47292    
 local acceptance ratio:  0.3649635    
 Current convergence R-1 =   1.7318213E-02  chain steps =        1920
 slow changes           0  power changes           0
 Current convergence R-1 =   1.6261922E-02  chain steps =        1965
 slow changes           0  power changes           0
 Current convergence R-1 =   1.7236626E-02  chain steps =        2007
 slow changes           0  power changes           0
 Current convergence R-1 =   1.6498044E-02  chain steps =        2043
 slow changes           0  power changes           0
 metropolis rat:  0.3879728      in         2062 , best:    10.47292    
 local acceptance ratio:  0.3311258    
 Current convergence R-1 =   1.4328569E-02  chain steps =        2086
 slow changes           0  power changes           0
 Current convergence R-1 =   1.0572337E-02  chain steps =        2136
 slow changes           0  power changes           0
 metropolis rat:  0.3860127      in         2202 , best:    10.47292    
 local acceptance ratio:  0.3571429    
 Current convergence R-1 =   8.6400239E-03  chain steps =        2236
 slow changes           0  power changes           0
 Current convergence R-1 =   1.2439716E-02  chain steps =        2323
 slow changes           0  power changes           0
 metropolis rat:  0.3829787      in         2350 , best:    10.47292    
 local acceptance ratio:  0.3378378    
 Current convergence R-1 =   1.2506031E-02  chain steps =        2423
 slow changes           0  power changes           0
 Current convergence R-1 =   1.2488786E-02  chain steps =        2496
 slow changes           0  power changes           0
 metropolis rat:  0.3766852      in         2522 , best:    10.47292    
 local acceptance ratio:  0.2906977    
 Current convergence R-1 =   1.7960282E-02  chain steps =        2558
 slow changes           0  power changes           0
 Current convergence R-1 =   1.8298997E-02  chain steps =        2602
 slow changes           0  power changes           0
 Current convergence R-1 =   2.4258127E-02  chain steps =        2661
 slow changes           0  power changes           0
 metropolis rat:  0.3746722      in         2669 , best:    10.47292    
 local acceptance ratio:  0.3401361    
 Current convergence R-1 =   2.0802744E-02  chain steps =        2755
 slow changes           0  power changes           0
 metropolis rat:  0.3706318      in         2833 , best:    10.47292    
 local acceptance ratio:  0.3048781    
 Current convergence R-1 =   1.9580588E-02  chain steps =        2882
 slow changes           0  power changes           0
 Current convergence R-1 =   1.7291991E-02  chain steps =        2949
 slow changes           0  power changes           0
 metropolis rat:  0.3682625      in         2987 , best:    10.47292    
 local acceptance ratio:  0.3246753    
 Current convergence R-1 =   1.7345065E-02  chain steps =        3027
 slow changes           0  power changes           0
 Current convergence R-1 =   2.1438736E-02  chain steps =        3090
 slow changes           0  power changes           0
 Current convergence R-1 =   2.2409782E-02  chain steps =        3134
 slow changes           0  power changes           0
 Current convergence R-1 =   2.3535205E-02  chain steps =        3154
 slow changes           0  power changes           0
 Current convergence R-1 =   2.4104977E-02  chain steps =        3187
 slow changes           0  power changes           0
 metropolis rat:  0.3592627      in         3201 , best:    10.47292    
 local acceptance ratio:  0.2336449    
 Current convergence R-1 =   2.1681467E-02  chain steps =        3240
 slow changes           0  power changes           0
 Current convergence R-1 =   2.0370875E-02  chain steps =        3282
 slow changes           0  power changes           0
 Current convergence R-1 =   2.3050297E-02  chain steps =        3343
 slow changes           0  power changes           0
 metropolis rat:  0.3547148      in         3383 , best:    10.47292    
 local acceptance ratio:  0.2747253    
 Current convergence R-1 =   2.3048131E-02  chain steps =        3406
 slow changes           0  power changes           0
 Current convergence R-1 =   2.1430945E-02  chain steps =        3458
 slow changes           0  power changes           0
 Current convergence R-1 =   1.9865440E-02  chain steps =        3548
 slow changes           0  power changes           0
 metropolis rat:  0.3491620      in         3580 , best:    10.47292    
 local acceptance ratio:  0.2538071    
 Current convergence R-1 =   1.7560979E-02  chain steps =        3630
 slow changes           0  power changes           0
 Current convergence R-1 =   1.3765421E-02  chain steps =        3715
 slow changes           0  power changes           0
 Current convergence R-1 =   1.6718296E-02  chain steps =        3785
 slow changes           0  power changes           0
 metropolis rat:  0.3433703      in         3786 , best:    10.47292    
 local acceptance ratio:  0.2427184    
 Current convergence R-1 =   1.7792569E-02  chain steps =        3952
 slow changes           0  power changes           0
 metropolis rat:  0.3369945      in         4006 , best:    10.47292    
 local acceptance ratio:  0.2272727    
 Current convergence R-1 =   1.9579271E-02  chain steps =        4017
 slow changes           0  power changes           0
 Current convergence R-1 =   2.2279168E-02  chain steps =        4047
 slow changes           0  power changes           0
 Current convergence R-1 =   2.3074524E-02  chain steps =        4091
 slow changes           0  power changes           0
 Current convergence R-1 =   2.2884468E-02  chain steps =        4137
 slow changes           0  power changes           0
 metropolis rat:  0.3362152      in         4164 , best:    10.47292    
 local acceptance ratio:  0.3164557    
 Current convergence R-1 =   2.4479188E-02  chain steps =        4175
 slow changes           0  power changes           0
 Current convergence R-1 =   2.1798480E-02  chain steps =        4249
 slow changes           0  power changes           0
 Current convergence R-1 =   1.7408609E-02  chain steps =        4313
 slow changes           0  power changes           0
 metropolis rat:  0.3346411      in         4333 , best:    10.47292    
 local acceptance ratio:  0.2958580    
 Current convergence R-1 =   1.6066808E-02  chain steps =        4397
 slow changes           0  power changes           0
 Current convergence R-1 =   1.5448635E-02  chain steps =        4485
 slow changes           0  power changes           0
 metropolis rat:  0.3339270      in         4492 , best:    10.47292    
 local acceptance ratio:  0.3144654    
 Current convergence R-1 =   1.4503623E-02  chain steps =        4563
 slow changes           0  power changes           0
 Current convergence R-1 =   1.4992399E-02  chain steps =        4655
 slow changes           0  power changes           0
 metropolis rat:  0.3328323      in         4657 , best:    10.47292    
 local acceptance ratio:  0.3030303    
 Current convergence R-1 =   1.5840575E-02  chain steps =        4753
 slow changes           0  power changes           0
 metropolis rat:  0.3332639      in         4801 , best:    10.47292    
 local acceptance ratio:  0.3472222    
 Current convergence R-1 =   1.7422633E-02  chain steps =        4844
 slow changes           0  power changes           0
 Current convergence R-1 =   1.6417459E-02  chain steps =        4920
 slow changes           0  power changes           0
 metropolis rat:  0.3317250      in         4974 , best:    10.47292    
 local acceptance ratio:  0.2890173    
 Current convergence R-1 =   1.3995450E-02  chain steps =        5000
 slow changes           0  power changes           0
 Current convergence R-1 =   1.2745649E-02  chain steps =        5047
 slow changes           0  power changes           0
 Current convergence R-1 =   1.1822604E-02  chain steps =        5083
 slow changes           0  power changes           0
 Current convergence R-1 =   1.1702188E-02  chain steps =        5120
 slow changes           0  power changes           0
 metropolis rat:  0.3317721      in         5124 , best:    10.47292    
 local acceptance ratio:  0.3333333    
 Current convergence R-1 =   1.0845081E-02  chain steps =        5212
 slow changes           0  power changes           0
 Current convergence R-1 =   1.2659001E-02  chain steps =        5253
 slow changes           0  power changes           0
 metropolis rat:  0.3317536      in         5275 , best:    10.47292    
 local acceptance ratio:  0.3311258    
 Current convergence R-1 =   1.1942378E-02  chain steps =        5305
 slow changes           0  power changes           0
 Current convergence R-1 =   1.1412541E-02  chain steps =        5362
 slow changes           0  power changes           0
 Current convergence R-1 =   1.0982748E-02  chain steps =        5385
 slow changes           0  power changes           0
 Current convergence R-1 =   1.0650653E-02  chain steps =        5435
 slow changes           0  power changes           0
 metropolis rat:  0.3294893      in         5463 , best:    10.47292    
 local acceptance ratio:  0.2659574    
 Current convergence R-1 =   1.1586521E-02  chain steps =        5543
 slow changes           0  power changes           0
 metropolis rat:  0.3299447      in         5607 , best:    10.47292    
 local acceptance ratio:  0.3472222    
 Current convergence R-1 =   1.2289856E-02  chain steps =        5615
 slow changes           0  power changes           0
 Current convergence R-1 =   1.2413471E-02  chain steps =        5670
 slow changes           0  power changes           0
 Current convergence R-1 =   9.9966694E-03  chain steps =        5721
 slow changes           0  power changes           0
 metropolis rat:  0.3306648      in         5746 , best:    10.47292    
 local acceptance ratio:  0.3597122    
 Current convergence R-1 =   1.0408393E-02  chain steps =        5787
 slow changes           0  power changes           0
 Current convergence R-1 =   1.3239681E-02  chain steps =        5905
 slow changes           0  power changes           0
 Current convergence R-1 =   1.3432962E-02  chain steps =        5943
 slow changes           0  power changes           0
 metropolis rat:  0.3280067      in         5945 , best:    10.47292    
 local acceptance ratio:  0.2512563    
 Current convergence R-1 =   1.3195063E-02  chain steps =        6017
 slow changes           0  power changes           0
 Current convergence R-1 =   1.3226447E-02  chain steps =        6109
 slow changes           0  power changes           0
 metropolis rat:  0.3267974      in         6120 , best:    10.47292    
 local acceptance ratio:  0.2857143    
 Current convergence R-1 =   1.5031958E-02  chain steps =        6234
 slow changes           0  power changes           0
 metropolis rat:  0.3262773      in         6283 , best:    10.47292    
 local acceptance ratio:  0.3067485    
 Current convergence R-1 =   1.3779363E-02  chain steps =        6289
 slow changes           0  power changes           0
 Current convergence R-1 =   1.3647722E-02  chain steps =        6358
 slow changes           0  power changes           0
 metropolis rat:  0.3268991      in         6424 , best:    10.47292    
 local acceptance ratio:  0.3546099    
 Current convergence R-1 =   1.2582983E-02  chain steps =        6467
 slow changes           0  power changes           0
 Current convergence R-1 =   1.2414449E-02  chain steps =        6543
 slow changes           0  power changes           0
 metropolis rat:  0.3259057      in         6597 , best:    10.47292    
 local acceptance ratio:  0.2890173    
 Current convergence R-1 =   1.3308940E-02  chain steps =        6635
 slow changes           0  power changes           0
 Current convergence R-1 =   1.3011537E-02  chain steps =        6671
 slow changes           0  power changes           0
 Current convergence R-1 =   1.3780963E-02  chain steps =        6740
 slow changes           0  power changes           0
 metropolis rat:  0.3256847      in         6755 , best:    10.47292    
 local acceptance ratio:  0.3164557    
 Current convergence R-1 =   1.4194680E-02  chain steps =        6808
 slow changes           0  power changes           0
 Current convergence R-1 =   1.3536068E-02  chain steps =        6891
 slow changes           0  power changes           0
 metropolis rat:  0.3263234      in         6895 , best:    10.47292    
 local acceptance ratio:  0.3571429    
 Current convergence R-1 =   1.4123460E-02  chain steps =        6945
 slow changes           0  power changes           0
 Current convergence R-1 =   1.3149503E-02  chain steps =        7073
 slow changes           0  power changes           0
 metropolis rat:  0.3243091      in         7092 , best:    10.47292    
 local acceptance ratio:  0.2538071    
 Current convergence R-1 =   1.2921884E-02  chain steps =        7141
 slow changes           0  power changes           0
 Current convergence R-1 =   1.3139321E-02  chain steps =        7218
 slow changes           0  power changes           0
 metropolis rat:  0.3249447      in         7232 , best:    10.47292    
 local acceptance ratio:  0.3571429    
 Current convergence R-1 =   1.2421481E-02  chain steps =        7290
 slow changes           0  power changes           0
 Current convergence R-1 =   1.2659702E-02  chain steps =        7347
 slow changes           0  power changes           0
 metropolis rat:  0.3236682      in         7415 , best:    10.47292    
 local acceptance ratio:  0.2732241    
 Current convergence R-1 =   1.1948938E-02  chain steps =        7418
 slow changes           0  power changes           0
 Current convergence R-1 =   1.1755290E-02  chain steps =        7475
 slow changes           0  power changes           0
 Current convergence R-1 =   1.3668241E-02  chain steps =        7600
 slow changes           0  power changes           0
 metropolis rat:  0.3203033      in         7649 , best:    10.47292    
 local acceptance ratio:  0.2136752    
 Current convergence R-1 =   1.4528643E-02  chain steps =        7651
 slow changes           0  power changes           0
 Current convergence R-1 =   1.7571263E-02  chain steps =        7716
 slow changes           0  power changes           0
 Current convergence R-1 =   1.7610716E-02  chain steps =        7759
 slow changes           0  power changes           0
 metropolis rat:  0.3189996      in         7837 , best:    10.47292    
 local acceptance ratio:  0.2659574    
 Current convergence R-1 =   1.6656786E-02  chain steps =        7843
 slow changes           0  power changes           0
 Current convergence R-1 =   1.6684959E-02  chain steps =        7940
 slow changes           0  power changes           0
 metropolis rat:  0.3170459      in         8043 , best:    10.47292    
 local acceptance ratio:  0.2427184    
 Current convergence R-1 =   1.5630128E-02  chain steps =        8043
 slow changes           0  power changes           0
 Current convergence R-1 =   1.4771297E-02  chain steps =        8089
 slow changes           0  power changes           0
 Current convergence R-1 =   1.4638633E-02  chain steps =        8125
 slow changes           0  power changes           0
 metropolis rat:  0.3178873      in         8179 , best:    10.47292    
 local acceptance ratio:  0.3676471    
 Current convergence R-1 =   1.2138001E-02  chain steps =        8249
 slow changes           0  power changes           0
 Current convergence R-1 =   1.3422893E-02  chain steps =        8373
 slow changes           0  power changes           0
 metropolis rat:  0.3161537      in         8382 , best:    10.47292    
 local acceptance ratio:  0.2463054    
 Current convergence R-1 =   1.2941300E-02  chain steps =        8440
 slow changes           0  power changes           0
 Current convergence R-1 =   1.1237547E-02  chain steps =        8488
 slow changes           0  power changes           0
 Current convergence R-1 =   1.0914998E-02  chain steps =        8518
 slow changes           0  power changes           0
 metropolis rat:  0.3147587      in         8578 , best:    10.47292    
 local acceptance ratio:  0.2551020    
 Current convergence R-1 =   1.0277148E-02  chain steps =        8591
 slow changes           0  power changes           0
 Current convergence R-1 =   1.0173445E-02  chain steps =        8667
 slow changes           0  power changes           0
 metropolis rat:  0.3138553      in         8762 , best:    10.47292    
 local acceptance ratio:  0.2717391    
 Current convergence R-1 =   1.2066312E-02  chain steps =        8766
 slow changes           0  power changes           0
 Current convergence R-1 =   1.2300418E-02  chain steps =        8817
 slow changes           0  power changes           0
 Current convergence R-1 =   1.1866562E-02  chain steps =        8910
 slow changes           0  power changes           0
 metropolis rat:  0.3138662      in         8921 , best:    10.47292    
 local acceptance ratio:  0.3144654    
 Current convergence R-1 =   1.2095657E-02  chain steps =        8952
 slow changes           0  power changes           0
 Current convergence R-1 =   1.1353409E-02  chain steps =        9012
 slow changes           0  power changes           0
 Current convergence R-1 =   1.0643224E-02  chain steps =        9118
 slow changes           0  power changes           0
 metropolis rat:  0.3123972      in         9123 , best:    10.47292    
 local acceptance ratio:  0.2475248    
 Current convergence R-1 =   1.0468352E-02  chain steps =        9154
 slow changes           0  power changes           0
 Current convergence R-1 =   1.0205270E-02  chain steps =        9250
 slow changes           0  power changes           0
 metropolis rat:  0.3113927      in         9313 , best:    10.47292    
 local acceptance ratio:  0.2631579    
 Current convergence R-1 =   9.8766070E-03  chain steps =        9338
 slow changes           0  power changes           0
 Current convergence R-1 =   9.5569361E-03  chain steps =        9394
 slow changes           0  power changes           0
 Current convergence R-1 =   8.8749938E-03  chain steps =        9427
 slow changes           0  power changes           0
 metropolis rat:  0.3120372      in         9454 , best:    10.47292    
 local acceptance ratio:  0.3546099    
 Current convergence R-1 =   8.0712698E-03  chain steps =        9519
 slow changes           0  power changes           0
 Current convergence R-1 =   7.6751690E-03  chain steps =        9582
 slow changes           0  power changes           0
 metropolis rat:  0.3104305      in         9664 , best:    10.47292    
 local acceptance ratio:  0.2380952    
 Current convergence R-1 =   7.6081008E-03  chain steps =        9724
 slow changes           0  power changes           0
 Current convergence R-1 =   7.7227755E-03  chain steps =        9786
 slow changes           0  power changes           0
 metropolis rat:  0.3101169      in         9835 , best:    10.47292    
 local acceptance ratio:  0.2923976    
 Current convergence R-1 =   8.0271941E-03  chain steps =        9837
 slow changes           0  power changes           0
 Current convergence R-1 =   7.9261642E-03  chain steps =        9907
 slow changes           0  power changes           0
 Current convergence R-1 =   7.4462234E-03  chain steps =        9986
 slow changes           0  power changes           0
 metropolis rat:  0.3100930      in         9997 , best:    10.47292    
 local acceptance ratio:  0.3086420    
 Current convergence R-1 =   7.9407021E-03  chain steps =       10058
 slow changes           0  power changes           0
 metropolis rat:  0.3102531      in        10153 , best:    10.47292    
 local acceptance ratio:  0.3205128    
 Current convergence R-1 =   8.1497645E-03  chain steps =       10155
 slow changes           0  power changes           0
 Current convergence R-1 =   7.9060197E-03  chain steps =       10189
 slow changes           0  power changes           0
 Current convergence R-1 =   7.4297856E-03  chain steps =       10260
 slow changes           0  power changes           0
 Current convergence R-1 =   7.3193163E-03  chain steps =       10291
 slow changes           0  power changes           0
 metropolis rat:  0.3101376      in        10318 , best:    10.47292    
 local acceptance ratio:  0.3030303    
 Current convergence R-1 =   7.4992585E-03  chain steps =       10382
 slow changes           0  power changes           0
 Current convergence R-1 =   8.7214047E-03  chain steps =       10460
 slow changes           0  power changes           0
 metropolis rat:  0.3091411      in        10513 , best:    10.47292    
 local acceptance ratio:  0.2564103    
 Current convergence R-1 =   7.4911318E-03  chain steps =       10538
 slow changes           0  power changes           0
 Current convergence R-1 =   7.6247430E-03  chain steps =       10601
 slow changes           0  power changes           0
 metropolis rat:  0.3091335      in        10675 , best:    10.47292    
 local acceptance ratio:  0.3086420    
 Current convergence R-1 =   9.0960478E-03  chain steps =       10686
 slow changes           0  power changes           0
 Current convergence R-1 =   9.9022537E-03  chain steps =       10755
 slow changes           0  power changes           0
 Current convergence R-1 =   9.6192425E-03  chain steps =       10836
 slow changes           0  power changes           0
 metropolis rat:  0.3086135      in        10855 , best:    10.47292    
 local acceptance ratio:  0.2777778    
 Current convergence R-1 =   9.4553074E-03  chain steps =       10861
 slow changes           0  power changes           0
 Current convergence R-1 =   8.9408914E-03  chain steps =       10916
 slow changes           0  power changes           0
 Current convergence R-1 =   8.0949618E-03  chain steps =       10959
 slow changes           0  power changes           0
 Current convergence R-1 =   7.3919692E-03  chain steps =       11007
 slow changes           0  power changes           0
 metropolis rat:  0.3077202      in        11049 , best:    10.47292    
 local acceptance ratio:  0.2577319    
 Current convergence R-1 =   7.1282838E-03  chain steps =       11077
 slow changes           0  power changes           0
 Current convergence R-1 =   7.1142591E-03  chain steps =       11101
 slow changes           0  power changes           0
 Current convergence R-1 =   6.8990928E-03  chain steps =       11185
 slow changes           0  power changes           0
 metropolis rat:  0.3083110      in        11190 , best:    10.47292    
 local acceptance ratio:  0.3546099    
 Current convergence R-1 =   7.0453025E-03  chain steps =       11283
 slow changes           0  power changes           0
 metropolis rat:  0.3090781      in        11324 , best:    10.47292    
 local acceptance ratio:  0.3731343    
 Current convergence R-1 =   7.3134997E-03  chain steps =       11351
 slow changes           0  power changes           0
 Current convergence R-1 =   6.4241597E-03  chain steps =       11412
 slow changes           0  power changes           0
 Current convergence R-1 =   6.2261191E-03  chain steps =       11453
 slow changes           0  power changes           0
 metropolis rat:  0.3083203      in        11514 , best:    10.47292    
 local acceptance ratio:  0.2631579    
 Current convergence R-1 =   6.2751747E-03  chain steps =       11545
 slow changes           0  power changes           0
 Current convergence R-1 =   5.3908313E-03  chain steps =       11701
 slow changes           0  power changes           0
 metropolis rat:  0.3074821      in        11708 , best:    10.47292    
 local acceptance ratio:  0.2577319    
 Current convergence R-1 =   3.5367440E-03  chain steps =       11751
 slow changes           0  power changes           0
 Current convergence R-1 =   3.0860445E-03  chain steps =       11824
 slow changes           0  power changes           0
 Current convergence R-1 =   3.3023127E-03  chain steps =       11882
 slow changes           0  power changes           0
 metropolis rat:  0.3060027      in        11928 , best:    10.47292    
 local acceptance ratio:  0.2272727    
 Current convergence R-1 =   3.7732122E-03  chain steps =       11954
 slow changes           0  power changes           0
 Current convergence R-1 =   3.7892023E-03  chain steps =       11997
 slow changes           0  power changes           0
 Current convergence R-1 =   4.1276696E-03  chain steps =       12039
 slow changes           0  power changes           0
 Current convergence R-1 =   4.4003762E-03  chain steps =       12110
 slow changes           0  power changes           0
 metropolis rat:  0.3051295      in        12126 , best:    10.47292    
 local acceptance ratio:  0.2525252    
 Current convergence R-1 =   4.5574750E-03  chain steps =       12158
 slow changes           0  power changes           0
 Current convergence R-1 =   4.3845177E-03  chain steps =       12233
 slow changes           0  power changes           0
 Current convergence R-1 =   4.2684772E-03  chain steps =       12330
 slow changes           0  power changes           0
 metropolis rat:  0.3035208      in        12355 , best:    10.47292    
 local acceptance ratio:  0.2183406    
 Current convergence R-1 =   4.0614577E-03  chain steps =       12381
 slow changes           0  power changes           0
 Current convergence R-1 =   3.9118221E-03  chain steps =       12485
 slow changes           0  power changes           0
 metropolis rat:  0.3036842      in        12513 , best:    10.47292    
 local acceptance ratio:  0.3164557    
 Current convergence R-1 =   3.8053901E-03  chain steps =       12523
 slow changes           0  power changes           0
 Current convergence R-1 =   3.8653109E-03  chain steps =       12603
 slow changes           0  power changes           0
 Current convergence R-1 =   3.9773812E-03  chain steps =       12655
 slow changes           0  power changes           0
 metropolis rat:  0.3019845      in        12749 , best:    10.47292    
 local acceptance ratio:  0.2118644    
 Current convergence R-1 =   4.3401783E-03  chain steps =       12754
 slow changes           0  power changes           0
 Current convergence R-1 =   6.4298115E-03  chain steps =       12855
 slow changes           0  power changes           0
 metropolis rat:  0.3020212      in        12913 , best:    10.47292    
 local acceptance ratio:  0.3048781    
 Current convergence R-1 =   6.1828909E-03  chain steps =       12920
 slow changes           0  power changes           0
 Current convergence R-1 =   6.5478054E-03  chain steps =       13025
 slow changes           0  power changes           0
 Current convergence R-1 =   7.5106635E-03  chain steps =       13084
 slow changes           0  power changes           0
 metropolis rat:  0.3018493      in        13086 , best:    10.47292    
 local acceptance ratio:  0.2890173    
 Current convergence R-1 =   7.6430095E-03  chain steps =       13188
 slow changes           0  power changes           0
 Current convergence R-1 =   7.4395649E-03  chain steps =       13222
 slow changes           0  power changes           0
 Current convergence R-1 =   7.1694409E-03  chain steps =       13255
 slow changes           0  power changes           0
 metropolis rat:  0.3013864      in        13272 , best:    10.47292    
 local acceptance ratio:  0.2688172    
 Current convergence R-1 =   6.7137857E-03  chain steps =       13288
 slow changes           0  power changes           0
 Current convergence R-1 =   6.8787276E-03  chain steps =       13347
 slow changes           0  power changes           0
 metropolis rat:  0.3022163      in        13401 , best:    10.47292    
 local acceptance ratio:  0.3875969    
 Current convergence R-1 =   6.9108517E-03  chain steps =       13432
 slow changes           0  power changes           0
 Current convergence R-1 =   6.9809258E-03  chain steps =       13470
 slow changes           0  power changes           0
 Current convergence R-1 =   8.5671926E-03  chain steps =       13606
 slow changes           0  power changes           0
 metropolis rat:  0.3007850      in        13631 , best:    10.47292    
 local acceptance ratio:  0.2173913    
 Current convergence R-1 =   1.1006460E-02  chain steps =       13684
 slow changes           0  power changes           0
 Current convergence R-1 =   1.2406622E-02  chain steps =       13714
 slow changes           0  power changes           0
 Current convergence R-1 =   1.5316330E-02  chain steps =       13761
 slow changes           0  power changes           0
 Current convergence R-1 =   1.7028512E-02  chain steps =       13842
 slow changes           0  power changes           0
 metropolis rat:  0.2996606      in        13849 , best:    10.47292    
 local acceptance ratio:  0.2293578    
 Current convergence R-1 =   1.7302938E-02  chain steps =       13947
 slow changes           0  power changes           0
 Current convergence R-1 =   1.7352350E-02  chain steps =       14014
 slow changes           0  power changes           0
 metropolis rat:  0.2992092      in        14037 , best:    10.47292    
 local acceptance ratio:  0.2659574    
 Current convergence R-1 =   1.7036054E-02  chain steps =       14076
 slow changes           0  power changes           0
 Current convergence R-1 =   1.6387546E-02  chain steps =       14143
 slow changes           0  power changes           0
 Current convergence R-1 =   1.6159182E-02  chain steps =       14195
 slow changes           0  power changes           0
 metropolis rat:  0.2982875      in        14248 , best:    10.47292    
 local acceptance ratio:  0.2369668    
 Current convergence R-1 =   1.6168442E-02  chain steps =       14321
 slow changes           0  power changes           0
 Current convergence R-1 =   1.4800896E-02  chain steps =       14393
 slow changes           0  power changes           0
 Current convergence R-1 =   1.4531225E-02  chain steps =       14453
 slow changes           0  power changes           0
 metropolis rat:  0.2972693      in        14465 , best:    10.47292    
 local acceptance ratio:  0.2304147    
 Current convergence R-1 =   1.4624992E-02  chain steps =       14531
 slow changes           0  power changes           0
 Current convergence R-1 =   1.4324106E-02  chain steps =       14608
 slow changes           0  power changes           0
 Current convergence R-1 =   1.3902059E-02  chain steps =       14704
 slow changes           0  power changes           0
 metropolis rat:  0.2955765      in        14717 , best:    10.47292    
 local acceptance ratio:  0.1984127    
 Current convergence R-1 =   1.4202358E-02  chain steps =       14745
 slow changes           0  power changes           0
 Current convergence R-1 =   1.3744981E-02  chain steps =       14807
 slow changes           0  power changes           0
 Current convergence R-1 =   1.3067486E-02  chain steps =       14906
 slow changes           0  power changes           0
 metropolis rat:  0.2946889      in        14931 , best:    10.47292    
 local acceptance ratio:  0.2336449    
 Current convergence R-1 =   1.2572032E-02  chain steps =       14943
 slow changes           0  power changes           0
 Current convergence R-1 =   1.2210603E-02  chain steps =       14984
 slow changes           0  power changes           0
 Current convergence R-1 =   1.2331120E-02  chain steps =       15029
 slow changes           0  power changes           0
 Current convergence R-1 =   1.2240312E-02  chain steps =       15047
 slow changes           0  power changes           0
 metropolis rat:  0.2948582      in        15092 , best:    10.47292    
 local acceptance ratio:  0.3105590    
 Current convergence R-1 =   1.2472322E-02  chain steps =       15119
 slow changes           0  power changes           0
 Current convergence R-1 =   1.3143091E-02  chain steps =       15180
 slow changes           0  power changes           0
 Current convergence R-1 =   1.2221170E-02  chain steps =       15228
 slow changes           0  power changes           0
 metropolis rat:  0.2949079      in        15259 , best:    10.47292    
 local acceptance ratio:  0.2994012    
 Current convergence R-1 =   1.1842312E-02  chain steps =       15321
 slow changes           0  power changes           0
 Current convergence R-1 =   1.1807449E-02  chain steps =       15407
 slow changes           0  power changes           0
 metropolis rat:  0.2949757      in        15425 , best:    10.47292    
 local acceptance ratio:  0.3012048    
 Current convergence R-1 =   1.1875763E-02  chain steps =       15475
 slow changes           0  power changes           0
 Current convergence R-1 =   1.1312642E-02  chain steps =       15515
 slow changes           0  power changes           0
 Current convergence R-1 =   1.0841779E-02  chain steps =       15534
 slow changes           0  power changes           0
 Current convergence R-1 =   1.0569554E-02  chain steps =       15589
 slow changes           0  power changes           0
 Current convergence R-1 =   1.0530930E-02  chain steps =       15648
 slow changes           0  power changes           0
 metropolis rat:  0.2937045      in        15662 , best:    10.47292    
 local acceptance ratio:  0.2109705    
 Current convergence R-1 =   1.0440083E-02  chain steps =       15691
 slow changes           0  power changes           0
 Current convergence R-1 =   1.0431259E-02  chain steps =       15750
 slow changes           0  power changes           0
 Current convergence R-1 =   1.0564880E-02  chain steps =       15788
 slow changes           0  power changes           0
 metropolis rat:  0.2932829      in        15855 , best:    10.47292    
 local acceptance ratio:  0.2590674    
 Current convergence R-1 =   1.0526859E-02  chain steps =       15869
 slow changes           0  power changes           0
 Current convergence R-1 =   1.0739589E-02  chain steps =       15944
 slow changes           0  power changes           0
 Current convergence R-1 =   1.0285747E-02  chain steps =       16065
 slow changes           0  power changes           0
 metropolis rat:  0.2915995      in        16118 , best:    10.47292    
 local acceptance ratio:  0.1901141    
 Current convergence R-1 =   9.7567905E-03  chain steps =       16134
 slow changes           0  power changes           0
 Current convergence R-1 =   9.7670220E-03  chain steps =       16194
 slow changes           0  power changes           0
 metropolis rat:  0.2920202      in        16266 , best:    10.47292    
 local acceptance ratio:  0.3378378    
 Current convergence R-1 =   9.6738627E-03  chain steps =       16268
 slow changes           0  power changes           0
 Current convergence R-1 =   8.7253861E-03  chain steps =       16319
 slow changes           0  power changes           0
 Current convergence R-1 =   8.5056331E-03  chain steps =       16364
 slow changes           0  power changes           0
 Current convergence R-1 =   8.0146203E-03  chain steps =       16429
 slow changes           0  power changes           0
 metropolis rat:  0.2918820      in        16445 , best:    10.47292    
 local acceptance ratio:  0.2793296    
 Current convergence R-1 =   8.5021239E-03  chain steps =       16478
 slow changes           0  power changes           0
 Current convergence R-1 =   8.6241718E-03  chain steps =       16601
 slow changes           0  power changes           0
 metropolis rat:  0.2911689      in        16657 , best:    10.47292    
 local acceptance ratio:  0.2358491    
 Current convergence R-1 =   8.1162844E-03  chain steps =       16684
 slow changes           0  power changes           0
 Current convergence R-1 =   7.4048210E-03  chain steps =       16769
 slow changes           0  power changes           0
 Current convergence R-1 =   6.8294574E-03  chain steps =       16829
 slow changes           0  power changes           0
 metropolis rat:  0.2909739      in        16840 , best:    10.47292    
 local acceptance ratio:  0.2732241    
 Current convergence R-1 =   6.3696015E-03  chain steps =       16902
 slow changes           0  power changes           0
 Current convergence R-1 =   6.5268446E-03  chain steps =       16955
 slow changes           0  power changes           0
 Current convergence R-1 =   6.6197221E-03  chain steps =       16997
 slow changes           0  power changes           0
 metropolis rat:  0.2909198      in        17015 , best:    10.47292    
 local acceptance ratio:  0.2857143    
 Current convergence R-1 =   6.5238462E-03  chain steps =       17076
 slow changes           0  power changes           0
 Current convergence R-1 =   6.5837209E-03  chain steps =       17107
 slow changes           0  power changes           0
 Current convergence R-1 =   6.6275960E-03  chain steps =       17148
 slow changes           0  power changes           0
 metropolis rat:  0.2906301      in        17204 , best:    10.47292    
 local acceptance ratio:  0.2645503    
 Current convergence R-1 =   7.0700669E-03  chain steps =       17246
 slow changes           0  power changes           0
 Current convergence R-1 =   7.5622965E-03  chain steps =       17302
 slow changes           0  power changes           0
 Current convergence R-1 =   6.9898348E-03  chain steps =       17367
 slow changes           0  power changes           0
 metropolis rat:  0.2900798      in        17409 , best:    10.47292    
 local acceptance ratio:  0.2439024    
 Current convergence R-1 =   6.7548808E-03  chain steps =       17472
 slow changes           0  power changes           0
 Current convergence R-1 =   6.8832794E-03  chain steps =       17538
 slow changes           0  power changes           0
 metropolis rat:  0.2893289      in        17627 , best:    10.47292    
 local acceptance ratio:  0.2293578    
 Current convergence R-1 =   6.7987763E-03  chain steps =       17629
 slow changes           0  power changes           0
 Current convergence R-1 =   6.7111822E-03  chain steps =       17699
 slow changes           0  power changes           0
 Current convergence R-1 =   6.5928837E-03  chain steps =       17750
 slow changes           0  power changes           0
 Current convergence R-1 =   6.7485790E-03  chain steps =       17802
 slow changes           0  power changes           0
 metropolis rat:  0.2884669      in        17853 , best:    10.47292    
 local acceptance ratio:  0.2212389    
 Current convergence R-1 =   6.4700935E-03  chain steps =       17917
 slow changes           0  power changes           0
 Current convergence R-1 =   6.3780635E-03  chain steps =       17989
 slow changes           0  power changes           0
 metropolis rat:  0.2876584      in        18077 , best:    10.47292    
 local acceptance ratio:  0.2232143    
 Current convergence R-1 =   6.2877191E-03  chain steps =       18096
 slow changes           0  power changes           0
 Current convergence R-1 =   6.2032565E-03  chain steps =       18121
 slow changes           0  power changes           0
 Current convergence R-1 =   6.3590156E-03  chain steps =       18181
 slow changes           0  power changes           0
 Current convergence R-1 =   6.2020943E-03  chain steps =       18234
 slow changes           0  power changes           0
 metropolis rat:  0.2876712      in        18250 , best:    10.47292    
 local acceptance ratio:  0.2890173    
 Current convergence R-1 =   6.1073168E-03  chain steps =       18328
 slow changes           0  power changes           0
 Current convergence R-1 =   6.4235493E-03  chain steps =       18415
 slow changes           0  power changes           0
 metropolis rat:  0.2877463      in        18419 , best:    10.47292    
 local acceptance ratio:  0.2958580    
 Current convergence R-1 =   6.5122931E-03  chain steps =       18536
 slow changes           0  power changes           0
 Current convergence R-1 =   6.4309016E-03  chain steps =       18562
 slow changes           0  power changes           0
 metropolis rat:  0.2876808      in        18597 , best:    10.47292    
 local acceptance ratio:  0.2808989    
 Current convergence R-1 =   6.4961729E-03  chain steps =       18632
 slow changes           0  power changes           0
 Current convergence R-1 =   6.5588201E-03  chain steps =       18704
 slow changes           0  power changes           0
 Current convergence R-1 =   6.5911044E-03  chain steps =       18754
 slow changes           0  power changes           0
 metropolis rat:  0.2870966      in        18809 , best:    10.47292    
 local acceptance ratio:  0.2358491    
 Current convergence R-1 =   6.6742152E-03  chain steps =       18817
 slow changes           0  power changes           0
 Current convergence R-1 =   6.5516271E-03  chain steps =       18931
 slow changes           0  power changes           0
 Current convergence R-1 =   6.6647287E-03  chain steps =       19027
 slow changes           0  power changes           0
 metropolis rat:  0.2862245      in        19041 , best:    10.47292    
 local acceptance ratio:  0.2155172    
 Current convergence R-1 =   6.9329753E-03  chain steps =       19087
 slow changes           0  power changes           0
 Current convergence R-1 =   6.8960716E-03  chain steps =       19147
 slow changes           0  power changes           0
 Current convergence R-1 =   6.7743333E-03  chain steps =       19236
 slow changes           0  power changes           0
 metropolis rat:  0.2856995      in        19251 , best:    10.47292    
 local acceptance ratio:  0.2380952    
 Current convergence R-1 =   6.8477043E-03  chain steps =       19267
 slow changes           0  power changes           0
 Current convergence R-1 =   7.0182877E-03  chain steps =       19336
 slow changes           0  power changes           0
 Current convergence R-1 =   6.9796895E-03  chain steps =       19393
 slow changes           0  power changes           0
 Current convergence R-1 =   6.8087443E-03  chain steps =       19434
 slow changes           0  power changes           0
 metropolis rat:  0.2854791      in        19441 , best:    10.47292    
 local acceptance ratio:  0.2631579    
 Current convergence R-1 =   6.8004634E-03  chain steps =       19491
 slow changes           0  power changes           0
 Current convergence R-1 =   6.7015737E-03  chain steps =       19531
 slow changes           0  power changes           0
 Current convergence R-1 =   6.6948775E-03  chain steps =       19581
 slow changes           0  power changes           0
 metropolis rat:  0.2852922      in        19629 , best:    10.47292    
 local acceptance ratio:  0.2659574    
 Current convergence R-1 =   6.8902168E-03  chain steps =       19638
 slow changes           0  power changes           0
 Current convergence R-1 =   6.9567785E-03  chain steps =       19677
 slow changes           0  power changes           0
 Current convergence R-1 =   7.4199508E-03  chain steps =       19749
 slow changes           0  power changes           0
 Current convergence R-1 =   7.3633944E-03  chain steps =       19797
 slow changes           0  power changes           0
 metropolis rat:  0.2843196      in        19872 , best:    10.47292    
 local acceptance ratio:  0.2057613    
 Current convergence R-1 =   7.1747284E-03  chain steps =       19874
 slow changes           0  power changes           0
 Current convergence R-1 =   7.1640480E-03  chain steps =       19931
 slow changes           0  power changes           0
 Current convergence R-1 =   7.2795716E-03  chain steps =       19993
 slow changes           0  power changes           0
 metropolis rat:  0.2841617      in        20059 , best:    10.47292    
 local acceptance ratio:  0.2673797    
 Current convergence R-1 =   7.3634577E-03  chain steps =       20076
 slow changes           0  power changes           0
 Current convergence R-1 =   7.5517623E-03  chain steps =       20126
 slow changes           0  power changes           0
 Current convergence R-1 =   7.4833781E-03  chain steps =       20208
 slow changes           0  power changes           0
 metropolis rat:  0.2835445      in        20279 , best:    10.47292    
 local acceptance ratio:  0.2272727    
 Current convergence R-1 =   7.8377724E-03  chain steps =       20282
 slow changes           0  power changes           0
 Current convergence R-1 =   7.6256134E-03  chain steps =       20337
 slow changes           0  power changes           0
 Current convergence R-1 =   7.3835626E-03  chain steps =       20396
 slow changes           0  power changes           0
 Current convergence R-1 =   7.5236792E-03  chain steps =       20435
 slow changes           0  power changes           0
 Current convergence R-1 =   7.6665673E-03  chain steps =       20480
 slow changes           0  power changes           0
 metropolis rat:  0.2828027      in        20509 , best:    10.47292    
 local acceptance ratio:  0.2173913    
 Current convergence R-1 =   7.5752460E-03  chain steps =       20521
 slow changes           0  power changes           0
 Current convergence R-1 =   7.7811787E-03  chain steps =       20571
 slow changes           0  power changes           0
 Current convergence R-1 =   7.6729953E-03  chain steps =       20686
 slow changes           0  power changes           0
 metropolis rat:  0.2825814      in        20702 , best:    10.47292    
 local acceptance ratio:  0.2590674    
 Current convergence R-1 =   7.5147506E-03  chain steps =       20715
 slow changes           0  power changes           0
 Current convergence R-1 =   7.5143697E-03  chain steps =       20798
 slow changes           0  power changes           0
 Current convergence R-1 =   7.5551467E-03  chain steps =       20860
 slow changes           0  power changes           0
 metropolis rat:  0.2821482      in        20911 , best:    10.47292    
 local acceptance ratio:  0.2392344    
 Current convergence R-1 =   7.5254086E-03  chain steps =       20931
 slow changes           0  power changes           0
 Current convergence R-1 =   7.4875108E-03  chain steps =       21027
 slow changes           0  power changes           0
 Current convergence R-1 =   7.3678219E-03  chain steps =       21094
 slow changes           0  power changes           0
 metropolis rat:  0.2817502      in        21118 , best:    10.47292    
 local acceptance ratio:  0.2415459    
 Current convergence R-1 =   7.2795521E-03  chain steps =       21148
 slow changes           0  power changes           0
 Current convergence R-1 =   7.3465342E-03  chain steps =       21254
 slow changes           0  power changes           0
 metropolis rat:  0.2814655      in        21317 , best:    10.47292    
 local acceptance ratio:  0.2512563    
 Current convergence R-1 =   7.4814544E-03  chain steps =       21340
 slow changes           0  power changes           0
 Current convergence R-1 =   7.4027968E-03  chain steps =       21405
 slow changes           0  power changes           0
 Current convergence R-1 =   7.1228589E-03  chain steps =       21468
 slow changes           0  power changes           0
 metropolis rat:  0.2811077      in        21522 , best:    10.47292    
 local acceptance ratio:  0.2439024    
 Current convergence R-1 =   7.1398532E-03  chain steps =       21578
 slow changes           0  power changes           0
 Current convergence R-1 =   7.1900049E-03  chain steps =       21665
 slow changes           0  power changes           0
 metropolis rat:  0.2809377      in        21713 , best:    10.47292    
 local acceptance ratio:  0.2617801    
 Current convergence R-1 =   7.3799393E-03  chain steps =       21739
 slow changes           0  power changes           0
 Current convergence R-1 =   7.3386151E-03  chain steps =       21817
 slow changes           0  power changes           0
 metropolis rat:  0.2811043      in        21878 , best:    10.47292    
 local acceptance ratio:  0.3030303    
 Current convergence R-1 =   7.1633826E-03  chain steps =       21894
 slow changes           0  power changes           0
 Current convergence R-1 =   7.0257927E-03  chain steps =       21939
 slow changes           0  power changes           0
 Current convergence R-1 =   7.0613176E-03  chain steps =       21989
 slow changes           0  power changes           0
 metropolis rat:  0.2812302      in        22046 , best:    10.47292    
 local acceptance ratio:  0.2976190    
 Current convergence R-1 =   6.7473580E-03  chain steps =       22078
 slow changes           0  power changes           0
 Current convergence R-1 =   6.8013803E-03  chain steps =       22140
 slow changes           0  power changes           0
 metropolis rat:  0.2812655      in        22221 , best:    10.47292    
 local acceptance ratio:  0.2857143    
 Current convergence R-1 =   6.1552403E-03  chain steps =       22244
 slow changes           0  power changes           0
 Current convergence R-1 =   6.0598180E-03  chain steps =       22321
 slow changes           0  power changes           0
 metropolis rat:  0.2816020      in        22372 , best:    10.47292    
 local acceptance ratio:  0.3311258    
 Current convergence R-1 =   5.8905147E-03  chain steps =       22417
 slow changes           0  power changes           0
 Current convergence R-1 =   5.6850342E-03  chain steps =       22480
 slow changes           0  power changes           0
 Current convergence R-1 =   5.5880030E-03  chain steps =       22580
 slow changes           0  power changes           0
 metropolis rat:  0.2812099      in        22581 , best:    10.47292    
 local acceptance ratio:  0.2392344    
 Current convergence R-1 =   5.4230867E-03  chain steps =       22657
 slow changes           0  power changes           0
 Current convergence R-1 =   5.3521087E-03  chain steps =       22720
 slow changes           0  power changes           0
 Current convergence R-1 =   5.1925885E-03  chain steps =       22759
 slow changes           0  power changes           0
 metropolis rat:  0.2809852      in        22777 , best:    10.47292    
 local acceptance ratio:  0.2551020    
 Current convergence R-1 =   5.1745526E-03  chain steps =       22787
 slow changes           0  power changes           0
 Current convergence R-1 =   5.0627147E-03  chain steps =       22857
 slow changes           0  power changes           0
 Current convergence R-1 =   5.1113986E-03  chain steps =       22917
 slow changes           0  power changes           0
 metropolis rat:  0.2810947      in        22946 , best:    10.47292    
 local acceptance ratio:  0.2958580    
 Current convergence R-1 =   5.0646449E-03  chain steps =       22988
 slow changes           0  power changes           0
 Current convergence R-1 =   4.7323937E-03  chain steps =       23059
 slow changes           0  power changes           0
 Current convergence R-1 =   4.5957826E-03  chain steps =       23153
 slow changes           0  power changes           0
 metropolis rat:  0.2806442      in        23161 , best:    10.47292    
 local acceptance ratio:  0.2325581    
 Current convergence R-1 =   4.5080753E-03  chain steps =       23189
 slow changes           0  power changes           0
 Current convergence R-1 =   4.3741204E-03  chain steps =       23276
 slow changes           0  power changes           0
 metropolis rat:  0.2806461      in        23339 , best:    10.47292    
 local acceptance ratio:  0.2808989    
 Current convergence R-1 =   4.6185646E-03  chain steps =       23345
 slow changes           0  power changes           0
 Current convergence R-1 =   4.4960859E-03  chain steps =       23384
 slow changes           0  power changes           0
 Current convergence R-1 =   4.5500537E-03  chain steps =       23441
 slow changes           0  power changes           0
 Current convergence R-1 =   4.6821167E-03  chain steps =       23529
 slow changes           0  power changes           0
 metropolis rat:  0.2803143      in        23545 , best:    10.47292    
 local acceptance ratio:  0.2427184    
 Current convergence R-1 =   4.6779974E-03  chain steps =       23595
 slow changes           0  power changes           0
 Current convergence R-1 =   4.7227126E-03  chain steps =       23671
 slow changes           0  power changes           0
 Current convergence R-1 =   4.7156117E-03  chain steps =       23723
 slow changes           0  power changes           0
 metropolis rat:  0.2801180      in        23740 , best:    10.47292    
 local acceptance ratio:  0.2564103    
 Current convergence R-1 =   4.6679121E-03  chain steps =       23774
 slow changes           0  power changes           0
 Current convergence R-1 =   4.6764114E-03  chain steps =       23849
 slow changes           0  power changes           0
 Current convergence R-1 =   4.7230297E-03  chain steps =       23905
 slow changes           0  power changes           0
 metropolis rat:  0.2801472      in        23916 , best:    10.47292    
 local acceptance ratio:  0.2840909    
 Current convergence R-1 =   5.2319281E-03  chain steps =       23953
 slow changes           0  power changes           0
 Current convergence R-1 =   5.0832042E-03  chain steps =       24058
 slow changes           0  power changes           0
 metropolis rat:  0.2799204      in        24114 , best:    10.47292    
 local acceptance ratio:  0.2525252    
 Current convergence R-1 =   5.0866217E-03  chain steps =       24125
 slow changes           0  power changes           0
 Current convergence R-1 =   4.8907502E-03  chain steps =       24156
 slow changes           0  power changes           0
 Current convergence R-1 =   4.5920531E-03  chain steps =       24241
 slow changes           0  power changes           0
 metropolis rat:  0.2798699      in        24297 , best:    10.47292    
 local acceptance ratio:  0.2732241    
 Current convergence R-1 =   4.5398041E-03  chain steps =       24348
 slow changes           0  power changes           0
 Current convergence R-1 =   4.5203385E-03  chain steps =       24443
 slow changes           0  power changes           0
 Current convergence R-1 =   4.4113612E-03  chain steps =       24462
 slow changes           0  power changes           0
 Current convergence R-1 =   4.0836916E-03  chain steps =       24491
 slow changes           0  power changes           0
 metropolis rat:  0.2796603      in        24494 , best:    10.47292    
 local acceptance ratio:  0.2538071    
 Current convergence R-1 =   3.9608902E-03  chain steps =       24564
 slow changes           0  power changes           0
 Current convergence R-1 =   3.8728821E-03  chain steps =       24626
 slow changes           0  power changes           0
 Current convergence R-1 =   3.9294302E-03  chain steps =       24684
 slow changes           0  power changes           0
 metropolis rat:  0.2791827      in        24715 , best:    10.47292    
 local acceptance ratio:  0.2262443    
 Current convergence R-1 =   3.9303596E-03  chain steps =       24717
 slow changes           0  power changes           0
 Current convergence R-1 =   3.9824434E-03  chain steps =       24788
 slow changes           0  power changes           0
 Current convergence R-1 =   3.9541228E-03  chain steps =       24858
 slow changes           0  power changes           0
 metropolis rat:  0.2788701      in        24922 , best:    10.47292    
 local acceptance ratio:  0.2415459    
 Current convergence R-1 =   3.9632753E-03  chain steps =       24960
 slow changes           0  power changes           0
 Current convergence R-1 =   3.9099613E-03  chain steps =       24987
 slow changes           0  power changes           0
 Current convergence R-1 =   3.9614174E-03  chain steps =       25024
 slow changes           0  power changes           0
 Current convergence R-1 =   3.7535541E-03  chain steps =       25061
 slow changes           0  power changes           0
 metropolis rat:  0.2786735      in        25119 , best:    10.47292    
 local acceptance ratio:  0.2538071    
 Current convergence R-1 =   3.8072399E-03  chain steps =       25138
 slow changes           0  power changes           0
 Current convergence R-1 =   3.7503953E-03  chain steps =       25155
 slow changes           0  power changes           0
 Current convergence R-1 =   3.7214241E-03  chain steps =       25254
 slow changes           0  power changes           0
 metropolis rat:  0.2786341      in        25302 , best:    10.47292    
 local acceptance ratio:  0.2732241    
 Current convergence R-1 =   3.6241610E-03  chain steps =       25349
 slow changes           0  power changes           0
 Current convergence R-1 =   3.5454857E-03  chain steps =       25416
 slow changes           0  power changes           0
 metropolis rat:  0.2788798      in        25459 , best:    10.47292    
 local acceptance ratio:  0.3184713    
 Current convergence R-1 =   3.5090479E-03  chain steps =       25507
 slow changes           0  power changes           0
 Current convergence R-1 =   3.7090234E-03  chain steps =       25560
 slow changes           0  power changes           0
 Current convergence R-1 =   3.8875705E-03  chain steps =       25630
 slow changes           0  power changes           0
 metropolis rat:  0.2788177      in        25644 , best:    10.47292    
 local acceptance ratio:  0.2702703    
 Current convergence R-1 =   3.9460273E-03  chain steps =       25676
 slow changes           0  power changes           0
 Current convergence R-1 =   3.6656125E-03  chain steps =       25771
 slow changes           0  power changes           0
 metropolis rat:  0.2788644      in        25819 , best:    10.47292    
 local acceptance ratio:  0.2857143    
 Current convergence R-1 =   3.6463477E-03  chain steps =       25892
 slow changes           0  power changes           0
 Current convergence R-1 =   3.6446184E-03  chain steps =       25963
 slow changes           0  power changes           0
 metropolis rat:  0.2784392      in        26038 , best:    10.47292    
 local acceptance ratio:  0.2283105    
 Current convergence R-1 =   3.6861219E-03  chain steps =       26087
 slow changes           0  power changes           0
 Current convergence R-1 =   3.6927792E-03  chain steps =       26213
 slow changes           0  power changes           0
 Current convergence R-1 =   3.7466865E-03  chain steps =       26290
 slow changes           0  power changes           0
 metropolis rat:  0.2776510      in        26292 , best:    10.47292    
 local acceptance ratio:  0.1968504    
 Current convergence R-1 =   3.6974102E-03  chain steps =       26327
 slow changes           0  power changes           0
 Current convergence R-1 =   3.6006155E-03  chain steps =       26398
 slow changes           0  power changes           0
 metropolis rat:  0.2778198      in        26456 , best:    10.47292    
 local acceptance ratio:  0.3048781    
 Current convergence R-1 =   3.5613552E-03  chain steps =       26492
 slow changes           0  power changes           0
 Current convergence R-1 =   3.3804094E-03  chain steps =       26609
 slow changes           0  power changes           0
 metropolis rat:  0.2779865      in        26620 , best:    10.47292    
 local acceptance ratio:  0.3048781    
 Current convergence R-1 =   3.0537751E-03  chain steps =       26670
 slow changes           0  power changes           0
 Current convergence R-1 =   2.3913048E-03  chain steps =       26761
 slow changes           0  power changes           0
 metropolis rat:  0.2779643      in        26802 , best:    10.47292    
 local acceptance ratio:  0.2747253    
 Current convergence R-1 =   2.0343596E-03  chain steps =       26811
 slow changes           0  power changes           0
 Current convergence R-1 =   1.6234729E-03  chain steps =       26867
 slow changes           0  power changes           0
 Current convergence R-1 =   1.3553168E-03  chain steps =       26914
 slow changes           0  power changes           0
