 metropolis rat:  0.8771930      in           57 , best:    10.73654    
 local acceptance ratio:  0.8771930    
 metropolis rat:  0.8064516      in          124 , best:    10.72616    
 local acceptance ratio:  0.7462686    
 Current convergence R-1 =    20.26462      chain steps =         135
 slow changes           0  power changes           0
 metropolis rat:  0.7894737      in          190 , best:    10.72616    
 local acceptance ratio:  0.7575758    
 Current convergence R-1 =   0.3696854      chain steps =         206
 slow changes           0  power changes           0
 Current convergence R-1 =   0.5806656      chain steps =         240
 slow changes           0  power changes           0
 metropolis rat:  0.6872852      in          291 , best:    10.50699    
 local acceptance ratio:  0.4950495    
 Current convergence R-1 =   0.1453023      chain steps =         310
 slow changes           0  power changes           0
 Current convergence R-1 =   0.1145580      chain steps =         370
 slow changes           0  power changes           0
 metropolis rat:  0.6067961      in          412 , best:    10.50130    
 local acceptance ratio:  0.4132231    
 Current convergence R-1 =   0.1111236      chain steps =         421
 slow changes           0  power changes           0
 Current convergence R-1 =   0.1456004      chain steps =         523
 slow changes           0  power changes           0
 metropolis rat:  0.5514706      in          544 , best:    10.50130    
 local acceptance ratio:  0.3787879    
 Current convergence R-1 =   5.9663955E-02  chain steps =         608
 slow changes           0  power changes           0
 Current convergence R-1 =   5.6764621E-02  chain steps =         671
 slow changes           0  power changes           0
 metropolis rat:  0.5000000      in          700 , best:    10.50130    
 local acceptance ratio:  0.3205128    
 Current convergence R-1 =   6.0008083E-02  chain steps =         731
 slow changes           0  power changes           0
 Current convergence R-1 =   6.5057106E-02  chain steps =         812
 slow changes           0  power changes           0
 metropolis rat:  0.4651163      in          860 , best:    10.49667    
 local acceptance ratio:  0.3125000    
 Current convergence R-1 =   7.9685889E-02  chain steps =         872
 slow changes           0  power changes           0
 Current convergence R-1 =   7.9219073E-02  chain steps =         904
 slow changes           0  power changes           0
 Current convergence R-1 =   6.0285322E-02  chain steps =         955
 slow changes           0  power changes           0
 Current convergence R-1 =   6.3861042E-02  chain steps =         995
 slow changes           0  power changes           0
 metropolis rat:  0.4229323      in         1064 , best:    10.47795    
 local acceptance ratio:  0.2450980    
 Current convergence R-1 =   2.7843177E-02  chain steps =        1098
 slow changes           0  power changes           0
 Current convergence R-1 =   2.9110221E-02  chain steps =        1196
 slow changes           0  power changes           0
 metropolis rat:  0.4098361      in         1220 , best:    10.47795    
 local acceptance ratio:  0.3205128    
 Current convergence R-1 =   5.0117489E-02  chain steps =        1253
 slow changes           0  power changes           0
 Current convergence R-1 =   4.2851403E-02  chain steps =        1325
 slow changes           0  power changes           0
 metropolis rat:  0.3997093      in         1376 , best:    10.47795    
 local acceptance ratio:  0.3205128    
 Current convergence R-1 =   4.7022920E-02  chain steps =        1395
 slow changes           0  power changes           0
 Current convergence R-1 =   3.8655464E-02  chain steps =        1487
 slow changes           0  power changes           0
 metropolis rat:  0.3891051      in         1542 , best:    10.47795    
 local acceptance ratio:  0.3012048    
 Current convergence R-1 =   2.9221788E-02  chain steps =        1560
 slow changes           0  power changes           0
 Current convergence R-1 =   3.2477912E-02  chain steps =        1627
 slow changes           0  power changes           0
 metropolis rat:  0.3958587      in         1642 , best:    10.47795    
 local acceptance ratio:  0.5000000    
 Current convergence R-1 =   2.4364520E-02  chain steps =        1714
 slow changes           0  power changes           0
 Current convergence R-1 =   1.7318213E-02  chain steps =        1770
 slow changes           0  power changes           0
 metropolis rat:  0.3906250      in         1792 , best:    10.47795    
 local acceptance ratio:  0.3333333    
 Current convergence R-1 =   1.6261922E-02  chain steps =        1831
 slow changes           0  power changes           0
 Current convergence R-1 =   1.7236626E-02  chain steps =        1870
 slow changes           0  power changes           0
 Current convergence R-1 =   1.6498044E-02  chain steps =        1905
 slow changes           0  power changes           0
 metropolis rat:  0.3879979      in         1933 , best:    10.47795    
 local acceptance ratio:  0.3546099    
 Current convergence R-1 =   1.4328569E-02  chain steps =        1941
 slow changes           0  power changes           0
 Current convergence R-1 =   1.0572337E-02  chain steps =        1993
 slow changes           0  power changes           0
 Current convergence R-1 =   8.6400239E-03  chain steps =        2050
 slow changes           0  power changes           0
 metropolis rat:  0.3844306      in         2081 , best:    10.47795    
 local acceptance ratio:  0.3378378    
 Current convergence R-1 =   1.2439716E-02  chain steps =        2156
 slow changes           0  power changes           0
 metropolis rat:  0.3736264      in         2275 , best:    10.47795    
 local acceptance ratio:  0.2577319    
 Current convergence R-1 =   1.2506031E-02  chain steps =        2276
 slow changes           0  power changes           0
 Current convergence R-1 =   1.2488786E-02  chain steps =        2318
 slow changes           0  power changes           0
 Current convergence R-1 =   1.7960282E-02  chain steps =        2459
 slow changes           0  power changes           0
 metropolis rat:  0.3645200      in         2469 , best:    10.47514    
 local acceptance ratio:  0.2577319    
 Current convergence R-1 =   1.8298997E-02  chain steps =        2511
 slow changes           0  power changes           0
 Current convergence R-1 =   2.4258127E-02  chain steps =        2555
 slow changes           0  power changes           0
 metropolis rat:  0.3608052      in         2633 , best:    10.47514    
 local acceptance ratio:  0.3048781    
 Current convergence R-1 =   2.0802744E-02  chain steps =        2647
 slow changes           0  power changes           0
 Current convergence R-1 =   1.9580588E-02  chain steps =        2775
 slow changes           0  power changes           0
 metropolis rat:  0.3591954      in         2784 , best:    10.47514    
 local acceptance ratio:  0.3311258    
 Current convergence R-1 =   1.7291991E-02  chain steps =        2801
 slow changes           0  power changes           0
 Current convergence R-1 =   1.7345065E-02  chain steps =        2838
 slow changes           0  power changes           0
 Current convergence R-1 =   2.1438736E-02  chain steps =        2869
 slow changes           0  power changes           0
 Current convergence R-1 =   2.2409782E-02  chain steps =        2899
 slow changes           0  power changes           0
 Current convergence R-1 =   2.3535205E-02  chain steps =        2914
 slow changes           0  power changes           0
 Current convergence R-1 =   2.4104977E-02  chain steps =        2954
 slow changes           0  power changes           0
 metropolis rat:  0.3530599      in         2974 , best:    10.47514    
 local acceptance ratio:  0.2631579    
 Current convergence R-1 =   2.1681467E-02  chain steps =        3027
 slow changes           0  power changes           0
 Current convergence R-1 =   2.0370875E-02  chain steps =        3132
 slow changes           0  power changes           0
 Current convergence R-1 =   2.3050297E-02  chain steps =        3197
 slow changes           0  power changes           0
 metropolis rat:  0.3428928      in         3208 , best:    10.47514    
 local acceptance ratio:  0.2136752    
 Current convergence R-1 =   2.3048131E-02  chain steps =        3268
 slow changes           0  power changes           0
 Current convergence R-1 =   2.1430945E-02  chain steps =        3305
 slow changes           0  power changes           0
 metropolis rat:  0.3400355      in         3382 , best:    10.47514    
 local acceptance ratio:  0.2873563    
 Current convergence R-1 =   1.9865440E-02  chain steps =        3384
 slow changes           0  power changes           0
 Current convergence R-1 =   1.7560979E-02  chain steps =        3484
 slow changes           0  power changes           0
 Current convergence R-1 =   1.3765421E-02  chain steps =        3588
 slow changes           0  power changes           0
 metropolis rat:  0.3336113      in         3597 , best:    10.47514    
 local acceptance ratio:  0.2325581    
 Current convergence R-1 =   1.6718296E-02  chain steps =        3664
 slow changes           0  power changes           0
 Current convergence R-1 =   1.7792569E-02  chain steps =        3789
 slow changes           0  power changes           0
 metropolis rat:  0.3267120      in         3826 , best:    10.47307    
 local acceptance ratio:  0.2183406    
 Current convergence R-1 =   1.9579271E-02  chain steps =        3864
 slow changes           0  power changes           0
 Current convergence R-1 =   2.2279168E-02  chain steps =        3926
 slow changes           0  power changes           0
 Current convergence R-1 =   2.3074524E-02  chain steps =        3963
 slow changes           0  power changes           0
 metropolis rat:  0.3257329      in         3991 , best:    10.47307    
 local acceptance ratio:  0.3030303    
 Current convergence R-1 =   2.2884468E-02  chain steps =        4023
 slow changes           0  power changes           0
 Current convergence R-1 =   2.4479188E-02  chain steps =        4098
 slow changes           0  power changes           0
 Current convergence R-1 =   2.1798480E-02  chain steps =        4156
 slow changes           0  power changes           0
 metropolis rat:  0.3227349      in         4183 , best:    10.47307    
 local acceptance ratio:  0.2604167    
 Current convergence R-1 =   1.7408609E-02  chain steps =        4218
 slow changes           0  power changes           0
 Current convergence R-1 =   1.6066808E-02  chain steps =        4289
 slow changes           0  power changes           0
 metropolis rat:  0.3224321      in         4342 , best:    10.47307    
 local acceptance ratio:  0.3144654    
 Current convergence R-1 =   1.5448635E-02  chain steps =        4357
 slow changes           0  power changes           0
 Current convergence R-1 =   1.4503623E-02  chain steps =        4456
 slow changes           0  power changes           0
 Current convergence R-1 =   1.4992399E-02  chain steps =        4542
 slow changes           0  power changes           0
 metropolis rat:  0.3164557      in         4582 , best:    10.47307    
 local acceptance ratio:  0.2083333    
 Current convergence R-1 =   1.5840575E-02  chain steps =        4597
 slow changes           0  power changes           0
 Current convergence R-1 =   1.7422633E-02  chain steps =        4694
 slow changes           0  power changes           0
 metropolis rat:  0.3155901      in         4753 , best:    10.47307    
 local acceptance ratio:  0.2923976    
 Current convergence R-1 =   1.6417459E-02  chain steps =        4772
 slow changes           0  power changes           0
 Current convergence R-1 =   1.3995450E-02  chain steps =        4843
 slow changes           0  power changes           0
 metropolis rat:  0.3155538      in         4912 , best:    10.47307    
 local acceptance ratio:  0.3144654    
 Current convergence R-1 =   1.2745649E-02  chain steps =        4917
 slow changes           0  power changes           0
 Current convergence R-1 =   1.1822604E-02  chain steps =        4982
 slow changes           0  power changes           0
 Current convergence R-1 =   1.1702188E-02  chain steps =        5018
 slow changes           0  power changes           0
 metropolis rat:  0.3144654      in         5088 , best:    10.47307    
 local acceptance ratio:  0.2840909    
 Current convergence R-1 =   1.0845081E-02  chain steps =        5088
 slow changes           0  power changes           0
 Current convergence R-1 =   1.2659001E-02  chain steps =        5199
 slow changes           0  power changes           0
 metropolis rat:  0.3131524      in         5269 , best:    10.47307    
 local acceptance ratio:  0.2762431    
 Current convergence R-1 =   1.1942378E-02  chain steps =        5286
 slow changes           0  power changes           0
 Current convergence R-1 =   1.1412541E-02  chain steps =        5335
 slow changes           0  power changes           0
 Current convergence R-1 =   1.0982748E-02  chain steps =        5352
 slow changes           0  power changes           0
 Current convergence R-1 =   1.0650653E-02  chain steps =        5396
 slow changes           0  power changes           0
 metropolis rat:  0.3126149      in         5438 , best:    10.47307    
 local acceptance ratio:  0.2958580    
 Current convergence R-1 =   1.1586521E-02  chain steps =        5464
 slow changes           0  power changes           0
 Current convergence R-1 =   1.2289856E-02  chain steps =        5525
 slow changes           0  power changes           0
 Current convergence R-1 =   1.2413471E-02  chain steps =        5575
 slow changes           0  power changes           0
 Current convergence R-1 =   9.9966694E-03  chain steps =        5638
 slow changes           0  power changes           0
 metropolis rat:  0.3102837      in         5640 , best:    10.47307    
 local acceptance ratio:  0.2475248    
 Current convergence R-1 =   1.0408393E-02  chain steps =        5724
 slow changes           0  power changes           0
 Current convergence R-1 =   1.3239681E-02  chain steps =        5797
 slow changes           0  power changes           0
 Current convergence R-1 =   1.3432962E-02  chain steps =        5845
 slow changes           0  power changes           0
 metropolis rat:  0.3073246      in         5857 , best:    10.47307    
 local acceptance ratio:  0.2304147    
 Current convergence R-1 =   1.3195063E-02  chain steps =        5919
 slow changes           0  power changes           0
 Current convergence R-1 =   1.3226447E-02  chain steps =        6004
 slow changes           0  power changes           0
 metropolis rat:  0.3077691      in         6011 , best:    10.47307    
 local acceptance ratio:  0.3246753    
 Current convergence R-1 =   1.5031958E-02  chain steps =        6100
 slow changes           0  power changes           0
 metropolis rat:  0.3084916      in         6159 , best:    10.47307    
 local acceptance ratio:  0.3378378    
 Current convergence R-1 =   1.3779363E-02  chain steps =        6167
 slow changes           0  power changes           0
 Current convergence R-1 =   1.3647722E-02  chain steps =        6214
 slow changes           0  power changes           0
 Current convergence R-1 =   1.2582983E-02  chain steps =        6296
 slow changes           0  power changes           0
 metropolis rat:  0.3061705      in         6369 , best:    10.47307    
 local acceptance ratio:  0.2380952    
 Current convergence R-1 =   1.2414449E-02  chain steps =        6415
 slow changes           0  power changes           0
 Current convergence R-1 =   1.3308940E-02  chain steps =        6507
 slow changes           0  power changes           0
 metropolis rat:  0.3056702      in         6543 , best:    10.47307    
 local acceptance ratio:  0.2873563    
 Current convergence R-1 =   1.3011537E-02  chain steps =        6543
 slow changes           0  power changes           0
 Current convergence R-1 =   1.3780963E-02  chain steps =        6601
 slow changes           0  power changes           0
 metropolis rat:  0.3062901      in         6693 , best:    10.47307    
 local acceptance ratio:  0.3333333    
 Current convergence R-1 =   1.4194680E-02  chain steps =        6701
 slow changes           0  power changes           0
 Current convergence R-1 =   1.3536068E-02  chain steps =        6797
 slow changes           0  power changes           0
 Current convergence R-1 =   1.4123460E-02  chain steps =        6846
 slow changes           0  power changes           0
 metropolis rat:  0.3055879      in         6872 , best:    10.47307    
 local acceptance ratio:  0.2793296    
 Current convergence R-1 =   1.3149503E-02  chain steps =        6950
 slow changes           0  power changes           0
 Current convergence R-1 =   1.2921884E-02  chain steps =        7026
 slow changes           0  power changes           0
 metropolis rat:  0.3045757      in         7059 , best:    10.47307    
 local acceptance ratio:  0.2673797    
 Current convergence R-1 =   1.3139321E-02  chain steps =        7096
 slow changes           0  power changes           0
 Current convergence R-1 =   1.2421481E-02  chain steps =        7142
 slow changes           0  power changes           0
 metropolis rat:  0.3021148      in         7282 , best:    10.47307    
 local acceptance ratio:  0.2242152    
 Current convergence R-1 =   1.2659702E-02  chain steps =        7287
 slow changes           0  power changes           0
 Current convergence R-1 =   1.1948938E-02  chain steps =        7394
 slow changes           0  power changes           0
 Current convergence R-1 =   1.1755290E-02  chain steps =        7423
 slow changes           0  power changes           0
 metropolis rat:  0.3017299      in         7457 , best:    10.47307    
 local acceptance ratio:  0.2857143    
 Current convergence R-1 =   1.3668241E-02  chain steps =        7486
 slow changes           0  power changes           0
 Current convergence R-1 =   1.4528643E-02  chain steps =        7523
 slow changes           0  power changes           0
 Current convergence R-1 =   1.7571263E-02  chain steps =        7590
 slow changes           0  power changes           0
 Current convergence R-1 =   1.7610716E-02  chain steps =        7631
 slow changes           0  power changes           0
 metropolis rat:  0.3012048      in         7636 , best:    10.47307    
 local acceptance ratio:  0.2793296    
 Current convergence R-1 =   1.6656786E-02  chain steps =        7705
 slow changes           0  power changes           0
 Current convergence R-1 =   1.6684959E-02  chain steps =        7810
 slow changes           0  power changes           0
 metropolis rat:  0.2994775      in         7847 , best:    10.47307    
 local acceptance ratio:  0.2369668    
 Current convergence R-1 =   1.5630128E-02  chain steps =        7893
 slow changes           0  power changes           0
 Current convergence R-1 =   1.4771297E-02  chain steps =        7944
 slow changes           0  power changes           0
 Current convergence R-1 =   1.4638633E-02  chain steps =        8002
 slow changes           0  power changes           0
 metropolis rat:  0.2997003      in         8008 , best:    10.47307    
 local acceptance ratio:  0.3105590    
 Current convergence R-1 =   1.2138001E-02  chain steps =        8115
 slow changes           0  power changes           0
 metropolis rat:  0.2980173      in         8221 , best:    10.47307    
 local acceptance ratio:  0.2347418    
 Current convergence R-1 =   1.3422893E-02  chain steps =        8221
 slow changes           0  power changes           0
 Current convergence R-1 =   1.2941300E-02  chain steps =        8248
 slow changes           0  power changes           0
 Current convergence R-1 =   1.1237547E-02  chain steps =        8285
 slow changes           0  power changes           0
 Current convergence R-1 =   1.0914998E-02  chain steps =        8309
 slow changes           0  power changes           0
 metropolis rat:  0.2977254      in         8397 , best:    10.47307    
 local acceptance ratio:  0.2840909    
 Current convergence R-1 =   1.0277148E-02  chain steps =        8408
 slow changes           0  power changes           0
 Current convergence R-1 =   1.0173445E-02  chain steps =        8501
 slow changes           0  power changes           0
 Current convergence R-1 =   1.2066312E-02  chain steps =        8585
 slow changes           0  power changes           0
 metropolis rat:  0.2969259      in         8588 , best:    10.47307    
 local acceptance ratio:  0.2617801    
 Current convergence R-1 =   1.2300418E-02  chain steps =        8671
 slow changes           0  power changes           0
 Current convergence R-1 =   1.1866562E-02  chain steps =        8770
 slow changes           0  power changes           0
 metropolis rat:  0.2962288      in         8777 , best:    10.47307    
 local acceptance ratio:  0.2645503    
 Current convergence R-1 =   1.2095657E-02  chain steps =        8860
 slow changes           0  power changes           0
 Current convergence R-1 =   1.1353409E-02  chain steps =        8915
 slow changes           0  power changes           0
 metropolis rat:  0.2946081      in         8995 , best:    10.47307    
 local acceptance ratio:  0.2293578    
 Current convergence R-1 =   1.0643224E-02  chain steps =        9020
 slow changes           0  power changes           0
 Current convergence R-1 =   1.0468352E-02  chain steps =        9074
 slow changes           0  power changes           0
 metropolis rat:  0.2950175      in         9152 , best:    10.47307    
 local acceptance ratio:  0.3184713    
 Current convergence R-1 =   1.0205270E-02  chain steps =        9163
 slow changes           0  power changes           0
 Current convergence R-1 =   9.8766070E-03  chain steps =        9247
 slow changes           0  power changes           0
 Current convergence R-1 =   9.5569361E-03  chain steps =        9309
 slow changes           0  power changes           0
 Current convergence R-1 =   8.8749938E-03  chain steps =        9316
 slow changes           0  power changes           0
 metropolis rat:  0.2945587      in         9336 , best:    10.47307    
 local acceptance ratio:  0.2717391    
 Current convergence R-1 =   8.0712698E-03  chain steps =        9353
 slow changes           0  power changes           0
 Current convergence R-1 =   7.6751690E-03  chain steps =        9406
 slow changes           0  power changes           0
 metropolis rat:  0.2950163      in         9491 , best:    10.47307    
 local acceptance ratio:  0.3225806    
 Current convergence R-1 =   7.6081008E-03  chain steps =        9531
 slow changes           0  power changes           0
 Current convergence R-1 =   7.7227755E-03  chain steps =        9592
 slow changes           0  power changes           0
 Current convergence R-1 =   8.0271941E-03  chain steps =        9635
 slow changes           0  power changes           0
 metropolis rat:  0.2949089      in         9664 , best:    10.47307    
 local acceptance ratio:  0.2890173    
 Current convergence R-1 =   7.9261642E-03  chain steps =        9701
 slow changes           0  power changes           0
 Current convergence R-1 =   7.4462234E-03  chain steps =        9820
 slow changes           0  power changes           0
 Current convergence R-1 =   7.9407021E-03  chain steps =        9898
 slow changes           0  power changes           0
 metropolis rat:  0.2928110      in         9904 , best:    10.47307    
 local acceptance ratio:  0.2083333    
 Current convergence R-1 =   8.1497645E-03  chain steps =       10006
 slow changes           0  power changes           0
 Current convergence R-1 =   7.9060197E-03  chain steps =       10063
 slow changes           0  power changes           0
 metropolis rat:  0.2923687      in        10090 , best:    10.47307    
 local acceptance ratio:  0.2688172    
 Current convergence R-1 =   7.4297856E-03  chain steps =       10119
 slow changes           0  power changes           0
 Current convergence R-1 =   7.3193163E-03  chain steps =       10175
 slow changes           0  power changes           0
 Current convergence R-1 =   7.4992585E-03  chain steps =       10269
 slow changes           0  power changes           0
 metropolis rat:  0.2920277      in        10273 , best:    10.47307    
 local acceptance ratio:  0.2732241    
 Current convergence R-1 =   8.7214047E-03  chain steps =       10335
 slow changes           0  power changes           0
 Current convergence R-1 =   7.4911318E-03  chain steps =       10426
 slow changes           0  power changes           0
 metropolis rat:  0.2919498      in        10447 , best:    10.47307    
 local acceptance ratio:  0.2873563    
 Current convergence R-1 =   7.6247430E-03  chain steps =       10507
 slow changes           0  power changes           0
 metropolis rat:  0.2920121      in        10616 , best:    10.47307    
 local acceptance ratio:  0.2958580    
 Current convergence R-1 =   9.0960478E-03  chain steps =       10630
 slow changes           0  power changes           0
 Current convergence R-1 =   9.9022537E-03  chain steps =       10719
 slow changes           0  power changes           0
 Current convergence R-1 =   9.6192425E-03  chain steps =       10787
 slow changes           0  power changes           0
 metropolis rat:  0.2914508      in        10808 , best:    10.47307    
 local acceptance ratio:  0.2604167    
 Current convergence R-1 =   9.4553074E-03  chain steps =       10818
 slow changes           0  power changes           0
 Current convergence R-1 =   8.9408914E-03  chain steps =       10837
 slow changes           0  power changes           0
 Current convergence R-1 =   8.0949618E-03  chain steps =       10877
 slow changes           0  power changes           0
 Current convergence R-1 =   7.3919692E-03  chain steps =       10926
 slow changes           0  power changes           0
 metropolis rat:  0.2916515      in        10972 , best:    10.47307    
 local acceptance ratio:  0.3048781    
 Current convergence R-1 =   7.1282838E-03  chain steps =       10986
 slow changes           0  power changes           0
 Current convergence R-1 =   7.1142591E-03  chain steps =       11052
 slow changes           0  power changes           0
 Current convergence R-1 =   6.8990928E-03  chain steps =       11125
 slow changes           0  power changes           0
 metropolis rat:  0.2899973      in        11207 , best:    10.47307    
 local acceptance ratio:  0.2127660    
 Current convergence R-1 =   7.0453025E-03  chain steps =       11226
 slow changes           0  power changes           0
 Current convergence R-1 =   7.3134997E-03  chain steps =       11308
 slow changes           0  power changes           0
 metropolis rat:  0.2902630      in        11369 , best:    10.47307    
 local acceptance ratio:  0.3086420    
 Current convergence R-1 =   6.4241597E-03  chain steps =       11375
 slow changes           0  power changes           0
 Current convergence R-1 =   6.2261191E-03  chain steps =       11444
 slow changes           0  power changes           0
 metropolis rat:  0.2910765      in        11509 , best:    10.47307    
 local acceptance ratio:  0.3571429    
 Current convergence R-1 =   6.2751747E-03  chain steps =       11520
 slow changes           0  power changes           0
 Current convergence R-1 =   5.3908313E-03  chain steps =       11587
 slow changes           0  power changes           0
 Current convergence R-1 =   3.5367440E-03  chain steps =       11653
 slow changes           0  power changes           0
 metropolis rat:  0.2912205      in        11675 , best:    10.47307    
 local acceptance ratio:  0.3012048    
 Current convergence R-1 =   3.0860445E-03  chain steps =       11724
 slow changes           0  power changes           0
 Current convergence R-1 =   3.3023127E-03  chain steps =       11759
 slow changes           0  power changes           0
 Current convergence R-1 =   3.7732122E-03  chain steps =       11821
 slow changes           0  power changes           0
 metropolis rat:  0.2909183      in        11859 , best:    10.47307    
 local acceptance ratio:  0.2717391    
 Current convergence R-1 =   3.7892023E-03  chain steps =       11903
 slow changes           0  power changes           0
 Current convergence R-1 =   4.1276696E-03  chain steps =       11943
 slow changes           0  power changes           0
 Current convergence R-1 =   4.4003762E-03  chain steps =       12025
 slow changes           0  power changes           0
 metropolis rat:  0.2897111      in        12081 , best:    10.47307    
 local acceptance ratio:  0.2252252    
 Current convergence R-1 =   4.5574750E-03  chain steps =       12082
 slow changes           0  power changes           0
 Current convergence R-1 =   4.3845177E-03  chain steps =       12143
 slow changes           0  power changes           0
 Current convergence R-1 =   4.2684772E-03  chain steps =       12225
 slow changes           0  power changes           0
 metropolis rat:  0.2895359      in        12261 , best:    10.47307    
 local acceptance ratio:  0.2777778    
 Current convergence R-1 =   4.0614577E-03  chain steps =       12270
 slow changes           0  power changes           0
 Current convergence R-1 =   3.9118221E-03  chain steps =       12353
 slow changes           0  power changes           0
 Current convergence R-1 =   3.8053901E-03  chain steps =       12402
 slow changes           0  power changes           0
 metropolis rat:  0.2900419      in        12412 , best:    10.47307    
 local acceptance ratio:  0.3311258    
 Current convergence R-1 =   3.8653109E-03  chain steps =       12477
 slow changes           0  power changes           0
 Current convergence R-1 =   3.9773812E-03  chain steps =       12554
 slow changes           0  power changes           0
 metropolis rat:  0.2893840      in        12613 , best:    10.47307    
 local acceptance ratio:  0.2487562    
 Current convergence R-1 =   4.3401783E-03  chain steps =       12643
 slow changes           0  power changes           0
 Current convergence R-1 =   6.4298115E-03  chain steps =       12707
 slow changes           0  power changes           0
 metropolis rat:  0.2896055      in        12776 , best:    10.47307    
 local acceptance ratio:  0.3067485    
 Current convergence R-1 =   6.1828909E-03  chain steps =       12793
 slow changes           0  power changes           0
 Current convergence R-1 =   6.5478054E-03  chain steps =       12905
 slow changes           0  power changes           0
 metropolis rat:  0.2891288      in        12970 , best:    10.47307    
 local acceptance ratio:  0.2577319    
 Current convergence R-1 =   7.5106635E-03  chain steps =       13028
 slow changes           0  power changes           0
 Current convergence R-1 =   7.6430095E-03  chain steps =       13099
 slow changes           0  power changes           0
 metropolis rat:  0.2891273      in        13143 , best:    10.47307    
 local acceptance ratio:  0.2890173    
 Current convergence R-1 =   7.4395649E-03  chain steps =       13143
 slow changes           0  power changes           0
 Current convergence R-1 =   7.1694409E-03  chain steps =       13213
 slow changes           0  power changes           0
 Current convergence R-1 =   6.7137857E-03  chain steps =       13248
 slow changes           0  power changes           0
 Current convergence R-1 =   6.8787276E-03  chain steps =       13279
 slow changes           0  power changes           0
 Current convergence R-1 =   6.9108517E-03  chain steps =       13318
 slow changes           0  power changes           0
 metropolis rat:  0.2886273      in        13339 , best:    10.47307    
 local acceptance ratio:  0.2551020    
 Current convergence R-1 =   6.9809258E-03  chain steps =       13351
 slow changes           0  power changes           0
 Current convergence R-1 =   8.5671926E-03  chain steps =       13413
 slow changes           0  power changes           0
 Current convergence R-1 =   1.1006460E-02  chain steps =       13459
 slow changes           0  power changes           0
 Current convergence R-1 =   1.2406622E-02  chain steps =       13485
 slow changes           0  power changes           0
 Current convergence R-1 =   1.5316330E-02  chain steps =       13527
 slow changes           0  power changes           0
 Current convergence R-1 =   1.7028512E-02  chain steps =       13575
 slow changes           0  power changes           0
 metropolis rat:  0.2872505      in        13577 , best:    10.47307    
 local acceptance ratio:  0.2100840    
 Current convergence R-1 =   1.7302938E-02  chain steps =       13655
 slow changes           0  power changes           0
 Current convergence R-1 =   1.7352350E-02  chain steps =       13772
 slow changes           0  power changes           0
 metropolis rat:  0.2865849      in        13783 , best:    10.47307    
 local acceptance ratio:  0.2427184    
 Current convergence R-1 =   1.7036054E-02  chain steps =       13815
 slow changes           0  power changes           0
 Current convergence R-1 =   1.6387546E-02  chain steps =       13873
 slow changes           0  power changes           0
 Current convergence R-1 =   1.6159182E-02  chain steps =       13921
 slow changes           0  power changes           0
 metropolis rat:  0.2864304      in        13965 , best:    10.47307    
 local acceptance ratio:  0.2747253    
 Current convergence R-1 =   1.6168442E-02  chain steps =       14022
 slow changes           0  power changes           0
 Current convergence R-1 =   1.4800896E-02  chain steps =       14096
 slow changes           0  power changes           0
 metropolis rat:  0.2865228      in        14135 , best:    10.47307    
 local acceptance ratio:  0.2941177    
 Current convergence R-1 =   1.4531225E-02  chain steps =       14179
 slow changes           0  power changes           0
 Current convergence R-1 =   1.4624992E-02  chain steps =       14235
 slow changes           0  power changes           0
 Current convergence R-1 =   1.4324106E-02  chain steps =       14301
 slow changes           0  power changes           0
 metropolis rat:  0.2864329      in        14314 , best:    10.47307    
 local acceptance ratio:  0.2793296    
 Current convergence R-1 =   1.3902059E-02  chain steps =       14384
 slow changes           0  power changes           0
 Current convergence R-1 =   1.4202358E-02  chain steps =       14444
 slow changes           0  power changes           0
 metropolis rat:  0.2862661      in        14497 , best:    10.47307    
 local acceptance ratio:  0.2732241    
 Current convergence R-1 =   1.3744981E-02  chain steps =       14515
 slow changes           0  power changes           0
 Current convergence R-1 =   1.3067486E-02  chain steps =       14585
 slow changes           0  power changes           0
 Current convergence R-1 =   1.2572032E-02  chain steps =       14637
 slow changes           0  power changes           0
 Current convergence R-1 =   1.2210603E-02  chain steps =       14679
 slow changes           0  power changes           0
 metropolis rat:  0.2857921      in        14696 , best:    10.47307    
 local acceptance ratio:  0.2512563    
 Current convergence R-1 =   1.2331120E-02  chain steps =       14742
 slow changes           0  power changes           0
 Current convergence R-1 =   1.2240312E-02  chain steps =       14780
 slow changes           0  power changes           0
 Current convergence R-1 =   1.2472322E-02  chain steps =       14869
 slow changes           0  power changes           0
 Current convergence R-1 =   1.3143091E-02  chain steps =       14915
 slow changes           0  power changes           0
 metropolis rat:  0.2848335      in        14921 , best:    10.47307    
 local acceptance ratio:  0.2222222    
 Current convergence R-1 =   1.2221170E-02  chain steps =       14998
 slow changes           0  power changes           0
 metropolis rat:  0.2847117      in        15103 , best:    10.47307    
 local acceptance ratio:  0.2747253    
 Current convergence R-1 =   1.1842312E-02  chain steps =       15135
 slow changes           0  power changes           0
 Current convergence R-1 =   1.1807449E-02  chain steps =       15212
 slow changes           0  power changes           0
 Current convergence R-1 =   1.1875763E-02  chain steps =       15268
 slow changes           0  power changes           0
 metropolis rat:  0.2846113      in        15284 , best:    10.47307    
 local acceptance ratio:  0.2762431    
 Current convergence R-1 =   1.1312642E-02  chain steps =       15326
 slow changes           0  power changes           0
 Current convergence R-1 =   1.0841779E-02  chain steps =       15355
 slow changes           0  power changes           0
 Current convergence R-1 =   1.0569554E-02  chain steps =       15390
 slow changes           0  power changes           0
 Current convergence R-1 =   1.0530930E-02  chain steps =       15454
 slow changes           0  power changes           0
 metropolis rat:  0.2844766      in        15467 , best:    10.47307    
 local acceptance ratio:  0.2732241    
 Current convergence R-1 =   1.0440083E-02  chain steps =       15484
 slow changes           0  power changes           0
 Current convergence R-1 =   1.0431259E-02  chain steps =       15567
 slow changes           0  power changes           0
 Current convergence R-1 =   1.0564880E-02  chain steps =       15673
 slow changes           0  power changes           0
 metropolis rat:  0.2832591      in        15710 , best:    10.47307    
 local acceptance ratio:  0.2057613    
 Current convergence R-1 =   1.0526859E-02  chain steps =       15749
 slow changes           0  power changes           0
 Current convergence R-1 =   1.0739589E-02  chain steps =       15860
 slow changes           0  power changes           0
 metropolis rat:  0.2819902      in        15958 , best:    10.47307    
 local acceptance ratio:  0.2016129    
 Current convergence R-1 =   1.0285747E-02  chain steps =       15977
 slow changes           0  power changes           0
 Current convergence R-1 =   9.7567905E-03  chain steps =       16023
 slow changes           0  power changes           0
 Current convergence R-1 =   9.7670220E-03  chain steps =       16079
 slow changes           0  power changes           0
 Current convergence R-1 =   9.6738627E-03  chain steps =       16168
 slow changes           0  power changes           0
 metropolis rat:  0.2814027      in        16169 , best:    10.47307    
 local acceptance ratio:  0.2369668    
 Current convergence R-1 =   8.7253861E-03  chain steps =       16223
 slow changes           0  power changes           0
 Current convergence R-1 =   8.5056331E-03  chain steps =       16273
 slow changes           0  power changes           0
 Current convergence R-1 =   8.0146203E-03  chain steps =       16321
 slow changes           0  power changes           0
 metropolis rat:  0.2816902      in        16330 , best:    10.47307    
 local acceptance ratio:  0.3105590    
 Current convergence R-1 =   8.5021239E-03  chain steps =       16371
 slow changes           0  power changes           0
 Current convergence R-1 =   8.6241718E-03  chain steps =       16409
 slow changes           0  power changes           0
 Current convergence R-1 =   8.1162844E-03  chain steps =       16471
 slow changes           0  power changes           0
 metropolis rat:  0.2813578      in        16527 , best:    10.47307    
 local acceptance ratio:  0.2538071    
 Current convergence R-1 =   7.4048210E-03  chain steps =       16534
 slow changes           0  power changes           0
 Current convergence R-1 =   6.8294574E-03  chain steps =       16618
 slow changes           0  power changes           0
 Current convergence R-1 =   6.3696015E-03  chain steps =       16677
 slow changes           0  power changes           0
 metropolis rat:  0.2810501      in        16723 , best:    10.47307    
 local acceptance ratio:  0.2551020    
 Current convergence R-1 =   6.5268446E-03  chain steps =       16755
 slow changes           0  power changes           0
 Current convergence R-1 =   6.6197221E-03  chain steps =       16829
 slow changes           0  power changes           0
 Current convergence R-1 =   6.5238462E-03  chain steps =       16917
 slow changes           0  power changes           0
 metropolis rat:  0.2803683      in        16942 , best:    10.47307    
 local acceptance ratio:  0.2283105    
 Current convergence R-1 =   6.5837209E-03  chain steps =       16984
 slow changes           0  power changes           0
 Current convergence R-1 =   6.6275960E-03  chain steps =       17036
 slow changes           0  power changes           0
 Current convergence R-1 =   7.0700669E-03  chain steps =       17206
 slow changes           0  power changes           0
 metropolis rat:  0.2789076      in        17210 , best:    10.47307    
 local acceptance ratio:  0.1865672    
 Current convergence R-1 =   7.5622965E-03  chain steps =       17272
 slow changes           0  power changes           0
 Current convergence R-1 =   6.9898348E-03  chain steps =       17315
 slow changes           0  power changes           0
 Current convergence R-1 =   6.7548808E-03  chain steps =       17412
 slow changes           0  power changes           0
 metropolis rat:  0.2780007      in        17446 , best:    10.47307    
 local acceptance ratio:  0.2118644    
 Current convergence R-1 =   6.8832794E-03  chain steps =       17454
 slow changes           0  power changes           0
 Current convergence R-1 =   6.7987763E-03  chain steps =       17544
 slow changes           0  power changes           0
 Current convergence R-1 =   6.7111822E-03  chain steps =       17647
 slow changes           0  power changes           0
 metropolis rat:  0.2775889      in        17652 , best:    10.47307    
 local acceptance ratio:  0.2427184    
 Current convergence R-1 =   6.5928837E-03  chain steps =       17719
 slow changes           0  power changes           0
 Current convergence R-1 =   6.7485790E-03  chain steps =       17796
 slow changes           0  power changes           0
 metropolis rat:  0.2770936      in        17864 , best:    10.47307    
 local acceptance ratio:  0.2358491    
 Current convergence R-1 =   6.4700935E-03  chain steps =       17881
 slow changes           0  power changes           0
 Current convergence R-1 =   6.3780635E-03  chain steps =       17949
 slow changes           0  power changes           0
 Current convergence R-1 =   6.2877191E-03  chain steps =       18021
 slow changes           0  power changes           0
 metropolis rat:  0.2765946      in        18077 , best:    10.47307    
 local acceptance ratio:  0.2347418    
 Current convergence R-1 =   6.2032565E-03  chain steps =       18089
 slow changes           0  power changes           0
 Current convergence R-1 =   6.3590156E-03  chain steps =       18130
 slow changes           0  power changes           0
 Current convergence R-1 =   6.2020943E-03  chain steps =       18180
 slow changes           0  power changes           0
 metropolis rat:  0.2761978      in        18284 , best:    10.47307    
 local acceptance ratio:  0.2415459    
 Current convergence R-1 =   6.1073168E-03  chain steps =       18284
 slow changes           0  power changes           0
 Current convergence R-1 =   6.4235493E-03  chain steps =       18353
 slow changes           0  power changes           0
 Current convergence R-1 =   6.5122931E-03  chain steps =       18431
 slow changes           0  power changes           0
 Current convergence R-1 =   6.4309016E-03  chain steps =       18468
 slow changes           0  power changes           0
 Current convergence R-1 =   6.4961729E-03  chain steps =       18516
 slow changes           0  power changes           0
 metropolis rat:  0.2754226      in        18517 , best:    10.47307    
 local acceptance ratio:  0.2145923    
 Current convergence R-1 =   6.5588201E-03  chain steps =       18589
 slow changes           0  power changes           0
 Current convergence R-1 =   6.5911044E-03  chain steps =       18640
 slow changes           0  power changes           0
 metropolis rat:  0.2752244      in        18712 , best:    10.47307    
 local acceptance ratio:  0.2564103    
 Current convergence R-1 =   6.6742152E-03  chain steps =       18730
 slow changes           0  power changes           0
 Current convergence R-1 =   6.5516271E-03  chain steps =       18813
 slow changes           0  power changes           0
 Current convergence R-1 =   6.6647287E-03  chain steps =       18895
 slow changes           0  power changes           0
 metropolis rat:  0.2749868      in        18910 , best:    10.47307    
 local acceptance ratio:  0.2525252    
 Current convergence R-1 =   6.9329753E-03  chain steps =       18987
 slow changes           0  power changes           0
 Current convergence R-1 =   6.8960716E-03  chain steps =       19050
 slow changes           0  power changes           0
 metropolis rat:  0.2752582      in        19073 , best:    10.47307    
 local acceptance ratio:  0.3067485    
 Current convergence R-1 =   6.7743333E-03  chain steps =       19139
 slow changes           0  power changes           0
 Current convergence R-1 =   6.8477043E-03  chain steps =       19174
 slow changes           0  power changes           0
 Current convergence R-1 =   7.0182877E-03  chain steps =       19203
 slow changes           0  power changes           0
 Current convergence R-1 =   6.9796895E-03  chain steps =       19256
 slow changes           0  power changes           0
 metropolis rat:  0.2746968      in        19294 , best:    10.47307    
 local acceptance ratio:  0.2262443    
 Current convergence R-1 =   6.8087443E-03  chain steps =       19329
 slow changes           0  power changes           0
 Current convergence R-1 =   6.8004634E-03  chain steps =       19397
 slow changes           0  power changes           0
 Current convergence R-1 =   6.7015737E-03  chain steps =       19437
 slow changes           0  power changes           0
 metropolis rat:  0.2746266      in        19481 , best:    10.47307    
 local acceptance ratio:  0.2673797    
 Current convergence R-1 =   6.6948775E-03  chain steps =       19497
 slow changes           0  power changes           0
 Current convergence R-1 =   6.8902168E-03  chain steps =       19561
 slow changes           0  power changes           0
 Current convergence R-1 =   6.9567785E-03  chain steps =       19609
 slow changes           0  power changes           0
 metropolis rat:  0.2751732      in        19624 , best:    10.47307    
 local acceptance ratio:  0.3496504    
 Current convergence R-1 =   7.4199508E-03  chain steps =       19677
 slow changes           0  power changes           0
 Current convergence R-1 =   7.3633944E-03  chain steps =       19741
 slow changes           0  power changes           0
 Current convergence R-1 =   7.1747284E-03  chain steps =       19804
 slow changes           0  power changes           0
 metropolis rat:  0.2751552      in        19807 , best:    10.47307    
 local acceptance ratio:  0.2732241    
 Current convergence R-1 =   7.1640480E-03  chain steps =       19872
 slow changes           0  power changes           0
 Current convergence R-1 =   7.2795716E-03  chain steps =       19935
 slow changes           0  power changes           0
 metropolis rat:  0.2754407      in        19968 , best:    10.47307    
 local acceptance ratio:  0.3105590    
 Current convergence R-1 =   7.3634577E-03  chain steps =       19997
 slow changes           0  power changes           0
 Current convergence R-1 =   7.5517623E-03  chain steps =       20054
 slow changes           0  power changes           0
 metropolis rat:  0.2755710      in        20140 , best:    10.47307    
 local acceptance ratio:  0.2906977    
 Current convergence R-1 =   7.4833781E-03  chain steps =       20147
 slow changes           0  power changes           0
 Current convergence R-1 =   7.8377724E-03  chain steps =       20193
 slow changes           0  power changes           0
 Current convergence R-1 =   7.6256134E-03  chain steps =       20309
 slow changes           0  power changes           0
 metropolis rat:  0.2755499      in        20323 , best:    10.47307    
 local acceptance ratio:  0.2732241    
 Current convergence R-1 =   7.3835626E-03  chain steps =       20397
 slow changes           0  power changes           0
 Current convergence R-1 =   7.5236792E-03  chain steps =       20455
 slow changes           0  power changes           0
 Current convergence R-1 =   7.6665673E-03  chain steps =       20512
 slow changes           0  power changes           0
 metropolis rat:  0.2753948      in        20516 , best:    10.47307    
 local acceptance ratio:  0.2590674    
 Current convergence R-1 =   7.5752460E-03  chain steps =       20554
 slow changes           0  power changes           0
 Current convergence R-1 =   7.7811787E-03  chain steps =       20597
 slow changes           0  power changes           0
 Current convergence R-1 =   7.6729953E-03  chain steps =       20687
 slow changes           0  power changes           0
 metropolis rat:  0.2753889      in        20698 , best:    10.47307    
 local acceptance ratio:  0.2747253    
 Current convergence R-1 =   7.5147506E-03  chain steps =       20709
 slow changes           0  power changes           0
 metropolis rat:  0.2758720      in        20843 , best:    10.47307    
 local acceptance ratio:  0.3448276    
 Current convergence R-1 =   7.5143697E-03  chain steps =       20853
 slow changes           0  power changes           0
 Current convergence R-1 =   7.5551467E-03  chain steps =       20897
 slow changes           0  power changes           0
 Current convergence R-1 =   7.5254086E-03  chain steps =       20976
 slow changes           0  power changes           0
 metropolis rat:  0.2760722      in        21009 , best:    10.47293    
 local acceptance ratio:  0.3012048    
 Current convergence R-1 =   7.4875108E-03  chain steps =       21069
 slow changes           0  power changes           0
 Current convergence R-1 =   7.3678219E-03  chain steps =       21136
 slow changes           0  power changes           0
 metropolis rat:  0.2761779      in        21182 , best:    10.47293    
 local acceptance ratio:  0.2890173    
 Current convergence R-1 =   7.2795521E-03  chain steps =       21199
 slow changes           0  power changes           0
 Current convergence R-1 =   7.3465342E-03  chain steps =       21284
 slow changes           0  power changes           0
 metropolis rat:  0.2758556      in        21388 , best:    10.47293    
 local acceptance ratio:  0.2427184    
 Current convergence R-1 =   7.4814544E-03  chain steps =       21395
 slow changes           0  power changes           0
 Current convergence R-1 =   7.4027968E-03  chain steps =       21474
 slow changes           0  power changes           0
 Current convergence R-1 =   7.1228589E-03  chain steps =       21540
 slow changes           0  power changes           0
 metropolis rat:  0.2756544      in        21585 , best:    10.47293    
 local acceptance ratio:  0.2538071    
 Current convergence R-1 =   7.1398532E-03  chain steps =       21625
 slow changes           0  power changes           0
 Current convergence R-1 =   7.1900049E-03  chain steps =       21739
 slow changes           0  power changes           0
 metropolis rat:  0.2749897      in        21819 , best:    10.47293    
 local acceptance ratio:  0.2136752    
 Current convergence R-1 =   7.3799393E-03  chain steps =       21836
 slow changes           0  power changes           0
 Current convergence R-1 =   7.3386151E-03  chain steps =       21936
 slow changes           0  power changes           0
 Current convergence R-1 =   7.1633826E-03  chain steps =       21958
 slow changes           0  power changes           0
 Current convergence R-1 =   7.0257927E-03  chain steps =       22032
 slow changes           0  power changes           0
 metropolis rat:  0.2744386      in        22045 , best:    10.47293    
 local acceptance ratio:  0.2212389    
 Current convergence R-1 =   7.0613176E-03  chain steps =       22074
 slow changes           0  power changes           0
 Current convergence R-1 =   6.7473580E-03  chain steps =       22149
 slow changes           0  power changes           0
 metropolis rat:  0.2746387      in        22211 , best:    10.47293    
 local acceptance ratio:  0.3012048    
 Current convergence R-1 =   6.8013803E-03  chain steps =       22212
 slow changes           0  power changes           0
 Current convergence R-1 =   6.1552403E-03  chain steps =       22300
 slow changes           0  power changes           0
 Current convergence R-1 =   6.0598180E-03  chain steps =       22375
 slow changes           0  power changes           0
 metropolis rat:  0.2745168      in        22403 , best:    10.47293    
 local acceptance ratio:  0.2604167    
 Current convergence R-1 =   5.8905147E-03  chain steps =       22423
 slow changes           0  power changes           0
 Current convergence R-1 =   5.6850342E-03  chain steps =       22477
 slow changes           0  power changes           0
 Current convergence R-1 =   5.5880030E-03  chain steps =       22567
 slow changes           0  power changes           0
 metropolis rat:  0.2742271      in        22609 , best:    10.47293    
 local acceptance ratio:  0.2427184    
 Current convergence R-1 =   5.4230867E-03  chain steps =       22614
 slow changes           0  power changes           0
 Current convergence R-1 =   5.3521087E-03  chain steps =       22716
 slow changes           0  power changes           0
 Current convergence R-1 =   5.1925885E-03  chain steps =       22765
 slow changes           0  power changes           0
 Current convergence R-1 =   5.1745526E-03  chain steps =       22827
 slow changes           0  power changes           0
 metropolis rat:  0.2737746      in        22829 , best:    10.47293    
 local acceptance ratio:  0.2272727    
 Current convergence R-1 =   5.0627147E-03  chain steps =       22884
 slow changes           0  power changes           0
 Current convergence R-1 =   5.1113986E-03  chain steps =       22958
 slow changes           0  power changes           0
 metropolis rat:  0.2738178      in        23008 , best:    10.47293    
 local acceptance ratio:  0.2793296    
 Current convergence R-1 =   5.0646449E-03  chain steps =       23065
 slow changes           0  power changes           0
 Current convergence R-1 =   4.7323937E-03  chain steps =       23131
 slow changes           0  power changes           0
 Current convergence R-1 =   4.5957826E-03  chain steps =       23215
 slow changes           0  power changes           0
 metropolis rat:  0.2733887      in        23227 , best:    10.47293    
 local acceptance ratio:  0.2283105    
 Current convergence R-1 =   4.5080753E-03  chain steps =       23282
 slow changes           0  power changes           0
 Current convergence R-1 =   4.3741204E-03  chain steps =       23338
 slow changes           0  power changes           0
 metropolis rat:  0.2734342      in        23406 , best:    10.47293    
 local acceptance ratio:  0.2793296    
 Current convergence R-1 =   4.6185646E-03  chain steps =       23419
 slow changes           0  power changes           0
 Current convergence R-1 =   4.4960859E-03  chain steps =       23469
 slow changes           0  power changes           0
 Current convergence R-1 =   4.5500537E-03  chain steps =       23528
 slow changes           0  power changes           0
 Current convergence R-1 =   4.6821167E-03  chain steps =       23594
 slow changes           0  power changes           0
 metropolis rat:  0.2730852      in        23619 , best:    10.47293    
 local acceptance ratio:  0.2347418    
 Current convergence R-1 =   4.6779974E-03  chain steps =       23648
 slow changes           0  power changes           0
 Current convergence R-1 =   4.7227126E-03  chain steps =       23722
 slow changes           0  power changes           0
 metropolis rat:  0.2733849      in        23776 , best:    10.47293    
 local acceptance ratio:  0.3184713    
 Current convergence R-1 =   4.7156117E-03  chain steps =       23776
 slow changes           0  power changes           0
 Current convergence R-1 =   4.6679121E-03  chain steps =       23833
 slow changes           0  power changes           0
 Current convergence R-1 =   4.6764114E-03  chain steps =       23881
 slow changes           0  power changes           0
 Current convergence R-1 =   4.7230297E-03  chain steps =       23934
 slow changes           0  power changes           0
 metropolis rat:  0.2733723      in        23960 , best:    10.47293    
 local acceptance ratio:  0.2717391    
 Current convergence R-1 =   5.2319281E-03  chain steps =       23965
 slow changes           0  power changes           0
 Current convergence R-1 =   5.0832042E-03  chain steps =       24039
 slow changes           0  power changes           0
 Current convergence R-1 =   5.0866217E-03  chain steps =       24132
 slow changes           0  power changes           0
 metropolis rat:  0.2734844      in        24133 , best:    10.47293    
 local acceptance ratio:  0.2890173    
 Current convergence R-1 =   4.8907502E-03  chain steps =       24182
 slow changes           0  power changes           0
 Current convergence R-1 =   4.5920531E-03  chain steps =       24288
 slow changes           0  power changes           0
 metropolis rat:  0.2735050      in        24314 , best:    10.47293    
 local acceptance ratio:  0.2762431    
 Current convergence R-1 =   4.5398041E-03  chain steps =       24357
 slow changes           0  power changes           0
 Current convergence R-1 =   4.5203385E-03  chain steps =       24442
 slow changes           0  power changes           0
 Current convergence R-1 =   4.4113612E-03  chain steps =       24480
 slow changes           0  power changes           0
 Current convergence R-1 =   4.0836916E-03  chain steps =       24524
 slow changes           0  power changes           0
 metropolis rat:  0.2728457      in        24556 , best:    10.47293    
 local acceptance ratio:  0.2066116    
 Current convergence R-1 =   3.9608902E-03  chain steps =       24575
 slow changes           0  power changes           0
 Current convergence R-1 =   3.8728821E-03  chain steps =       24633
 slow changes           0  power changes           0
 Current convergence R-1 =   3.9294302E-03  chain steps =       24694
 slow changes           0  power changes           0
 metropolis rat:  0.2728706      in        24737 , best:    10.47293    
 local acceptance ratio:  0.2762431    
 Current convergence R-1 =   3.9303596E-03  chain steps =       24744
 slow changes           0  power changes           0
 Current convergence R-1 =   3.9824434E-03  chain steps =       24798
 slow changes           0  power changes           0
 Current convergence R-1 =   3.9541228E-03  chain steps =       24890
 slow changes           0  power changes           0
 metropolis rat:  0.2729718      in        24911 , best:    10.47293    
 local acceptance ratio:  0.2873563    
 Current convergence R-1 =   3.9632753E-03  chain steps =       25022
 slow changes           0  power changes           0
 metropolis rat:  0.2731369      in        25079 , best:    10.47293    
 local acceptance ratio:  0.2976190    
 Current convergence R-1 =   3.9099613E-03  chain steps =       25083
 slow changes           0  power changes           0
 Current convergence R-1 =   3.9614174E-03  chain steps =       25212
 slow changes           0  power changes           0
 Current convergence R-1 =   3.7535541E-03  chain steps =       25251
 slow changes           0  power changes           0
 metropolis rat:  0.2725765      in        25314 , best:    10.47293    
 local acceptance ratio:  0.2127660    
 Current convergence R-1 =   3.8072399E-03  chain steps =       25331
 slow changes           0  power changes           0
 Current convergence R-1 =   3.7503953E-03  chain steps =       25382
 slow changes           0  power changes           0
 Current convergence R-1 =   3.7214241E-03  chain steps =       25463
 slow changes           0  power changes           0
 metropolis rat:  0.2724315      in        25511 , best:    10.47293    
 local acceptance ratio:  0.2538071    
 Current convergence R-1 =   3.6241610E-03  chain steps =       25534
 slow changes           0  power changes           0
 Current convergence R-1 =   3.5454857E-03  chain steps =       25614
 slow changes           0  power changes           0
 metropolis rat:  0.2727343      in        25666 , best:    10.47293    
 local acceptance ratio:  0.3225806    
 Current convergence R-1 =   3.5090479E-03  chain steps =       25685
 slow changes           0  power changes           0
 Current convergence R-1 =   3.7090234E-03  chain steps =       25726
 slow changes           0  power changes           0
 Current convergence R-1 =   3.8875705E-03  chain steps =       25793
 slow changes           0  power changes           0
 metropolis rat:  0.2731182      in        25813 , best:    10.47293    
 local acceptance ratio:  0.3401361    
 Current convergence R-1 =   3.9460273E-03  chain steps =       25828
 slow changes           0  power changes           0
 Current convergence R-1 =   3.6656125E-03  chain steps =       25924
 slow changes           0  power changes           0
 Current convergence R-1 =   3.6463477E-03  chain steps =       25971
 slow changes           0  power changes           0
 metropolis rat:  0.2732135      in        25987 , best:    10.47293    
 local acceptance ratio:  0.2873563    
 Current convergence R-1 =   3.6446184E-03  chain steps =       26012
 slow changes           0  power changes           0
 Current convergence R-1 =   3.6861219E-03  chain steps =       26085
 slow changes           0  power changes           0
 Current convergence R-1 =   3.6927792E-03  chain steps =       26156
 slow changes           0  power changes           0
 metropolis rat:  0.2731927      in        26172 , best:    10.47293    
 local acceptance ratio:  0.2702703    
 Current convergence R-1 =   3.7466865E-03  chain steps =       26204
 slow changes           0  power changes           0
 Current convergence R-1 =   3.6974102E-03  chain steps =       26250
 slow changes           0  power changes           0
 Current convergence R-1 =   3.6006155E-03  chain steps =       26286
 slow changes           0  power changes           0
 Current convergence R-1 =   3.5613552E-03  chain steps =       26359
 slow changes           0  power changes           0
 metropolis rat:  0.2730997      in        26364 , best:    10.47293    
 local acceptance ratio:  0.2604167    
 Current convergence R-1 =   3.3804094E-03  chain steps =       26440
 slow changes           0  power changes           0
 Current convergence R-1 =   3.0537751E-03  chain steps =       26490
 slow changes           0  power changes           0
 metropolis rat:  0.2732755      in        26530 , best:    10.47293    
 local acceptance ratio:  0.3012048    
 Current convergence R-1 =   2.3913048E-03  chain steps =       26569
 slow changes           0  power changes           0
 Current convergence R-1 =   2.0343596E-03  chain steps =       26623
 slow changes           0  power changes           0
 metropolis rat:  0.2732547      in        26715 , best:    10.47293    
 local acceptance ratio:  0.2702703    
 Current convergence R-1 =   1.6234729E-03  chain steps =       26721
 slow changes           0  power changes           0
 Current convergence R-1 =   1.3553168E-03  chain steps =       26781
 slow changes           0  power changes           0
