Executing parse_cosmomc.py
[    INFO |     parse_cosmomc.py:123]   Creating chain consumer object
[    INFO |     parse_cosmomc.py: 93]   Loading in data from original CosmoMC files
[    INFO |     parse_cosmomc.py: 46]   Looking for chains in folder /scratch/midway2/rkessler/PIPPIN_OUTPUT/MC_SEP_FIELDS/8_COSMOMC/SN_OMW_ALL_ALL_FIELDS/chains
[    INFO |     parse_cosmomc.py: 50]   8 chains found for basename /scratch/midway2/rkessler/PIPPIN_OUTPUT/MC_SEP_FIELDS/8_COSMOMC/SN_OMW_ALL_ALL_FIELDS/chains/sn_prior_omw_0
[    INFO |     parse_cosmomc.py: 64]   Blinding column w
[    INFO |     parse_cosmomc.py: 64]   Blinding column om
[ WARNING |     parse_cosmomc.py: 71]   Cannot find blinding column om in list of names ['omegam', 'w']
[    INFO |     parse_cosmomc.py: 64]   Blinding column ol
[ WARNING |     parse_cosmomc.py: 71]   Cannot find blinding column ol in list of names ['omegam', 'w']
[    INFO |     parse_cosmomc.py: 64]   Blinding column omegam
[    INFO |     parse_cosmomc.py: 64]   Blinding column omegal
[ WARNING |     parse_cosmomc.py: 71]   Cannot find blinding column omegal in list of names ['omegam', 'w']
[    INFO |     parse_cosmomc.py:113]   Chain for /scratch/midway2/rkessler/PIPPIN_OUTPUT/MC_SEP_FIELDS/8_COSMOMC/SN_OMW_ALL_ALL_FIELDS/chains/sn_prior_omw_0 has shape (64996, 2)
[    INFO |     parse_cosmomc.py:114]   Labels for /scratch/midway2/rkessler/PIPPIN_OUTPUT/MC_SEP_FIELDS/8_COSMOMC/SN_OMW_ALL_ALL_FIELDS/chains/sn_prior_omw_0 are ['$\\Omega_m\\ \\mathrm{Blinded}$', '$w\\ \\mathrm{Blinded}$']
[    INFO |     parse_cosmomc.py: 93]   Loading in data from original CosmoMC files
[    INFO |     parse_cosmomc.py: 46]   Looking for chains in folder /scratch/midway2/rkessler/PIPPIN_OUTPUT/MC_SEP_FIELDS/8_COSMOMC/SN_OMW_ALL_X_FIELDS/chains
[    INFO |     parse_cosmomc.py: 50]   8 chains found for basename /scratch/midway2/rkessler/PIPPIN_OUTPUT/MC_SEP_FIELDS/8_COSMOMC/SN_OMW_ALL_X_FIELDS/chains/sn_prior_omw_0
[    INFO |     parse_cosmomc.py: 64]   Blinding column w
[    INFO |     parse_cosmomc.py: 64]   Blinding column om
[ WARNING |     parse_cosmomc.py: 71]   Cannot find blinding column om in list of names ['omegam', 'w']
[    INFO |     parse_cosmomc.py: 64]   Blinding column ol
[ WARNING |     parse_cosmomc.py: 71]   Cannot find blinding column ol in list of names ['omegam', 'w']
[    INFO |     parse_cosmomc.py: 64]   Blinding column omegam
[    INFO |     parse_cosmomc.py: 64]   Blinding column omegal
[ WARNING |     parse_cosmomc.py: 71]   Cannot find blinding column omegal in list of names ['omegam', 'w']
[    INFO |     parse_cosmomc.py:113]   Chain for /scratch/midway2/rkessler/PIPPIN_OUTPUT/MC_SEP_FIELDS/8_COSMOMC/SN_OMW_ALL_X_FIELDS/chains/sn_prior_omw_0 has shape (85256, 2)
[    INFO |     parse_cosmomc.py:114]   Labels for /scratch/midway2/rkessler/PIPPIN_OUTPUT/MC_SEP_FIELDS/8_COSMOMC/SN_OMW_ALL_X_FIELDS/chains/sn_prior_omw_0 are ['$\\Omega_m\\ \\mathrm{Blinded}$', '$w\\ \\mathrm{Blinded}$']
[    INFO |     parse_cosmomc.py: 93]   Loading in data from original CosmoMC files
[    INFO |     parse_cosmomc.py: 46]   Looking for chains in folder /scratch/midway2/rkessler/PIPPIN_OUTPUT/MC_SEP_FIELDS/8_COSMOMC/SN_OMW_ALL_S_FIELDS/chains
[    INFO |     parse_cosmomc.py: 50]   8 chains found for basename /scratch/midway2/rkessler/PIPPIN_OUTPUT/MC_SEP_FIELDS/8_COSMOMC/SN_OMW_ALL_S_FIELDS/chains/sn_prior_omw_0
[    INFO |     parse_cosmomc.py: 64]   Blinding column w
[    INFO |     parse_cosmomc.py: 64]   Blinding column om
[ WARNING |     parse_cosmomc.py: 71]   Cannot find blinding column om in list of names ['omegam', 'w']
[    INFO |     parse_cosmomc.py: 64]   Blinding column ol
[ WARNING |     parse_cosmomc.py: 71]   Cannot find blinding column ol in list of names ['omegam', 'w']
[    INFO |     parse_cosmomc.py: 64]   Blinding column omegam
[    INFO |     parse_cosmomc.py: 64]   Blinding column omegal
[ WARNING |     parse_cosmomc.py: 71]   Cannot find blinding column omegal in list of names ['omegam', 'w']
[    INFO |     parse_cosmomc.py:113]   Chain for /scratch/midway2/rkessler/PIPPIN_OUTPUT/MC_SEP_FIELDS/8_COSMOMC/SN_OMW_ALL_S_FIELDS/chains/sn_prior_omw_0 has shape (230497, 2)
[    INFO |     parse_cosmomc.py:114]   Labels for /scratch/midway2/rkessler/PIPPIN_OUTPUT/MC_SEP_FIELDS/8_COSMOMC/SN_OMW_ALL_S_FIELDS/chains/sn_prior_omw_0 are ['$\\Omega_m\\ \\mathrm{Blinded}$', '$w\\ \\mathrm{Blinded}$']
[    INFO |     parse_cosmomc.py: 93]   Loading in data from original CosmoMC files
[    INFO |     parse_cosmomc.py: 46]   Looking for chains in folder /scratch/midway2/rkessler/PIPPIN_OUTPUT/MC_SEP_FIELDS/8_COSMOMC/SN_OMW_ALL_E_FIELDS/chains
[    INFO |     parse_cosmomc.py: 50]   8 chains found for basename /scratch/midway2/rkessler/PIPPIN_OUTPUT/MC_SEP_FIELDS/8_COSMOMC/SN_OMW_ALL_E_FIELDS/chains/sn_prior_omw_0
[    INFO |     parse_cosmomc.py: 64]   Blinding column w
[    INFO |     parse_cosmomc.py: 64]   Blinding column om
[ WARNING |     parse_cosmomc.py: 71]   Cannot find blinding column om in list of names ['omegam', 'w']
[    INFO |     parse_cosmomc.py: 64]   Blinding column ol
[ WARNING |     parse_cosmomc.py: 71]   Cannot find blinding column ol in list of names ['omegam', 'w']
[    INFO |     parse_cosmomc.py: 64]   Blinding column omegam
[    INFO |     parse_cosmomc.py: 64]   Blinding column omegal
[ WARNING |     parse_cosmomc.py: 71]   Cannot find blinding column omegal in list of names ['omegam', 'w']
[    INFO |     parse_cosmomc.py:113]   Chain for /scratch/midway2/rkessler/PIPPIN_OUTPUT/MC_SEP_FIELDS/8_COSMOMC/SN_OMW_ALL_E_FIELDS/chains/sn_prior_omw_0 has shape (95837, 2)
[    INFO |     parse_cosmomc.py:114]   Labels for /scratch/midway2/rkessler/PIPPIN_OUTPUT/MC_SEP_FIELDS/8_COSMOMC/SN_OMW_ALL_E_FIELDS/chains/sn_prior_omw_0 are ['$\\Omega_m\\ \\mathrm{Blinded}$', '$w\\ \\mathrm{Blinded}$']
[    INFO |     parse_cosmomc.py: 93]   Loading in data from original CosmoMC files
[    INFO |     parse_cosmomc.py: 46]   Looking for chains in folder /scratch/midway2/rkessler/PIPPIN_OUTPUT/MC_SEP_FIELDS/8_COSMOMC/SN_OMW_ALL_C_FIELDS/chains
[    INFO |     parse_cosmomc.py: 50]   8 chains found for basename /scratch/midway2/rkessler/PIPPIN_OUTPUT/MC_SEP_FIELDS/8_COSMOMC/SN_OMW_ALL_C_FIELDS/chains/sn_prior_omw_0
[    INFO |     parse_cosmomc.py: 64]   Blinding column w
[    INFO |     parse_cosmomc.py: 64]   Blinding column om
[ WARNING |     parse_cosmomc.py: 71]   Cannot find blinding column om in list of names ['omegam', 'w']
[    INFO |     parse_cosmomc.py: 64]   Blinding column ol
[ WARNING |     parse_cosmomc.py: 71]   Cannot find blinding column ol in list of names ['omegam', 'w']
[    INFO |     parse_cosmomc.py: 64]   Blinding column omegam
[    INFO |     parse_cosmomc.py: 64]   Blinding column omegal
[ WARNING |     parse_cosmomc.py: 71]   Cannot find blinding column omegal in list of names ['omegam', 'w']
[    INFO |     parse_cosmomc.py:113]   Chain for /scratch/midway2/rkessler/PIPPIN_OUTPUT/MC_SEP_FIELDS/8_COSMOMC/SN_OMW_ALL_C_FIELDS/chains/sn_prior_omw_0 has shape (85338, 2)
[    INFO |     parse_cosmomc.py:114]   Labels for /scratch/midway2/rkessler/PIPPIN_OUTPUT/MC_SEP_FIELDS/8_COSMOMC/SN_OMW_ALL_C_FIELDS/chains/sn_prior_omw_0 are ['$\\Omega_m\\ \\mathrm{Blinded}$', '$w\\ \\mathrm{Blinded}$']
[    INFO |     parse_cosmomc.py:147]   Finishing gracefully
Executing plot_cosmomc.py
[    INFO |      plot_cosmomc.py: 55]   Creating chain consumer object
[ WARNING |      plot_cosmomc.py: 43]   Loading in pre-saved CSV file from (SN + PRIOR) ALL_ALL_FIELDS_ALL.csv.gz
[   DEBUG |     chainconsumer.py:248]   Adding chain with defined parameters
[ WARNING |      plot_cosmomc.py: 43]   Loading in pre-saved CSV file from (SN + PRIOR) ALL_X_FIELDS_ALL.csv.gz
[   DEBUG |     chainconsumer.py:248]   Adding chain with defined parameters
[ WARNING |      plot_cosmomc.py: 43]   Loading in pre-saved CSV file from (SN + PRIOR) ALL_S_FIELDS_ALL.csv.gz
[   DEBUG |     chainconsumer.py:248]   Adding chain with defined parameters
[ WARNING |      plot_cosmomc.py: 43]   Loading in pre-saved CSV file from (SN + PRIOR) ALL_E_FIELDS_ALL.csv.gz
[   DEBUG |     chainconsumer.py:248]   Adding chain with defined parameters
[ WARNING |      plot_cosmomc.py: 43]   Loading in pre-saved CSV file from (SN + PRIOR) ALL_C_FIELDS_ALL.csv.gz
[   DEBUG |     chainconsumer.py:248]   Adding chain with defined parameters
[   DEBUG |           plotter.py:144]   Plotting surfaces for 5 chains
[    INFO |      plot_cosmomc.py:101]   Finishing gracefully
Executing plot_errbudget.py
[    INFO |    plot_errbudget.py: 75]   Making Error Budgets
[   ERROR |    plot_errbudget.py:105]   list index out of range
Traceback (most recent call last):
  File "plot_errbudget.py", line 78, in <module>
    base, base_index = [(b, i) for i, b in enumerate(budget_labels) if b in ["NOSYS", "STAT", "STATONLY"]][0]
IndexError: list index out of range
Traceback (most recent call last):
  File "plot_errbudget.py", line 106, in <module>
    raise e
  File "plot_errbudget.py", line 78, in <module>
    base, base_index = [(b, i) for i, b in enumerate(budget_labels) if b in ["NOSYS", "STAT", "STATONLY"]][0]
IndexError: list index out of range
Executing parse_biascor.py
[    INFO |    make_summary_file: 52]   Creating summary file
[   DEBUG |    make_summary_file: 60]   Read /scratch/midway2/rkessler/PIPPIN_OUTPUT/MC_SEP_FIELDS/6_BIASCOR/ALL_FIELDS/output/w_summary.csv, contents are:            VERSION       w  wsig_marg  ...     OMran    label        name
0  SALT2mu_FITJOBS -1.6587     0.0576  ...  793343.0  DEFAULT  ALL_FIELDS

[1 rows x 12 columns]
[   DEBUG |    make_summary_file: 60]   Read /scratch/midway2/rkessler/PIPPIN_OUTPUT/MC_SEP_FIELDS/6_BIASCOR/X_FIELDS/output/w_summary.csv, contents are:            VERSION       w  wsig_marg  ...     OMran    label      name
0  SALT2mu_FITJOBS -1.6202     0.1065  ...  793343.0  DEFAULT  X_FIELDS

[1 rows x 12 columns]
[   DEBUG |    make_summary_file: 60]   Read /scratch/midway2/rkessler/PIPPIN_OUTPUT/MC_SEP_FIELDS/6_BIASCOR/S_FIELDS/output/w_summary.csv, contents are:            VERSION       w  wsig_marg  ...     OMran    label      name
0  SALT2mu_FITJOBS -1.7307     0.1709  ...  793343.0  DEFAULT  S_FIELDS

[1 rows x 12 columns]
[   DEBUG |    make_summary_file: 60]   Read /scratch/midway2/rkessler/PIPPIN_OUTPUT/MC_SEP_FIELDS/6_BIASCOR/E_FIELDS/output/w_summary.csv, contents are:            VERSION       w  wsig_marg  ...     OMran    label      name
0  SALT2mu_FITJOBS -2.0332      0.205  ...  793343.0  DEFAULT  E_FIELDS

[1 rows x 12 columns]
[   DEBUG |    make_summary_file: 60]   Read /scratch/midway2/rkessler/PIPPIN_OUTPUT/MC_SEP_FIELDS/6_BIASCOR/C_FIELDS/output/w_summary.csv, contents are:            VERSION       w  wsig_marg  ...     OMran    label      name
0  SALT2mu_FITJOBS -1.6207     0.0941  ...  793343.0  DEFAULT  C_FIELDS

[1 rows x 12 columns]
[    INFO |             blind_df: 41]   Blinding columns w in dataframe
[   DEBUG |   parse_fitres_files: 71]   FITRES_INPUT is ['/scratch/midway2/rkessler/PIPPIN_OUTPUT/MC_SEP_FIELDS/6_BIASCOR/ALL_FIELDS/output/SALT2mu_FITJOBS/SALT2mu_FITOPT000_MUOPT000.FITRES', '/scratch/midway2/rkessler/PIPPIN_OUTPUT/MC_SEP_FIELDS/6_BIASCOR/X_FIELDS/output/SALT2mu_FITJOBS/SALT2mu_FITOPT000_MUOPT000.FITRES', '/scratch/midway2/rkessler/PIPPIN_OUTPUT/MC_SEP_FIELDS/6_BIASCOR/S_FIELDS/output/SALT2mu_FITJOBS/SALT2mu_FITOPT000_MUOPT000.FITRES', '/scratch/midway2/rkessler/PIPPIN_OUTPUT/MC_SEP_FIELDS/6_BIASCOR/E_FIELDS/output/SALT2mu_FITJOBS/SALT2mu_FITOPT000_MUOPT000.FITRES', '/scratch/midway2/rkessler/PIPPIN_OUTPUT/MC_SEP_FIELDS/6_BIASCOR/C_FIELDS/output/SALT2mu_FITJOBS/SALT2mu_FITOPT000_MUOPT000.FITRES']
[   DEBUG |   parse_fitres_files: 72]   FITRES_PARSED is ['ALL_FIELDS_1_FITOPT0_MUOPT0.fitres', 'X_FIELDS_1_FITOPT0_MUOPT0.fitres', 'S_FIELDS_1_FITOPT0_MUOPT0.fitres', 'E_FIELDS_1_FITOPT0_MUOPT0.fitres', 'C_FIELDS_1_FITOPT0_MUOPT0.fitres']
[    INFO |   parse_fitres_files: 75]   Parsing fitres file /scratch/midway2/rkessler/PIPPIN_OUTPUT/MC_SEP_FIELDS/6_BIASCOR/ALL_FIELDS/output/SALT2mu_FITJOBS/SALT2mu_FITOPT000_MUOPT000.FITRES into ALL_FIELDS_1_FITOPT0_MUOPT0.fitres
[    INFO |   parse_fitres_files: 75]   Parsing fitres file /scratch/midway2/rkessler/PIPPIN_OUTPUT/MC_SEP_FIELDS/6_BIASCOR/X_FIELDS/output/SALT2mu_FITJOBS/SALT2mu_FITOPT000_MUOPT000.FITRES into X_FIELDS_1_FITOPT0_MUOPT0.fitres
[    INFO |   parse_fitres_files: 75]   Parsing fitres file /scratch/midway2/rkessler/PIPPIN_OUTPUT/MC_SEP_FIELDS/6_BIASCOR/S_FIELDS/output/SALT2mu_FITJOBS/SALT2mu_FITOPT000_MUOPT000.FITRES into S_FIELDS_1_FITOPT0_MUOPT0.fitres
[    INFO |   parse_fitres_files: 75]   Parsing fitres file /scratch/midway2/rkessler/PIPPIN_OUTPUT/MC_SEP_FIELDS/6_BIASCOR/E_FIELDS/output/SALT2mu_FITJOBS/SALT2mu_FITOPT000_MUOPT000.FITRES into E_FIELDS_1_FITOPT0_MUOPT0.fitres
[    INFO |   parse_fitres_files: 75]   Parsing fitres file /scratch/midway2/rkessler/PIPPIN_OUTPUT/MC_SEP_FIELDS/6_BIASCOR/C_FIELDS/output/SALT2mu_FITJOBS/SALT2mu_FITOPT000_MUOPT000.FITRES into C_FIELDS_1_FITOPT0_MUOPT0.fitres
[   DEBUG |        parse_m0diffs: 88]   Parsing m0diff /scratch/midway2/rkessler/PIPPIN_OUTPUT/MC_SEP_FIELDS/6_BIASCOR/ALL_FIELDS/output/SALT2mu_FITJOBS/SALT2mu_FITOPT000_MUOPT000.M0DIF
[   DEBUG |        parse_m0diffs: 88]   Parsing m0diff /scratch/midway2/rkessler/PIPPIN_OUTPUT/MC_SEP_FIELDS/6_BIASCOR/ALL_FIELDS/output/SALT2mu_FITJOBS/SALT2mu_FITOPT000_MUOPT001.M0DIF
[   DEBUG |        parse_m0diffs: 88]   Parsing m0diff /scratch/midway2/rkessler/PIPPIN_OUTPUT/MC_SEP_FIELDS/6_BIASCOR/ALL_FIELDS/output/SALT2mu_FITJOBS/SALT2mu_FITOPT000_MUOPT002.M0DIF
[   DEBUG |        parse_m0diffs: 88]   Parsing m0diff /scratch/midway2/rkessler/PIPPIN_OUTPUT/MC_SEP_FIELDS/6_BIASCOR/ALL_FIELDS/output/SALT2mu_FITJOBS/SALT2mu_FITOPT001_MUOPT000.M0DIF
[   DEBUG |        parse_m0diffs: 88]   Parsing m0diff /scratch/midway2/rkessler/PIPPIN_OUTPUT/MC_SEP_FIELDS/6_BIASCOR/ALL_FIELDS/output/SALT2mu_FITJOBS/SALT2mu_FITOPT002_MUOPT000.M0DIF
[   DEBUG |        parse_m0diffs: 88]   Parsing m0diff /scratch/midway2/rkessler/PIPPIN_OUTPUT/MC_SEP_FIELDS/6_BIASCOR/ALL_FIELDS/output/SALT2mu_FITJOBS/SALT2mu_FITOPT003_MUOPT000.M0DIF
[   DEBUG |        parse_m0diffs: 88]   Parsing m0diff /scratch/midway2/rkessler/PIPPIN_OUTPUT/MC_SEP_FIELDS/6_BIASCOR/ALL_FIELDS/output/SALT2mu_FITJOBS/SALT2mu_FITOPT004_MUOPT000.M0DIF
[   DEBUG |        parse_m0diffs: 88]   Parsing m0diff /scratch/midway2/rkessler/PIPPIN_OUTPUT/MC_SEP_FIELDS/6_BIASCOR/ALL_FIELDS/output/SALT2mu_FITJOBS/SALT2mu_FITOPT005_MUOPT000.M0DIF
[   DEBUG |        parse_m0diffs: 88]   Parsing m0diff /scratch/midway2/rkessler/PIPPIN_OUTPUT/MC_SEP_FIELDS/6_BIASCOR/ALL_FIELDS/output/SALT2mu_FITJOBS/SALT2mu_FITOPT006_MUOPT000.M0DIF
[   DEBUG |        parse_m0diffs: 88]   Parsing m0diff /scratch/midway2/rkessler/PIPPIN_OUTPUT/MC_SEP_FIELDS/6_BIASCOR/ALL_FIELDS/output/SALT2mu_FITJOBS/SALT2mu_FITOPT007_MUOPT000.M0DIF
[   DEBUG |        parse_m0diffs: 88]   Parsing m0diff /scratch/midway2/rkessler/PIPPIN_OUTPUT/MC_SEP_FIELDS/6_BIASCOR/ALL_FIELDS/output/SALT2mu_FITJOBS/SALT2mu_FITOPT008_MUOPT000.M0DIF
[   DEBUG |        parse_m0diffs: 88]   Parsing m0diff /scratch/midway2/rkessler/PIPPIN_OUTPUT/MC_SEP_FIELDS/6_BIASCOR/ALL_FIELDS/output/SALT2mu_FITJOBS/SALT2mu_FITOPT009_MUOPT000.M0DIF
[   DEBUG |        parse_m0diffs: 88]   Parsing m0diff /scratch/midway2/rkessler/PIPPIN_OUTPUT/MC_SEP_FIELDS/6_BIASCOR/ALL_FIELDS/output/SALT2mu_FITJOBS/SALT2mu_FITOPT010_MUOPT000.M0DIF
[   DEBUG |        parse_m0diffs: 88]   Parsing m0diff /scratch/midway2/rkessler/PIPPIN_OUTPUT/MC_SEP_FIELDS/6_BIASCOR/ALL_FIELDS/output/SALT2mu_FITJOBS/SALT2mu_FITOPT011_MUOPT000.M0DIF
[   DEBUG |        parse_m0diffs: 88]   Parsing m0diff /scratch/midway2/rkessler/PIPPIN_OUTPUT/MC_SEP_FIELDS/6_BIASCOR/ALL_FIELDS/output/SALT2mu_FITJOBS/SALT2mu_FITOPT012_MUOPT000.M0DIF
[   DEBUG |        parse_m0diffs: 88]   Parsing m0diff /scratch/midway2/rkessler/PIPPIN_OUTPUT/MC_SEP_FIELDS/6_BIASCOR/ALL_FIELDS/output/SALT2mu_FITJOBS/SALT2mu_FITOPT013_MUOPT000.M0DIF
[   DEBUG |        parse_m0diffs: 88]   Parsing m0diff /scratch/midway2/rkessler/PIPPIN_OUTPUT/MC_SEP_FIELDS/6_BIASCOR/ALL_FIELDS/output/SALT2mu_FITJOBS/SALT2mu_FITOPT014_MUOPT000.M0DIF
[   DEBUG |        parse_m0diffs: 88]   Parsing m0diff /scratch/midway2/rkessler/PIPPIN_OUTPUT/MC_SEP_FIELDS/6_BIASCOR/ALL_FIELDS/output/SALT2mu_FITJOBS/SALT2mu_FITOPT015_MUOPT000.M0DIF
[   DEBUG |        parse_m0diffs: 88]   Parsing m0diff /scratch/midway2/rkessler/PIPPIN_OUTPUT/MC_SEP_FIELDS/6_BIASCOR/ALL_FIELDS/output/SALT2mu_FITJOBS/SALT2mu_FITOPT016_MUOPT000.M0DIF
[   DEBUG |        parse_m0diffs: 88]   Parsing m0diff /scratch/midway2/rkessler/PIPPIN_OUTPUT/MC_SEP_FIELDS/6_BIASCOR/ALL_FIELDS/output/SALT2mu_FITJOBS/SALT2mu_FITOPT017_MUOPT000.M0DIF
[   DEBUG |        parse_m0diffs: 88]   Parsing m0diff /scratch/midway2/rkessler/PIPPIN_OUTPUT/MC_SEP_FIELDS/6_BIASCOR/ALL_FIELDS/output/SALT2mu_FITJOBS/SALT2mu_FITOPT018_MUOPT000.M0DIF
[   DEBUG |        parse_m0diffs: 88]   Parsing m0diff /scratch/midway2/rkessler/PIPPIN_OUTPUT/MC_SEP_FIELDS/6_BIASCOR/ALL_FIELDS/output/SALT2mu_FITJOBS/SALT2mu_FITOPT019_MUOPT000.M0DIF
[   DEBUG |        parse_m0diffs: 88]   Parsing m0diff /scratch/midway2/rkessler/PIPPIN_OUTPUT/MC_SEP_FIELDS/6_BIASCOR/ALL_FIELDS/output/SALT2mu_FITJOBS/SALT2mu_FITOPT020_MUOPT000.M0DIF
[   DEBUG |        parse_m0diffs: 88]   Parsing m0diff /scratch/midway2/rkessler/PIPPIN_OUTPUT/MC_SEP_FIELDS/6_BIASCOR/ALL_FIELDS/output/SALT2mu_FITJOBS/SALT2mu_FITOPT021_MUOPT000.M0DIF
[   DEBUG |        parse_m0diffs: 88]   Parsing m0diff /scratch/midway2/rkessler/PIPPIN_OUTPUT/MC_SEP_FIELDS/6_BIASCOR/ALL_FIELDS/output/SALT2mu_FITJOBS/SALT2mu_FITOPT022_MUOPT000.M0DIF
[   DEBUG |        parse_m0diffs: 88]   Parsing m0diff /scratch/midway2/rkessler/PIPPIN_OUTPUT/MC_SEP_FIELDS/6_BIASCOR/ALL_FIELDS/output/SALT2mu_FITJOBS/SALT2mu_FITOPT023_MUOPT000.M0DIF
[   DEBUG |        parse_m0diffs: 88]   Parsing m0diff /scratch/midway2/rkessler/PIPPIN_OUTPUT/MC_SEP_FIELDS/6_BIASCOR/ALL_FIELDS/output/SALT2mu_FITJOBS/SALT2mu_FITOPT024_MUOPT000.M0DIF
[   DEBUG |        parse_m0diffs: 88]   Parsing m0diff /scratch/midway2/rkessler/PIPPIN_OUTPUT/MC_SEP_FIELDS/6_BIASCOR/ALL_FIELDS/output/SALT2mu_FITJOBS/SALT2mu_FITOPT025_MUOPT000.M0DIF
[   DEBUG |        parse_m0diffs: 88]   Parsing m0diff /scratch/midway2/rkessler/PIPPIN_OUTPUT/MC_SEP_FIELDS/6_BIASCOR/ALL_FIELDS/output/SALT2mu_FITJOBS/SALT2mu_FITOPT026_MUOPT000.M0DIF
[   DEBUG |        parse_m0diffs: 88]   Parsing m0diff /scratch/midway2/rkessler/PIPPIN_OUTPUT/MC_SEP_FIELDS/6_BIASCOR/ALL_FIELDS/output/SALT2mu_FITJOBS/SALT2mu_FITOPT027_MUOPT000.M0DIF
[   DEBUG |        parse_m0diffs: 88]   Parsing m0diff /scratch/midway2/rkessler/PIPPIN_OUTPUT/MC_SEP_FIELDS/6_BIASCOR/ALL_FIELDS/output/SALT2mu_FITJOBS/SALT2mu_FITOPT028_MUOPT000.M0DIF
[   DEBUG |        parse_m0diffs: 88]   Parsing m0diff /scratch/midway2/rkessler/PIPPIN_OUTPUT/MC_SEP_FIELDS/6_BIASCOR/ALL_FIELDS/output/SALT2mu_FITJOBS/SALT2mu_FITOPT029_MUOPT000.M0DIF
[   DEBUG |        parse_m0diffs: 88]   Parsing m0diff /scratch/midway2/rkessler/PIPPIN_OUTPUT/MC_SEP_FIELDS/6_BIASCOR/ALL_FIELDS/output/SALT2mu_FITJOBS/SALT2mu_FITOPT030_MUOPT000.M0DIF
[   DEBUG |        parse_m0diffs: 88]   Parsing m0diff /scratch/midway2/rkessler/PIPPIN_OUTPUT/MC_SEP_FIELDS/6_BIASCOR/ALL_FIELDS/output/SALT2mu_FITJOBS/SALT2mu_FITOPT031_MUOPT000.M0DIF
[   DEBUG |        parse_m0diffs: 88]   Parsing m0diff /scratch/midway2/rkessler/PIPPIN_OUTPUT/MC_SEP_FIELDS/6_BIASCOR/ALL_FIELDS/output/SALT2mu_FITJOBS/SALT2mu_FITOPT032_MUOPT000.M0DIF
[   DEBUG |        parse_m0diffs: 88]   Parsing m0diff /scratch/midway2/rkessler/PIPPIN_OUTPUT/MC_SEP_FIELDS/6_BIASCOR/ALL_FIELDS/output/SALT2mu_FITJOBS/SALT2mu_FITOPT033_MUOPT000.M0DIF
[   DEBUG |        parse_m0diffs: 88]   Parsing m0diff /scratch/midway2/rkessler/PIPPIN_OUTPUT/MC_SEP_FIELDS/6_BIASCOR/ALL_FIELDS/output/SALT2mu_FITJOBS/SALT2mu_FITOPT034_MUOPT000.M0DIF
[   DEBUG |        parse_m0diffs: 88]   Parsing m0diff /scratch/midway2/rkessler/PIPPIN_OUTPUT/MC_SEP_FIELDS/6_BIASCOR/ALL_FIELDS/output/SALT2mu_FITJOBS/SALT2mu_FITOPT035_MUOPT000.M0DIF
[   DEBUG |        parse_m0diffs: 88]   Parsing m0diff /scratch/midway2/rkessler/PIPPIN_OUTPUT/MC_SEP_FIELDS/6_BIASCOR/ALL_FIELDS/output/SALT2mu_FITJOBS/SALT2mu_FITOPT036_MUOPT000.M0DIF
[   DEBUG |        parse_m0diffs: 88]   Parsing m0diff /scratch/midway2/rkessler/PIPPIN_OUTPUT/MC_SEP_FIELDS/6_BIASCOR/ALL_FIELDS/output/SALT2mu_FITJOBS/SALT2mu_FITOPT037_MUOPT000.M0DIF
[   DEBUG |        parse_m0diffs: 88]   Parsing m0diff /scratch/midway2/rkessler/PIPPIN_OUTPUT/MC_SEP_FIELDS/6_BIASCOR/ALL_FIELDS/output/SALT2mu_FITJOBS/SALT2mu_FITOPT038_MUOPT000.M0DIF
[   DEBUG |        parse_m0diffs: 88]   Parsing m0diff /scratch/midway2/rkessler/PIPPIN_OUTPUT/MC_SEP_FIELDS/6_BIASCOR/ALL_FIELDS/output/SALT2mu_FITJOBS/SALT2mu_FITOPT039_MUOPT000.M0DIF
[   DEBUG |        parse_m0diffs: 88]   Parsing m0diff /scratch/midway2/rkessler/PIPPIN_OUTPUT/MC_SEP_FIELDS/6_BIASCOR/ALL_FIELDS/output/SALT2mu_FITJOBS/SALT2mu_FITOPT040_MUOPT000.M0DIF
[   DEBUG |        parse_m0diffs: 88]   Parsing m0diff /scratch/midway2/rkessler/PIPPIN_OUTPUT/MC_SEP_FIELDS/6_BIASCOR/ALL_FIELDS/output/SALT2mu_FITJOBS/SALT2mu_FITOPT041_MUOPT000.M0DIF
[   DEBUG |        parse_m0diffs: 88]   Parsing m0diff /scratch/midway2/rkessler/PIPPIN_OUTPUT/MC_SEP_FIELDS/6_BIASCOR/ALL_FIELDS/output/SALT2mu_FITJOBS/SALT2mu_FITOPT042_MUOPT000.M0DIF
[   DEBUG |        parse_m0diffs: 88]   Parsing m0diff /scratch/midway2/rkessler/PIPPIN_OUTPUT/MC_SEP_FIELDS/6_BIASCOR/ALL_FIELDS/output/SALT2mu_FITJOBS/SALT2mu_FITOPT043_MUOPT000.M0DIF
[   DEBUG |        parse_m0diffs: 88]   Parsing m0diff /scratch/midway2/rkessler/PIPPIN_OUTPUT/MC_SEP_FIELDS/6_BIASCOR/ALL_FIELDS/output/SALT2mu_FITJOBS/SALT2mu_FITOPT044_MUOPT000.M0DIF
[   DEBUG |        parse_m0diffs: 88]   Parsing m0diff /scratch/midway2/rkessler/PIPPIN_OUTPUT/MC_SEP_FIELDS/6_BIASCOR/ALL_FIELDS/output/SALT2mu_FITJOBS/SALT2mu_FITOPT045_MUOPT000.M0DIF
[   DEBUG |        parse_m0diffs: 88]   Parsing m0diff /scratch/midway2/rkessler/PIPPIN_OUTPUT/MC_SEP_FIELDS/6_BIASCOR/ALL_FIELDS/output/SALT2mu_FITJOBS/SALT2mu_FITOPT046_MUOPT000.M0DIF
[   DEBUG |        parse_m0diffs: 88]   Parsing m0diff /scratch/midway2/rkessler/PIPPIN_OUTPUT/MC_SEP_FIELDS/6_BIASCOR/ALL_FIELDS/output/SALT2mu_FITJOBS/SALT2mu_FITOPT047_MUOPT000.M0DIF
[   DEBUG |        parse_m0diffs: 88]   Parsing m0diff /scratch/midway2/rkessler/PIPPIN_OUTPUT/MC_SEP_FIELDS/6_BIASCOR/ALL_FIELDS/output/SALT2mu_FITJOBS/SALT2mu_FITOPT048_MUOPT000.M0DIF
[   DEBUG |        parse_m0diffs: 88]   Parsing m0diff /scratch/midway2/rkessler/PIPPIN_OUTPUT/MC_SEP_FIELDS/6_BIASCOR/ALL_FIELDS/output/SALT2mu_FITJOBS/SALT2mu_FITOPT049_MUOPT000.M0DIF
[   DEBUG |        parse_m0diffs: 88]   Parsing m0diff /scratch/midway2/rkessler/PIPPIN_OUTPUT/MC_SEP_FIELDS/6_BIASCOR/ALL_FIELDS/output/SALT2mu_FITJOBS/SALT2mu_FITOPT050_MUOPT000.M0DIF
[   DEBUG |        parse_m0diffs: 88]   Parsing m0diff /scratch/midway2/rkessler/PIPPIN_OUTPUT/MC_SEP_FIELDS/6_BIASCOR/ALL_FIELDS/output/SALT2mu_FITJOBS/SALT2mu_FITOPT051_MUOPT000.M0DIF
[   DEBUG |        parse_m0diffs: 88]   Parsing m0diff /scratch/midway2/rkessler/PIPPIN_OUTPUT/MC_SEP_FIELDS/6_BIASCOR/ALL_FIELDS/output/SALT2mu_FITJOBS/SALT2mu_FITOPT052_MUOPT000.M0DIF
[   DEBUG |        parse_m0diffs: 88]   Parsing m0diff /scratch/midway2/rkessler/PIPPIN_OUTPUT/MC_SEP_FIELDS/6_BIASCOR/ALL_FIELDS/output/SALT2mu_FITJOBS/SALT2mu_FITOPT053_MUOPT000.M0DIF
[   DEBUG |        parse_m0diffs: 88]   Parsing m0diff /scratch/midway2/rkessler/PIPPIN_OUTPUT/MC_SEP_FIELDS/6_BIASCOR/ALL_FIELDS/output/SALT2mu_FITJOBS/SALT2mu_FITOPT054_MUOPT000.M0DIF
[   DEBUG |        parse_m0diffs: 88]   Parsing m0diff /scratch/midway2/rkessler/PIPPIN_OUTPUT/MC_SEP_FIELDS/6_BIASCOR/ALL_FIELDS/output/SALT2mu_FITJOBS/SALT2mu_FITOPT055_MUOPT000.M0DIF
[   DEBUG |        parse_m0diffs: 88]   Parsing m0diff /scratch/midway2/rkessler/PIPPIN_OUTPUT/MC_SEP_FIELDS/6_BIASCOR/ALL_FIELDS/output/SALT2mu_FITJOBS/SALT2mu_FITOPT056_MUOPT000.M0DIF
[   DEBUG |        parse_m0diffs: 88]   Parsing m0diff /scratch/midway2/rkessler/PIPPIN_OUTPUT/MC_SEP_FIELDS/6_BIASCOR/ALL_FIELDS/output/SALT2mu_FITJOBS/SALT2mu_FITOPT057_MUOPT000.M0DIF
[   DEBUG |        parse_m0diffs: 88]   Parsing m0diff /scratch/midway2/rkessler/PIPPIN_OUTPUT/MC_SEP_FIELDS/6_BIASCOR/ALL_FIELDS/output/SALT2mu_FITJOBS/SALT2mu_FITOPT058_MUOPT000.M0DIF
[   DEBUG |        parse_m0diffs: 88]   Parsing m0diff /scratch/midway2/rkessler/PIPPIN_OUTPUT/MC_SEP_FIELDS/6_BIASCOR/ALL_FIELDS/output/SALT2mu_FITJOBS/SALT2mu_FITOPT059_MUOPT000.M0DIF
[   DEBUG |        parse_m0diffs: 88]   Parsing m0diff /scratch/midway2/rkessler/PIPPIN_OUTPUT/MC_SEP_FIELDS/6_BIASCOR/ALL_FIELDS/output/SALT2mu_FITJOBS/SALT2mu_FITOPT060_MUOPT000.M0DIF
[   DEBUG |        parse_m0diffs: 88]   Parsing m0diff /scratch/midway2/rkessler/PIPPIN_OUTPUT/MC_SEP_FIELDS/6_BIASCOR/ALL_FIELDS/output/SALT2mu_FITJOBS/SALT2mu_FITOPT061_MUOPT000.M0DIF
[   DEBUG |        parse_m0diffs: 88]   Parsing m0diff /scratch/midway2/rkessler/PIPPIN_OUTPUT/MC_SEP_FIELDS/6_BIASCOR/ALL_FIELDS/output/SALT2mu_FITJOBS/SALT2mu_FITOPT062_MUOPT000.M0DIF
[   DEBUG |        parse_m0diffs: 88]   Parsing m0diff /scratch/midway2/rkessler/PIPPIN_OUTPUT/MC_SEP_FIELDS/6_BIASCOR/ALL_FIELDS/output/SALT2mu_FITJOBS/SALT2mu_FITOPT063_MUOPT000.M0DIF
[   DEBUG |        parse_m0diffs: 88]   Parsing m0diff /scratch/midway2/rkessler/PIPPIN_OUTPUT/MC_SEP_FIELDS/6_BIASCOR/ALL_FIELDS/output/SALT2mu_FITJOBS/SALT2mu_FITOPT064_MUOPT000.M0DIF
[   DEBUG |        parse_m0diffs: 88]   Parsing m0diff /scratch/midway2/rkessler/PIPPIN_OUTPUT/MC_SEP_FIELDS/6_BIASCOR/X_FIELDS/output/SALT2mu_FITJOBS/SALT2mu_FITOPT000_MUOPT000.M0DIF
[   DEBUG |        parse_m0diffs: 88]   Parsing m0diff /scratch/midway2/rkessler/PIPPIN_OUTPUT/MC_SEP_FIELDS/6_BIASCOR/X_FIELDS/output/SALT2mu_FITJOBS/SALT2mu_FITOPT000_MUOPT001.M0DIF
[   DEBUG |        parse_m0diffs: 88]   Parsing m0diff /scratch/midway2/rkessler/PIPPIN_OUTPUT/MC_SEP_FIELDS/6_BIASCOR/X_FIELDS/output/SALT2mu_FITJOBS/SALT2mu_FITOPT000_MUOPT002.M0DIF
[   DEBUG |        parse_m0diffs: 88]   Parsing m0diff /scratch/midway2/rkessler/PIPPIN_OUTPUT/MC_SEP_FIELDS/6_BIASCOR/X_FIELDS/output/SALT2mu_FITJOBS/SALT2mu_FITOPT001_MUOPT000.M0DIF
[   DEBUG |        parse_m0diffs: 88]   Parsing m0diff /scratch/midway2/rkessler/PIPPIN_OUTPUT/MC_SEP_FIELDS/6_BIASCOR/X_FIELDS/output/SALT2mu_FITJOBS/SALT2mu_FITOPT002_MUOPT000.M0DIF
[   DEBUG |        parse_m0diffs: 88]   Parsing m0diff /scratch/midway2/rkessler/PIPPIN_OUTPUT/MC_SEP_FIELDS/6_BIASCOR/X_FIELDS/output/SALT2mu_FITJOBS/SALT2mu_FITOPT003_MUOPT000.M0DIF
[   DEBUG |        parse_m0diffs: 88]   Parsing m0diff /scratch/midway2/rkessler/PIPPIN_OUTPUT/MC_SEP_FIELDS/6_BIASCOR/X_FIELDS/output/SALT2mu_FITJOBS/SALT2mu_FITOPT004_MUOPT000.M0DIF
[   DEBUG |        parse_m0diffs: 88]   Parsing m0diff /scratch/midway2/rkessler/PIPPIN_OUTPUT/MC_SEP_FIELDS/6_BIASCOR/X_FIELDS/output/SALT2mu_FITJOBS/SALT2mu_FITOPT005_MUOPT000.M0DIF
[   DEBUG |        parse_m0diffs: 88]   Parsing m0diff /scratch/midway2/rkessler/PIPPIN_OUTPUT/MC_SEP_FIELDS/6_BIASCOR/X_FIELDS/output/SALT2mu_FITJOBS/SALT2mu_FITOPT006_MUOPT000.M0DIF
[   DEBUG |        parse_m0diffs: 88]   Parsing m0diff /scratch/midway2/rkessler/PIPPIN_OUTPUT/MC_SEP_FIELDS/6_BIASCOR/X_FIELDS/output/SALT2mu_FITJOBS/SALT2mu_FITOPT007_MUOPT000.M0DIF
[   DEBUG |        parse_m0diffs: 88]   Parsing m0diff /scratch/midway2/rkessler/PIPPIN_OUTPUT/MC_SEP_FIELDS/6_BIASCOR/X_FIELDS/output/SALT2mu_FITJOBS/SALT2mu_FITOPT008_MUOPT000.M0DIF
[   DEBUG |        parse_m0diffs: 88]   Parsing m0diff /scratch/midway2/rkessler/PIPPIN_OUTPUT/MC_SEP_FIELDS/6_BIASCOR/X_FIELDS/output/SALT2mu_FITJOBS/SALT2mu_FITOPT009_MUOPT000.M0DIF
[   DEBUG |        parse_m0diffs: 88]   Parsing m0diff /scratch/midway2/rkessler/PIPPIN_OUTPUT/MC_SEP_FIELDS/6_BIASCOR/X_FIELDS/output/SALT2mu_FITJOBS/SALT2mu_FITOPT010_MUOPT000.M0DIF
[   DEBUG |        parse_m0diffs: 88]   Parsing m0diff /scratch/midway2/rkessler/PIPPIN_OUTPUT/MC_SEP_FIELDS/6_BIASCOR/X_FIELDS/output/SALT2mu_FITJOBS/SALT2mu_FITOPT011_MUOPT000.M0DIF
[   DEBUG |        parse_m0diffs: 88]   Parsing m0diff /scratch/midway2/rkessler/PIPPIN_OUTPUT/MC_SEP_FIELDS/6_BIASCOR/X_FIELDS/output/SALT2mu_FITJOBS/SALT2mu_FITOPT012_MUOPT000.M0DIF
[   DEBUG |        parse_m0diffs: 88]   Parsing m0diff /scratch/midway2/rkessler/PIPPIN_OUTPUT/MC_SEP_FIELDS/6_BIASCOR/X_FIELDS/output/SALT2mu_FITJOBS/SALT2mu_FITOPT013_MUOPT000.M0DIF
[   DEBUG |        parse_m0diffs: 88]   Parsing m0diff /scratch/midway2/rkessler/PIPPIN_OUTPUT/MC_SEP_FIELDS/6_BIASCOR/X_FIELDS/output/SALT2mu_FITJOBS/SALT2mu_FITOPT014_MUOPT000.M0DIF
[   DEBUG |        parse_m0diffs: 88]   Parsing m0diff /scratch/midway2/rkessler/PIPPIN_OUTPUT/MC_SEP_FIELDS/6_BIASCOR/X_FIELDS/output/SALT2mu_FITJOBS/SALT2mu_FITOPT015_MUOPT000.M0DIF
[   DEBUG |        parse_m0diffs: 88]   Parsing m0diff /scratch/midway2/rkessler/PIPPIN_OUTPUT/MC_SEP_FIELDS/6_BIASCOR/X_FIELDS/output/SALT2mu_FITJOBS/SALT2mu_FITOPT016_MUOPT000.M0DIF
[   DEBUG |        parse_m0diffs: 88]   Parsing m0diff /scratch/midway2/rkessler/PIPPIN_OUTPUT/MC_SEP_FIELDS/6_BIASCOR/X_FIELDS/output/SALT2mu_FITJOBS/SALT2mu_FITOPT017_MUOPT000.M0DIF
[   DEBUG |        parse_m0diffs: 88]   Parsing m0diff /scratch/midway2/rkessler/PIPPIN_OUTPUT/MC_SEP_FIELDS/6_BIASCOR/X_FIELDS/output/SALT2mu_FITJOBS/SALT2mu_FITOPT018_MUOPT000.M0DIF
[   DEBUG |        parse_m0diffs: 88]   Parsing m0diff /scratch/midway2/rkessler/PIPPIN_OUTPUT/MC_SEP_FIELDS/6_BIASCOR/X_FIELDS/output/SALT2mu_FITJOBS/SALT2mu_FITOPT019_MUOPT000.M0DIF
[   DEBUG |        parse_m0diffs: 88]   Parsing m0diff /scratch/midway2/rkessler/PIPPIN_OUTPUT/MC_SEP_FIELDS/6_BIASCOR/X_FIELDS/output/SALT2mu_FITJOBS/SALT2mu_FITOPT020_MUOPT000.M0DIF
[   DEBUG |        parse_m0diffs: 88]   Parsing m0diff /scratch/midway2/rkessler/PIPPIN_OUTPUT/MC_SEP_FIELDS/6_BIASCOR/X_FIELDS/output/SALT2mu_FITJOBS/SALT2mu_FITOPT021_MUOPT000.M0DIF
[   DEBUG |        parse_m0diffs: 88]   Parsing m0diff /scratch/midway2/rkessler/PIPPIN_OUTPUT/MC_SEP_FIELDS/6_BIASCOR/X_FIELDS/output/SALT2mu_FITJOBS/SALT2mu_FITOPT022_MUOPT000.M0DIF
[   DEBUG |        parse_m0diffs: 88]   Parsing m0diff /scratch/midway2/rkessler/PIPPIN_OUTPUT/MC_SEP_FIELDS/6_BIASCOR/X_FIELDS/output/SALT2mu_FITJOBS/SALT2mu_FITOPT023_MUOPT000.M0DIF
[   DEBUG |        parse_m0diffs: 88]   Parsing m0diff /scratch/midway2/rkessler/PIPPIN_OUTPUT/MC_SEP_FIELDS/6_BIASCOR/X_FIELDS/output/SALT2mu_FITJOBS/SALT2mu_FITOPT024_MUOPT000.M0DIF
[   DEBUG |        parse_m0diffs: 88]   Parsing m0diff /scratch/midway2/rkessler/PIPPIN_OUTPUT/MC_SEP_FIELDS/6_BIASCOR/X_FIELDS/output/SALT2mu_FITJOBS/SALT2mu_FITOPT025_MUOPT000.M0DIF
[   DEBUG |        parse_m0diffs: 88]   Parsing m0diff /scratch/midway2/rkessler/PIPPIN_OUTPUT/MC_SEP_FIELDS/6_BIASCOR/X_FIELDS/output/SALT2mu_FITJOBS/SALT2mu_FITOPT026_MUOPT000.M0DIF
[   DEBUG |        parse_m0diffs: 88]   Parsing m0diff /scratch/midway2/rkessler/PIPPIN_OUTPUT/MC_SEP_FIELDS/6_BIASCOR/X_FIELDS/output/SALT2mu_FITJOBS/SALT2mu_FITOPT027_MUOPT000.M0DIF
[   DEBUG |        parse_m0diffs: 88]   Parsing m0diff /scratch/midway2/rkessler/PIPPIN_OUTPUT/MC_SEP_FIELDS/6_BIASCOR/X_FIELDS/output/SALT2mu_FITJOBS/SALT2mu_FITOPT028_MUOPT000.M0DIF
[   DEBUG |        parse_m0diffs: 88]   Parsing m0diff /scratch/midway2/rkessler/PIPPIN_OUTPUT/MC_SEP_FIELDS/6_BIASCOR/X_FIELDS/output/SALT2mu_FITJOBS/SALT2mu_FITOPT029_MUOPT000.M0DIF
[   DEBUG |        parse_m0diffs: 88]   Parsing m0diff /scratch/midway2/rkessler/PIPPIN_OUTPUT/MC_SEP_FIELDS/6_BIASCOR/X_FIELDS/output/SALT2mu_FITJOBS/SALT2mu_FITOPT030_MUOPT000.M0DIF
[   DEBUG |        parse_m0diffs: 88]   Parsing m0diff /scratch/midway2/rkessler/PIPPIN_OUTPUT/MC_SEP_FIELDS/6_BIASCOR/X_FIELDS/output/SALT2mu_FITJOBS/SALT2mu_FITOPT031_MUOPT000.M0DIF
[   DEBUG |        parse_m0diffs: 88]   Parsing m0diff /scratch/midway2/rkessler/PIPPIN_OUTPUT/MC_SEP_FIELDS/6_BIASCOR/X_FIELDS/output/SALT2mu_FITJOBS/SALT2mu_FITOPT032_MUOPT000.M0DIF
[   DEBUG |        parse_m0diffs: 88]   Parsing m0diff /scratch/midway2/rkessler/PIPPIN_OUTPUT/MC_SEP_FIELDS/6_BIASCOR/X_FIELDS/output/SALT2mu_FITJOBS/SALT2mu_FITOPT033_MUOPT000.M0DIF
[   DEBUG |        parse_m0diffs: 88]   Parsing m0diff /scratch/midway2/rkessler/PIPPIN_OUTPUT/MC_SEP_FIELDS/6_BIASCOR/X_FIELDS/output/SALT2mu_FITJOBS/SALT2mu_FITOPT034_MUOPT000.M0DIF
[   DEBUG |        parse_m0diffs: 88]   Parsing m0diff /scratch/midway2/rkessler/PIPPIN_OUTPUT/MC_SEP_FIELDS/6_BIASCOR/X_FIELDS/output/SALT2mu_FITJOBS/SALT2mu_FITOPT035_MUOPT000.M0DIF
[   DEBUG |        parse_m0diffs: 88]   Parsing m0diff /scratch/midway2/rkessler/PIPPIN_OUTPUT/MC_SEP_FIELDS/6_BIASCOR/X_FIELDS/output/SALT2mu_FITJOBS/SALT2mu_FITOPT036_MUOPT000.M0DIF
[   DEBUG |        parse_m0diffs: 88]   Parsing m0diff /scratch/midway2/rkessler/PIPPIN_OUTPUT/MC_SEP_FIELDS/6_BIASCOR/X_FIELDS/output/SALT2mu_FITJOBS/SALT2mu_FITOPT037_MUOPT000.M0DIF
[   DEBUG |        parse_m0diffs: 88]   Parsing m0diff /scratch/midway2/rkessler/PIPPIN_OUTPUT/MC_SEP_FIELDS/6_BIASCOR/X_FIELDS/output/SALT2mu_FITJOBS/SALT2mu_FITOPT038_MUOPT000.M0DIF
[   DEBUG |        parse_m0diffs: 88]   Parsing m0diff /scratch/midway2/rkessler/PIPPIN_OUTPUT/MC_SEP_FIELDS/6_BIASCOR/X_FIELDS/output/SALT2mu_FITJOBS/SALT2mu_FITOPT039_MUOPT000.M0DIF
[   DEBUG |        parse_m0diffs: 88]   Parsing m0diff /scratch/midway2/rkessler/PIPPIN_OUTPUT/MC_SEP_FIELDS/6_BIASCOR/X_FIELDS/output/SALT2mu_FITJOBS/SALT2mu_FITOPT040_MUOPT000.M0DIF
[   DEBUG |        parse_m0diffs: 88]   Parsing m0diff /scratch/midway2/rkessler/PIPPIN_OUTPUT/MC_SEP_FIELDS/6_BIASCOR/X_FIELDS/output/SALT2mu_FITJOBS/SALT2mu_FITOPT041_MUOPT000.M0DIF
[   DEBUG |        parse_m0diffs: 88]   Parsing m0diff /scratch/midway2/rkessler/PIPPIN_OUTPUT/MC_SEP_FIELDS/6_BIASCOR/X_FIELDS/output/SALT2mu_FITJOBS/SALT2mu_FITOPT042_MUOPT000.M0DIF
[   DEBUG |        parse_m0diffs: 88]   Parsing m0diff /scratch/midway2/rkessler/PIPPIN_OUTPUT/MC_SEP_FIELDS/6_BIASCOR/X_FIELDS/output/SALT2mu_FITJOBS/SALT2mu_FITOPT043_MUOPT000.M0DIF
[   DEBUG |        parse_m0diffs: 88]   Parsing m0diff /scratch/midway2/rkessler/PIPPIN_OUTPUT/MC_SEP_FIELDS/6_BIASCOR/X_FIELDS/output/SALT2mu_FITJOBS/SALT2mu_FITOPT044_MUOPT000.M0DIF
[   DEBUG |        parse_m0diffs: 88]   Parsing m0diff /scratch/midway2/rkessler/PIPPIN_OUTPUT/MC_SEP_FIELDS/6_BIASCOR/X_FIELDS/output/SALT2mu_FITJOBS/SALT2mu_FITOPT045_MUOPT000.M0DIF
[   DEBUG |        parse_m0diffs: 88]   Parsing m0diff /scratch/midway2/rkessler/PIPPIN_OUTPUT/MC_SEP_FIELDS/6_BIASCOR/X_FIELDS/output/SALT2mu_FITJOBS/SALT2mu_FITOPT046_MUOPT000.M0DIF
[   DEBUG |        parse_m0diffs: 88]   Parsing m0diff /scratch/midway2/rkessler/PIPPIN_OUTPUT/MC_SEP_FIELDS/6_BIASCOR/X_FIELDS/output/SALT2mu_FITJOBS/SALT2mu_FITOPT047_MUOPT000.M0DIF
[   DEBUG |        parse_m0diffs: 88]   Parsing m0diff /scratch/midway2/rkessler/PIPPIN_OUTPUT/MC_SEP_FIELDS/6_BIASCOR/X_FIELDS/output/SALT2mu_FITJOBS/SALT2mu_FITOPT048_MUOPT000.M0DIF
[   DEBUG |        parse_m0diffs: 88]   Parsing m0diff /scratch/midway2/rkessler/PIPPIN_OUTPUT/MC_SEP_FIELDS/6_BIASCOR/X_FIELDS/output/SALT2mu_FITJOBS/SALT2mu_FITOPT049_MUOPT000.M0DIF
[   DEBUG |        parse_m0diffs: 88]   Parsing m0diff /scratch/midway2/rkessler/PIPPIN_OUTPUT/MC_SEP_FIELDS/6_BIASCOR/X_FIELDS/output/SALT2mu_FITJOBS/SALT2mu_FITOPT050_MUOPT000.M0DIF
[   DEBUG |        parse_m0diffs: 88]   Parsing m0diff /scratch/midway2/rkessler/PIPPIN_OUTPUT/MC_SEP_FIELDS/6_BIASCOR/X_FIELDS/output/SALT2mu_FITJOBS/SALT2mu_FITOPT051_MUOPT000.M0DIF
[   DEBUG |        parse_m0diffs: 88]   Parsing m0diff /scratch/midway2/rkessler/PIPPIN_OUTPUT/MC_SEP_FIELDS/6_BIASCOR/X_FIELDS/output/SALT2mu_FITJOBS/SALT2mu_FITOPT052_MUOPT000.M0DIF
[   DEBUG |        parse_m0diffs: 88]   Parsing m0diff /scratch/midway2/rkessler/PIPPIN_OUTPUT/MC_SEP_FIELDS/6_BIASCOR/X_FIELDS/output/SALT2mu_FITJOBS/SALT2mu_FITOPT053_MUOPT000.M0DIF
[   DEBUG |        parse_m0diffs: 88]   Parsing m0diff /scratch/midway2/rkessler/PIPPIN_OUTPUT/MC_SEP_FIELDS/6_BIASCOR/X_FIELDS/output/SALT2mu_FITJOBS/SALT2mu_FITOPT054_MUOPT000.M0DIF
[   DEBUG |        parse_m0diffs: 88]   Parsing m0diff /scratch/midway2/rkessler/PIPPIN_OUTPUT/MC_SEP_FIELDS/6_BIASCOR/X_FIELDS/output/SALT2mu_FITJOBS/SALT2mu_FITOPT055_MUOPT000.M0DIF
[   DEBUG |        parse_m0diffs: 88]   Parsing m0diff /scratch/midway2/rkessler/PIPPIN_OUTPUT/MC_SEP_FIELDS/6_BIASCOR/X_FIELDS/output/SALT2mu_FITJOBS/SALT2mu_FITOPT056_MUOPT000.M0DIF
[   DEBUG |        parse_m0diffs: 88]   Parsing m0diff /scratch/midway2/rkessler/PIPPIN_OUTPUT/MC_SEP_FIELDS/6_BIASCOR/X_FIELDS/output/SALT2mu_FITJOBS/SALT2mu_FITOPT057_MUOPT000.M0DIF
[   DEBUG |        parse_m0diffs: 88]   Parsing m0diff /scratch/midway2/rkessler/PIPPIN_OUTPUT/MC_SEP_FIELDS/6_BIASCOR/X_FIELDS/output/SALT2mu_FITJOBS/SALT2mu_FITOPT058_MUOPT000.M0DIF
[   DEBUG |        parse_m0diffs: 88]   Parsing m0diff /scratch/midway2/rkessler/PIPPIN_OUTPUT/MC_SEP_FIELDS/6_BIASCOR/X_FIELDS/output/SALT2mu_FITJOBS/SALT2mu_FITOPT059_MUOPT000.M0DIF
[   DEBUG |        parse_m0diffs: 88]   Parsing m0diff /scratch/midway2/rkessler/PIPPIN_OUTPUT/MC_SEP_FIELDS/6_BIASCOR/X_FIELDS/output/SALT2mu_FITJOBS/SALT2mu_FITOPT060_MUOPT000.M0DIF
[   DEBUG |        parse_m0diffs: 88]   Parsing m0diff /scratch/midway2/rkessler/PIPPIN_OUTPUT/MC_SEP_FIELDS/6_BIASCOR/X_FIELDS/output/SALT2mu_FITJOBS/SALT2mu_FITOPT061_MUOPT000.M0DIF
[   DEBUG |        parse_m0diffs: 88]   Parsing m0diff /scratch/midway2/rkessler/PIPPIN_OUTPUT/MC_SEP_FIELDS/6_BIASCOR/X_FIELDS/output/SALT2mu_FITJOBS/SALT2mu_FITOPT062_MUOPT000.M0DIF
[   DEBUG |        parse_m0diffs: 88]   Parsing m0diff /scratch/midway2/rkessler/PIPPIN_OUTPUT/MC_SEP_FIELDS/6_BIASCOR/X_FIELDS/output/SALT2mu_FITJOBS/SALT2mu_FITOPT063_MUOPT000.M0DIF
[   DEBUG |        parse_m0diffs: 88]   Parsing m0diff /scratch/midway2/rkessler/PIPPIN_OUTPUT/MC_SEP_FIELDS/6_BIASCOR/X_FIELDS/output/SALT2mu_FITJOBS/SALT2mu_FITOPT064_MUOPT000.M0DIF
[   DEBUG |        parse_m0diffs: 88]   Parsing m0diff /scratch/midway2/rkessler/PIPPIN_OUTPUT/MC_SEP_FIELDS/6_BIASCOR/S_FIELDS/output/SALT2mu_FITJOBS/SALT2mu_FITOPT000_MUOPT000.M0DIF
[   DEBUG |        parse_m0diffs: 88]   Parsing m0diff /scratch/midway2/rkessler/PIPPIN_OUTPUT/MC_SEP_FIELDS/6_BIASCOR/S_FIELDS/output/SALT2mu_FITJOBS/SALT2mu_FITOPT000_MUOPT001.M0DIF
[   DEBUG |        parse_m0diffs: 88]   Parsing m0diff /scratch/midway2/rkessler/PIPPIN_OUTPUT/MC_SEP_FIELDS/6_BIASCOR/S_FIELDS/output/SALT2mu_FITJOBS/SALT2mu_FITOPT000_MUOPT002.M0DIF
[   DEBUG |        parse_m0diffs: 88]   Parsing m0diff /scratch/midway2/rkessler/PIPPIN_OUTPUT/MC_SEP_FIELDS/6_BIASCOR/S_FIELDS/output/SALT2mu_FITJOBS/SALT2mu_FITOPT001_MUOPT000.M0DIF
[   DEBUG |        parse_m0diffs: 88]   Parsing m0diff /scratch/midway2/rkessler/PIPPIN_OUTPUT/MC_SEP_FIELDS/6_BIASCOR/S_FIELDS/output/SALT2mu_FITJOBS/SALT2mu_FITOPT002_MUOPT000.M0DIF
[   DEBUG |        parse_m0diffs: 88]   Parsing m0diff /scratch/midway2/rkessler/PIPPIN_OUTPUT/MC_SEP_FIELDS/6_BIASCOR/S_FIELDS/output/SALT2mu_FITJOBS/SALT2mu_FITOPT003_MUOPT000.M0DIF
[   DEBUG |        parse_m0diffs: 88]   Parsing m0diff /scratch/midway2/rkessler/PIPPIN_OUTPUT/MC_SEP_FIELDS/6_BIASCOR/S_FIELDS/output/SALT2mu_FITJOBS/SALT2mu_FITOPT004_MUOPT000.M0DIF
[   DEBUG |        parse_m0diffs: 88]   Parsing m0diff /scratch/midway2/rkessler/PIPPIN_OUTPUT/MC_SEP_FIELDS/6_BIASCOR/S_FIELDS/output/SALT2mu_FITJOBS/SALT2mu_FITOPT005_MUOPT000.M0DIF
[   DEBUG |        parse_m0diffs: 88]   Parsing m0diff /scratch/midway2/rkessler/PIPPIN_OUTPUT/MC_SEP_FIELDS/6_BIASCOR/S_FIELDS/output/SALT2mu_FITJOBS/SALT2mu_FITOPT006_MUOPT000.M0DIF
[   DEBUG |        parse_m0diffs: 88]   Parsing m0diff /scratch/midway2/rkessler/PIPPIN_OUTPUT/MC_SEP_FIELDS/6_BIASCOR/S_FIELDS/output/SALT2mu_FITJOBS/SALT2mu_FITOPT007_MUOPT000.M0DIF
[   DEBUG |        parse_m0diffs: 88]   Parsing m0diff /scratch/midway2/rkessler/PIPPIN_OUTPUT/MC_SEP_FIELDS/6_BIASCOR/S_FIELDS/output/SALT2mu_FITJOBS/SALT2mu_FITOPT008_MUOPT000.M0DIF
[   DEBUG |        parse_m0diffs: 88]   Parsing m0diff /scratch/midway2/rkessler/PIPPIN_OUTPUT/MC_SEP_FIELDS/6_BIASCOR/S_FIELDS/output/SALT2mu_FITJOBS/SALT2mu_FITOPT009_MUOPT000.M0DIF
[   DEBUG |        parse_m0diffs: 88]   Parsing m0diff /scratch/midway2/rkessler/PIPPIN_OUTPUT/MC_SEP_FIELDS/6_BIASCOR/S_FIELDS/output/SALT2mu_FITJOBS/SALT2mu_FITOPT010_MUOPT000.M0DIF
[   DEBUG |        parse_m0diffs: 88]   Parsing m0diff /scratch/midway2/rkessler/PIPPIN_OUTPUT/MC_SEP_FIELDS/6_BIASCOR/S_FIELDS/output/SALT2mu_FITJOBS/SALT2mu_FITOPT011_MUOPT000.M0DIF
[   DEBUG |        parse_m0diffs: 88]   Parsing m0diff /scratch/midway2/rkessler/PIPPIN_OUTPUT/MC_SEP_FIELDS/6_BIASCOR/S_FIELDS/output/SALT2mu_FITJOBS/SALT2mu_FITOPT012_MUOPT000.M0DIF
[   DEBUG |        parse_m0diffs: 88]   Parsing m0diff /scratch/midway2/rkessler/PIPPIN_OUTPUT/MC_SEP_FIELDS/6_BIASCOR/S_FIELDS/output/SALT2mu_FITJOBS/SALT2mu_FITOPT013_MUOPT000.M0DIF
[   DEBUG |        parse_m0diffs: 88]   Parsing m0diff /scratch/midway2/rkessler/PIPPIN_OUTPUT/MC_SEP_FIELDS/6_BIASCOR/S_FIELDS/output/SALT2mu_FITJOBS/SALT2mu_FITOPT014_MUOPT000.M0DIF
[   DEBUG |        parse_m0diffs: 88]   Parsing m0diff /scratch/midway2/rkessler/PIPPIN_OUTPUT/MC_SEP_FIELDS/6_BIASCOR/S_FIELDS/output/SALT2mu_FITJOBS/SALT2mu_FITOPT015_MUOPT000.M0DIF
[   DEBUG |        parse_m0diffs: 88]   Parsing m0diff /scratch/midway2/rkessler/PIPPIN_OUTPUT/MC_SEP_FIELDS/6_BIASCOR/S_FIELDS/output/SALT2mu_FITJOBS/SALT2mu_FITOPT016_MUOPT000.M0DIF
[   DEBUG |        parse_m0diffs: 88]   Parsing m0diff /scratch/midway2/rkessler/PIPPIN_OUTPUT/MC_SEP_FIELDS/6_BIASCOR/S_FIELDS/output/SALT2mu_FITJOBS/SALT2mu_FITOPT017_MUOPT000.M0DIF
[   DEBUG |        parse_m0diffs: 88]   Parsing m0diff /scratch/midway2/rkessler/PIPPIN_OUTPUT/MC_SEP_FIELDS/6_BIASCOR/S_FIELDS/output/SALT2mu_FITJOBS/SALT2mu_FITOPT018_MUOPT000.M0DIF
[   DEBUG |        parse_m0diffs: 88]   Parsing m0diff /scratch/midway2/rkessler/PIPPIN_OUTPUT/MC_SEP_FIELDS/6_BIASCOR/S_FIELDS/output/SALT2mu_FITJOBS/SALT2mu_FITOPT019_MUOPT000.M0DIF
[   DEBUG |        parse_m0diffs: 88]   Parsing m0diff /scratch/midway2/rkessler/PIPPIN_OUTPUT/MC_SEP_FIELDS/6_BIASCOR/S_FIELDS/output/SALT2mu_FITJOBS/SALT2mu_FITOPT020_MUOPT000.M0DIF
[   DEBUG |        parse_m0diffs: 88]   Parsing m0diff /scratch/midway2/rkessler/PIPPIN_OUTPUT/MC_SEP_FIELDS/6_BIASCOR/S_FIELDS/output/SALT2mu_FITJOBS/SALT2mu_FITOPT021_MUOPT000.M0DIF
[   DEBUG |        parse_m0diffs: 88]   Parsing m0diff /scratch/midway2/rkessler/PIPPIN_OUTPUT/MC_SEP_FIELDS/6_BIASCOR/S_FIELDS/output/SALT2mu_FITJOBS/SALT2mu_FITOPT022_MUOPT000.M0DIF
[   DEBUG |        parse_m0diffs: 88]   Parsing m0diff /scratch/midway2/rkessler/PIPPIN_OUTPUT/MC_SEP_FIELDS/6_BIASCOR/S_FIELDS/output/SALT2mu_FITJOBS/SALT2mu_FITOPT023_MUOPT000.M0DIF
[   DEBUG |        parse_m0diffs: 88]   Parsing m0diff /scratch/midway2/rkessler/PIPPIN_OUTPUT/MC_SEP_FIELDS/6_BIASCOR/S_FIELDS/output/SALT2mu_FITJOBS/SALT2mu_FITOPT024_MUOPT000.M0DIF
[   DEBUG |        parse_m0diffs: 88]   Parsing m0diff /scratch/midway2/rkessler/PIPPIN_OUTPUT/MC_SEP_FIELDS/6_BIASCOR/S_FIELDS/output/SALT2mu_FITJOBS/SALT2mu_FITOPT025_MUOPT000.M0DIF
[   DEBUG |        parse_m0diffs: 88]   Parsing m0diff /scratch/midway2/rkessler/PIPPIN_OUTPUT/MC_SEP_FIELDS/6_BIASCOR/S_FIELDS/output/SALT2mu_FITJOBS/SALT2mu_FITOPT026_MUOPT000.M0DIF
[   DEBUG |        parse_m0diffs: 88]   Parsing m0diff /scratch/midway2/rkessler/PIPPIN_OUTPUT/MC_SEP_FIELDS/6_BIASCOR/S_FIELDS/output/SALT2mu_FITJOBS/SALT2mu_FITOPT027_MUOPT000.M0DIF
[   DEBUG |        parse_m0diffs: 88]   Parsing m0diff /scratch/midway2/rkessler/PIPPIN_OUTPUT/MC_SEP_FIELDS/6_BIASCOR/S_FIELDS/output/SALT2mu_FITJOBS/SALT2mu_FITOPT028_MUOPT000.M0DIF
[   DEBUG |        parse_m0diffs: 88]   Parsing m0diff /scratch/midway2/rkessler/PIPPIN_OUTPUT/MC_SEP_FIELDS/6_BIASCOR/S_FIELDS/output/SALT2mu_FITJOBS/SALT2mu_FITOPT029_MUOPT000.M0DIF
[   DEBUG |        parse_m0diffs: 88]   Parsing m0diff /scratch/midway2/rkessler/PIPPIN_OUTPUT/MC_SEP_FIELDS/6_BIASCOR/S_FIELDS/output/SALT2mu_FITJOBS/SALT2mu_FITOPT030_MUOPT000.M0DIF
[   DEBUG |        parse_m0diffs: 88]   Parsing m0diff /scratch/midway2/rkessler/PIPPIN_OUTPUT/MC_SEP_FIELDS/6_BIASCOR/S_FIELDS/output/SALT2mu_FITJOBS/SALT2mu_FITOPT031_MUOPT000.M0DIF
[   DEBUG |        parse_m0diffs: 88]   Parsing m0diff /scratch/midway2/rkessler/PIPPIN_OUTPUT/MC_SEP_FIELDS/6_BIASCOR/S_FIELDS/output/SALT2mu_FITJOBS/SALT2mu_FITOPT032_MUOPT000.M0DIF
[   DEBUG |        parse_m0diffs: 88]   Parsing m0diff /scratch/midway2/rkessler/PIPPIN_OUTPUT/MC_SEP_FIELDS/6_BIASCOR/S_FIELDS/output/SALT2mu_FITJOBS/SALT2mu_FITOPT033_MUOPT000.M0DIF
[   DEBUG |        parse_m0diffs: 88]   Parsing m0diff /scratch/midway2/rkessler/PIPPIN_OUTPUT/MC_SEP_FIELDS/6_BIASCOR/S_FIELDS/output/SALT2mu_FITJOBS/SALT2mu_FITOPT034_MUOPT000.M0DIF
[   DEBUG |        parse_m0diffs: 88]   Parsing m0diff /scratch/midway2/rkessler/PIPPIN_OUTPUT/MC_SEP_FIELDS/6_BIASCOR/S_FIELDS/output/SALT2mu_FITJOBS/SALT2mu_FITOPT035_MUOPT000.M0DIF
[   DEBUG |        parse_m0diffs: 88]   Parsing m0diff /scratch/midway2/rkessler/PIPPIN_OUTPUT/MC_SEP_FIELDS/6_BIASCOR/S_FIELDS/output/SALT2mu_FITJOBS/SALT2mu_FITOPT036_MUOPT000.M0DIF
[   DEBUG |        parse_m0diffs: 88]   Parsing m0diff /scratch/midway2/rkessler/PIPPIN_OUTPUT/MC_SEP_FIELDS/6_BIASCOR/S_FIELDS/output/SALT2mu_FITJOBS/SALT2mu_FITOPT037_MUOPT000.M0DIF
[   DEBUG |        parse_m0diffs: 88]   Parsing m0diff /scratch/midway2/rkessler/PIPPIN_OUTPUT/MC_SEP_FIELDS/6_BIASCOR/S_FIELDS/output/SALT2mu_FITJOBS/SALT2mu_FITOPT038_MUOPT000.M0DIF
[   DEBUG |        parse_m0diffs: 88]   Parsing m0diff /scratch/midway2/rkessler/PIPPIN_OUTPUT/MC_SEP_FIELDS/6_BIASCOR/S_FIELDS/output/SALT2mu_FITJOBS/SALT2mu_FITOPT039_MUOPT000.M0DIF
[   DEBUG |        parse_m0diffs: 88]   Parsing m0diff /scratch/midway2/rkessler/PIPPIN_OUTPUT/MC_SEP_FIELDS/6_BIASCOR/S_FIELDS/output/SALT2mu_FITJOBS/SALT2mu_FITOPT040_MUOPT000.M0DIF
[   DEBUG |        parse_m0diffs: 88]   Parsing m0diff /scratch/midway2/rkessler/PIPPIN_OUTPUT/MC_SEP_FIELDS/6_BIASCOR/S_FIELDS/output/SALT2mu_FITJOBS/SALT2mu_FITOPT041_MUOPT000.M0DIF
[   DEBUG |        parse_m0diffs: 88]   Parsing m0diff /scratch/midway2/rkessler/PIPPIN_OUTPUT/MC_SEP_FIELDS/6_BIASCOR/S_FIELDS/output/SALT2mu_FITJOBS/SALT2mu_FITOPT042_MUOPT000.M0DIF
[   DEBUG |        parse_m0diffs: 88]   Parsing m0diff /scratch/midway2/rkessler/PIPPIN_OUTPUT/MC_SEP_FIELDS/6_BIASCOR/S_FIELDS/output/SALT2mu_FITJOBS/SALT2mu_FITOPT043_MUOPT000.M0DIF
[   DEBUG |        parse_m0diffs: 88]   Parsing m0diff /scratch/midway2/rkessler/PIPPIN_OUTPUT/MC_SEP_FIELDS/6_BIASCOR/S_FIELDS/output/SALT2mu_FITJOBS/SALT2mu_FITOPT044_MUOPT000.M0DIF
[   DEBUG |        parse_m0diffs: 88]   Parsing m0diff /scratch/midway2/rkessler/PIPPIN_OUTPUT/MC_SEP_FIELDS/6_BIASCOR/S_FIELDS/output/SALT2mu_FITJOBS/SALT2mu_FITOPT045_MUOPT000.M0DIF
[   DEBUG |        parse_m0diffs: 88]   Parsing m0diff /scratch/midway2/rkessler/PIPPIN_OUTPUT/MC_SEP_FIELDS/6_BIASCOR/S_FIELDS/output/SALT2mu_FITJOBS/SALT2mu_FITOPT046_MUOPT000.M0DIF
[   DEBUG |        parse_m0diffs: 88]   Parsing m0diff /scratch/midway2/rkessler/PIPPIN_OUTPUT/MC_SEP_FIELDS/6_BIASCOR/S_FIELDS/output/SALT2mu_FITJOBS/SALT2mu_FITOPT047_MUOPT000.M0DIF
[   DEBUG |        parse_m0diffs: 88]   Parsing m0diff /scratch/midway2/rkessler/PIPPIN_OUTPUT/MC_SEP_FIELDS/6_BIASCOR/S_FIELDS/output/SALT2mu_FITJOBS/SALT2mu_FITOPT048_MUOPT000.M0DIF
[   DEBUG |        parse_m0diffs: 88]   Parsing m0diff /scratch/midway2/rkessler/PIPPIN_OUTPUT/MC_SEP_FIELDS/6_BIASCOR/S_FIELDS/output/SALT2mu_FITJOBS/SALT2mu_FITOPT049_MUOPT000.M0DIF
[   DEBUG |        parse_m0diffs: 88]   Parsing m0diff /scratch/midway2/rkessler/PIPPIN_OUTPUT/MC_SEP_FIELDS/6_BIASCOR/S_FIELDS/output/SALT2mu_FITJOBS/SALT2mu_FITOPT050_MUOPT000.M0DIF
[   DEBUG |        parse_m0diffs: 88]   Parsing m0diff /scratch/midway2/rkessler/PIPPIN_OUTPUT/MC_SEP_FIELDS/6_BIASCOR/S_FIELDS/output/SALT2mu_FITJOBS/SALT2mu_FITOPT051_MUOPT000.M0DIF
[   DEBUG |        parse_m0diffs: 88]   Parsing m0diff /scratch/midway2/rkessler/PIPPIN_OUTPUT/MC_SEP_FIELDS/6_BIASCOR/S_FIELDS/output/SALT2mu_FITJOBS/SALT2mu_FITOPT052_MUOPT000.M0DIF
[   DEBUG |        parse_m0diffs: 88]   Parsing m0diff /scratch/midway2/rkessler/PIPPIN_OUTPUT/MC_SEP_FIELDS/6_BIASCOR/S_FIELDS/output/SALT2mu_FITJOBS/SALT2mu_FITOPT053_MUOPT000.M0DIF
[   DEBUG |        parse_m0diffs: 88]   Parsing m0diff /scratch/midway2/rkessler/PIPPIN_OUTPUT/MC_SEP_FIELDS/6_BIASCOR/S_FIELDS/output/SALT2mu_FITJOBS/SALT2mu_FITOPT054_MUOPT000.M0DIF
[   DEBUG |        parse_m0diffs: 88]   Parsing m0diff /scratch/midway2/rkessler/PIPPIN_OUTPUT/MC_SEP_FIELDS/6_BIASCOR/S_FIELDS/output/SALT2mu_FITJOBS/SALT2mu_FITOPT055_MUOPT000.M0DIF
[   DEBUG |        parse_m0diffs: 88]   Parsing m0diff /scratch/midway2/rkessler/PIPPIN_OUTPUT/MC_SEP_FIELDS/6_BIASCOR/S_FIELDS/output/SALT2mu_FITJOBS/SALT2mu_FITOPT056_MUOPT000.M0DIF
[   DEBUG |        parse_m0diffs: 88]   Parsing m0diff /scratch/midway2/rkessler/PIPPIN_OUTPUT/MC_SEP_FIELDS/6_BIASCOR/S_FIELDS/output/SALT2mu_FITJOBS/SALT2mu_FITOPT057_MUOPT000.M0DIF
[   DEBUG |        parse_m0diffs: 88]   Parsing m0diff /scratch/midway2/rkessler/PIPPIN_OUTPUT/MC_SEP_FIELDS/6_BIASCOR/S_FIELDS/output/SALT2mu_FITJOBS/SALT2mu_FITOPT058_MUOPT000.M0DIF
[   DEBUG |        parse_m0diffs: 88]   Parsing m0diff /scratch/midway2/rkessler/PIPPIN_OUTPUT/MC_SEP_FIELDS/6_BIASCOR/S_FIELDS/output/SALT2mu_FITJOBS/SALT2mu_FITOPT059_MUOPT000.M0DIF
[   DEBUG |        parse_m0diffs: 88]   Parsing m0diff /scratch/midway2/rkessler/PIPPIN_OUTPUT/MC_SEP_FIELDS/6_BIASCOR/S_FIELDS/output/SALT2mu_FITJOBS/SALT2mu_FITOPT060_MUOPT000.M0DIF
[   DEBUG |        parse_m0diffs: 88]   Parsing m0diff /scratch/midway2/rkessler/PIPPIN_OUTPUT/MC_SEP_FIELDS/6_BIASCOR/S_FIELDS/output/SALT2mu_FITJOBS/SALT2mu_FITOPT061_MUOPT000.M0DIF
[   DEBUG |        parse_m0diffs: 88]   Parsing m0diff /scratch/midway2/rkessler/PIPPIN_OUTPUT/MC_SEP_FIELDS/6_BIASCOR/S_FIELDS/output/SALT2mu_FITJOBS/SALT2mu_FITOPT062_MUOPT000.M0DIF
[   DEBUG |        parse_m0diffs: 88]   Parsing m0diff /scratch/midway2/rkessler/PIPPIN_OUTPUT/MC_SEP_FIELDS/6_BIASCOR/S_FIELDS/output/SALT2mu_FITJOBS/SALT2mu_FITOPT063_MUOPT000.M0DIF
[   DEBUG |        parse_m0diffs: 88]   Parsing m0diff /scratch/midway2/rkessler/PIPPIN_OUTPUT/MC_SEP_FIELDS/6_BIASCOR/S_FIELDS/output/SALT2mu_FITJOBS/SALT2mu_FITOPT064_MUOPT000.M0DIF
[   DEBUG |        parse_m0diffs: 88]   Parsing m0diff /scratch/midway2/rkessler/PIPPIN_OUTPUT/MC_SEP_FIELDS/6_BIASCOR/E_FIELDS/output/SALT2mu_FITJOBS/SALT2mu_FITOPT000_MUOPT000.M0DIF
[   DEBUG |        parse_m0diffs: 88]   Parsing m0diff /scratch/midway2/rkessler/PIPPIN_OUTPUT/MC_SEP_FIELDS/6_BIASCOR/E_FIELDS/output/SALT2mu_FITJOBS/SALT2mu_FITOPT000_MUOPT001.M0DIF
[   DEBUG |        parse_m0diffs: 88]   Parsing m0diff /scratch/midway2/rkessler/PIPPIN_OUTPUT/MC_SEP_FIELDS/6_BIASCOR/E_FIELDS/output/SALT2mu_FITJOBS/SALT2mu_FITOPT000_MUOPT002.M0DIF
[   DEBUG |        parse_m0diffs: 88]   Parsing m0diff /scratch/midway2/rkessler/PIPPIN_OUTPUT/MC_SEP_FIELDS/6_BIASCOR/E_FIELDS/output/SALT2mu_FITJOBS/SALT2mu_FITOPT001_MUOPT000.M0DIF
[   DEBUG |        parse_m0diffs: 88]   Parsing m0diff /scratch/midway2/rkessler/PIPPIN_OUTPUT/MC_SEP_FIELDS/6_BIASCOR/E_FIELDS/output/SALT2mu_FITJOBS/SALT2mu_FITOPT002_MUOPT000.M0DIF
[   DEBUG |        parse_m0diffs: 88]   Parsing m0diff /scratch/midway2/rkessler/PIPPIN_OUTPUT/MC_SEP_FIELDS/6_BIASCOR/E_FIELDS/output/SALT2mu_FITJOBS/SALT2mu_FITOPT003_MUOPT000.M0DIF
[   DEBUG |        parse_m0diffs: 88]   Parsing m0diff /scratch/midway2/rkessler/PIPPIN_OUTPUT/MC_SEP_FIELDS/6_BIASCOR/E_FIELDS/output/SALT2mu_FITJOBS/SALT2mu_FITOPT004_MUOPT000.M0DIF
[   DEBUG |        parse_m0diffs: 88]   Parsing m0diff /scratch/midway2/rkessler/PIPPIN_OUTPUT/MC_SEP_FIELDS/6_BIASCOR/E_FIELDS/output/SALT2mu_FITJOBS/SALT2mu_FITOPT005_MUOPT000.M0DIF
[   DEBUG |        parse_m0diffs: 88]   Parsing m0diff /scratch/midway2/rkessler/PIPPIN_OUTPUT/MC_SEP_FIELDS/6_BIASCOR/E_FIELDS/output/SALT2mu_FITJOBS/SALT2mu_FITOPT006_MUOPT000.M0DIF
[   DEBUG |        parse_m0diffs: 88]   Parsing m0diff /scratch/midway2/rkessler/PIPPIN_OUTPUT/MC_SEP_FIELDS/6_BIASCOR/E_FIELDS/output/SALT2mu_FITJOBS/SALT2mu_FITOPT007_MUOPT000.M0DIF
[   DEBUG |        parse_m0diffs: 88]   Parsing m0diff /scratch/midway2/rkessler/PIPPIN_OUTPUT/MC_SEP_FIELDS/6_BIASCOR/E_FIELDS/output/SALT2mu_FITJOBS/SALT2mu_FITOPT008_MUOPT000.M0DIF
[   DEBUG |        parse_m0diffs: 88]   Parsing m0diff /scratch/midway2/rkessler/PIPPIN_OUTPUT/MC_SEP_FIELDS/6_BIASCOR/E_FIELDS/output/SALT2mu_FITJOBS/SALT2mu_FITOPT009_MUOPT000.M0DIF
[   DEBUG |        parse_m0diffs: 88]   Parsing m0diff /scratch/midway2/rkessler/PIPPIN_OUTPUT/MC_SEP_FIELDS/6_BIASCOR/E_FIELDS/output/SALT2mu_FITJOBS/SALT2mu_FITOPT010_MUOPT000.M0DIF
[   DEBUG |        parse_m0diffs: 88]   Parsing m0diff /scratch/midway2/rkessler/PIPPIN_OUTPUT/MC_SEP_FIELDS/6_BIASCOR/E_FIELDS/output/SALT2mu_FITJOBS/SALT2mu_FITOPT011_MUOPT000.M0DIF
[   DEBUG |        parse_m0diffs: 88]   Parsing m0diff /scratch/midway2/rkessler/PIPPIN_OUTPUT/MC_SEP_FIELDS/6_BIASCOR/E_FIELDS/output/SALT2mu_FITJOBS/SALT2mu_FITOPT012_MUOPT000.M0DIF
[   DEBUG |        parse_m0diffs: 88]   Parsing m0diff /scratch/midway2/rkessler/PIPPIN_OUTPUT/MC_SEP_FIELDS/6_BIASCOR/E_FIELDS/output/SALT2mu_FITJOBS/SALT2mu_FITOPT013_MUOPT000.M0DIF
[   DEBUG |        parse_m0diffs: 88]   Parsing m0diff /scratch/midway2/rkessler/PIPPIN_OUTPUT/MC_SEP_FIELDS/6_BIASCOR/E_FIELDS/output/SALT2mu_FITJOBS/SALT2mu_FITOPT014_MUOPT000.M0DIF
[   DEBUG |        parse_m0diffs: 88]   Parsing m0diff /scratch/midway2/rkessler/PIPPIN_OUTPUT/MC_SEP_FIELDS/6_BIASCOR/E_FIELDS/output/SALT2mu_FITJOBS/SALT2mu_FITOPT015_MUOPT000.M0DIF
[   DEBUG |        parse_m0diffs: 88]   Parsing m0diff /scratch/midway2/rkessler/PIPPIN_OUTPUT/MC_SEP_FIELDS/6_BIASCOR/E_FIELDS/output/SALT2mu_FITJOBS/SALT2mu_FITOPT016_MUOPT000.M0DIF
[   DEBUG |        parse_m0diffs: 88]   Parsing m0diff /scratch/midway2/rkessler/PIPPIN_OUTPUT/MC_SEP_FIELDS/6_BIASCOR/E_FIELDS/output/SALT2mu_FITJOBS/SALT2mu_FITOPT017_MUOPT000.M0DIF
[   DEBUG |        parse_m0diffs: 88]   Parsing m0diff /scratch/midway2/rkessler/PIPPIN_OUTPUT/MC_SEP_FIELDS/6_BIASCOR/E_FIELDS/output/SALT2mu_FITJOBS/SALT2mu_FITOPT018_MUOPT000.M0DIF
[   DEBUG |        parse_m0diffs: 88]   Parsing m0diff /scratch/midway2/rkessler/PIPPIN_OUTPUT/MC_SEP_FIELDS/6_BIASCOR/E_FIELDS/output/SALT2mu_FITJOBS/SALT2mu_FITOPT019_MUOPT000.M0DIF
[   DEBUG |        parse_m0diffs: 88]   Parsing m0diff /scratch/midway2/rkessler/PIPPIN_OUTPUT/MC_SEP_FIELDS/6_BIASCOR/E_FIELDS/output/SALT2mu_FITJOBS/SALT2mu_FITOPT020_MUOPT000.M0DIF
[   DEBUG |        parse_m0diffs: 88]   Parsing m0diff /scratch/midway2/rkessler/PIPPIN_OUTPUT/MC_SEP_FIELDS/6_BIASCOR/E_FIELDS/output/SALT2mu_FITJOBS/SALT2mu_FITOPT021_MUOPT000.M0DIF
[   DEBUG |        parse_m0diffs: 88]   Parsing m0diff /scratch/midway2/rkessler/PIPPIN_OUTPUT/MC_SEP_FIELDS/6_BIASCOR/E_FIELDS/output/SALT2mu_FITJOBS/SALT2mu_FITOPT022_MUOPT000.M0DIF
[   DEBUG |        parse_m0diffs: 88]   Parsing m0diff /scratch/midway2/rkessler/PIPPIN_OUTPUT/MC_SEP_FIELDS/6_BIASCOR/E_FIELDS/output/SALT2mu_FITJOBS/SALT2mu_FITOPT023_MUOPT000.M0DIF
[   DEBUG |        parse_m0diffs: 88]   Parsing m0diff /scratch/midway2/rkessler/PIPPIN_OUTPUT/MC_SEP_FIELDS/6_BIASCOR/E_FIELDS/output/SALT2mu_FITJOBS/SALT2mu_FITOPT024_MUOPT000.M0DIF
[   DEBUG |        parse_m0diffs: 88]   Parsing m0diff /scratch/midway2/rkessler/PIPPIN_OUTPUT/MC_SEP_FIELDS/6_BIASCOR/E_FIELDS/output/SALT2mu_FITJOBS/SALT2mu_FITOPT025_MUOPT000.M0DIF
[   DEBUG |        parse_m0diffs: 88]   Parsing m0diff /scratch/midway2/rkessler/PIPPIN_OUTPUT/MC_SEP_FIELDS/6_BIASCOR/E_FIELDS/output/SALT2mu_FITJOBS/SALT2mu_FITOPT026_MUOPT000.M0DIF
[   DEBUG |        parse_m0diffs: 88]   Parsing m0diff /scratch/midway2/rkessler/PIPPIN_OUTPUT/MC_SEP_FIELDS/6_BIASCOR/E_FIELDS/output/SALT2mu_FITJOBS/SALT2mu_FITOPT027_MUOPT000.M0DIF
[   DEBUG |        parse_m0diffs: 88]   Parsing m0diff /scratch/midway2/rkessler/PIPPIN_OUTPUT/MC_SEP_FIELDS/6_BIASCOR/E_FIELDS/output/SALT2mu_FITJOBS/SALT2mu_FITOPT028_MUOPT000.M0DIF
[   DEBUG |        parse_m0diffs: 88]   Parsing m0diff /scratch/midway2/rkessler/PIPPIN_OUTPUT/MC_SEP_FIELDS/6_BIASCOR/E_FIELDS/output/SALT2mu_FITJOBS/SALT2mu_FITOPT029_MUOPT000.M0DIF
[   DEBUG |        parse_m0diffs: 88]   Parsing m0diff /scratch/midway2/rkessler/PIPPIN_OUTPUT/MC_SEP_FIELDS/6_BIASCOR/E_FIELDS/output/SALT2mu_FITJOBS/SALT2mu_FITOPT030_MUOPT000.M0DIF
[   DEBUG |        parse_m0diffs: 88]   Parsing m0diff /scratch/midway2/rkessler/PIPPIN_OUTPUT/MC_SEP_FIELDS/6_BIASCOR/E_FIELDS/output/SALT2mu_FITJOBS/SALT2mu_FITOPT031_MUOPT000.M0DIF
[   DEBUG |        parse_m0diffs: 88]   Parsing m0diff /scratch/midway2/rkessler/PIPPIN_OUTPUT/MC_SEP_FIELDS/6_BIASCOR/E_FIELDS/output/SALT2mu_FITJOBS/SALT2mu_FITOPT032_MUOPT000.M0DIF
[   DEBUG |        parse_m0diffs: 88]   Parsing m0diff /scratch/midway2/rkessler/PIPPIN_OUTPUT/MC_SEP_FIELDS/6_BIASCOR/E_FIELDS/output/SALT2mu_FITJOBS/SALT2mu_FITOPT033_MUOPT000.M0DIF
[   DEBUG |        parse_m0diffs: 88]   Parsing m0diff /scratch/midway2/rkessler/PIPPIN_OUTPUT/MC_SEP_FIELDS/6_BIASCOR/E_FIELDS/output/SALT2mu_FITJOBS/SALT2mu_FITOPT034_MUOPT000.M0DIF
[   DEBUG |        parse_m0diffs: 88]   Parsing m0diff /scratch/midway2/rkessler/PIPPIN_OUTPUT/MC_SEP_FIELDS/6_BIASCOR/E_FIELDS/output/SALT2mu_FITJOBS/SALT2mu_FITOPT035_MUOPT000.M0DIF
[   DEBUG |        parse_m0diffs: 88]   Parsing m0diff /scratch/midway2/rkessler/PIPPIN_OUTPUT/MC_SEP_FIELDS/6_BIASCOR/E_FIELDS/output/SALT2mu_FITJOBS/SALT2mu_FITOPT036_MUOPT000.M0DIF
[   DEBUG |        parse_m0diffs: 88]   Parsing m0diff /scratch/midway2/rkessler/PIPPIN_OUTPUT/MC_SEP_FIELDS/6_BIASCOR/E_FIELDS/output/SALT2mu_FITJOBS/SALT2mu_FITOPT037_MUOPT000.M0DIF
[   DEBUG |        parse_m0diffs: 88]   Parsing m0diff /scratch/midway2/rkessler/PIPPIN_OUTPUT/MC_SEP_FIELDS/6_BIASCOR/E_FIELDS/output/SALT2mu_FITJOBS/SALT2mu_FITOPT038_MUOPT000.M0DIF
[   DEBUG |        parse_m0diffs: 88]   Parsing m0diff /scratch/midway2/rkessler/PIPPIN_OUTPUT/MC_SEP_FIELDS/6_BIASCOR/E_FIELDS/output/SALT2mu_FITJOBS/SALT2mu_FITOPT039_MUOPT000.M0DIF
[   DEBUG |        parse_m0diffs: 88]   Parsing m0diff /scratch/midway2/rkessler/PIPPIN_OUTPUT/MC_SEP_FIELDS/6_BIASCOR/E_FIELDS/output/SALT2mu_FITJOBS/SALT2mu_FITOPT040_MUOPT000.M0DIF
[   DEBUG |        parse_m0diffs: 88]   Parsing m0diff /scratch/midway2/rkessler/PIPPIN_OUTPUT/MC_SEP_FIELDS/6_BIASCOR/E_FIELDS/output/SALT2mu_FITJOBS/SALT2mu_FITOPT041_MUOPT000.M0DIF
[   DEBUG |        parse_m0diffs: 88]   Parsing m0diff /scratch/midway2/rkessler/PIPPIN_OUTPUT/MC_SEP_FIELDS/6_BIASCOR/E_FIELDS/output/SALT2mu_FITJOBS/SALT2mu_FITOPT042_MUOPT000.M0DIF
[   DEBUG |        parse_m0diffs: 88]   Parsing m0diff /scratch/midway2/rkessler/PIPPIN_OUTPUT/MC_SEP_FIELDS/6_BIASCOR/E_FIELDS/output/SALT2mu_FITJOBS/SALT2mu_FITOPT043_MUOPT000.M0DIF
[   DEBUG |        parse_m0diffs: 88]   Parsing m0diff /scratch/midway2/rkessler/PIPPIN_OUTPUT/MC_SEP_FIELDS/6_BIASCOR/E_FIELDS/output/SALT2mu_FITJOBS/SALT2mu_FITOPT044_MUOPT000.M0DIF
[   DEBUG |        parse_m0diffs: 88]   Parsing m0diff /scratch/midway2/rkessler/PIPPIN_OUTPUT/MC_SEP_FIELDS/6_BIASCOR/E_FIELDS/output/SALT2mu_FITJOBS/SALT2mu_FITOPT045_MUOPT000.M0DIF
[   DEBUG |        parse_m0diffs: 88]   Parsing m0diff /scratch/midway2/rkessler/PIPPIN_OUTPUT/MC_SEP_FIELDS/6_BIASCOR/E_FIELDS/output/SALT2mu_FITJOBS/SALT2mu_FITOPT046_MUOPT000.M0DIF
[   DEBUG |        parse_m0diffs: 88]   Parsing m0diff /scratch/midway2/rkessler/PIPPIN_OUTPUT/MC_SEP_FIELDS/6_BIASCOR/E_FIELDS/output/SALT2mu_FITJOBS/SALT2mu_FITOPT047_MUOPT000.M0DIF
[   DEBUG |        parse_m0diffs: 88]   Parsing m0diff /scratch/midway2/rkessler/PIPPIN_OUTPUT/MC_SEP_FIELDS/6_BIASCOR/E_FIELDS/output/SALT2mu_FITJOBS/SALT2mu_FITOPT048_MUOPT000.M0DIF
[   DEBUG |        parse_m0diffs: 88]   Parsing m0diff /scratch/midway2/rkessler/PIPPIN_OUTPUT/MC_SEP_FIELDS/6_BIASCOR/E_FIELDS/output/SALT2mu_FITJOBS/SALT2mu_FITOPT049_MUOPT000.M0DIF
[   DEBUG |        parse_m0diffs: 88]   Parsing m0diff /scratch/midway2/rkessler/PIPPIN_OUTPUT/MC_SEP_FIELDS/6_BIASCOR/E_FIELDS/output/SALT2mu_FITJOBS/SALT2mu_FITOPT050_MUOPT000.M0DIF
[   DEBUG |        parse_m0diffs: 88]   Parsing m0diff /scratch/midway2/rkessler/PIPPIN_OUTPUT/MC_SEP_FIELDS/6_BIASCOR/E_FIELDS/output/SALT2mu_FITJOBS/SALT2mu_FITOPT051_MUOPT000.M0DIF
[   DEBUG |        parse_m0diffs: 88]   Parsing m0diff /scratch/midway2/rkessler/PIPPIN_OUTPUT/MC_SEP_FIELDS/6_BIASCOR/E_FIELDS/output/SALT2mu_FITJOBS/SALT2mu_FITOPT052_MUOPT000.M0DIF
[   DEBUG |        parse_m0diffs: 88]   Parsing m0diff /scratch/midway2/rkessler/PIPPIN_OUTPUT/MC_SEP_FIELDS/6_BIASCOR/E_FIELDS/output/SALT2mu_FITJOBS/SALT2mu_FITOPT053_MUOPT000.M0DIF
[   DEBUG |        parse_m0diffs: 88]   Parsing m0diff /scratch/midway2/rkessler/PIPPIN_OUTPUT/MC_SEP_FIELDS/6_BIASCOR/E_FIELDS/output/SALT2mu_FITJOBS/SALT2mu_FITOPT054_MUOPT000.M0DIF
[   DEBUG |        parse_m0diffs: 88]   Parsing m0diff /scratch/midway2/rkessler/PIPPIN_OUTPUT/MC_SEP_FIELDS/6_BIASCOR/E_FIELDS/output/SALT2mu_FITJOBS/SALT2mu_FITOPT055_MUOPT000.M0DIF
[   DEBUG |        parse_m0diffs: 88]   Parsing m0diff /scratch/midway2/rkessler/PIPPIN_OUTPUT/MC_SEP_FIELDS/6_BIASCOR/E_FIELDS/output/SALT2mu_FITJOBS/SALT2mu_FITOPT056_MUOPT000.M0DIF
[   DEBUG |        parse_m0diffs: 88]   Parsing m0diff /scratch/midway2/rkessler/PIPPIN_OUTPUT/MC_SEP_FIELDS/6_BIASCOR/E_FIELDS/output/SALT2mu_FITJOBS/SALT2mu_FITOPT057_MUOPT000.M0DIF
[   DEBUG |        parse_m0diffs: 88]   Parsing m0diff /scratch/midway2/rkessler/PIPPIN_OUTPUT/MC_SEP_FIELDS/6_BIASCOR/E_FIELDS/output/SALT2mu_FITJOBS/SALT2mu_FITOPT058_MUOPT000.M0DIF
[   DEBUG |        parse_m0diffs: 88]   Parsing m0diff /scratch/midway2/rkessler/PIPPIN_OUTPUT/MC_SEP_FIELDS/6_BIASCOR/E_FIELDS/output/SALT2mu_FITJOBS/SALT2mu_FITOPT059_MUOPT000.M0DIF
[   DEBUG |        parse_m0diffs: 88]   Parsing m0diff /scratch/midway2/rkessler/PIPPIN_OUTPUT/MC_SEP_FIELDS/6_BIASCOR/E_FIELDS/output/SALT2mu_FITJOBS/SALT2mu_FITOPT060_MUOPT000.M0DIF
[   DEBUG |        parse_m0diffs: 88]   Parsing m0diff /scratch/midway2/rkessler/PIPPIN_OUTPUT/MC_SEP_FIELDS/6_BIASCOR/E_FIELDS/output/SALT2mu_FITJOBS/SALT2mu_FITOPT061_MUOPT000.M0DIF
[   DEBUG |        parse_m0diffs: 88]   Parsing m0diff /scratch/midway2/rkessler/PIPPIN_OUTPUT/MC_SEP_FIELDS/6_BIASCOR/E_FIELDS/output/SALT2mu_FITJOBS/SALT2mu_FITOPT062_MUOPT000.M0DIF
[   DEBUG |        parse_m0diffs: 88]   Parsing m0diff /scratch/midway2/rkessler/PIPPIN_OUTPUT/MC_SEP_FIELDS/6_BIASCOR/E_FIELDS/output/SALT2mu_FITJOBS/SALT2mu_FITOPT063_MUOPT000.M0DIF
[   DEBUG |        parse_m0diffs: 88]   Parsing m0diff /scratch/midway2/rkessler/PIPPIN_OUTPUT/MC_SEP_FIELDS/6_BIASCOR/E_FIELDS/output/SALT2mu_FITJOBS/SALT2mu_FITOPT064_MUOPT000.M0DIF
[   DEBUG |        parse_m0diffs: 88]   Parsing m0diff /scratch/midway2/rkessler/PIPPIN_OUTPUT/MC_SEP_FIELDS/6_BIASCOR/C_FIELDS/output/SALT2mu_FITJOBS/SALT2mu_FITOPT000_MUOPT000.M0DIF
[   DEBUG |        parse_m0diffs: 88]   Parsing m0diff /scratch/midway2/rkessler/PIPPIN_OUTPUT/MC_SEP_FIELDS/6_BIASCOR/C_FIELDS/output/SALT2mu_FITJOBS/SALT2mu_FITOPT000_MUOPT001.M0DIF
[   DEBUG |        parse_m0diffs: 88]   Parsing m0diff /scratch/midway2/rkessler/PIPPIN_OUTPUT/MC_SEP_FIELDS/6_BIASCOR/C_FIELDS/output/SALT2mu_FITJOBS/SALT2mu_FITOPT000_MUOPT002.M0DIF
[   DEBUG |        parse_m0diffs: 88]   Parsing m0diff /scratch/midway2/rkessler/PIPPIN_OUTPUT/MC_SEP_FIELDS/6_BIASCOR/C_FIELDS/output/SALT2mu_FITJOBS/SALT2mu_FITOPT001_MUOPT000.M0DIF
[   DEBUG |        parse_m0diffs: 88]   Parsing m0diff /scratch/midway2/rkessler/PIPPIN_OUTPUT/MC_SEP_FIELDS/6_BIASCOR/C_FIELDS/output/SALT2mu_FITJOBS/SALT2mu_FITOPT002_MUOPT000.M0DIF
[   DEBUG |        parse_m0diffs: 88]   Parsing m0diff /scratch/midway2/rkessler/PIPPIN_OUTPUT/MC_SEP_FIELDS/6_BIASCOR/C_FIELDS/output/SALT2mu_FITJOBS/SALT2mu_FITOPT003_MUOPT000.M0DIF
[   DEBUG |        parse_m0diffs: 88]   Parsing m0diff /scratch/midway2/rkessler/PIPPIN_OUTPUT/MC_SEP_FIELDS/6_BIASCOR/C_FIELDS/output/SALT2mu_FITJOBS/SALT2mu_FITOPT004_MUOPT000.M0DIF
[   DEBUG |        parse_m0diffs: 88]   Parsing m0diff /scratch/midway2/rkessler/PIPPIN_OUTPUT/MC_SEP_FIELDS/6_BIASCOR/C_FIELDS/output/SALT2mu_FITJOBS/SALT2mu_FITOPT005_MUOPT000.M0DIF
[   DEBUG |        parse_m0diffs: 88]   Parsing m0diff /scratch/midway2/rkessler/PIPPIN_OUTPUT/MC_SEP_FIELDS/6_BIASCOR/C_FIELDS/output/SALT2mu_FITJOBS/SALT2mu_FITOPT006_MUOPT000.M0DIF
[   DEBUG |        parse_m0diffs: 88]   Parsing m0diff /scratch/midway2/rkessler/PIPPIN_OUTPUT/MC_SEP_FIELDS/6_BIASCOR/C_FIELDS/output/SALT2mu_FITJOBS/SALT2mu_FITOPT007_MUOPT000.M0DIF
[   DEBUG |        parse_m0diffs: 88]   Parsing m0diff /scratch/midway2/rkessler/PIPPIN_OUTPUT/MC_SEP_FIELDS/6_BIASCOR/C_FIELDS/output/SALT2mu_FITJOBS/SALT2mu_FITOPT008_MUOPT000.M0DIF
[   DEBUG |        parse_m0diffs: 88]   Parsing m0diff /scratch/midway2/rkessler/PIPPIN_OUTPUT/MC_SEP_FIELDS/6_BIASCOR/C_FIELDS/output/SALT2mu_FITJOBS/SALT2mu_FITOPT009_MUOPT000.M0DIF
[   DEBUG |        parse_m0diffs: 88]   Parsing m0diff /scratch/midway2/rkessler/PIPPIN_OUTPUT/MC_SEP_FIELDS/6_BIASCOR/C_FIELDS/output/SALT2mu_FITJOBS/SALT2mu_FITOPT010_MUOPT000.M0DIF
[   DEBUG |        parse_m0diffs: 88]   Parsing m0diff /scratch/midway2/rkessler/PIPPIN_OUTPUT/MC_SEP_FIELDS/6_BIASCOR/C_FIELDS/output/SALT2mu_FITJOBS/SALT2mu_FITOPT011_MUOPT000.M0DIF
[   DEBUG |        parse_m0diffs: 88]   Parsing m0diff /scratch/midway2/rkessler/PIPPIN_OUTPUT/MC_SEP_FIELDS/6_BIASCOR/C_FIELDS/output/SALT2mu_FITJOBS/SALT2mu_FITOPT012_MUOPT000.M0DIF
[   DEBUG |        parse_m0diffs: 88]   Parsing m0diff /scratch/midway2/rkessler/PIPPIN_OUTPUT/MC_SEP_FIELDS/6_BIASCOR/C_FIELDS/output/SALT2mu_FITJOBS/SALT2mu_FITOPT013_MUOPT000.M0DIF
[   DEBUG |        parse_m0diffs: 88]   Parsing m0diff /scratch/midway2/rkessler/PIPPIN_OUTPUT/MC_SEP_FIELDS/6_BIASCOR/C_FIELDS/output/SALT2mu_FITJOBS/SALT2mu_FITOPT014_MUOPT000.M0DIF
[   DEBUG |        parse_m0diffs: 88]   Parsing m0diff /scratch/midway2/rkessler/PIPPIN_OUTPUT/MC_SEP_FIELDS/6_BIASCOR/C_FIELDS/output/SALT2mu_FITJOBS/SALT2mu_FITOPT015_MUOPT000.M0DIF
[   DEBUG |        parse_m0diffs: 88]   Parsing m0diff /scratch/midway2/rkessler/PIPPIN_OUTPUT/MC_SEP_FIELDS/6_BIASCOR/C_FIELDS/output/SALT2mu_FITJOBS/SALT2mu_FITOPT016_MUOPT000.M0DIF
[   DEBUG |        parse_m0diffs: 88]   Parsing m0diff /scratch/midway2/rkessler/PIPPIN_OUTPUT/MC_SEP_FIELDS/6_BIASCOR/C_FIELDS/output/SALT2mu_FITJOBS/SALT2mu_FITOPT017_MUOPT000.M0DIF
[   DEBUG |        parse_m0diffs: 88]   Parsing m0diff /scratch/midway2/rkessler/PIPPIN_OUTPUT/MC_SEP_FIELDS/6_BIASCOR/C_FIELDS/output/SALT2mu_FITJOBS/SALT2mu_FITOPT018_MUOPT000.M0DIF
[   DEBUG |        parse_m0diffs: 88]   Parsing m0diff /scratch/midway2/rkessler/PIPPIN_OUTPUT/MC_SEP_FIELDS/6_BIASCOR/C_FIELDS/output/SALT2mu_FITJOBS/SALT2mu_FITOPT019_MUOPT000.M0DIF
[   DEBUG |        parse_m0diffs: 88]   Parsing m0diff /scratch/midway2/rkessler/PIPPIN_OUTPUT/MC_SEP_FIELDS/6_BIASCOR/C_FIELDS/output/SALT2mu_FITJOBS/SALT2mu_FITOPT020_MUOPT000.M0DIF
[   DEBUG |        parse_m0diffs: 88]   Parsing m0diff /scratch/midway2/rkessler/PIPPIN_OUTPUT/MC_SEP_FIELDS/6_BIASCOR/C_FIELDS/output/SALT2mu_FITJOBS/SALT2mu_FITOPT021_MUOPT000.M0DIF
[   DEBUG |        parse_m0diffs: 88]   Parsing m0diff /scratch/midway2/rkessler/PIPPIN_OUTPUT/MC_SEP_FIELDS/6_BIASCOR/C_FIELDS/output/SALT2mu_FITJOBS/SALT2mu_FITOPT022_MUOPT000.M0DIF
[   DEBUG |        parse_m0diffs: 88]   Parsing m0diff /scratch/midway2/rkessler/PIPPIN_OUTPUT/MC_SEP_FIELDS/6_BIASCOR/C_FIELDS/output/SALT2mu_FITJOBS/SALT2mu_FITOPT023_MUOPT000.M0DIF
[   DEBUG |        parse_m0diffs: 88]   Parsing m0diff /scratch/midway2/rkessler/PIPPIN_OUTPUT/MC_SEP_FIELDS/6_BIASCOR/C_FIELDS/output/SALT2mu_FITJOBS/SALT2mu_FITOPT024_MUOPT000.M0DIF
[   DEBUG |        parse_m0diffs: 88]   Parsing m0diff /scratch/midway2/rkessler/PIPPIN_OUTPUT/MC_SEP_FIELDS/6_BIASCOR/C_FIELDS/output/SALT2mu_FITJOBS/SALT2mu_FITOPT025_MUOPT000.M0DIF
[   DEBUG |        parse_m0diffs: 88]   Parsing m0diff /scratch/midway2/rkessler/PIPPIN_OUTPUT/MC_SEP_FIELDS/6_BIASCOR/C_FIELDS/output/SALT2mu_FITJOBS/SALT2mu_FITOPT026_MUOPT000.M0DIF
[   DEBUG |        parse_m0diffs: 88]   Parsing m0diff /scratch/midway2/rkessler/PIPPIN_OUTPUT/MC_SEP_FIELDS/6_BIASCOR/C_FIELDS/output/SALT2mu_FITJOBS/SALT2mu_FITOPT027_MUOPT000.M0DIF
[   DEBUG |        parse_m0diffs: 88]   Parsing m0diff /scratch/midway2/rkessler/PIPPIN_OUTPUT/MC_SEP_FIELDS/6_BIASCOR/C_FIELDS/output/SALT2mu_FITJOBS/SALT2mu_FITOPT028_MUOPT000.M0DIF
[   DEBUG |        parse_m0diffs: 88]   Parsing m0diff /scratch/midway2/rkessler/PIPPIN_OUTPUT/MC_SEP_FIELDS/6_BIASCOR/C_FIELDS/output/SALT2mu_FITJOBS/SALT2mu_FITOPT029_MUOPT000.M0DIF
[   DEBUG |        parse_m0diffs: 88]   Parsing m0diff /scratch/midway2/rkessler/PIPPIN_OUTPUT/MC_SEP_FIELDS/6_BIASCOR/C_FIELDS/output/SALT2mu_FITJOBS/SALT2mu_FITOPT030_MUOPT000.M0DIF
[   DEBUG |        parse_m0diffs: 88]   Parsing m0diff /scratch/midway2/rkessler/PIPPIN_OUTPUT/MC_SEP_FIELDS/6_BIASCOR/C_FIELDS/output/SALT2mu_FITJOBS/SALT2mu_FITOPT031_MUOPT000.M0DIF
[   DEBUG |        parse_m0diffs: 88]   Parsing m0diff /scratch/midway2/rkessler/PIPPIN_OUTPUT/MC_SEP_FIELDS/6_BIASCOR/C_FIELDS/output/SALT2mu_FITJOBS/SALT2mu_FITOPT032_MUOPT000.M0DIF
[   DEBUG |        parse_m0diffs: 88]   Parsing m0diff /scratch/midway2/rkessler/PIPPIN_OUTPUT/MC_SEP_FIELDS/6_BIASCOR/C_FIELDS/output/SALT2mu_FITJOBS/SALT2mu_FITOPT033_MUOPT000.M0DIF
[   DEBUG |        parse_m0diffs: 88]   Parsing m0diff /scratch/midway2/rkessler/PIPPIN_OUTPUT/MC_SEP_FIELDS/6_BIASCOR/C_FIELDS/output/SALT2mu_FITJOBS/SALT2mu_FITOPT034_MUOPT000.M0DIF
[   DEBUG |        parse_m0diffs: 88]   Parsing m0diff /scratch/midway2/rkessler/PIPPIN_OUTPUT/MC_SEP_FIELDS/6_BIASCOR/C_FIELDS/output/SALT2mu_FITJOBS/SALT2mu_FITOPT035_MUOPT000.M0DIF
[   DEBUG |        parse_m0diffs: 88]   Parsing m0diff /scratch/midway2/rkessler/PIPPIN_OUTPUT/MC_SEP_FIELDS/6_BIASCOR/C_FIELDS/output/SALT2mu_FITJOBS/SALT2mu_FITOPT036_MUOPT000.M0DIF
[   DEBUG |        parse_m0diffs: 88]   Parsing m0diff /scratch/midway2/rkessler/PIPPIN_OUTPUT/MC_SEP_FIELDS/6_BIASCOR/C_FIELDS/output/SALT2mu_FITJOBS/SALT2mu_FITOPT037_MUOPT000.M0DIF
[   DEBUG |        parse_m0diffs: 88]   Parsing m0diff /scratch/midway2/rkessler/PIPPIN_OUTPUT/MC_SEP_FIELDS/6_BIASCOR/C_FIELDS/output/SALT2mu_FITJOBS/SALT2mu_FITOPT038_MUOPT000.M0DIF
[   DEBUG |        parse_m0diffs: 88]   Parsing m0diff /scratch/midway2/rkessler/PIPPIN_OUTPUT/MC_SEP_FIELDS/6_BIASCOR/C_FIELDS/output/SALT2mu_FITJOBS/SALT2mu_FITOPT039_MUOPT000.M0DIF
[   DEBUG |        parse_m0diffs: 88]   Parsing m0diff /scratch/midway2/rkessler/PIPPIN_OUTPUT/MC_SEP_FIELDS/6_BIASCOR/C_FIELDS/output/SALT2mu_FITJOBS/SALT2mu_FITOPT040_MUOPT000.M0DIF
[   DEBUG |        parse_m0diffs: 88]   Parsing m0diff /scratch/midway2/rkessler/PIPPIN_OUTPUT/MC_SEP_FIELDS/6_BIASCOR/C_FIELDS/output/SALT2mu_FITJOBS/SALT2mu_FITOPT041_MUOPT000.M0DIF
[   DEBUG |        parse_m0diffs: 88]   Parsing m0diff /scratch/midway2/rkessler/PIPPIN_OUTPUT/MC_SEP_FIELDS/6_BIASCOR/C_FIELDS/output/SALT2mu_FITJOBS/SALT2mu_FITOPT042_MUOPT000.M0DIF
[   DEBUG |        parse_m0diffs: 88]   Parsing m0diff /scratch/midway2/rkessler/PIPPIN_OUTPUT/MC_SEP_FIELDS/6_BIASCOR/C_FIELDS/output/SALT2mu_FITJOBS/SALT2mu_FITOPT043_MUOPT000.M0DIF
[   DEBUG |        parse_m0diffs: 88]   Parsing m0diff /scratch/midway2/rkessler/PIPPIN_OUTPUT/MC_SEP_FIELDS/6_BIASCOR/C_FIELDS/output/SALT2mu_FITJOBS/SALT2mu_FITOPT044_MUOPT000.M0DIF
[   DEBUG |        parse_m0diffs: 88]   Parsing m0diff /scratch/midway2/rkessler/PIPPIN_OUTPUT/MC_SEP_FIELDS/6_BIASCOR/C_FIELDS/output/SALT2mu_FITJOBS/SALT2mu_FITOPT045_MUOPT000.M0DIF
[   DEBUG |        parse_m0diffs: 88]   Parsing m0diff /scratch/midway2/rkessler/PIPPIN_OUTPUT/MC_SEP_FIELDS/6_BIASCOR/C_FIELDS/output/SALT2mu_FITJOBS/SALT2mu_FITOPT046_MUOPT000.M0DIF
[   DEBUG |        parse_m0diffs: 88]   Parsing m0diff /scratch/midway2/rkessler/PIPPIN_OUTPUT/MC_SEP_FIELDS/6_BIASCOR/C_FIELDS/output/SALT2mu_FITJOBS/SALT2mu_FITOPT047_MUOPT000.M0DIF
[   DEBUG |        parse_m0diffs: 88]   Parsing m0diff /scratch/midway2/rkessler/PIPPIN_OUTPUT/MC_SEP_FIELDS/6_BIASCOR/C_FIELDS/output/SALT2mu_FITJOBS/SALT2mu_FITOPT048_MUOPT000.M0DIF
[   DEBUG |        parse_m0diffs: 88]   Parsing m0diff /scratch/midway2/rkessler/PIPPIN_OUTPUT/MC_SEP_FIELDS/6_BIASCOR/C_FIELDS/output/SALT2mu_FITJOBS/SALT2mu_FITOPT049_MUOPT000.M0DIF
[   DEBUG |        parse_m0diffs: 88]   Parsing m0diff /scratch/midway2/rkessler/PIPPIN_OUTPUT/MC_SEP_FIELDS/6_BIASCOR/C_FIELDS/output/SALT2mu_FITJOBS/SALT2mu_FITOPT050_MUOPT000.M0DIF
[   DEBUG |        parse_m0diffs: 88]   Parsing m0diff /scratch/midway2/rkessler/PIPPIN_OUTPUT/MC_SEP_FIELDS/6_BIASCOR/C_FIELDS/output/SALT2mu_FITJOBS/SALT2mu_FITOPT051_MUOPT000.M0DIF
[   DEBUG |        parse_m0diffs: 88]   Parsing m0diff /scratch/midway2/rkessler/PIPPIN_OUTPUT/MC_SEP_FIELDS/6_BIASCOR/C_FIELDS/output/SALT2mu_FITJOBS/SALT2mu_FITOPT052_MUOPT000.M0DIF
[   DEBUG |        parse_m0diffs: 88]   Parsing m0diff /scratch/midway2/rkessler/PIPPIN_OUTPUT/MC_SEP_FIELDS/6_BIASCOR/C_FIELDS/output/SALT2mu_FITJOBS/SALT2mu_FITOPT053_MUOPT000.M0DIF
[   DEBUG |        parse_m0diffs: 88]   Parsing m0diff /scratch/midway2/rkessler/PIPPIN_OUTPUT/MC_SEP_FIELDS/6_BIASCOR/C_FIELDS/output/SALT2mu_FITJOBS/SALT2mu_FITOPT054_MUOPT000.M0DIF
[   DEBUG |        parse_m0diffs: 88]   Parsing m0diff /scratch/midway2/rkessler/PIPPIN_OUTPUT/MC_SEP_FIELDS/6_BIASCOR/C_FIELDS/output/SALT2mu_FITJOBS/SALT2mu_FITOPT055_MUOPT000.M0DIF
[   DEBUG |        parse_m0diffs: 88]   Parsing m0diff /scratch/midway2/rkessler/PIPPIN_OUTPUT/MC_SEP_FIELDS/6_BIASCOR/C_FIELDS/output/SALT2mu_FITJOBS/SALT2mu_FITOPT056_MUOPT000.M0DIF
[   DEBUG |        parse_m0diffs: 88]   Parsing m0diff /scratch/midway2/rkessler/PIPPIN_OUTPUT/MC_SEP_FIELDS/6_BIASCOR/C_FIELDS/output/SALT2mu_FITJOBS/SALT2mu_FITOPT057_MUOPT000.M0DIF
[   DEBUG |        parse_m0diffs: 88]   Parsing m0diff /scratch/midway2/rkessler/PIPPIN_OUTPUT/MC_SEP_FIELDS/6_BIASCOR/C_FIELDS/output/SALT2mu_FITJOBS/SALT2mu_FITOPT058_MUOPT000.M0DIF
[   DEBUG |        parse_m0diffs: 88]   Parsing m0diff /scratch/midway2/rkessler/PIPPIN_OUTPUT/MC_SEP_FIELDS/6_BIASCOR/C_FIELDS/output/SALT2mu_FITJOBS/SALT2mu_FITOPT059_MUOPT000.M0DIF
[   DEBUG |        parse_m0diffs: 88]   Parsing m0diff /scratch/midway2/rkessler/PIPPIN_OUTPUT/MC_SEP_FIELDS/6_BIASCOR/C_FIELDS/output/SALT2mu_FITJOBS/SALT2mu_FITOPT060_MUOPT000.M0DIF
[   DEBUG |        parse_m0diffs: 88]   Parsing m0diff /scratch/midway2/rkessler/PIPPIN_OUTPUT/MC_SEP_FIELDS/6_BIASCOR/C_FIELDS/output/SALT2mu_FITJOBS/SALT2mu_FITOPT061_MUOPT000.M0DIF
[   DEBUG |        parse_m0diffs: 88]   Parsing m0diff /scratch/midway2/rkessler/PIPPIN_OUTPUT/MC_SEP_FIELDS/6_BIASCOR/C_FIELDS/output/SALT2mu_FITJOBS/SALT2mu_FITOPT062_MUOPT000.M0DIF
[   DEBUG |        parse_m0diffs: 88]   Parsing m0diff /scratch/midway2/rkessler/PIPPIN_OUTPUT/MC_SEP_FIELDS/6_BIASCOR/C_FIELDS/output/SALT2mu_FITJOBS/SALT2mu_FITOPT063_MUOPT000.M0DIF
[   DEBUG |        parse_m0diffs: 88]   Parsing m0diff /scratch/midway2/rkessler/PIPPIN_OUTPUT/MC_SEP_FIELDS/6_BIASCOR/C_FIELDS/output/SALT2mu_FITJOBS/SALT2mu_FITOPT064_MUOPT000.M0DIF
[    INFO |        parse_m0diffs:115]   Saving m0diffs to all_biascor_m0diffs.csv
[    INFO |             <module>:129]   Finishing gracefully
Executing plot_biascor.py
[    INFO |             <module>:362]   Group ALL_FIELDS has df shape (1, 12)
[    INFO |       plot_all_files: 56]   Plotting all files
[    INFO |    plot_scatter_comp: 78]   Creating scatter plots
[    INFO |             <module>:362]   Group C_FIELDS has df shape (1, 12)
[    INFO |       plot_all_files: 56]   Plotting all files
[    INFO |    plot_scatter_comp: 78]   Creating scatter plots
[    INFO |             <module>:362]   Group E_FIELDS has df shape (1, 12)
[    INFO |       plot_all_files: 56]   Plotting all files
[    INFO |    plot_scatter_comp: 78]   Creating scatter plots
[    INFO |             <module>:362]   Group S_FIELDS has df shape (1, 12)
[    INFO |       plot_all_files: 56]   Plotting all files
[    INFO |    plot_scatter_comp: 78]   Creating scatter plots
[    INFO |             <module>:362]   Group X_FIELDS has df shape (1, 12)
[    INFO |       plot_all_files: 56]   Plotting all files
[    INFO |    plot_scatter_comp: 78]   Creating scatter plots
[    INFO |     make_hubble_plot:149]   Making Hubble plot
[   ERROR |             <module>:380]   invalid literal for int() with base 10: 'FIELDS'
Traceback (most recent call last):
  File "plot_biascor.py", line 371, in <module>
    make_hubble_plot(f, m0diff_file, p, args)
  File "plot_biascor.py", line 153, in make_hubble_plot
    sim_num = int(sim_num)
ValueError: invalid literal for int() with base 10: 'FIELDS'
Traceback (most recent call last):
  File "plot_biascor.py", line 381, in <module>
    raise e
  File "plot_biascor.py", line 371, in <module>
    make_hubble_plot(f, m0diff_file, p, args)
  File "plot_biascor.py", line 153, in make_hubble_plot
    sim_num = int(sim_num)
ValueError: invalid literal for int() with base 10: 'FIELDS'
