[    INFO |     parse_cosmomc.py:123]   Creating chain consumer object
[    INFO |     parse_cosmomc.py: 93]   Loading in data from original CosmoMC files
[    INFO |     parse_cosmomc.py: 46]   Looking for chains in folder /scratch/midway2/rkessler/PIPPIN_OUTPUT/MC_SEP_FIELDS/8_COSMOMC/SN_OMW_ALL_ALL_FIELDS/chains
[    INFO |     parse_cosmomc.py: 50]   8 chains found for basename /scratch/midway2/rkessler/PIPPIN_OUTPUT/MC_SEP_FIELDS/8_COSMOMC/SN_OMW_ALL_ALL_FIELDS/chains/sn_prior_omw_0
[    INFO |     parse_cosmomc.py: 64]   Blinding column w
[    INFO |     parse_cosmomc.py: 64]   Blinding column om
[ WARNING |     parse_cosmomc.py: 71]   Cannot find blinding column om in list of names ['omegam', 'w']
[    INFO |     parse_cosmomc.py: 64]   Blinding column ol
[ WARNING |     parse_cosmomc.py: 71]   Cannot find blinding column ol in list of names ['omegam', 'w']
[    INFO |     parse_cosmomc.py: 64]   Blinding column omegam
[    INFO |     parse_cosmomc.py: 64]   Blinding column omegal
[ WARNING |     parse_cosmomc.py: 71]   Cannot find blinding column omegal in list of names ['omegam', 'w']
[    INFO |     parse_cosmomc.py:113]   Chain for /scratch/midway2/rkessler/PIPPIN_OUTPUT/MC_SEP_FIELDS/8_COSMOMC/SN_OMW_ALL_ALL_FIELDS/chains/sn_prior_omw_0 has shape (64996, 2)
[    INFO |     parse_cosmomc.py:114]   Labels for /scratch/midway2/rkessler/PIPPIN_OUTPUT/MC_SEP_FIELDS/8_COSMOMC/SN_OMW_ALL_ALL_FIELDS/chains/sn_prior_omw_0 are ['$\\Omega_m\\ \\mathrm{Blinded}$', '$w\\ \\mathrm{Blinded}$']
[    INFO |     parse_cosmomc.py: 93]   Loading in data from original CosmoMC files
[    INFO |     parse_cosmomc.py: 46]   Looking for chains in folder /scratch/midway2/rkessler/PIPPIN_OUTPUT/MC_SEP_FIELDS/8_COSMOMC/SN_OMW_ALL_X_FIELDS/chains
[    INFO |     parse_cosmomc.py: 50]   8 chains found for basename /scratch/midway2/rkessler/PIPPIN_OUTPUT/MC_SEP_FIELDS/8_COSMOMC/SN_OMW_ALL_X_FIELDS/chains/sn_prior_omw_0
[    INFO |     parse_cosmomc.py: 64]   Blinding column w
[    INFO |     parse_cosmomc.py: 64]   Blinding column om
[ WARNING |     parse_cosmomc.py: 71]   Cannot find blinding column om in list of names ['omegam', 'w']
[    INFO |     parse_cosmomc.py: 64]   Blinding column ol
[ WARNING |     parse_cosmomc.py: 71]   Cannot find blinding column ol in list of names ['omegam', 'w']
[    INFO |     parse_cosmomc.py: 64]   Blinding column omegam
[    INFO |     parse_cosmomc.py: 64]   Blinding column omegal
[ WARNING |     parse_cosmomc.py: 71]   Cannot find blinding column omegal in list of names ['omegam', 'w']
[    INFO |     parse_cosmomc.py:113]   Chain for /scratch/midway2/rkessler/PIPPIN_OUTPUT/MC_SEP_FIELDS/8_COSMOMC/SN_OMW_ALL_X_FIELDS/chains/sn_prior_omw_0 has shape (85256, 2)
[    INFO |     parse_cosmomc.py:114]   Labels for /scratch/midway2/rkessler/PIPPIN_OUTPUT/MC_SEP_FIELDS/8_COSMOMC/SN_OMW_ALL_X_FIELDS/chains/sn_prior_omw_0 are ['$\\Omega_m\\ \\mathrm{Blinded}$', '$w\\ \\mathrm{Blinded}$']
[    INFO |     parse_cosmomc.py: 93]   Loading in data from original CosmoMC files
[    INFO |     parse_cosmomc.py: 46]   Looking for chains in folder /scratch/midway2/rkessler/PIPPIN_OUTPUT/MC_SEP_FIELDS/8_COSMOMC/SN_OMW_ALL_S_FIELDS/chains
[    INFO |     parse_cosmomc.py: 50]   8 chains found for basename /scratch/midway2/rkessler/PIPPIN_OUTPUT/MC_SEP_FIELDS/8_COSMOMC/SN_OMW_ALL_S_FIELDS/chains/sn_prior_omw_0
[    INFO |     parse_cosmomc.py: 64]   Blinding column w
[    INFO |     parse_cosmomc.py: 64]   Blinding column om
[ WARNING |     parse_cosmomc.py: 71]   Cannot find blinding column om in list of names ['omegam', 'w']
[    INFO |     parse_cosmomc.py: 64]   Blinding column ol
[ WARNING |     parse_cosmomc.py: 71]   Cannot find blinding column ol in list of names ['omegam', 'w']
[    INFO |     parse_cosmomc.py: 64]   Blinding column omegam
[    INFO |     parse_cosmomc.py: 64]   Blinding column omegal
[ WARNING |     parse_cosmomc.py: 71]   Cannot find blinding column omegal in list of names ['omegam', 'w']
[    INFO |     parse_cosmomc.py:113]   Chain for /scratch/midway2/rkessler/PIPPIN_OUTPUT/MC_SEP_FIELDS/8_COSMOMC/SN_OMW_ALL_S_FIELDS/chains/sn_prior_omw_0 has shape (230497, 2)
[    INFO |     parse_cosmomc.py:114]   Labels for /scratch/midway2/rkessler/PIPPIN_OUTPUT/MC_SEP_FIELDS/8_COSMOMC/SN_OMW_ALL_S_FIELDS/chains/sn_prior_omw_0 are ['$\\Omega_m\\ \\mathrm{Blinded}$', '$w\\ \\mathrm{Blinded}$']
[    INFO |     parse_cosmomc.py: 93]   Loading in data from original CosmoMC files
[    INFO |     parse_cosmomc.py: 46]   Looking for chains in folder /scratch/midway2/rkessler/PIPPIN_OUTPUT/MC_SEP_FIELDS/8_COSMOMC/SN_OMW_ALL_E_FIELDS/chains
[    INFO |     parse_cosmomc.py: 50]   8 chains found for basename /scratch/midway2/rkessler/PIPPIN_OUTPUT/MC_SEP_FIELDS/8_COSMOMC/SN_OMW_ALL_E_FIELDS/chains/sn_prior_omw_0
[    INFO |     parse_cosmomc.py: 64]   Blinding column w
[    INFO |     parse_cosmomc.py: 64]   Blinding column om
[ WARNING |     parse_cosmomc.py: 71]   Cannot find blinding column om in list of names ['omegam', 'w']
[    INFO |     parse_cosmomc.py: 64]   Blinding column ol
[ WARNING |     parse_cosmomc.py: 71]   Cannot find blinding column ol in list of names ['omegam', 'w']
[    INFO |     parse_cosmomc.py: 64]   Blinding column omegam
[    INFO |     parse_cosmomc.py: 64]   Blinding column omegal
[ WARNING |     parse_cosmomc.py: 71]   Cannot find blinding column omegal in list of names ['omegam', 'w']
[    INFO |     parse_cosmomc.py:113]   Chain for /scratch/midway2/rkessler/PIPPIN_OUTPUT/MC_SEP_FIELDS/8_COSMOMC/SN_OMW_ALL_E_FIELDS/chains/sn_prior_omw_0 has shape (95837, 2)
[    INFO |     parse_cosmomc.py:114]   Labels for /scratch/midway2/rkessler/PIPPIN_OUTPUT/MC_SEP_FIELDS/8_COSMOMC/SN_OMW_ALL_E_FIELDS/chains/sn_prior_omw_0 are ['$\\Omega_m\\ \\mathrm{Blinded}$', '$w\\ \\mathrm{Blinded}$']
[    INFO |     parse_cosmomc.py: 93]   Loading in data from original CosmoMC files
[    INFO |     parse_cosmomc.py: 46]   Looking for chains in folder /scratch/midway2/rkessler/PIPPIN_OUTPUT/MC_SEP_FIELDS/8_COSMOMC/SN_OMW_ALL_C_FIELDS/chains
[    INFO |     parse_cosmomc.py: 50]   8 chains found for basename /scratch/midway2/rkessler/PIPPIN_OUTPUT/MC_SEP_FIELDS/8_COSMOMC/SN_OMW_ALL_C_FIELDS/chains/sn_prior_omw_0
[    INFO |     parse_cosmomc.py: 64]   Blinding column w
[    INFO |     parse_cosmomc.py: 64]   Blinding column om
[ WARNING |     parse_cosmomc.py: 71]   Cannot find blinding column om in list of names ['omegam', 'w']
[    INFO |     parse_cosmomc.py: 64]   Blinding column ol
[ WARNING |     parse_cosmomc.py: 71]   Cannot find blinding column ol in list of names ['omegam', 'w']
[    INFO |     parse_cosmomc.py: 64]   Blinding column omegam
[    INFO |     parse_cosmomc.py: 64]   Blinding column omegal
[ WARNING |     parse_cosmomc.py: 71]   Cannot find blinding column omegal in list of names ['omegam', 'w']
[    INFO |     parse_cosmomc.py:113]   Chain for /scratch/midway2/rkessler/PIPPIN_OUTPUT/MC_SEP_FIELDS/8_COSMOMC/SN_OMW_ALL_C_FIELDS/chains/sn_prior_omw_0 has shape (85338, 2)
[    INFO |     parse_cosmomc.py:114]   Labels for /scratch/midway2/rkessler/PIPPIN_OUTPUT/MC_SEP_FIELDS/8_COSMOMC/SN_OMW_ALL_C_FIELDS/chains/sn_prior_omw_0 are ['$\\Omega_m\\ \\mathrm{Blinded}$', '$w\\ \\mathrm{Blinded}$']
[    INFO |     parse_cosmomc.py:147]   Finishing gracefully
